number,values_0,values_1,datetime_start,datetime_complete,duration,params_T,params_asinh_scale_xy,params_batch_size,params_cosine_s,params_d_model,params_div_factor,params_dropout,params_gamma_end,params_gamma_start,params_grad_clip,params_lambda_charge,params_lambda_pdg,params_lambda_zplane,params_lr,params_nhead,params_num_layers,params_pct_start,params_use_asinh,state
0,2.0015868911376367,1.0,2026-03-22 13:28:21.943041,2026-03-22 14:03:33.267019,0 days 00:35:11.323978,500,,16,0.00037419406111184985,256,9.619750864088367,0.05411689885916049,0.18118910790805948,0.0005418282319533242,1.9368437102970628,0.0040596116104843075,0.2227337188467456,0.4484685687215243,0.0008403604888695196,4,4,0.14177793420835694,False,COMPLETE
1,2.132274191196148,0.11135024142243974,2026-03-22 14:03:33.305348,2026-03-22 14:42:06.040175,0 days 00:38:32.734827,500,,16,0.00018349072049055458,256,19.20430053485883,0.24312640661491186,0.17379422752781754,0.00011439974749291271,2.863980603118173,0.0017541893487450805,0.700021375186549,0.9362897381052424,0.0009409173896915724,2,5,0.08881699724000255,False,COMPLETE
2,2.2427609296945423,1.0,2026-03-22 14:42:06.077432,2026-03-22 14:59:51.727549,0 days 00:17:45.650117,1000,0.005128781987092827,32,0.0005399616272305192,256,29.484512147624983,0.05904545778210762,0.18567402078956213,0.000173550564698551,2.7032954711310593,0.0036464395589807202,0.8373006336943328,0.7778313207178196,0.0010668967455808357,4,2,0.06118259655196563,True,COMPLETE
3,2.339122252030806,1.0,2026-03-22 14:59:51.764446,2026-03-22 15:49:27.468795,0 days 00:49:35.704349,1000,,64,0.009315049998499168,512,22.16405681115619,0.06271167005720474,0.07989856148457543,0.0016284765129487649,2.641177572925346,0.008798929749689027,0.6556795977874524,1.7857042108950205,0.0015485552498964404,4,3,0.13419157963542444,False,COMPLETE
4,2.51962618461022,1.0,2026-03-22 15:49:27.509222,2026-03-22 16:15:30.875713,0 days 00:26:03.366491,500,,32,0.0006053833609355686,256,26.028357336440052,0.20111022770860976,0.20835093912760588,0.00302402517740569,2.705508115348672,0.04132765459466366,0.2031602228913042,1.8664255394508888,0.0009044308052173172,4,3,0.07798550883290538,False,COMPLETE
5,2.3507287135491004,0.4534130660691549,2026-03-22 16:15:30.912797,2026-03-22 17:19:33.221863,0 days 01:04:02.309066,1000,0.005925757830021555,16,0.035065901428687866,512,15.435694595435717,0.09442156209414605,0.14090740059482348,0.004477427984113198,2.943670942413167,0.025470526233391178,0.35704278541971746,1.0857021813123955,0.001731692294985305,2,3,0.08776734437380462,True,COMPLETE
6,2.3196668478158804,1.0,2026-03-22 17:19:33.258809,2026-03-22 17:46:52.953004,0 days 00:27:19.694195,500,,16,0.009234940072815249,256,10.236640320397326,0.18442710948117574,0.18394367101868964,0.0001423638128723575,2.752953743383857,0.018495216589727265,0.3993939760832905,1.301381078127801,0.0011640303447894484,8,2,0.09811700974576038,False,COMPLETE
7,2.327906430684603,1.0,2026-03-22 17:46:52.990306,2026-03-22 18:13:13.341367,0 days 00:26:20.351061,1000,0.023824817710692583,32,0.023329885019744315,256,26.189058511544047,0.11821327021005171,0.1888002028998656,0.0007940730292120072,1.8627784363506774,0.043096738082034555,0.2950445463293978,1.3539696874649403,0.0012790997031651788,8,2,0.06396541517088489,True,COMPLETE
8,2.2170886479891263,1.0,2026-03-22 18:13:13.378327,2026-03-22 19:04:32.353539,0 days 00:51:18.975212,1000,0.24969901278785359,32,0.00010319557208250064,256,12.299277158505772,0.05183941032332593,0.21299031487565012,0.00024045113403355021,2.568268832021304,0.02419860861453868,0.20276764884662374,1.1425941997965137,0.0008113628482924664,8,4,0.08558736312452002,True,COMPLETE
9,1.9674856589390681,0.14651321189553512,2026-03-22 19:04:32.389802,2026-03-22 19:40:10.493349,0 days 00:35:38.103547,1000,0.005368874316448986,16,0.002134472098879922,256,28.227656075543113,0.20896226070832968,0.05607899160786346,0.0012492175283159127,1.7656660191105735,0.0036437177217846692,0.23548083840814227,1.4726590189968602,0.0012442063587952007,2,4,0.19106878765293717,True,COMPLETE
10,inf,inf,2026-03-22 19:40:10.530433,2026-03-22 19:40:19.703887,0 days 00:00:09.173454,500,,64,0.0001070799146287123,512,18.143532281624974,0.23153295905650356,0.28645242999342835,0.00032693745353469907,2.239264538006568,0.0011351353929813701,0.9530841787287214,0.12339122217338105,0.0005407124794089205,2,5,0.1636591081988639,False,COMPLETE
11,1.9444715490707984,0.08696023642829032,2026-03-22 19:40:19.776848,2026-03-22 20:19:04.008920,0 days 00:38:44.232072,500,,16,0.0028603454172866564,256,18.13475566576764,0.24938080856989972,0.06961559624169517,0.00010116074791515541,1.5093805171908894,0.0011645038388071924,0.6138695136975176,0.7516324881646445,0.0006209579806885988,2,5,0.19413894955354316,False,COMPLETE
12,2.013772739813878,0.12995900626653614,2026-03-22 20:19:04.048431,2026-03-22 21:51:17.824892,0 days 01:32:13.776461,500,,16,0.002640841874532887,512,16.77577543647475,0.24920339787224272,0.11696063817706509,0.00010438334476817147,1.5049368779024883,0.0011354904631561814,0.6080003010106214,0.6590590408415083,0.0005334868269028834,2,5,0.1922498920490722,False,COMPLETE
13,2.031144106388092,0.10264609512814288,2026-03-22 21:51:17.864962,2026-03-22 22:30:03.118931,0 days 00:38:45.253969,500,,16,0.0022213863651893923,256,12.978889769452367,0.1575972555286947,0.11041523338962131,0.00010188712315550388,2.259276454610931,0.0021476105221816173,0.7634473742118997,0.8244023202742665,0.0006628996249925484,2,5,0.16691648626633582,False,COMPLETE
14,1.9519929199507742,0.0960645540037312,2026-03-22 22:30:03.156966,2026-03-22 23:06:33.771507,0 days 00:36:30.614541,500,,64,0.0018482107771481166,256,13.591179388238688,0.15846298716068077,0.08812734018336717,0.0003818791057774684,2.1691029825084995,0.0021565741545652123,0.4703031303023939,0.40010747011410674,0.0006819483074111643,2,5,0.16691423034675182,False,COMPLETE
15,2.041130781173706,0.06561517619893203,2026-03-22 23:06:33.809622,2026-03-23 00:19:01.991777,0 days 01:12:28.182155,500,,64,0.005767060224024439,512,21.04908381988251,0.14477016788512626,0.05543194409990873,0.0003928979993083532,1.5290625109409501,0.007255122532994642,0.05666777088414898,0.4412538307959235,0.0007106534325711933,2,4,0.1670035932891053,False,COMPLETE
16,2.616139621445627,0.22525208891388604,2026-03-23 00:19:02.035596,2026-03-23 01:31:29.881205,0 days 01:12:27.845609,500,,64,0.005916066368885871,512,21.267877730496746,0.13195789141282763,0.060154404875936845,0.000741351126445908,1.5399444989516409,0.08126965329592198,0.10599490872243023,0.2790238428426416,0.0006766457493137689,2,4,0.11891395663921145,False,COMPLETE
17,inf,inf,2026-03-23 01:31:29.940962,2026-03-23 01:31:38.659249,0 days 00:00:08.718287,500,,64,0.005799219856839269,512,22.68023625829081,0.09614556866092297,0.29497325093155596,0.0013463493172977295,1.7172088053041525,0.010218124924457422,0.05222508012232123,0.600762189144179,0.0007354469927581695,8,4,0.15263857003944198,False,COMPLETE
18,2.3123574112400864,0.06009480028485881,2026-03-23 01:31:38.699515,2026-03-23 02:26:15.937568,0 days 00:54:37.238053,500,,64,0.01896939586921713,512,8.272359365342114,0.17601392040547975,0.25696997838180113,0.0002430190518242993,2.0767333764797846,0.007918311211912577,0.5592727895013256,0.10049801337895437,0.000598572153369327,2,3,0.11549816584699389,False,COMPLETE
19,2.301169680826592,0.08342759194294286,2026-03-23 02:26:15.984290,2026-03-23 03:20:58.414539,0 days 00:54:42.430249,500,,64,0.01772911660337336,512,8.304816071896532,0.1840241904695416,0.24702964660855986,0.00025961420509495146,2.447375220444027,0.007500340852039033,0.5119600891812285,0.11245882421306347,0.0005085347873440578,2,3,0.11245636400026851,False,COMPLETE
20,2.510004390369762,0.24030334651933444,2026-03-23 03:20:58.453782,2026-03-23 04:15:39.493300,0 days 00:54:41.039518,500,0.3273434053503216,64,0.014500625703662333,512,15.159340321501562,0.13950947962718918,0.25941843706957657,0.0004902626865888818,2.043812990012032,0.013788572728791993,0.4274152745962513,0.4224515185528794,0.0005831659726883792,2,3,0.10706785622171522,True,COMPLETE
21,1.9628638570958918,0.2231114883308689,2026-03-23 04:15:39.572319,2026-03-23 05:27:56.017381,0 days 01:12:16.445062,500,,64,0.04953505039065978,512,19.996371757409637,0.17138504850403435,0.08370892946467434,0.00019132345546370806,1.6171316216892928,0.005621772844464259,0.9698299718720627,0.5760795973403434,0.000616187453075159,2,4,0.17811501502835045,False,COMPLETE
22,3.206636855096528,0.05690751163283908,2026-03-23 05:27:56.054217,2026-03-23 06:40:17.818404,0 days 01:12:21.764187,500,,64,0.0041431944797105606,512,24.6843791519305,0.10790246202332784,0.0534966657158088,0.0004123630058538847,2.4346905157816714,0.06907646101912483,0.6052345481681485,0.22975986853243793,0.0007677429705078651,2,4,0.1340262320285372,False,COMPLETE
23,2.346447417230317,0.07147228148237461,2026-03-23 06:40:17.858127,2026-03-23 07:35:11.989920,0 days 00:54:54.131793,500,,64,0.004276495022771028,512,11.065181582858642,0.11888857822810986,0.24700581388557885,0.00033700248306653294,2.381724880173907,0.01352126302385558,0.5545012727027931,0.25893069995962614,0.0008062604525507179,2,3,0.1269757742827889,False,COMPLETE
24,inf,inf,2026-03-23 07:35:12.029337,2026-03-23 07:35:20.971781,0 days 00:00:08.942444,500,,64,0.012197250664264817,512,8.476473157790457,0.21146239055298646,0.15000816729661792,0.000545934700325495,2.029894146314598,0.0061911899167896006,0.7254802001743241,0.2562393708200088,0.0007352279635138786,8,2,0.14307147530210335,False,COMPLETE
25,2.418356523369298,1.0,2026-03-23 07:35:21.007902,2026-03-23 08:25:04.264911,0 days 00:49:43.257009,500,,64,0.027813161129401055,512,11.523328034072453,0.18237086975849026,0.269664056860411,0.00021134349829252154,2.457748391693156,0.004957393500204857,0.8349667624982229,0.12595945416579335,0.0019573054563101298,4,3,0.1276504113880016,False,COMPLETE
26,3.36982984976335,0.35619407957681215,2026-03-23 08:25:04.302673,2026-03-23 09:47:48.683536,0 days 01:22:44.380863,1000,0.07041908672307146,64,0.04862875532405929,512,8.980728908511793,0.14545788428719103,0.2215914383406884,0.000885370433869607,2.106318903802281,0.08706792310607987,0.5421982841497862,0.33699038213876337,0.0005793459800204991,2,4,0.1081881465596449,True,COMPLETE
27,2.999924471884063,0.08929216228154374,2026-03-23 09:47:48.722914,2026-03-23 10:42:29.553915,0 days 00:54:40.831001,500,,64,0.0010429594494735302,512,23.818632127312878,0.0925732704420312,0.1503058682306208,0.0002979179877744693,1.889516769822079,0.051292426605464396,0.3397680545747583,0.5280609494574597,0.0007463019058890392,2,3,0.1557806310029528,False,COMPLETE
28,2.4250459084144005,0.14046934596613,2026-03-23 10:42:29.603320,2026-03-23 11:20:34.108901,0 days 00:38:04.505581,500,,32,0.007318340606720765,512,14.111995689997588,0.16479809992276767,0.22814871215730106,0.0004318395617405938,2.318138774911792,0.011597142484627171,0.8070353016788737,1.6201748724613487,0.0010257310228088423,2,2,0.10086452838632969,False,COMPLETE
29,inf,inf,2026-03-23 11:20:34.181901,2026-03-23 11:20:47.375623,0 days 00:00:13.193722,500,,64,0.020327653376874765,512,9.845460092532718,0.12593520035649924,0.10971547514253074,0.0005418403684036031,1.965933239112628,0.002989438048965626,0.47130751869513027,0.5013542817722875,0.0008737855571136163,4,4,0.139855076673419,False,COMPLETE
30,inf,inf,2026-03-23 11:20:47.422991,2026-03-23 11:20:59.388893,0 days 00:00:11.965902,1000,0.06274261965532978,64,0.003792138168639273,512,9.28449395997843,0.10526053798700068,0.2744030611642593,0.0001625204084615004,1.7736026139703196,0.020987835991049416,0.60098708446139,0.22317849779782795,0.0005735789680337937,8,3,0.11798035323412845,True,COMPLETE
31,2.106743483832388,0.03765652119161428,2026-03-23 11:20:59.471342,2026-03-23 12:33:40.678089,0 days 01:12:41.206747,500,,64,0.0012662242651826354,512,18.009124630395952,0.07284189723916132,0.05057809868897166,0.0006402024679365818,1.7092277058721612,0.00733525362957714,0.130091719483551,0.6808009633128723,0.0006363831045597474,2,4,0.17882660175373524,False,COMPLETE
32,1.9963073739638695,1.0,2026-03-23 12:33:40.717379,2026-03-23 13:57:42.828494,0 days 01:24:02.111115,500,,16,0.0010834953071019034,512,18.267055033405622,0.07465894263015987,0.06897542383163884,0.0009803025705871467,1.6700552655717567,0.007289295129239063,0.12201439028449806,0.9334464357629322,0.0006355494674705769,4,5,0.18254642624766637,False,COMPLETE
33,2.0543521679364716,0.3566526340822611,2026-03-23 13:57:42.874743,2026-03-23 14:40:04.349409,0 days 00:42:21.474666,1000,0.019777422235721976,32,0.0002679928244566625,256,16.806207196873657,0.08066184028790023,0.09665463547955029,0.0021355937851197755,1.606196484040371,0.004770000878266654,0.2706369759655558,0.7292292606206641,0.0015112532572096901,2,5,0.17792288229706751,True,COMPLETE
34,1.9484901189804078,1.0,2026-03-23 14:40:04.386380,2026-03-23 15:47:01.773105,0 days 01:06:57.386725,500,,32,0.0008531770282418589,512,19.422126939582512,0.06636750440908827,0.07113783899876114,0.000577350565093714,1.7992867449568397,0.0028453814810127866,0.13269027434456956,0.9217819871907962,0.0009402634493736242,4,4,0.19810960274143796,False,COMPLETE
35,1.9375506465251628,0.10974250218922552,2026-03-23 15:47:01.841387,2026-03-23 16:27:21.696955,0 days 00:40:19.855568,500,,16,0.0017420389474403109,256,16.552788703832107,0.22809154866682255,0.08949746319784165,0.000639320858459098,1.624195202074448,0.001610242564847894,0.16243931491858773,0.8002688551464648,0.0006639995229421017,2,5,0.1687598991776999,False,COMPLETE
36,2.0477343091597926,0.10619280638391757,2026-03-23 16:27:21.741120,2026-03-23 17:06:21.658903,0 days 00:38:59.917783,500,,16,0.0014851483155334127,256,17.031406586645492,0.23477457964338863,0.09975636645318106,0.0011005744314825793,1.6052701741245732,0.0014403170190204764,0.17588154432719966,1.980449133622269,0.0006706433108890333,2,5,0.18670214002963506,False,COMPLETE
37,1.8851282495718735,1.0,2026-03-23 17:06:21.694454,2026-03-23 17:50:08.597349,0 days 00:43:46.902895,1000,,16,0.000579567568754744,256,20.973894449313374,0.222118116512956,0.05047854552651864,0.0019113909034554116,2.989381371957275,0.0017728756361159986,0.05822542501367507,0.8324957738205754,0.0005092087369150489,4,5,0.1732543941362651,False,COMPLETE
38,1.9954908967018128,1.0,2026-03-23 17:50:08.632718,2026-03-23 18:33:58.378930,0 days 00:43:49.746212,1000,,16,0.00043854871528733373,256,14.794070670571369,0.22228140535257807,0.122141887459708,0.0021489239390138602,2.9764729407723376,0.0015754137268156286,0.30425342803023914,0.8322819246091092,0.000541435975408713,4,5,0.17345770003477884,False,COMPLETE
39,1.9563231853338388,1.0,2026-03-23 18:33:58.415257,2026-03-23 19:18:08.609371,0 days 00:44:10.194114,1000,,16,0.0007184804329723577,256,18.152038945918846,0.19416594578506535,0.06966576082813465,0.0033590962208231994,2.8302696111462664,0.0021922056668250687,0.15734120847946736,1.222016118182776,0.000509544983567645,4,5,0.19881710361072305,False,COMPLETE
40,1.994766709437737,1.0,2026-03-23 19:18:08.647209,2026-03-23 20:02:16.726066,0 days 00:44:08.078857,1000,,16,0.00028815019601325504,256,16.326424316286232,0.2226526837412443,0.12988484348944723,0.001734456290572185,2.598000501401108,0.0010277893853469818,0.22418382494481037,1.0294197835456576,0.0011076986823033387,4,5,0.15356893392618726,False,COMPLETE
41,1.8958106242693387,1.0,2026-03-23 20:02:16.762605,2026-03-23 20:46:24.759245,0 days 00:44:07.996640,1000,,16,0.0013940124011968885,256,20.220173036316087,0.23655792018916244,0.05106980841406246,0.0006804376549977396,1.661446694386096,0.0013868475435212756,0.05200015543816204,0.7447976661552783,0.0006202887118724788,4,5,0.17355971512790894,False,COMPLETE
42,1.9615926870932945,0.1270905645380741,2026-03-23 20:46:24.796492,2026-03-23 21:30:40.986482,0 days 00:44:16.189990,1000,,16,0.0005637696623230119,256,21.418999218037307,0.22010819171724977,0.0793281563500628,0.0006869363275242262,1.556063759394842,0.0018514257912868766,0.17098710699389688,0.6843564674208793,0.0007029566455211211,2,5,0.1587460386644788,False,COMPLETE
43,1.9377077194360586,1.0,2026-03-23 21:30:41.024574,2026-03-23 22:14:49.157586,0 days 00:44:08.133012,500,,16,0.0026218690570369465,256,18.762529553069466,0.1968606973187176,0.06473025675333832,0.00013304772576888178,1.8410484805432021,0.003534751693948956,0.09230083974339412,1.0190360791216988,0.0005572522442250334,4,5,0.1464966668051083,False,COMPLETE
44,1.9783886891144973,0.11970555971425445,2026-03-23 22:14:49.194077,2026-03-23 22:59:01.434504,0 days 00:44:12.240427,1000,,16,0.0014245910644772528,256,16.110363846951383,0.24894394436290962,0.09055725866231334,0.0033578945755251438,1.723017699739541,0.0032259612642741476,0.07804489049456738,0.8218266239911018,0.0005021625529564121,2,5,0.1858599196322914,False,COMPLETE
45,2.109671506514916,1.0,2026-03-23 22:59:01.472116,2026-03-23 23:51:47.920369,0 days 00:52:46.448253,500,,16,0.0003974692940488513,256,17.33315325862923,0.21050843741966774,0.07737628425380053,0.004413839986479263,1.9389652696924533,0.03263143919549628,0.2581475462732663,1.1671841391119675,0.0006516203681557232,8,4,0.0524226360639552,False,COMPLETE
46,1.9658408018258902,0.13451218598597384,2026-03-23 23:51:47.957041,2026-03-24 00:35:49.017354,0 days 00:44:01.060313,1000,0.13300585175336246,16,0.00016538113315690055,256,27.4361856133988,0.24087545891541337,0.05338635659503941,0.0008945957195394955,1.5088903607201942,0.0023913415862535374,0.201477906320859,0.887636229827116,0.0008305462161073002,2,5,0.1637558383594879,True,COMPLETE
47,1.9495326078855075,0.15927950775794167,2026-03-24 00:35:49.054514,2026-03-24 01:14:35.812357,0 days 00:38:46.757843,500,,16,0.0032059479036470567,256,20.596972825360478,0.22341254828270316,0.06249460688453845,0.001293394372515626,2.799607736494763,0.004086024923330135,0.6755268609521344,0.6267981032617739,0.0007135516975879552,2,5,0.1921354510479504,False,COMPLETE
48,2.0749969060604387,1.0,2026-03-24 01:14:35.849335,2026-03-24 01:50:01.047943,0 days 00:35:25.198608,500,,16,0.0008264934492364652,256,22.770027587824348,0.20436295308425856,0.19380964887067326,0.0006243801800368326,2.724744200169816,0.00137685365228636,0.38150216850569774,0.7218614728849051,0.0007855877537490174,4,4,0.16973830379241345,False,COMPLETE
49,2.1178431565944966,0.10739874300941696,2026-03-24 01:50:01.127594,2026-03-24 02:27:11.333228,0 days 00:37:10.205634,500,,32,0.001991209225102293,256,15.436181876129421,0.22908457251131997,0.09823169749542142,0.0018513530959300506,1.698720045819068,0.0018997323959880914,0.921299445361495,0.9939798609950177,0.0006138302521657567,2,5,0.1794217777197747,False,COMPLETE
50,2.029941132435432,1.0,2026-03-24 02:27:11.403165,2026-03-24 03:20:18.179110,0 days 00:53:06.775945,1000,0.4994728082184649,16,0.0010692213400310855,256,14.042241108473615,0.05017716498137839,0.16141516141541962,0.000782659463602753,2.5488242446568403,0.0025666850238238474,0.3206809390839178,0.4905849456356357,0.0005463748528065858,8,4,0.15973562625954504,True,COMPLETE
51,1.9272906963641827,0.10951511151915036,2026-03-24 03:20:18.217238,2026-03-24 03:59:32.306154,0 days 00:39:14.088916,500,,16,0.0019895355215443443,256,19.161477062259408,0.15953105490400252,0.08101853917600747,0.0003822141258229168,2.173547609581987,0.0012113274842223967,0.13200758539655,0.8332461522849992,0.0006804555462965548,2,5,0.17017557953691118,False,COMPLETE
52,2.0718175117786113,0.11668193151126646,2026-03-24 03:59:32.349261,2026-03-24 04:15:25.814666,0 days 00:15:53.465405,500,0.017616524587671205,32,0.0030098813004787025,256,19.12556111177819,0.15268789001302702,0.07931565348073497,0.00035753705636797886,2.167208596034203,0.0011958964682247078,0.44878811550620856,1.4034863106708482,0.0012862135653405617,2,2,0.14971186096064187,True,COMPLETE
53,1.971389572436993,0.09301116178120383,2026-03-24 04:15:25.857554,2026-03-24 04:54:46.114615,0 days 00:39:20.257061,500,,16,0.005379655341313327,256,17.62539134472518,0.13638444822246282,0.10732794696709422,0.0004243888279728525,2.1728076477978826,0.0010377391863036693,0.9156734646860689,0.3972520524590405,0.0014255182962982216,2,5,0.07861151590743853,False,COMPLETE
54,1.9822419056525598,1.0,2026-03-24 04:54:46.176139,2026-03-24 06:00:47.975789,0 days 01:06:01.799650,500,0.1505501330839475,16,0.0017123628822140555,256,29.964609475984275,0.1113781754159929,0.09026649800496475,0.00027909552343663706,2.224287301666522,0.0012541093838473994,0.09221470622269318,1.6774834439980368,0.0006980224940765003,8,5,0.1725661539907743,True,COMPLETE
55,2.032028709925138,0.10651537855628682,2026-03-24 06:00:48.011653,2026-03-24 06:39:27.972215,0 days 00:38:39.960562,500,,16,0.00214213134147107,256,21.705959390726687,0.16046963354728766,0.12900800374343727,0.00037413971963964313,2.3220476354447888,0.0018924270974767575,0.37488846230696826,1.109170959990494,0.0008991800765367942,2,5,0.16468001245592193,False,COMPLETE
56,1.9910927424064049,0.08191291439462184,2026-03-24 06:39:28.008899,2026-03-24 07:09:26.749529,0 days 00:29:58.740630,500,,32,0.008118910938034817,256,24.54771024013334,0.08490788644550912,0.06007438992606281,0.00022536185124792026,2.1244057938070635,0.016993495990593056,0.6433869009264139,0.8962659604891978,0.0017704535924917616,2,4,0.18735044939247314,False,COMPLETE
