number,values_0,values_1,datetime_start,datetime_complete,duration,params_T,params_asinh_scale_xy,params_batch_size,params_cosine_s,params_d_model,params_div_factor,params_dropout,params_gamma_end,params_gamma_start,params_grad_clip,params_lambda_charge,params_lambda_pdg,params_lambda_zplane,params_lr,params_nhead,params_num_layers,params_pct_start,params_use_asinh,state
57,2.1022270716153657,0.07926219345274327,2026-03-24 07:09:26.790212,2026-03-24 07:39:22.590263,0 days 00:29:55.800051,500,,32,0.0006411122034786517,256,24.85151675930826,0.08287257404111308,0.17228466045329108,0.0004640351246489134,2.9036059152482325,0.0016774400488744888,0.7249673371229703,0.8541075925349388,0.0017849463357545953,2,4,0.18833960269286168,False,COMPLETE
58,2.0285976629990796,1.0,2026-03-24 07:39:22.627033,2026-03-24 08:32:00.805877,0 days 00:52:38.178844,500,0.014976545933561826,16,0.001174288485916999,256,22.71189666145822,0.06191105991068392,0.17558704689166263,0.00030448340664168786,2.1277417562256704,0.01754609113991153,0.13833820047917933,0.5925889271252949,0.0008477192841375995,8,4,0.18328620615602742,True,COMPLETE
59,2.1791531746204083,0.13454291732932483,2026-03-24 08:32:00.842542,2026-03-24 09:06:09.945380,0 days 00:34:09.102838,1000,,32,0.010434750832049047,256,20.681276529829606,0.0955768707485225,0.20114151130893027,0.00020283976717495858,2.0316676844939883,0.010342811484172834,0.25827835993376524,0.9559728092560547,0.0007748848962437979,2,4,0.16084508717826104,False,COMPLETE
60,inf,inf,2026-03-24 09:06:09.983087,2026-03-24 09:06:19.237839,0 days 00:00:09.254752,500,,64,0.00048547017443356704,512,19.24795544625721,0.19078877471158845,0.14667610368387335,0.00012475234114850577,2.3540784223130453,0.008730386120357016,0.6539264945019265,1.2376475366796225,0.0006283982904332789,2,5,0.13724714791560233,False,COMPLETE
61,1.918173753298246,0.09122006595596366,2026-03-24 09:06:19.274214,2026-03-24 09:45:02.964443,0 days 00:38:43.690229,500,,16,0.0026468080368582778,256,23.86741450673328,0.1715317043469718,0.06380017532320262,0.0004938850087530491,2.2450822987580663,0.0012449730727053792,0.20469761606347536,1.0667504257381502,0.0005930396699473831,2,5,0.177923647713447,False,COMPLETE
62,2.018037277001601,0.11066071249867226,2026-03-24 09:45:03.002646,2026-03-24 10:01:41.812918,0 days 00:16:38.810272,500,0.030137594379349895,16,0.005018676988144055,256,26.509281762979903,0.147352388706925,0.059542013376998576,0.0004950945468283195,2.2672563907530052,0.0010166366283942093,0.4132852318086556,1.3157220340325888,0.0005842573699231262,2,2,0.07165020058264875,True,COMPLETE
63,1.8616364607444176,1.0,2026-03-24 10:01:41.850336,2026-03-24 11:07:07.874675,0 days 01:05:26.024339,500,,16,0.007315784026743424,256,24.598261416938346,0.1690366397905109,0.0504861554800771,0.0005331153950796762,2.483015938136937,0.001240197794317502,0.21555901351516782,1.1069182005882026,0.0005227324954306555,8,5,0.09382237861581616,False,COMPLETE
64,1.8982431219174312,1.0,2026-03-24 11:07:07.912050,2026-03-24 12:12:34.498786,0 days 01:05:26.586736,500,,16,0.007313796540673446,256,24.796261430097978,0.17873233569924538,0.07400497634706185,0.0005150749132203613,2.403673237660322,0.006754904518892216,0.19868189422299148,1.0847228070480608,0.0005953922057750136,8,5,0.08541898942688042,False,COMPLETE
65,inf,inf,2026-03-24 12:12:34.536607,2026-03-24 12:12:42.694158,0 days 00:00:08.157551,500,,64,0.007306801462339036,512,23.975712902343016,0.16959897317762204,0.06269565647098062,0.0005762755734668443,2.531561026162821,0.05860623721719332,0.2389298633297764,1.1888885069911097,0.0005648176819683574,8,5,0.0505718361044209,False,COMPLETE
66,inf,inf,2026-03-24 12:12:42.729933,2026-03-24 12:12:52.033092,0 days 00:00:09.303159,500,0.010294182243375676,32,0.003319863950338049,256,28.83010804691924,0.12044519488242345,0.06690899333845571,0.0004004094183121945,2.4843286127147426,0.015674530855796932,0.2855844453750207,1.2694794026635514,0.0005306446698774648,8,5,0.19601429713041413,True,COMPLETE
67,2.262055915135604,1.0,2026-03-24 12:12:52.075860,2026-03-24 13:16:59.039658,0 days 01:04:06.963798,500,,16,0.002525975200047066,512,26.816238202558008,0.056362495864407475,0.08261355864276287,0.0008100412834080645,2.296954166562357,0.030477427110227027,0.331863482465919,1.5316531453116684,0.0012209082419606533,8,3,0.09512946466903356,False,COMPLETE
68,,,2026-03-24 13:16:59.077824,,,500,,64,0.0037639736690654314,512,23.38786724882093,0.1288823846179705,0.058432202698090414,0.000465172167724481,2.2167174929129936,0.00620373168221922,0.20674952972817115,1.4143960446647184,0.001995022970006037,2,4,0.17981551039861995,False,RUNNING
