[I 2026-03-22 13:28:21,923] A new study created in RDB with name: particle_diff_sinh_zplane_v2

============================================================
GPU CHECK
============================================================
CUDA available     : True
Device count       : 1
GPU 0              : NVIDIA A30
  VRAM total       : 23.6 GB
  VRAM allocated   : 0.00 GB
  Compute cap.     : 8.0
  Matmul test      : PASSED  (2048x2048 op completed OK)

  Active device    : NVIDIA A30
============================================================

  0%|          | 0/100 [00:00<?, ?it/s]  Trial   0 | Epoch  1/10 | train=11.73447 | val=3.12682 | VRAM alloc=0.05GB reserved=6.12GB
  Trial   0 | Epoch  2/10 | train=3.16932 | val=2.76218 | VRAM alloc=0.05GB reserved=6.12GB
  Trial   0 | Epoch  3/10 | train=2.90565 | val=2.39991 | VRAM alloc=0.05GB reserved=6.12GB
  Trial   0 | Epoch  4/10 | train=2.72612 | val=2.33218 | VRAM alloc=0.05GB reserved=6.12GB
  Trial   0 | Epoch  5/10 | train=2.39737 | val=2.23043 | VRAM alloc=0.05GB reserved=6.12GB
  Trial   0 | Epoch  6/10 | train=2.26293 | val=2.33096 | VRAM alloc=0.05GB reserved=6.12GB
  Trial   0 | Epoch  7/10 | train=2.14617 | val=2.11757 | VRAM alloc=0.05GB reserved=6.12GB
  Trial   0 | Epoch  8/10 | train=2.09794 | val=2.03626 | VRAM alloc=0.05GB reserved=6.12GB
  Trial   0 | Epoch  9/10 | train=2.04552 | val=2.04871 | VRAM alloc=0.05GB reserved=6.12GB
                                         0%|          | 0/100 [35:11<?, ?it/s]  1%|          | 1/100 [35:11<58:03:43, 2111.35s/it]  Trial   0 | Epoch 10/10 | train=2.04470 | val=2.00159 | VRAM alloc=0.05GB reserved=6.12GB
  Peak score failed: CUDA out of memory. Tried to allocate 5.04 GiB (GPU 0; 23.60 GiB total capacity; 17.41 GiB already allocated; 265.44 MiB free; 22.99 GiB reserved in total by PyTorch) If reserved memory is >> allocated memory try setting max_split_size_mb to avoid fragmentation.  See documentation for Memory Management and PYTORCH_CUDA_ALLOC_CONF
  Trial 0 | best_val=2.00159 | peak_score=1.00000
[I 2026-03-22 14:03:33,279] Trial 0 finished with values: [2.0015868911376367, 1.0] and parameters: {'lr': 0.0008403604888695196, 'batch_size': 16, 'd_model': 256, 'nhead': 4, 'num_layers': 4, 'dropout': 0.05411689885916049, 'T': 500, 'cosine_s': 0.00037419406111184985, 'lambda_pdg': 0.2227337188467456, 'lambda_zplane': 0.4484685687215243, 'lambda_charge': 0.0040596116104843075, 'gamma_end': 0.18118910790805948, 'gamma_start': 0.0005418282319533242, 'grad_clip': 1.9368437102970628, 'pct_start': 0.14177793420835694, 'div_factor': 9.619750864088367, 'use_asinh': False}.
  Trial   1 | Epoch  1/10 | train=6.89038 | val=2.83241 | VRAM alloc=0.06GB reserved=23.06GB
  Trial   1 | Epoch  2/10 | train=2.80470 | val=2.80875 | VRAM alloc=0.06GB reserved=23.06GB
  Trial   1 | Epoch  3/10 | train=2.70116 | val=2.40521 | VRAM alloc=0.06GB reserved=23.06GB
  Trial   1 | Epoch  4/10 | train=2.62548 | val=2.38062 | VRAM alloc=0.06GB reserved=23.06GB
  Trial   1 | Epoch  5/10 | train=2.50628 | val=2.38467 | VRAM alloc=0.06GB reserved=23.06GB
  Trial   1 | Epoch  6/10 | train=2.40655 | val=2.24053 | VRAM alloc=0.06GB reserved=23.06GB
  Trial   1 | Epoch  7/10 | train=2.33597 | val=2.22243 | VRAM alloc=0.06GB reserved=23.06GB
  Trial   1 | Epoch  8/10 | train=2.27052 | val=2.21355 | VRAM alloc=0.06GB reserved=23.06GB
  Trial   1 | Epoch  9/10 | train=2.23786 | val=2.13227 | VRAM alloc=0.06GB reserved=23.06GB
                                                      1%|          | 1/100 [1:13:44<58:03:43, 2111.35s/it]  2%|▏         | 2/100 [1:13:44<60:42:03, 2229.83s/it]  Trial   1 | Epoch 10/10 | train=2.23010 | val=2.15185 | VRAM alloc=0.06GB reserved=23.06GB
  Trial 1 | best_val=2.13227 | peak_score=0.11135
[I 2026-03-22 14:42:06,051] Trial 1 finished with values: [2.132274191196148, 0.11135024142243974] and parameters: {'lr': 0.0009409173896915724, 'batch_size': 16, 'd_model': 256, 'nhead': 2, 'num_layers': 5, 'dropout': 0.24312640661491186, 'T': 500, 'cosine_s': 0.00018349072049055458, 'lambda_pdg': 0.700021375186549, 'lambda_zplane': 0.9362897381052424, 'lambda_charge': 0.0017541893487450805, 'gamma_end': 0.17379422752781754, 'gamma_start': 0.00011439974749291271, 'grad_clip': 2.863980603118173, 'pct_start': 0.08881699724000255, 'div_factor': 19.20430053485883, 'use_asinh': False}.
  Trial   2 | Epoch  1/10 | train=18.73212 | val=3.63859 | VRAM alloc=0.09GB reserved=23.06GB
  Trial   2 | Epoch  2/10 | train=3.48127 | val=2.89662 | VRAM alloc=0.09GB reserved=23.06GB
  Trial   2 | Epoch  3/10 | train=3.21119 | val=2.87163 | VRAM alloc=0.09GB reserved=23.06GB
  Trial   2 | Epoch  4/10 | train=2.83324 | val=2.55674 | VRAM alloc=0.09GB reserved=23.06GB
  Trial   2 | Epoch  5/10 | train=2.82683 | val=2.38470 | VRAM alloc=0.09GB reserved=23.06GB
  Trial   2 | Epoch  6/10 | train=2.69678 | val=2.41939 | VRAM alloc=0.09GB reserved=23.06GB
  Trial   2 | Epoch  7/10 | train=2.43810 | val=2.39230 | VRAM alloc=0.09GB reserved=23.06GB
  Trial   2 | Epoch  8/10 | train=2.33781 | val=2.33676 | VRAM alloc=0.09GB reserved=23.06GB
  Trial   2 | Epoch  9/10 | train=2.30251 | val=2.24446 | VRAM alloc=0.09GB reserved=23.06GB
                                                        2%|▏         | 2/100 [1:31:29<60:42:03, 2229.83s/it]  3%|▎         | 3/100 [1:31:29<45:45:31, 1698.26s/it]  Trial   2 | Epoch 10/10 | train=2.29706 | val=2.24276 | VRAM alloc=0.09GB reserved=23.06GB
  Peak score failed: CUDA out of memory. Tried to allocate 5.04 GiB (GPU 0; 23.60 GiB total capacity; 17.20 GiB already allocated; 981.44 MiB free; 22.29 GiB reserved in total by PyTorch) If reserved memory is >> allocated memory try setting max_split_size_mb to avoid fragmentation.  See documentation for Memory Management and PYTORCH_CUDA_ALLOC_CONF
  Trial 2 | best_val=2.24276 | peak_score=1.00000
[I 2026-03-22 14:59:51,739] Trial 2 finished with values: [2.2427609296945423, 1.0] and parameters: {'lr': 0.0010668967455808357, 'batch_size': 32, 'd_model': 256, 'nhead': 4, 'num_layers': 2, 'dropout': 0.05904545778210762, 'T': 1000, 'cosine_s': 0.0005399616272305192, 'lambda_pdg': 0.8373006336943328, 'lambda_zplane': 0.7778313207178196, 'lambda_charge': 0.0036464395589807202, 'gamma_end': 0.18567402078956213, 'gamma_start': 0.000173550564698551, 'grad_clip': 2.7032954711310593, 'pct_start': 0.06118259655196563, 'div_factor': 29.484512147624983, 'use_asinh': True, 'asinh_scale_xy': 0.005128781987092827}.
  Trial   3 | Epoch  1/10 | train=115.91158 | val=8.37644 | VRAM alloc=0.25GB reserved=22.32GB
  Trial   3 | Epoch  2/10 | train=10.35936 | val=7.08718 | VRAM alloc=0.25GB reserved=22.32GB
  Trial   3 | Epoch  3/10 | train=6.36233 | val=5.58708 | VRAM alloc=0.25GB reserved=22.32GB
  Trial   3 | Epoch  4/10 | train=5.42885 | val=6.02345 | VRAM alloc=0.25GB reserved=22.32GB
  Trial   3 | Epoch  5/10 | train=5.13765 | val=5.15152 | VRAM alloc=0.25GB reserved=22.32GB
  Trial   3 | Epoch  6/10 | train=4.54937 | val=3.72651 | VRAM alloc=0.25GB reserved=22.32GB
  Trial   3 | Epoch  7/10 | train=2.72871 | val=2.66344 | VRAM alloc=0.25GB reserved=22.32GB
  Trial   3 | Epoch  8/10 | train=2.78463 | val=2.77054 | VRAM alloc=0.25GB reserved=22.32GB
  Trial   3 | Epoch  9/10 | train=2.55063 | val=2.48319 | VRAM alloc=0.25GB reserved=22.32GB
                                                        3%|▎         | 3/100 [2:21:05<45:45:31, 1698.26s/it]  4%|▍         | 4/100 [2:21:05<58:44:09, 2202.60s/it]  Trial   3 | Epoch 10/10 | train=2.37191 | val=2.33912 | VRAM alloc=0.25GB reserved=22.32GB
  Peak score failed: CUDA out of memory. Tried to allocate 5.04 GiB (GPU 0; 23.60 GiB total capacity; 14.31 GiB already allocated; 1.74 GiB free; 21.51 GiB reserved in total by PyTorch) If reserved memory is >> allocated memory try setting max_split_size_mb to avoid fragmentation.  See documentation for Memory Management and PYTORCH_CUDA_ALLOC_CONF
  Trial 3 | best_val=2.33912 | peak_score=1.00000
[I 2026-03-22 15:49:27,483] Trial 3 finished with values: [2.339122252030806, 1.0] and parameters: {'lr': 0.0015485552498964404, 'batch_size': 64, 'd_model': 512, 'nhead': 4, 'num_layers': 3, 'dropout': 0.06271167005720474, 'T': 1000, 'cosine_s': 0.009315049998499168, 'lambda_pdg': 0.6556795977874524, 'lambda_zplane': 1.7857042108950205, 'lambda_charge': 0.008798929749689027, 'gamma_end': 0.07989856148457543, 'gamma_start': 0.0016284765129487649, 'grad_clip': 2.641177572925346, 'pct_start': 0.13419157963542444, 'div_factor': 22.16405681115619, 'use_asinh': False}.
  Trial   4 | Epoch  1/10 | train=231.95105 | val=11.31270 | VRAM alloc=0.29GB reserved=21.54GB
  Trial   4 | Epoch  2/10 | train=15.62351 | val=11.60021 | VRAM alloc=0.29GB reserved=21.55GB
  Trial   4 | Epoch  3/10 | train=16.92434 | val=7.57800 | VRAM alloc=0.29GB reserved=21.55GB
  Trial   4 | Epoch  4/10 | train=5.86140 | val=5.28932 | VRAM alloc=0.04GB reserved=21.55GB
  Trial   4 | Epoch  5/10 | train=5.07060 | val=5.25529 | VRAM alloc=0.04GB reserved=21.55GB
  Trial   4 | Epoch  6/10 | train=4.35186 | val=9.63094 | VRAM alloc=0.04GB reserved=21.55GB
  Trial   4 | Epoch  7/10 | train=4.40671 | val=2.78430 | VRAM alloc=0.04GB reserved=21.55GB
  Trial   4 | Epoch  8/10 | train=2.89207 | val=2.57671 | VRAM alloc=0.04GB reserved=21.55GB
  Trial   4 | Epoch  9/10 | train=2.67029 | val=2.51963 | VRAM alloc=0.04GB reserved=21.55GB
                                                        4%|▍         | 4/100 [2:47:08<58:44:09, 2202.60s/it]  5%|▌         | 5/100 [2:47:08<52:02:29, 1972.10s/it]  Trial   4 | Epoch 10/10 | train=2.61925 | val=2.54447 | VRAM alloc=0.04GB reserved=21.55GB
  Peak score failed: CUDA out of memory. Tried to allocate 5.04 GiB (GPU 0; 23.60 GiB total capacity; 17.15 GiB already allocated; 1.82 GiB free; 21.43 GiB reserved in total by PyTorch) If reserved memory is >> allocated memory try setting max_split_size_mb to avoid fragmentation.  See documentation for Memory Management and PYTORCH_CUDA_ALLOC_CONF
  Trial 4 | best_val=2.51963 | peak_score=1.00000
[I 2026-03-22 16:15:30,887] Trial 4 finished with values: [2.51962618461022, 1.0] and parameters: {'lr': 0.0009044308052173172, 'batch_size': 32, 'd_model': 256, 'nhead': 4, 'num_layers': 3, 'dropout': 0.20111022770860976, 'T': 500, 'cosine_s': 0.0006053833609355686, 'lambda_pdg': 0.2031602228913042, 'lambda_zplane': 1.8664255394508888, 'lambda_charge': 0.04132765459466366, 'gamma_end': 0.20835093912760588, 'gamma_start': 0.00302402517740569, 'grad_clip': 2.705508115348672, 'pct_start': 0.07798550883290538, 'div_factor': 26.028357336440052, 'use_asinh': False}.
  Trial   5 | Epoch  1/10 | train=92.53074 | val=8.95441 | VRAM alloc=0.19GB reserved=21.46GB
  Trial   5 | Epoch  2/10 | train=13.43872 | val=9.00658 | VRAM alloc=0.19GB reserved=21.46GB
  Trial   5 | Epoch  3/10 | train=11.18223 | val=9.77767 | VRAM alloc=0.19GB reserved=21.46GB
  Trial   5 | Epoch  4/10 | train=11.20374 | val=8.02895 | VRAM alloc=0.19GB reserved=21.46GB
  Trial   5 | Epoch  5/10 | train=17.97549 | val=8.85848 | VRAM alloc=0.19GB reserved=21.46GB
  Trial   5 | Epoch  6/10 | train=16.90306 | val=11.13200 | VRAM alloc=0.19GB reserved=21.46GB
  Trial   5 | Epoch  7/10 | train=5.43432 | val=2.97239 | VRAM alloc=0.19GB reserved=21.46GB
  Trial   5 | Epoch  8/10 | train=3.23694 | val=2.59223 | VRAM alloc=0.19GB reserved=21.46GB
  Trial   5 | Epoch  9/10 | train=2.55867 | val=2.64278 | VRAM alloc=0.19GB reserved=21.46GB
/work/submit/anton100/msci-project/venv/lib64/python3.9/site-packages/numpy/linalg/linalg.py:2556: RuntimeWarning: overflow encountered in multiply
  s = (x.conj() * x).real
/work/submit/anton100/msci-project/venv/lib64/python3.9/site-packages/numpy/linalg/linalg.py:2557: RuntimeWarning: overflow encountered in reduce
  return sqrt(add.reduce(s, axis=axis, keepdims=keepdims))
                                                        5%|▌         | 5/100 [3:51:11<52:02:29, 1972.10s/it]  6%|▌         | 6/100 [3:51:11<68:05:50, 2607.98s/it]  Trial   5 | Epoch 10/10 | train=2.45695 | val=2.35073 | VRAM alloc=0.19GB reserved=21.46GB
  Trial 5 | best_val=2.35073 | peak_score=0.45341
[I 2026-03-22 17:19:33,233] Trial 5 finished with values: [2.3507287135491004, 0.4534130660691549] and parameters: {'lr': 0.001731692294985305, 'batch_size': 16, 'd_model': 512, 'nhead': 2, 'num_layers': 3, 'dropout': 0.09442156209414605, 'T': 1000, 'cosine_s': 0.035065901428687866, 'lambda_pdg': 0.35704278541971746, 'lambda_zplane': 1.0857021813123955, 'lambda_charge': 0.025470526233391178, 'gamma_end': 0.14090740059482348, 'gamma_start': 0.004477427984113198, 'grad_clip': 2.943670942413167, 'pct_start': 0.08776734437380462, 'div_factor': 15.435694595435717, 'use_asinh': True, 'asinh_scale_xy': 0.005925757830021555}.
  Trial   6 | Epoch  1/10 | train=41.71315 | val=6.11064 | VRAM alloc=0.22GB reserved=21.48GB
  Trial   6 | Epoch  2/10 | train=7.90027 | val=3.11683 | VRAM alloc=0.22GB reserved=21.48GB
  Trial   6 | Epoch  3/10 | train=6.02133 | val=14.35366 | VRAM alloc=0.22GB reserved=21.48GB
  Trial   6 | Epoch  4/10 | train=7.12180 | val=3.10008 | VRAM alloc=0.22GB reserved=21.48GB
  Trial   6 | Epoch  5/10 | train=3.72567 | val=13.65842 | VRAM alloc=0.22GB reserved=21.48GB
  Trial   6 | Epoch  6/10 | train=4.61492 | val=2.95566 | VRAM alloc=0.22GB reserved=21.48GB
  Trial   6 | Epoch  7/10 | train=3.12304 | val=3.33800 | VRAM alloc=0.22GB reserved=21.48GB
  Trial   6 | Epoch  8/10 | train=2.76759 | val=2.31967 | VRAM alloc=0.22GB reserved=21.48GB
  Trial   6 | Epoch  9/10 | train=2.49335 | val=2.36294 | VRAM alloc=0.22GB reserved=21.48GB
                                                        6%|▌         | 6/100 [4:18:31<68:05:50, 2607.98s/it]  7%|▋         | 7/100 [4:18:31<59:11:43, 2291.44s/it]  Trial   6 | Epoch 10/10 | train=2.41643 | val=2.34799 | VRAM alloc=0.22GB reserved=21.48GB
  Peak score failed: CUDA out of memory. Tried to allocate 10.07 GiB (GPU 0; 23.60 GiB total capacity; 12.29 GiB already allocated; 6.81 GiB free; 16.44 GiB reserved in total by PyTorch) If reserved memory is >> allocated memory try setting max_split_size_mb to avoid fragmentation.  See documentation for Memory Management and PYTORCH_CUDA_ALLOC_CONF
  Trial 6 | best_val=2.31967 | peak_score=1.00000
[I 2026-03-22 17:46:52,966] Trial 6 finished with values: [2.3196668478158804, 1.0] and parameters: {'lr': 0.0011640303447894484, 'batch_size': 16, 'd_model': 256, 'nhead': 8, 'num_layers': 2, 'dropout': 0.18442710948117574, 'T': 500, 'cosine_s': 0.009234940072815249, 'lambda_pdg': 0.3993939760832905, 'lambda_zplane': 1.301381078127801, 'lambda_charge': 0.018495216589727265, 'gamma_end': 0.18394367101868964, 'gamma_start': 0.0001423638128723575, 'grad_clip': 2.752953743383857, 'pct_start': 0.09811700974576038, 'div_factor': 10.236640320397326, 'use_asinh': False}.
  Trial   7 | Epoch  1/10 | train=98.20618 | val=11.06395 | VRAM alloc=0.25GB reserved=16.47GB
  Trial   7 | Epoch  2/10 | train=16.84805 | val=13.49485 | VRAM alloc=0.25GB reserved=16.47GB
  Trial   7 | Epoch  3/10 | train=14.54826 | val=38.96606 | VRAM alloc=0.25GB reserved=16.47GB
  Trial   7 | Epoch  4/10 | train=8.25393 | val=3.47293 | VRAM alloc=0.25GB reserved=16.47GB
  Trial   7 | Epoch  5/10 | train=6.73305 | val=3.54384 | VRAM alloc=0.25GB reserved=16.47GB
  Trial   7 | Epoch  6/10 | train=4.91770 | val=2.66302 | VRAM alloc=0.25GB reserved=16.47GB
  Trial   7 | Epoch  7/10 | train=2.71523 | val=2.45543 | VRAM alloc=0.25GB reserved=16.47GB
  Trial   7 | Epoch  8/10 | train=2.80711 | val=2.38858 | VRAM alloc=0.25GB reserved=16.47GB
  Trial   7 | Epoch  9/10 | train=2.47024 | val=2.37712 | VRAM alloc=0.25GB reserved=16.47GB
                                                        7%|▋         | 7/100 [4:44:51<59:11:43, 2291.44s/it]  8%|▊         | 8/100 [4:44:51<52:46:26, 2065.07s/it]  Trial   7 | Epoch 10/10 | train=2.38620 | val=2.32791 | VRAM alloc=0.03GB reserved=16.47GB
  Peak score failed: CUDA out of memory. Tried to allocate 10.07 GiB (GPU 0; 23.60 GiB total capacity; 12.10 GiB already allocated; 6.86 GiB free; 16.39 GiB reserved in total by PyTorch) If reserved memory is >> allocated memory try setting max_split_size_mb to avoid fragmentation.  See documentation for Memory Management and PYTORCH_CUDA_ALLOC_CONF
  Trial 7 | best_val=2.32791 | peak_score=1.00000
[I 2026-03-22 18:13:13,352] Trial 7 finished with values: [2.327906430684603, 1.0] and parameters: {'lr': 0.0012790997031651788, 'batch_size': 32, 'd_model': 256, 'nhead': 8, 'num_layers': 2, 'dropout': 0.11821327021005171, 'T': 1000, 'cosine_s': 0.023329885019744315, 'lambda_pdg': 0.2950445463293978, 'lambda_zplane': 1.3539696874649403, 'lambda_charge': 0.043096738082034555, 'gamma_end': 0.1888002028998656, 'gamma_start': 0.0007940730292120072, 'grad_clip': 1.8627784363506774, 'pct_start': 0.06396541517088489, 'div_factor': 26.189058511544047, 'use_asinh': True, 'asinh_scale_xy': 0.023824817710692583}.
  Trial   8 | Epoch  1/10 | train=108.53416 | val=198.79938 | VRAM alloc=0.08GB reserved=21.28GB
  Trial   8 | Epoch  2/10 | train=9.50391 | val=5.34942 | VRAM alloc=0.08GB reserved=21.28GB
  Trial   8 | Epoch  3/10 | train=5.49527 | val=4.29048 | VRAM alloc=0.08GB reserved=21.28GB
  Trial   8 | Epoch  4/10 | train=3.75204 | val=3.76500 | VRAM alloc=0.08GB reserved=21.28GB
  Trial   8 | Epoch  5/10 | train=2.78577 | val=2.48081 | VRAM alloc=0.08GB reserved=21.28GB
  Trial   8 | Epoch  6/10 | train=2.47814 | val=2.34573 | VRAM alloc=0.08GB reserved=21.28GB
  Trial   8 | Epoch  7/10 | train=2.46567 | val=2.47911 | VRAM alloc=0.08GB reserved=21.28GB
  Trial   8 | Epoch  8/10 | train=2.37299 | val=2.26760 | VRAM alloc=0.08GB reserved=21.28GB
  Trial   8 | Epoch  9/10 | train=2.31046 | val=2.21709 | VRAM alloc=0.08GB reserved=21.28GB
                                                        8%|▊         | 8/100 [5:36:10<52:46:26, 2065.07s/it]  9%|▉         | 9/100 [5:36:10<60:12:46, 2382.05s/it]  Trial   8 | Epoch 10/10 | train=2.28728 | val=2.26757 | VRAM alloc=0.08GB reserved=21.28GB
  Peak score failed: CUDA out of memory. Tried to allocate 10.07 GiB (GPU 0; 23.60 GiB total capacity; 12.15 GiB already allocated; 8.63 GiB free; 14.62 GiB reserved in total by PyTorch) If reserved memory is >> allocated memory try setting max_split_size_mb to avoid fragmentation.  See documentation for Memory Management and PYTORCH_CUDA_ALLOC_CONF
  Trial 8 | best_val=2.21709 | peak_score=1.00000
[I 2026-03-22 19:04:32,364] Trial 8 finished with values: [2.2170886479891263, 1.0] and parameters: {'lr': 0.0008113628482924664, 'batch_size': 32, 'd_model': 256, 'nhead': 8, 'num_layers': 4, 'dropout': 0.05183941032332593, 'T': 1000, 'cosine_s': 0.00010319557208250064, 'lambda_pdg': 0.20276764884662374, 'lambda_zplane': 1.1425941997965137, 'lambda_charge': 0.02419860861453868, 'gamma_end': 0.21299031487565012, 'gamma_start': 0.00024045113403355021, 'grad_clip': 2.568268832021304, 'pct_start': 0.08558736312452002, 'div_factor': 12.299277158505772, 'use_asinh': True, 'asinh_scale_xy': 0.24969901278785359}.
  Trial   9 | Epoch  1/10 | train=14.76050 | val=13.30778 | VRAM alloc=0.13GB reserved=14.67GB
  Trial   9 | Epoch  2/10 | train=4.53556 | val=2.30456 | VRAM alloc=0.13GB reserved=14.67GB
  Trial   9 | Epoch  3/10 | train=2.36465 | val=2.33668 | VRAM alloc=0.13GB reserved=14.67GB
  Trial   9 | Epoch  4/10 | train=2.33889 | val=2.19285 | VRAM alloc=0.13GB reserved=14.67GB
  Trial   9 | Epoch  5/10 | train=2.29354 | val=2.27192 | VRAM alloc=0.13GB reserved=14.67GB
  Trial   9 | Epoch  6/10 | train=2.26757 | val=2.27101 | VRAM alloc=0.13GB reserved=14.67GB
  Trial   9 | Epoch  7/10 | train=2.22844 | val=2.02958 | VRAM alloc=0.13GB reserved=14.67GB
  Trial   9 | Epoch  8/10 | train=2.16614 | val=2.14547 | VRAM alloc=0.13GB reserved=14.67GB
  Trial   9 | Epoch  9/10 | train=2.07123 | val=1.96749 | VRAM alloc=0.13GB reserved=14.67GB
                                                        9%|▉         | 9/100 [6:11:48<60:12:46, 2382.05s/it] 10%|█         | 10/100 [6:11:48<57:40:07, 2306.75s/it]  Trial   9 | Epoch 10/10 | train=2.01194 | val=1.97531 | VRAM alloc=0.13GB reserved=14.67GB
  Trial 9 | best_val=1.96749 | peak_score=0.14651
[I 2026-03-22 19:40:10,504] Trial 9 finished with values: [1.9674856589390681, 0.14651321189553512] and parameters: {'lr': 0.0012442063587952007, 'batch_size': 16, 'd_model': 256, 'nhead': 2, 'num_layers': 4, 'dropout': 0.20896226070832968, 'T': 1000, 'cosine_s': 0.002134472098879922, 'lambda_pdg': 0.23548083840814227, 'lambda_zplane': 1.4726590189968602, 'lambda_charge': 0.0036437177217846692, 'gamma_end': 0.05607899160786346, 'gamma_start': 0.0012492175283159127, 'grad_clip': 1.7656660191105735, 'pct_start': 0.19106878765293717, 'div_factor': 28.227656075543113, 'use_asinh': True, 'asinh_scale_xy': 0.005368874316448986}.
                                                        10%|█         | 10/100 [6:11:57<57:40:07, 2306.75s/it] 11%|█         | 11/100 [6:11:57<39:38:38, 1603.58s/it]  Trial 10 OOM during train (batch_size=64, d_model=512, T=500) — returning worst case.
