[I 2026-03-24 01:11:25,187] Trial 33 finished with values: [2.0905799737834196, 0.19073799731218824] and parameters: {'lr': 0.00015194650108964062, 'batch_size': 2, 'd_model': 512, 'nhead': 2, 'num_layers': 3, 'dropout': 0.14026282605314302, 'T': 500, 'cosine_s': 0.00024744758222886574, 'lambda_pdg': 0.7485727514296332, 'lambda_charge': 0.015860600912426963, 'lambda_zplane': 0.8955994908275747, 'gamma_end': 0.1528070132113086, 'grad_clip': 2.9463917232042345, 'gamma_start': 0.00024042199241533038, 'pct_start': 0.16784908085797268, 'div_factor': 26.232124830277897}.
  Trial  34 | Epoch  1/10 | train=49.89744 | val=10.89085 | VRAM alloc=0.20GB reserved=22.25GB
  Trial  34 | Epoch  2/10 | train=25.64653 | val=10.39180 | VRAM alloc=0.20GB reserved=22.25GB
  Trial  34 | Epoch  3/10 | train=12.69566 | val=25.87393 | VRAM alloc=0.20GB reserved=22.25GB
  Trial  34 | Epoch  4/10 | train=9.98590 | val=4.82177 | VRAM alloc=0.20GB reserved=22.25GB
  Trial  34 | Epoch  5/10 | train=4.03901 | val=7.97459 | VRAM alloc=0.20GB reserved=22.25GB
  Trial  34 | Epoch  6/10 | train=4.79691 | val=6.03400 | VRAM alloc=0.20GB reserved=22.25GB
  Trial  34 | Epoch  7/10 | train=4.41010 | val=2.81145 | VRAM alloc=0.20GB reserved=22.25GB
  Trial  34 | Epoch  8/10 | train=2.74644 | val=2.65792 | VRAM alloc=0.20GB reserved=22.25GB
  Trial  34 | Epoch  9/10 | train=2.48299 | val=2.60913 | VRAM alloc=0.20GB reserved=22.25GB
                                                         34%|███▍      | 34/100 [37:18:14<80:34:35, 4395.09s/it] 35%|███▌      | 35/100 [37:18:14<68:03:26, 3769.33s/it]  Trial  34 | Epoch 10/10 | train=2.41335 | val=2.34534 | VRAM alloc=0.20GB reserved=22.25GB
  Peak score failed: CUDA out of memory. Tried to allocate 10.07 GiB (GPU 0; 23.60 GiB total capacity; 12.27 GiB already allocated; 1.01 GiB free; 22.24 GiB reserved in total by PyTorch) If reserved memory is >> allocated memory try setting max_split_size_mb to avoid fragmentation.  See documentation for Memory Management and PYTORCH_CUDA_ALLOC_CONF
  Trial 34 | best_val=2.34534 | peak_score=1.00000
[I 2026-03-24 01:49:54,418] Trial 34 finished with values: [2.345340028175941, 1.0] and parameters: {'lr': 0.0009067745213074274, 'batch_size': 32, 'd_model': 256, 'nhead': 8, 'num_layers': 3, 'dropout': 0.20802260487876556, 'T': 250, 'cosine_s': 0.00014534797231388348, 'lambda_pdg': 0.17248567736704434, 'lambda_charge': 0.053280117126703476, 'lambda_zplane': 1.2888720737109844, 'gamma_end': 0.14046712313225745, 'grad_clip': 4.594347266438883, 'gamma_start': 0.00011037748623204061, 'pct_start': 0.12457148868976431, 'div_factor': 51.018510505725345}.
  Trial  35 | Epoch  1/10 | train=8.11586 | val=4.09303 | VRAM alloc=0.44GB reserved=22.28GB
  Trial  35 | Epoch  2/10 | train=3.89288 | val=2.62533 | VRAM alloc=0.44GB reserved=22.28GB
  Trial  35 | Epoch  3/10 | train=2.59205 | val=2.46380 | VRAM alloc=0.25GB reserved=22.28GB
  Trial  35 | Epoch  4/10 | train=2.28060 | val=2.10650 | VRAM alloc=0.25GB reserved=22.28GB
  Trial  35 | Epoch  5/10 | train=2.11743 | val=2.02068 | VRAM alloc=0.25GB reserved=22.28GB
  Trial  35 | Epoch  6/10 | train=2.05015 | val=1.99412 | VRAM alloc=0.25GB reserved=22.28GB
  Trial  35 | Epoch  7/10 | train=2.03593 | val=1.98160 | VRAM alloc=0.25GB reserved=22.28GB
  Trial  35 | Epoch  8/10 | train=2.00939 | val=2.00307 | VRAM alloc=0.25GB reserved=22.28GB
  Trial  35 | Epoch  9/10 | train=1.99258 | val=1.94117 | VRAM alloc=0.25GB reserved=22.28GB
                                                         35%|███▌      | 35/100 [38:55:14<68:03:26, 3769.33s/it] 36%|███▌      | 36/100 [38:55:14<77:56:59, 4384.69s/it]  Trial  35 | Epoch 10/10 | train=1.99019 | val=1.97310 | VRAM alloc=0.25GB reserved=22.28GB
  Trial 35 | best_val=1.94117 | peak_score=0.16964
[I 2026-03-24 03:26:54,928] Trial 35 finished with values: [1.9411665883367462, 0.16963810475910612] and parameters: {'lr': 0.00032234839428389007, 'batch_size': 4, 'd_model': 512, 'nhead': 2, 'num_layers': 5, 'dropout': 0.18282525008232875, 'T': 250, 'cosine_s': 0.010146985909322219, 'lambda_pdg': 0.5086472352281689, 'lambda_charge': 0.0034834079991116957, 'lambda_zplane': 0.7493186388602965, 'gamma_end': 0.10994556125635976, 'grad_clip': 2.6984665081943806, 'gamma_start': 0.0003854819804012317, 'pct_start': 0.17349615368867088, 'div_factor': 12.283117800209988}.
  Trial  36 | Epoch  1/10 | train=52.86995 | val=8.21235 | VRAM alloc=0.31GB reserved=22.28GB
  Trial  36 | Epoch  2/10 | train=6.83972 | val=4.76034 | VRAM alloc=0.31GB reserved=22.28GB
  Trial  36 | Epoch  3/10 | train=4.70929 | val=3.59962 | VRAM alloc=0.31GB reserved=22.28GB
  Trial  36 | Epoch  4/10 | train=4.09302 | val=4.13948 | VRAM alloc=0.31GB reserved=22.28GB
  Trial  36 | Epoch  5/10 | train=3.37789 | val=3.13021 | VRAM alloc=0.31GB reserved=22.28GB
  Trial  36 | Epoch  6/10 | train=3.16853 | val=2.88165 | VRAM alloc=0.31GB reserved=22.28GB
  Trial  36 | Epoch  7/10 | train=3.00116 | val=2.75181 | VRAM alloc=0.31GB reserved=22.28GB
  Trial  36 | Epoch  8/10 | train=2.89771 | val=2.77941 | VRAM alloc=0.31GB reserved=22.28GB
  Trial  36 | Epoch  9/10 | train=2.84947 | val=2.72310 | VRAM alloc=0.31GB reserved=22.28GB
                                                         36%|███▌      | 36/100 [39:21:47<77:56:59, 4384.69s/it] 37%|███▋      | 37/100 [39:21:47<62:04:23, 3547.03s/it]  Trial  36 | Epoch 10/10 | train=2.81148 | val=2.63725 | VRAM alloc=0.31GB reserved=22.28GB
  Trial 36 | best_val=2.63725 | peak_score=0.16898
[I 2026-03-24 03:53:27,441] Trial 36 finished with values: [2.6372495174407957, 0.1689813466860129] and parameters: {'lr': 0.00012791164035609977, 'batch_size': 32, 'd_model': 256, 'nhead': 2, 'num_layers': 4, 'dropout': 0.17755875415105551, 'T': 100, 'cosine_s': 0.02444573330468887, 'lambda_pdg': 0.14723877036758448, 'lambda_charge': 0.010097505002807688, 'lambda_zplane': 1.0025458745740428, 'gamma_end': 0.45913325805614347, 'grad_clip': 4.687629094432809, 'gamma_start': 0.0006306158862138065, 'pct_start': 0.0564038002829812, 'div_factor': 28.25928661863288}.
  Trial  37 | Epoch  1/10 | train=64.17215 | val=9.61052 | VRAM alloc=0.46GB reserved=22.29GB
  Trial  37 | Epoch  2/10 | train=6.79006 | val=4.67347 | VRAM alloc=0.46GB reserved=22.29GB
  Trial  37 | Epoch  3/10 | train=4.12536 | val=2.91819 | VRAM alloc=0.46GB reserved=22.29GB
  Trial  37 | Epoch  4/10 | train=3.14698 | val=2.66234 | VRAM alloc=0.46GB reserved=22.29GB
  Trial  37 | Epoch  5/10 | train=2.69028 | val=2.52028 | VRAM alloc=0.46GB reserved=22.29GB
  Trial  37 | Epoch  6/10 | train=2.58634 | val=2.47684 | VRAM alloc=0.46GB reserved=22.29GB
  Trial  37 | Epoch  7/10 | train=2.50513 | val=2.43525 | VRAM alloc=0.46GB reserved=22.29GB
  Trial  37 | Epoch  8/10 | train=2.45982 | val=2.38216 | VRAM alloc=0.46GB reserved=22.29GB
  Trial  37 | Epoch  9/10 | train=2.44002 | val=2.37723 | VRAM alloc=0.46GB reserved=22.29GB
                                                         37%|███▋      | 37/100 [40:24:41<62:04:23, 3547.03s/it] 38%|███▊      | 38/100 [40:24:41<62:15:39, 3615.15s/it]  Trial  37 | Epoch 10/10 | train=2.42187 | val=2.40349 | VRAM alloc=0.46GB reserved=22.29GB
  Peak score failed: CUDA out of memory. Tried to allocate 10.07 GiB (GPU 0; 23.60 GiB total capacity; 14.52 GiB already allocated; 985.44 MiB free; 22.29 GiB reserved in total by PyTorch) If reserved memory is >> allocated memory try setting max_split_size_mb to avoid fragmentation.  See documentation for Memory Management and PYTORCH_CUDA_ALLOC_CONF
  Trial 37 | best_val=2.37723 | peak_score=1.00000
[I 2026-03-24 04:56:21,545] Trial 37 finished with values: [2.3772289496201737, 1.0] and parameters: {'lr': 0.00051661852890056, 'batch_size': 32, 'd_model': 512, 'nhead': 8, 'num_layers': 3, 'dropout': 0.06130554609214216, 'T': 100, 'cosine_s': 0.019497008568130702, 'lambda_pdg': 1.9932643451074061, 'lambda_charge': 0.007206900305155099, 'lambda_zplane': 1.4367375782482301, 'gamma_end': 0.19263210752827176, 'grad_clip': 4.238559143968446, 'gamma_start': 0.001998387191567098, 'pct_start': 0.07840804869553598, 'div_factor': 30.034472639961155}.
  Trial  38 | Epoch  1/10 | train=156.98691 | val=60.32197 | VRAM alloc=0.06GB reserved=22.34GB
  Trial  38 | Epoch  2/10 | train=82.62322 | val=7.67334 | VRAM alloc=0.06GB reserved=22.34GB
  Trial  38 | Epoch  3/10 | train=9.06723 | val=5.76776 | VRAM alloc=0.06GB reserved=22.34GB
  Trial  38 | Epoch  4/10 | train=4.86011 | val=4.08509 | VRAM alloc=0.06GB reserved=22.34GB
  Trial  38 | Epoch  5/10 | train=3.70637 | val=3.31090 | VRAM alloc=0.06GB reserved=22.34GB
  Trial  38 | Epoch  6/10 | train=3.49340 | val=3.24127 | VRAM alloc=0.06GB reserved=22.34GB
  Trial  38 | Epoch  7/10 | train=3.25314 | val=2.96156 | VRAM alloc=0.06GB reserved=22.34GB
  Trial  38 | Epoch  8/10 | train=3.11584 | val=2.92977 | VRAM alloc=0.06GB reserved=22.34GB
  Trial  38 | Epoch  9/10 | train=3.02266 | val=2.87586 | VRAM alloc=0.06GB reserved=22.34GB
                                                         38%|███▊      | 38/100 [40:54:46<62:15:39, 3615.15s/it] 39%|███▉      | 39/100 [40:54:46<52:03:24, 3072.21s/it]  Trial  38 | Epoch 10/10 | train=3.00054 | val=2.84453 | VRAM alloc=0.06GB reserved=22.34GB
  Trial 38 | best_val=2.84453 | peak_score=0.30812
[I 2026-03-24 05:26:26,882] Trial 38 finished with values: [2.8445278827960676, 0.3081201108733815] and parameters: {'lr': 0.00029017094149353187, 'batch_size': 32, 'd_model': 256, 'nhead': 2, 'num_layers': 4, 'dropout': 0.16710765504260333, 'T': 500, 'cosine_s': 0.003346343660073835, 'lambda_pdg': 0.3993019574878361, 'lambda_charge': 0.03791050203501774, 'lambda_zplane': 1.5281904121033785, 'gamma_end': 0.4170378921388438, 'grad_clip': 1.1187908270375173, 'gamma_start': 0.00010594669059125429, 'pct_start': 0.09681119700631761, 'div_factor': 63.8685430961725}.
  Trial  39 | Epoch  1/10 | train=992.18757 | val=21258.02898 | VRAM alloc=0.72GB reserved=22.34GB
  Trial  39 | Epoch  2/10 | train=2816.85258 | val=27922.81273 | VRAM alloc=0.67GB reserved=22.34GB
  Trial  39 | Epoch  3/10 | train=3947.70526 | val=22011.16055 | VRAM alloc=0.67GB reserved=22.34GB
  Trial  39 | Epoch  4/10 | train=3316.38087 | val=22670.70997 | VRAM alloc=0.67GB reserved=22.34GB
  Trial  39 | Epoch  5/10 | train=2215.77943 | val=21957.93650 | VRAM alloc=0.67GB reserved=22.34GB
  Trial  39 | Epoch  6/10 | train=1291.85225 | val=21751.13808 | VRAM alloc=0.67GB reserved=22.34GB
  Trial  39 | Epoch  7/10 | train=726.28874 | val=21486.42562 | VRAM alloc=0.67GB reserved=22.34GB
  Trial  39 | Epoch  8/10 | train=386.01783 | val=21607.84728 | VRAM alloc=0.67GB reserved=22.34GB
  Trial  39 | Epoch  9/10 | train=180.06120 | val=18311.74651 | VRAM alloc=0.67GB reserved=22.34GB
                                                         39%|███▉      | 39/100 [44:25:53<52:03:24, 3072.21s/it] 40%|████      | 40/100 [44:25:53<99:10:25, 5950.43s/it]  Trial  39 | Epoch 10/10 | train=78.67088 | val=20971.87598 | VRAM alloc=0.67GB reserved=22.34GB
  Trial 39 | best_val=18311.74651 | peak_score=0.07395
[I 2026-03-24 08:57:33,142] Trial 39 finished with values: [18311.746506340594, 0.07394834492379465] and parameters: {'lr': 0.0012358063197388473, 'batch_size': 2, 'd_model': 768, 'nhead': 2, 'num_layers': 6, 'dropout': 0.20808901689519843, 'T': 250, 'cosine_s': 0.009833794098620714, 'lambda_pdg': 1.7838664862519304, 'lambda_charge': 0.01756093955135297, 'lambda_zplane': 1.283510839591048, 'gamma_end': 0.47007836680738424, 'grad_clip': 3.243225052435111, 'gamma_start': 0.004048668236470784, 'pct_start': 0.11127354070235357, 'div_factor': 37.26879876875521}.
  Trial  40 | Epoch  1/10 | train=11.41629 | val=4.41447 | VRAM alloc=0.83GB reserved=22.34GB
  Trial  40 | Epoch  2/10 | train=4.07951 | val=3.18398 | VRAM alloc=0.82GB reserved=22.34GB
  Trial  40 | Epoch  3/10 | train=2.92455 | val=2.72436 | VRAM alloc=0.82GB reserved=22.34GB
  Trial  40 | Epoch  4/10 | train=2.67017 | val=2.43915 | VRAM alloc=0.82GB reserved=22.34GB
  Trial  40 | Epoch  5/10 | train=2.40766 | val=2.25141 | VRAM alloc=0.82GB reserved=22.34GB
  Trial  40 | Epoch  6/10 | train=2.41852 | val=2.26423 | VRAM alloc=0.82GB reserved=22.34GB
  Trial  40 | Epoch  7/10 | train=2.31660 | val=2.14610 | VRAM alloc=0.82GB reserved=22.34GB
  Trial  40 | Epoch  8/10 | train=2.21278 | val=2.15677 | VRAM alloc=0.82GB reserved=22.34GB
  Trial  40 | Epoch  9/10 | train=2.16597 | val=2.09678 | VRAM alloc=0.16GB reserved=22.34GB
                                                         40%|████      | 40/100 [45:29:19<99:10:25, 5950.43s/it] 41%|████      | 41/100 [45:29:19<86:58:46, 5307.22s/it]  Trial  40 | Epoch 10/10 | train=2.16300 | val=2.09640 | VRAM alloc=0.16GB reserved=22.34GB
  Peak score failed: CUDA out of memory. Tried to allocate 10.07 GiB (GPU 0; 23.60 GiB total capacity; 14.21 GiB already allocated; 1.07 GiB free; 22.19 GiB reserved in total by PyTorch) If reserved memory is >> allocated memory try setting max_split_size_mb to avoid fragmentation.  See documentation for Memory Management and PYTORCH_CUDA_ALLOC_CONF
  Trial 40 | best_val=2.09640 | peak_score=1.00000
[I 2026-03-24 10:00:59,555] Trial 40 finished with values: [2.0963972724401034, 1.0] and parameters: {'lr': 0.0004062180884522198, 'batch_size': 16, 'd_model': 512, 'nhead': 8, 'num_layers': 3, 'dropout': 0.14310321094901415, 'T': 100, 'cosine_s': 0.03394574439558769, 'lambda_pdg': 0.15363158737427662, 'lambda_charge': 0.0067916900709872755, 'lambda_zplane': 1.3406355435301949, 'gamma_end': 0.2425630050039436, 'grad_clip': 1.8200507228010132, 'gamma_start': 0.0006793064115412969, 'pct_start': 0.06269938284264015, 'div_factor': 15.43522749364288}.
  Trial  41 | Epoch  1/10 | train=8.64740 | val=4.81018 | VRAM alloc=0.41GB reserved=22.22GB
  Trial  41 | Epoch  2/10 | train=4.27830 | val=2.82236 | VRAM alloc=0.41GB reserved=22.22GB
  Trial  41 | Epoch  3/10 | train=2.65248 | val=2.13119 | VRAM alloc=0.41GB reserved=22.22GB
  Trial  41 | Epoch  4/10 | train=2.13796 | val=2.07273 | VRAM alloc=0.40GB reserved=22.22GB
  Trial  41 | Epoch  5/10 | train=2.09354 | val=2.00978 | VRAM alloc=0.41GB reserved=22.22GB
  Trial  41 | Epoch  6/10 | train=2.04852 | val=1.97780 | VRAM alloc=0.25GB reserved=22.22GB
  Trial  41 | Epoch  7/10 | train=2.03700 | val=1.98476 | VRAM alloc=0.25GB reserved=22.22GB
  Trial  41 | Epoch  8/10 | train=2.01228 | val=2.00655 | VRAM alloc=0.25GB reserved=22.22GB
  Trial  41 | Epoch  9/10 | train=1.99624 | val=1.94399 | VRAM alloc=0.25GB reserved=22.22GB
                                                         41%|████      | 41/100 [47:05:06<86:58:46, 5307.22s/it] 42%|████▏     | 42/100 [47:05:06<87:37:56, 5439.25s/it]  Trial  41 | Epoch 10/10 | train=1.99488 | val=1.97771 | VRAM alloc=0.25GB reserved=22.22GB
  Trial 41 | best_val=1.94399 | peak_score=0.15635
[I 2026-03-24 11:36:46,874] Trial 41 finished with values: [1.9439947847456371, 0.15635454148231806] and parameters: {'lr': 0.0003273630527967507, 'batch_size': 4, 'd_model': 512, 'nhead': 2, 'num_layers': 5, 'dropout': 0.17859831760204561, 'T': 250, 'cosine_s': 0.013464436204810724, 'lambda_pdg': 0.5506795156513679, 'lambda_charge': 0.005019083583078168, 'lambda_zplane': 0.7971328430598428, 'gamma_end': 0.11159058437066907, 'grad_clip': 2.6430134539657075, 'gamma_start': 0.00040299530365115854, 'pct_start': 0.14566445568297176, 'div_factor': 23.703746678909877}.
  Trial  42 | Epoch  1/10 | train=16.79919 | val=8.45688 | VRAM alloc=0.05GB reserved=22.24GB
  Trial  42 | Epoch  2/10 | train=4.73574 | val=3.14370 | VRAM alloc=0.05GB reserved=22.24GB
  Trial  42 | Epoch  3/10 | train=2.76965 | val=2.62511 | VRAM alloc=0.05GB reserved=22.24GB
  Trial  42 | Epoch  4/10 | train=2.65254 | val=2.56763 | VRAM alloc=0.05GB reserved=22.24GB
  Trial  42 | Epoch  5/10 | train=2.57241 | val=2.49145 | VRAM alloc=0.05GB reserved=22.24GB
  Trial  42 | Epoch  6/10 | train=2.53243 | val=2.42629 | VRAM alloc=0.05GB reserved=22.24GB
  Trial  42 | Epoch  7/10 | train=2.49576 | val=2.43642 | VRAM alloc=0.05GB reserved=22.24GB
  Trial  42 | Epoch  8/10 | train=2.47266 | val=2.39888 | VRAM alloc=0.05GB reserved=22.24GB
  Trial  42 | Epoch  9/10 | train=2.45754 | val=2.40137 | VRAM alloc=0.05GB reserved=22.24GB
                                                         42%|████▏     | 42/100 [47:41:05<87:37:56, 5439.25s/it] 43%|████▎     | 43/100 [47:41:05<70:32:19, 4455.08s/it]  Trial  42 | Epoch 10/10 | train=2.44347 | val=2.38556 | VRAM alloc=0.05GB reserved=22.24GB
  Trial 42 | best_val=2.38556 | peak_score=0.16214
[I 2026-03-24 12:12:45,555] Trial 42 finished with values: [2.3855597747773336, 0.16213795108625043] and parameters: {'lr': 0.0004055183891012584, 'batch_size': 4, 'd_model': 256, 'nhead': 2, 'num_layers': 4, 'dropout': 0.12450794337719392, 'T': 100, 'cosine_s': 0.013445895102916708, 'lambda_pdg': 0.8648561105502822, 'lambda_charge': 0.009882674927877609, 'lambda_zplane': 1.0220060621725755, 'gamma_end': 0.44663831323963327, 'grad_clip': 4.388161940323845, 'gamma_start': 0.00020070867737011927, 'pct_start': 0.14844675728103743, 'div_factor': 18.703140722725212}.
  Trial  43 | Epoch  1/10 | train=52.15700 | val=25.29939 | VRAM alloc=0.30GB reserved=22.25GB
  Trial  43 | Epoch  2/10 | train=27.57467 | val=8.08424 | VRAM alloc=0.30GB reserved=22.25GB
[2026-03-24T12:31:37.010] error: *** JOB 4746742 ON submit20-1 CANCELLED AT 2026-03-24T12:31:37 DUE TO TIME LIMIT ***
