[I 2026-03-22 19:40:19,715] Trial 10 finished with values: [inf, inf] and parameters: {'lr': 0.0005407124794089205, 'batch_size': 64, 'd_model': 512, 'nhead': 2, 'num_layers': 5, 'dropout': 0.23153295905650356, 'T': 500, 'cosine_s': 0.0001070799146287123, 'lambda_pdg': 0.9530841787287214, 'lambda_zplane': 0.12339122217338105, 'lambda_charge': 0.0011351353929813701, 'gamma_end': 0.28645242999342835, 'gamma_start': 0.00032693745353469907, 'grad_clip': 2.239264538006568, 'pct_start': 0.1636591081988639, 'div_factor': 18.143532281624974, 'use_asinh': False}.
  Trial  11 | Epoch  1/10 | train=5.78752 | val=2.46293 | VRAM alloc=0.19GB reserved=22.73GB
  Trial  11 | Epoch  2/10 | train=2.36911 | val=2.16896 | VRAM alloc=0.06GB reserved=22.73GB
  Trial  11 | Epoch  3/10 | train=2.24903 | val=2.15889 | VRAM alloc=0.06GB reserved=22.73GB
  Trial  11 | Epoch  4/10 | train=2.18880 | val=2.06396 | VRAM alloc=0.06GB reserved=22.73GB
  Trial  11 | Epoch  5/10 | train=2.17143 | val=2.11448 | VRAM alloc=0.06GB reserved=22.73GB
  Trial  11 | Epoch  6/10 | train=2.14248 | val=2.05870 | VRAM alloc=0.06GB reserved=22.73GB
  Trial  11 | Epoch  7/10 | train=2.11396 | val=2.01934 | VRAM alloc=0.06GB reserved=22.73GB
  Trial  11 | Epoch  8/10 | train=2.07157 | val=1.98844 | VRAM alloc=0.06GB reserved=22.73GB
  Trial  11 | Epoch  9/10 | train=2.04302 | val=1.94447 | VRAM alloc=0.06GB reserved=22.73GB
                                                        11%|█         | 11/100 [6:50:42<39:38:38, 1603.58s/it] 12%|█▏        | 12/100 [6:50:42<44:33:29, 1822.83s/it]  Trial  11 | Epoch 10/10 | train=2.03807 | val=1.96747 | VRAM alloc=0.06GB reserved=22.73GB
  Trial 11 | best_val=1.94447 | peak_score=0.08696
[I 2026-03-22 20:19:04,021] Trial 11 finished with values: [1.9444715490707984, 0.08696023642829032] and parameters: {'lr': 0.0006209579806885988, 'batch_size': 16, 'd_model': 256, 'nhead': 2, 'num_layers': 5, 'dropout': 0.24938080856989972, 'T': 500, 'cosine_s': 0.0028603454172866564, 'lambda_pdg': 0.6138695136975176, 'lambda_zplane': 0.7516324881646445, 'lambda_charge': 0.0011645038388071924, 'gamma_end': 0.06961559624169517, 'gamma_start': 0.00010116074791515541, 'grad_clip': 1.5093805171908894, 'pct_start': 0.19413894955354316, 'div_factor': 18.13475566576764, 'use_asinh': False}.
  Trial  12 | Epoch  1/10 | train=10.31587 | val=4.65505 | VRAM alloc=0.31GB reserved=22.73GB
  Trial  12 | Epoch  2/10 | train=5.27188 | val=3.08027 | VRAM alloc=0.31GB reserved=22.73GB
  Trial  12 | Epoch  3/10 | train=2.43774 | val=2.26425 | VRAM alloc=0.31GB reserved=22.73GB
  Trial  12 | Epoch  4/10 | train=2.31608 | val=2.22031 | VRAM alloc=0.31GB reserved=22.73GB
  Trial  12 | Epoch  5/10 | train=2.28153 | val=2.15167 | VRAM alloc=0.31GB reserved=22.73GB
  Trial  12 | Epoch  6/10 | train=2.22054 | val=2.17284 | VRAM alloc=0.31GB reserved=22.73GB
  Trial  12 | Epoch  7/10 | train=2.18787 | val=2.15193 | VRAM alloc=0.31GB reserved=22.73GB
  Trial  12 | Epoch  8/10 | train=2.11515 | val=2.04763 | VRAM alloc=0.31GB reserved=22.73GB
  Trial  12 | Epoch  9/10 | train=2.08782 | val=2.05508 | VRAM alloc=0.31GB reserved=22.73GB
                                                        12%|█▏        | 12/100 [8:22:55<44:33:29, 1822.83s/it] 13%|█▎        | 13/100 [8:22:55<71:13:10, 2947.02s/it]  Trial  12 | Epoch 10/10 | train=2.04762 | val=2.01377 | VRAM alloc=0.25GB reserved=22.73GB
  Trial 12 | best_val=2.01377 | peak_score=0.12996
[I 2026-03-22 21:51:17,837] Trial 12 finished with values: [2.013772739813878, 0.12995900626653614] and parameters: {'lr': 0.0005334868269028834, 'batch_size': 16, 'd_model': 512, 'nhead': 2, 'num_layers': 5, 'dropout': 0.24920339787224272, 'T': 500, 'cosine_s': 0.002640841874532887, 'lambda_pdg': 0.6080003010106214, 'lambda_zplane': 0.6590590408415083, 'lambda_charge': 0.0011354904631561814, 'gamma_end': 0.11696063817706509, 'gamma_start': 0.00010438334476817147, 'grad_clip': 1.5049368779024883, 'pct_start': 0.1922498920490722, 'div_factor': 16.77577543647475, 'use_asinh': False}.
  Trial  13 | Epoch  1/10 | train=9.95757 | val=2.68768 | VRAM alloc=0.31GB reserved=22.73GB
  Trial  13 | Epoch  2/10 | train=2.62391 | val=2.53331 | VRAM alloc=0.31GB reserved=22.73GB
  Trial  13 | Epoch  3/10 | train=2.52172 | val=2.35134 | VRAM alloc=0.31GB reserved=22.73GB
  Trial  13 | Epoch  4/10 | train=2.44506 | val=2.63768 | VRAM alloc=0.31GB reserved=22.73GB
  Trial  13 | Epoch  5/10 | train=2.38573 | val=2.44249 | VRAM alloc=0.31GB reserved=22.73GB
  Trial  13 | Epoch  6/10 | train=2.30872 | val=2.16003 | VRAM alloc=0.31GB reserved=22.73GB
  Trial  13 | Epoch  7/10 | train=2.22232 | val=2.18888 | VRAM alloc=0.31GB reserved=22.73GB
  Trial  13 | Epoch  8/10 | train=2.15743 | val=2.06810 | VRAM alloc=0.31GB reserved=22.73GB
  Trial  13 | Epoch  9/10 | train=2.12251 | val=2.03114 | VRAM alloc=0.31GB reserved=22.73GB
                                                        13%|█▎        | 13/100 [9:01:41<71:13:10, 2947.02s/it] 14%|█▍        | 14/100 [9:01:41<65:54:53, 2759.23s/it]  Trial  13 | Epoch 10/10 | train=2.11598 | val=2.05129 | VRAM alloc=0.31GB reserved=22.73GB
  Trial 13 | best_val=2.03114 | peak_score=0.10265
[I 2026-03-22 22:30:03,130] Trial 13 finished with values: [2.031144106388092, 0.10264609512814288] and parameters: {'lr': 0.0006628996249925484, 'batch_size': 16, 'd_model': 256, 'nhead': 2, 'num_layers': 5, 'dropout': 0.1575972555286947, 'T': 500, 'cosine_s': 0.0022213863651893923, 'lambda_pdg': 0.7634473742118997, 'lambda_zplane': 0.8244023202742665, 'lambda_charge': 0.0021476105221816173, 'gamma_end': 0.11041523338962131, 'gamma_start': 0.00010188712315550388, 'grad_clip': 2.259276454610931, 'pct_start': 0.16691648626633582, 'div_factor': 12.978889769452367, 'use_asinh': False}.
  Trial  14 | Epoch  1/10 | train=21.08843 | val=3.14748 | VRAM alloc=0.38GB reserved=22.73GB
  Trial  14 | Epoch  2/10 | train=2.77797 | val=2.39402 | VRAM alloc=0.38GB reserved=22.73GB
  Trial  14 | Epoch  3/10 | train=2.46472 | val=2.34874 | VRAM alloc=0.38GB reserved=22.73GB
  Trial  14 | Epoch  4/10 | train=2.35722 | val=2.25597 | VRAM alloc=0.38GB reserved=22.73GB
  Trial  14 | Epoch  5/10 | train=2.30677 | val=2.38192 | VRAM alloc=0.38GB reserved=22.73GB
  Trial  14 | Epoch  6/10 | train=2.22022 | val=2.04545 | VRAM alloc=0.38GB reserved=22.73GB
  Trial  14 | Epoch  7/10 | train=2.16261 | val=2.07534 | VRAM alloc=0.38GB reserved=22.73GB
  Trial  14 | Epoch  8/10 | train=2.09953 | val=2.03828 | VRAM alloc=0.38GB reserved=22.73GB
  Trial  14 | Epoch  9/10 | train=2.09462 | val=1.95199 | VRAM alloc=0.38GB reserved=22.73GB
                                                        14%|█▍        | 14/100 [9:38:11<65:54:53, 2759.23s/it] 15%|█▌        | 15/100 [9:38:11<61:06:06, 2587.84s/it]  Trial  14 | Epoch 10/10 | train=2.07573 | val=2.00870 | VRAM alloc=0.38GB reserved=22.73GB
  Trial 14 | best_val=1.95199 | peak_score=0.09606
[I 2026-03-22 23:06:33,783] Trial 14 finished with values: [1.9519929199507742, 0.0960645540037312] and parameters: {'lr': 0.0006819483074111643, 'batch_size': 64, 'd_model': 256, 'nhead': 2, 'num_layers': 5, 'dropout': 0.15846298716068077, 'T': 500, 'cosine_s': 0.0018482107771481166, 'lambda_pdg': 0.4703031303023939, 'lambda_zplane': 0.40010747011410674, 'lambda_charge': 0.0021565741545652123, 'gamma_end': 0.08812734018336717, 'gamma_start': 0.0003818791057774684, 'grad_clip': 2.1691029825084995, 'pct_start': 0.16691423034675182, 'div_factor': 13.591179388238688, 'use_asinh': False}.
  Trial  15 | Epoch  1/10 | train=29.93076 | val=3.78591 | VRAM alloc=0.58GB reserved=22.74GB
  Trial  15 | Epoch  2/10 | train=3.67758 | val=3.25518 | VRAM alloc=0.58GB reserved=22.74GB
  Trial  15 | Epoch  3/10 | train=3.04446 | val=2.89210 | VRAM alloc=0.58GB reserved=22.74GB
  Trial  15 | Epoch  4/10 | train=2.89317 | val=2.71743 | VRAM alloc=0.58GB reserved=22.74GB
  Trial  15 | Epoch  5/10 | train=2.86638 | val=2.88445 | VRAM alloc=0.58GB reserved=22.74GB
  Trial  15 | Epoch  6/10 | train=2.77880 | val=2.48980 | VRAM alloc=0.21GB reserved=22.74GB
  Trial  15 | Epoch  7/10 | train=2.97470 | val=2.23593 | VRAM alloc=0.21GB reserved=22.74GB
  Trial  15 | Epoch  8/10 | train=2.28649 | val=2.20201 | VRAM alloc=0.21GB reserved=22.74GB
  Trial  15 | Epoch  9/10 | train=2.20553 | val=2.04113 | VRAM alloc=0.21GB reserved=22.74GB
                                                        15%|█▌        | 15/100 [10:50:40<61:06:06, 2587.84s/it] 16%|█▌        | 16/100 [10:50:40<72:44:48, 3117.72s/it]  Trial  15 | Epoch 10/10 | train=2.12491 | val=2.06783 | VRAM alloc=0.21GB reserved=22.74GB
  Trial 15 | best_val=2.04113 | peak_score=0.06562
[I 2026-03-23 00:19:02,007] Trial 15 finished with values: [2.041130781173706, 0.06561517619893203] and parameters: {'lr': 0.0007106534325711933, 'batch_size': 64, 'd_model': 512, 'nhead': 2, 'num_layers': 4, 'dropout': 0.14477016788512626, 'T': 500, 'cosine_s': 0.005767060224024439, 'lambda_pdg': 0.05666777088414898, 'lambda_zplane': 0.4412538307959235, 'lambda_charge': 0.007255122532994642, 'gamma_end': 0.05543194409990873, 'gamma_start': 0.0003928979993083532, 'grad_clip': 1.5290625109409501, 'pct_start': 0.1670035932891053, 'div_factor': 21.04908381988251, 'use_asinh': False}.
  Trial  16 | Epoch  1/10 | train=250.41052 | val=9.53446 | VRAM alloc=0.41GB reserved=22.74GB
  Trial  16 | Epoch  2/10 | train=12.55736 | val=8.53923 | VRAM alloc=0.41GB reserved=22.74GB
  Trial  16 | Epoch  3/10 | train=8.83762 | val=8.68373 | VRAM alloc=0.41GB reserved=22.74GB
  Trial  16 | Epoch  4/10 | train=8.59226 | val=8.54165 | VRAM alloc=0.41GB reserved=22.74GB
  Trial  16 | Epoch  5/10 | train=8.42307 | val=7.89545 | VRAM alloc=0.41GB reserved=22.74GB
  Trial  16 | Epoch  6/10 | train=8.44047 | val=7.51641 | VRAM alloc=0.41GB reserved=22.74GB
  Trial  16 | Epoch  7/10 | train=8.45241 | val=8.25955 | VRAM alloc=0.41GB reserved=22.74GB
  Trial  16 | Epoch  8/10 | train=7.42859 | val=3.53585 | VRAM alloc=0.41GB reserved=22.74GB
  Trial  16 | Epoch  9/10 | train=3.97153 | val=2.66322 | VRAM alloc=0.41GB reserved=22.74GB
/work/submit/anton100/msci-project/FCC-BB-GenAI/particle_diffusion_sinh_zplane.py:793: RuntimeWarning: overflow encountered in exp
  E    = np.exp(logE)
                                                         16%|█▌        | 16/100 [12:03:07<72:44:48, 3117.72s/it] 17%|█▋        | 17/100 [12:03:07<80:24:33, 3487.63s/it]  Trial  16 | Epoch 10/10 | train=2.68700 | val=2.61614 | VRAM alloc=0.41GB reserved=22.74GB
  Trial 16 | best_val=2.61614 | peak_score=0.22525
[I 2026-03-23 01:31:29,911] Trial 16 finished with values: [2.616139621445627, 0.22525208891388604] and parameters: {'lr': 0.0006766457493137689, 'batch_size': 64, 'd_model': 512, 'nhead': 2, 'num_layers': 4, 'dropout': 0.13195789141282763, 'T': 500, 'cosine_s': 0.005916066368885871, 'lambda_pdg': 0.10599490872243023, 'lambda_zplane': 0.2790238428426416, 'lambda_charge': 0.08126965329592198, 'gamma_end': 0.060154404875936845, 'gamma_start': 0.000741351126445908, 'grad_clip': 1.5399444989516409, 'pct_start': 0.11891395663921145, 'div_factor': 21.267877730496746, 'use_asinh': False}.
                                                         17%|█▋        | 17/100 [12:03:16<80:24:33, 3487.63s/it] 18%|█▊        | 18/100 [12:03:16<55:37:46, 2442.27s/it]  Trial 17 OOM during train (batch_size=64, d_model=512, T=500) — returning worst case.
[I 2026-03-23 01:31:38,672] Trial 17 finished with values: [inf, inf] and parameters: {'lr': 0.0007354469927581695, 'batch_size': 64, 'd_model': 512, 'nhead': 8, 'num_layers': 4, 'dropout': 0.09614556866092297, 'T': 500, 'cosine_s': 0.005799219856839269, 'lambda_pdg': 0.05222508012232123, 'lambda_zplane': 0.600762189144179, 'lambda_charge': 0.010218124924457422, 'gamma_end': 0.29497325093155596, 'gamma_start': 0.0013463493172977295, 'grad_clip': 1.7172088053041525, 'pct_start': 0.15263857003944198, 'div_factor': 22.68023625829081, 'use_asinh': False}.
  Trial  18 | Epoch  1/10 | train=97.56868 | val=9.23763 | VRAM alloc=0.56GB reserved=21.82GB
  Trial  18 | Epoch  2/10 | train=9.06229 | val=7.25003 | VRAM alloc=0.56GB reserved=21.82GB
  Trial  18 | Epoch  3/10 | train=7.59510 | val=5.58052 | VRAM alloc=0.56GB reserved=21.82GB
  Trial  18 | Epoch  4/10 | train=5.67273 | val=4.13670 | VRAM alloc=0.56GB reserved=21.82GB
  Trial  18 | Epoch  5/10 | train=3.95131 | val=3.53502 | VRAM alloc=0.56GB reserved=21.82GB
  Trial  18 | Epoch  6/10 | train=3.21189 | val=2.77964 | VRAM alloc=0.56GB reserved=21.82GB
  Trial  18 | Epoch  7/10 | train=2.83507 | val=2.72106 | VRAM alloc=0.56GB reserved=21.82GB
  Trial  18 | Epoch  8/10 | train=2.62545 | val=2.42013 | VRAM alloc=0.56GB reserved=21.82GB
  Trial  18 | Epoch  9/10 | train=2.55932 | val=2.35615 | VRAM alloc=0.56GB reserved=21.82GB
                                                         18%|█▊        | 18/100 [12:57:54<55:37:46, 2442.27s/it] 19%|█▉        | 19/100 [12:57:54<60:35:37, 2693.06s/it]  Trial  18 | Epoch 10/10 | train=2.40552 | val=2.31236 | VRAM alloc=0.56GB reserved=21.82GB
  Trial 18 | best_val=2.31236 | peak_score=0.06009
[I 2026-03-23 02:26:15,957] Trial 18 finished with values: [2.3123574112400864, 0.06009480028485881] and parameters: {'lr': 0.000598572153369327, 'batch_size': 64, 'd_model': 512, 'nhead': 2, 'num_layers': 3, 'dropout': 0.17601392040547975, 'T': 500, 'cosine_s': 0.01896939586921713, 'lambda_pdg': 0.5592727895013256, 'lambda_zplane': 0.10049801337895437, 'lambda_charge': 0.007918311211912577, 'gamma_end': 0.25696997838180113, 'gamma_start': 0.0002430190518242993, 'grad_clip': 2.0767333764797846, 'pct_start': 0.11549816584699389, 'div_factor': 8.272359365342114, 'use_asinh': False}.
  Trial  19 | Epoch  1/10 | train=85.08587 | val=8.53344 | VRAM alloc=0.72GB reserved=21.84GB
  Trial  19 | Epoch  2/10 | train=8.14477 | val=7.25394 | VRAM alloc=0.72GB reserved=21.85GB
  Trial  19 | Epoch  3/10 | train=7.39913 | val=5.28915 | VRAM alloc=0.72GB reserved=21.85GB
  Trial  19 | Epoch  4/10 | train=4.89891 | val=4.48009 | VRAM alloc=0.72GB reserved=21.85GB
  Trial  19 | Epoch  5/10 | train=3.83262 | val=3.11841 | VRAM alloc=0.72GB reserved=21.85GB
  Trial  19 | Epoch  6/10 | train=3.09691 | val=2.71165 | VRAM alloc=0.72GB reserved=21.85GB
  Trial  19 | Epoch  7/10 | train=2.78532 | val=3.32805 | VRAM alloc=0.72GB reserved=21.85GB
  Trial  19 | Epoch  8/10 | train=2.65682 | val=2.42985 | VRAM alloc=0.72GB reserved=21.85GB
  Trial  19 | Epoch  9/10 | train=2.46766 | val=2.31563 | VRAM alloc=0.72GB reserved=21.85GB
                                                         19%|█▉        | 19/100 [13:52:36<60:35:37, 2693.06s/it] 20%|██        | 20/100 [13:52:36<63:46:41, 2870.02s/it]  Trial  19 | Epoch 10/10 | train=2.38668 | val=2.30117 | VRAM alloc=0.72GB reserved=21.85GB
  Trial 19 | best_val=2.30117 | peak_score=0.08343
[I 2026-03-23 03:20:58,426] Trial 19 finished with values: [2.301169680826592, 0.08342759194294286] and parameters: {'lr': 0.0005085347873440578, 'batch_size': 64, 'd_model': 512, 'nhead': 2, 'num_layers': 3, 'dropout': 0.1840241904695416, 'T': 500, 'cosine_s': 0.01772911660337336, 'lambda_pdg': 0.5119600891812285, 'lambda_zplane': 0.11245882421306347, 'lambda_charge': 0.007500340852039033, 'gamma_end': 0.24702964660855986, 'gamma_start': 0.00025961420509495146, 'grad_clip': 2.447375220444027, 'pct_start': 0.11245636400026851, 'div_factor': 8.304816071896532, 'use_asinh': False}.
  Trial  20 | Epoch  1/10 | train=58.64097 | val=10.56476 | VRAM alloc=0.87GB reserved=21.87GB
  Trial  20 | Epoch  2/10 | train=10.80002 | val=7.80609 | VRAM alloc=0.87GB reserved=21.87GB
  Trial  20 | Epoch  3/10 | train=11.89575 | val=10.56623 | VRAM alloc=0.87GB reserved=21.87GB
  Trial  20 | Epoch  4/10 | train=6.01878 | val=5.85036 | VRAM alloc=0.87GB reserved=21.87GB
  Trial  20 | Epoch  5/10 | train=4.28301 | val=4.04918 | VRAM alloc=0.87GB reserved=21.87GB
  Trial  20 | Epoch  6/10 | train=3.53995 | val=3.16496 | VRAM alloc=0.87GB reserved=21.87GB
  Trial  20 | Epoch  7/10 | train=3.10836 | val=2.91249 | VRAM alloc=0.87GB reserved=21.87GB
  Trial  20 | Epoch  8/10 | train=2.82786 | val=2.64223 | VRAM alloc=0.87GB reserved=21.87GB
  Trial  20 | Epoch  9/10 | train=2.84822 | val=2.65614 | VRAM alloc=0.87GB reserved=21.87GB
/work/submit/anton100/msci-project/FCC-BB-GenAI/particle_diffusion_sinh_zplane.py:783: RuntimeWarning: overflow encountered in sinh
  u_xy = np.sinh(u_transformed[:, :2]) * ASINH_SCALE_XY
/work/submit/anton100/msci-project/FCC-BB-GenAI/particle_diffusion_sinh_zplane.py:82: RuntimeWarning: invalid value encountered in divide
  uhat = u / (umag + 1e-12)
                                                         20%|██        | 20/100 [14:47:17<63:46:41, 2870.02s/it] 21%|██        | 21/100 [14:47:17<65:41:20, 2993.42s/it]  Trial  20 | Epoch 10/10 | train=2.63622 | val=2.51000 | VRAM alloc=0.87GB reserved=21.87GB
  Trial 20 | best_val=2.51000 | peak_score=0.24030
[I 2026-03-23 04:15:39,545] Trial 20 finished with values: [2.510004390369762, 0.24030334651933444] and parameters: {'lr': 0.0005831659726883792, 'batch_size': 64, 'd_model': 512, 'nhead': 2, 'num_layers': 3, 'dropout': 0.13950947962718918, 'T': 500, 'cosine_s': 0.014500625703662333, 'lambda_pdg': 0.4274152745962513, 'lambda_zplane': 0.4224515185528794, 'lambda_charge': 0.013788572728791993, 'gamma_end': 0.25941843706957657, 'gamma_start': 0.0004902626865888818, 'grad_clip': 2.043812990012032, 'pct_start': 0.10706785622171522, 'div_factor': 15.159340321501562, 'use_asinh': True, 'asinh_scale_xy': 0.3273434053503216}.
  Trial  21 | Epoch  1/10 | train=64.28902 | val=3.74979 | VRAM alloc=1.07GB reserved=22.53GB
  Trial  21 | Epoch  2/10 | train=3.20842 | val=3.02428 | VRAM alloc=1.07GB reserved=22.53GB
  Trial  21 | Epoch  3/10 | train=2.76444 | val=2.64944 | VRAM alloc=1.07GB reserved=22.53GB
  Trial  21 | Epoch  4/10 | train=2.65487 | val=2.76316 | VRAM alloc=1.07GB reserved=22.53GB
  Trial  21 | Epoch  5/10 | train=2.61836 | val=2.45127 | VRAM alloc=1.07GB reserved=22.53GB
  Trial  21 | Epoch  6/10 | train=2.62680 | val=2.45594 | VRAM alloc=1.07GB reserved=22.53GB
  Trial  21 | Epoch  7/10 | train=2.44247 | val=2.15829 | VRAM alloc=1.07GB reserved=22.53GB
  Trial  21 | Epoch  8/10 | train=2.16876 | val=2.08727 | VRAM alloc=1.07GB reserved=22.54GB
  Trial  21 | Epoch  9/10 | train=2.06731 | val=1.96286 | VRAM alloc=1.07GB reserved=22.54GB
                                                         21%|██        | 21/100 [15:59:34<65:41:20, 2993.42s/it] 22%|██▏       | 22/100 [15:59:34<73:35:26, 3396.50s/it]  Trial  21 | Epoch 10/10 | train=2.04903 | val=1.98526 | VRAM alloc=1.07GB reserved=22.54GB
  Trial 21 | best_val=1.96286 | peak_score=0.22311
[I 2026-03-23 05:27:56,028] Trial 21 finished with values: [1.9628638570958918, 0.2231114883308689] and parameters: {'lr': 0.000616187453075159, 'batch_size': 64, 'd_model': 512, 'nhead': 2, 'num_layers': 4, 'dropout': 0.17138504850403435, 'T': 500, 'cosine_s': 0.04953505039065978, 'lambda_pdg': 0.9698299718720627, 'lambda_zplane': 0.5760795973403434, 'lambda_charge': 0.005621772844464259, 'gamma_end': 0.08370892946467434, 'gamma_start': 0.00019132345546370806, 'grad_clip': 1.6171316216892928, 'pct_start': 0.17811501502835045, 'div_factor': 19.996371757409637, 'use_asinh': False}.
  Trial  22 | Epoch  1/10 | train=214.46259 | val=14.27679 | VRAM alloc=1.27GB reserved=22.56GB
  Trial  22 | Epoch  2/10 | train=18.51177 | val=11.79027 | VRAM alloc=1.27GB reserved=22.56GB
  Trial  22 | Epoch  3/10 | train=10.84683 | val=9.02274 | VRAM alloc=0.21GB reserved=22.56GB
  Trial  22 | Epoch  4/10 | train=8.76125 | val=8.48662 | VRAM alloc=0.21GB reserved=22.56GB
  Trial  22 | Epoch  5/10 | train=12.07813 | val=10.53345 | VRAM alloc=0.21GB reserved=22.56GB
  Trial  22 | Epoch  6/10 | train=11.49828 | val=7.27084 | VRAM alloc=0.21GB reserved=22.56GB
  Trial  22 | Epoch  7/10 | train=8.39615 | val=6.02630 | VRAM alloc=0.21GB reserved=22.56GB
  Trial  22 | Epoch  8/10 | train=6.72852 | val=20.31881 | VRAM alloc=0.21GB reserved=22.56GB
  Trial  22 | Epoch  9/10 | train=7.02634 | val=3.69503 | VRAM alloc=0.21GB reserved=22.56GB
                                                         22%|██▏       | 22/100 [17:11:55<73:35:26, 3396.50s/it] 23%|██▎       | 23/100 [17:11:55<78:42:52, 3680.17s/it]  Trial  22 | Epoch 10/10 | train=3.50167 | val=3.20664 | VRAM alloc=0.21GB reserved=22.56GB
  Trial 22 | best_val=3.20664 | peak_score=0.05691
