[I 2026-03-24 07:39:22,601] Trial 57 finished with values: [2.1022270716153657, 0.07926219345274327] and parameters: {'lr': 0.0017849463357545953, 'batch_size': 32, 'd_model': 256, 'nhead': 2, 'num_layers': 4, 'dropout': 0.08287257404111308, 'T': 500, 'cosine_s': 0.0006411122034786517, 'lambda_pdg': 0.7249673371229703, 'lambda_zplane': 0.8541075925349388, 'lambda_charge': 0.0016774400488744888, 'gamma_end': 0.17228466045329108, 'gamma_start': 0.0004640351246489134, 'grad_clip': 2.9036059152482325, 'pct_start': 0.18833960269286168, 'div_factor': 24.85151675930826, 'use_asinh': False}.
  Trial  58 | Epoch  1/10 | train=43.67306 | val=7.42239 | VRAM alloc=0.15GB reserved=17.33GB
  Trial  58 | Epoch  2/10 | train=9.54490 | val=5.81857 | VRAM alloc=0.15GB reserved=17.33GB
  Trial  58 | Epoch  3/10 | train=5.20250 | val=2.97195 | VRAM alloc=0.15GB reserved=17.33GB
  Trial  58 | Epoch  4/10 | train=3.49137 | val=2.54963 | VRAM alloc=0.15GB reserved=17.33GB
  Trial  58 | Epoch  5/10 | train=2.53415 | val=2.35160 | VRAM alloc=0.15GB reserved=17.33GB
  Trial  58 | Epoch  6/10 | train=2.30567 | val=2.31344 | VRAM alloc=0.05GB reserved=17.33GB
  Trial  58 | Epoch  7/10 | train=2.18471 | val=2.07690 | VRAM alloc=0.05GB reserved=17.33GB
  Trial  58 | Epoch  8/10 | train=2.12748 | val=2.08430 | VRAM alloc=0.05GB reserved=17.33GB
  Trial  58 | Epoch  9/10 | train=2.10137 | val=2.06328 | VRAM alloc=0.05GB reserved=17.33GB
                                                         58%|█████▊    | 58/100 [43:03:38<25:28:36, 2183.72s/it] 59%|█████▉    | 59/100 [43:03:38<28:11:58, 2476.07s/it]  Trial  58 | Epoch 10/10 | train=2.09565 | val=2.02860 | VRAM alloc=0.05GB reserved=17.33GB
  Peak score failed: CUDA out of memory. Tried to allocate 10.07 GiB (GPU 0; 23.60 GiB total capacity; 12.12 GiB already allocated; 6.03 GiB free; 17.22 GiB reserved in total by PyTorch) If reserved memory is >> allocated memory try setting max_split_size_mb to avoid fragmentation.  See documentation for Memory Management and PYTORCH_CUDA_ALLOC_CONF
  Trial 58 | best_val=2.02860 | peak_score=1.00000
[I 2026-03-24 08:32:00,817] Trial 58 finished with values: [2.0285976629990796, 1.0] and parameters: {'lr': 0.0008477192841375995, 'batch_size': 16, 'd_model': 256, 'nhead': 8, 'num_layers': 4, 'dropout': 0.06191105991068392, 'T': 500, 'cosine_s': 0.001174288485916999, 'lambda_pdg': 0.13833820047917933, 'lambda_zplane': 0.5925889271252949, 'lambda_charge': 0.01754609113991153, 'gamma_end': 0.17558704689166263, 'gamma_start': 0.00030448340664168786, 'grad_clip': 2.1277417562256704, 'pct_start': 0.18328620615602742, 'div_factor': 22.71189666145822, 'use_asinh': True, 'asinh_scale_xy': 0.014976545933561826}.
  Trial  59 | Epoch  1/10 | train=70.84403 | val=6.01220 | VRAM alloc=0.11GB reserved=17.27GB
  Trial  59 | Epoch  2/10 | train=5.11324 | val=5.49423 | VRAM alloc=0.11GB reserved=17.27GB
  Trial  59 | Epoch  3/10 | train=5.14260 | val=4.19800 | VRAM alloc=0.11GB reserved=17.27GB
  Trial  59 | Epoch  4/10 | train=4.85587 | val=3.24145 | VRAM alloc=0.11GB reserved=17.27GB
  Trial  59 | Epoch  5/10 | train=3.00754 | val=2.52011 | VRAM alloc=0.11GB reserved=17.27GB
  Trial  59 | Epoch  6/10 | train=2.57097 | val=2.87472 | VRAM alloc=0.11GB reserved=17.27GB
  Trial  59 | Epoch  7/10 | train=2.92871 | val=3.50510 | VRAM alloc=0.11GB reserved=17.27GB
  Trial  59 | Epoch  8/10 | train=2.45030 | val=2.24437 | VRAM alloc=0.11GB reserved=17.27GB
  Trial  59 | Epoch  9/10 | train=2.28285 | val=2.23118 | VRAM alloc=0.11GB reserved=17.27GB
                                                         59%|█████▉    | 59/100 [43:37:48<28:11:58, 2476.07s/it] 60%|██████    | 60/100 [43:37:48<26:05:19, 2347.99s/it]  Trial  59 | Epoch 10/10 | train=2.23886 | val=2.17915 | VRAM alloc=0.11GB reserved=17.27GB
  Trial 59 | best_val=2.17915 | peak_score=0.13454
[I 2026-03-24 09:06:09,957] Trial 59 finished with values: [2.1791531746204083, 0.13454291732932483] and parameters: {'lr': 0.0007748848962437979, 'batch_size': 32, 'd_model': 256, 'nhead': 2, 'num_layers': 4, 'dropout': 0.0955768707485225, 'T': 1000, 'cosine_s': 0.010434750832049047, 'lambda_pdg': 0.25827835993376524, 'lambda_zplane': 0.9559728092560547, 'lambda_charge': 0.010342811484172834, 'gamma_end': 0.20114151130893027, 'gamma_start': 0.00020283976717495858, 'grad_clip': 2.0316676844939883, 'pct_start': 0.16084508717826104, 'div_factor': 20.681276529829606, 'use_asinh': False}.
                                                         60%|██████    | 60/100 [43:37:57<26:05:19, 2347.99s/it] 61%|██████    | 61/100 [43:37:57<17:50:08, 1646.38s/it]  Trial 60 OOM during train (batch_size=64, d_model=512, T=500) — returning worst case.
[I 2026-03-24 09:06:19,249] Trial 60 finished with values: [inf, inf] and parameters: {'lr': 0.0006283982904332789, 'batch_size': 64, 'd_model': 512, 'nhead': 2, 'num_layers': 5, 'dropout': 0.19078877471158845, 'T': 500, 'cosine_s': 0.00048547017443356704, 'lambda_pdg': 0.6539264945019265, 'lambda_zplane': 1.2376475366796225, 'lambda_charge': 0.008730386120357016, 'gamma_end': 0.14667610368387335, 'gamma_start': 0.00012475234114850577, 'grad_clip': 2.3540784223130453, 'pct_start': 0.13724714791560233, 'div_factor': 19.24795544625721, 'use_asinh': False}.
  Trial  61 | Epoch  1/10 | train=6.70414 | val=2.43189 | VRAM alloc=0.16GB reserved=22.77GB
  Trial  61 | Epoch  2/10 | train=2.30217 | val=2.11465 | VRAM alloc=0.16GB reserved=22.77GB
  Trial  61 | Epoch  3/10 | train=2.18607 | val=2.08824 | VRAM alloc=0.16GB reserved=22.77GB
  Trial  61 | Epoch  4/10 | train=2.13603 | val=2.06076 | VRAM alloc=0.16GB reserved=22.77GB
  Trial  61 | Epoch  5/10 | train=2.11502 | val=2.08157 | VRAM alloc=0.16GB reserved=22.77GB
  Trial  61 | Epoch  6/10 | train=2.09585 | val=2.00260 | VRAM alloc=0.16GB reserved=22.77GB
  Trial  61 | Epoch  7/10 | train=2.07655 | val=2.02206 | VRAM alloc=0.06GB reserved=22.77GB
  Trial  61 | Epoch  8/10 | train=2.02730 | val=1.96573 | VRAM alloc=0.06GB reserved=22.77GB
  Trial  61 | Epoch  9/10 | train=2.00141 | val=1.91817 | VRAM alloc=0.06GB reserved=22.77GB
                                                         61%|██████    | 61/100 [44:16:41<17:50:08, 1646.38s/it] 62%|██████▏   | 62/100 [44:16:41<19:31:24, 1849.58s/it]  Trial  61 | Epoch 10/10 | train=1.99650 | val=1.93935 | VRAM alloc=0.06GB reserved=22.77GB
  Trial 61 | best_val=1.91817 | peak_score=0.09122
[I 2026-03-24 09:45:02,975] Trial 61 finished with values: [1.918173753298246, 0.09122006595596366] and parameters: {'lr': 0.0005930396699473831, 'batch_size': 16, 'd_model': 256, 'nhead': 2, 'num_layers': 5, 'dropout': 0.1715317043469718, 'T': 500, 'cosine_s': 0.0026468080368582778, 'lambda_pdg': 0.20469761606347536, 'lambda_zplane': 1.0667504257381502, 'lambda_charge': 0.0012449730727053792, 'gamma_end': 0.06380017532320262, 'gamma_start': 0.0004938850087530491, 'grad_clip': 2.2450822987580663, 'pct_start': 0.177923647713447, 'div_factor': 23.86741450673328, 'use_asinh': False}.
  Trial  62 | Epoch  1/10 | train=4.18941 | val=2.38410 | VRAM alloc=0.09GB reserved=22.77GB
  Trial  62 | Epoch  2/10 | train=2.32834 | val=2.13719 | VRAM alloc=0.09GB reserved=22.77GB
  Trial  62 | Epoch  3/10 | train=2.26706 | val=2.17719 | VRAM alloc=0.09GB reserved=22.77GB
  Trial  62 | Epoch  4/10 | train=2.22165 | val=2.13486 | VRAM alloc=0.09GB reserved=22.77GB
  Trial  62 | Epoch  5/10 | train=2.19766 | val=2.09402 | VRAM alloc=0.09GB reserved=22.77GB
  Trial  62 | Epoch  6/10 | train=2.16705 | val=2.16355 | VRAM alloc=0.09GB reserved=22.77GB
  Trial  62 | Epoch  7/10 | train=2.13528 | val=2.03393 | VRAM alloc=0.09GB reserved=22.77GB
  Trial  62 | Epoch  8/10 | train=2.10478 | val=2.05206 | VRAM alloc=0.09GB reserved=22.77GB
  Trial  62 | Epoch  9/10 | train=2.10133 | val=2.02499 | VRAM alloc=0.09GB reserved=22.77GB
                                                         62%|██████▏   | 62/100 [44:33:19<19:31:24, 1849.58s/it] 63%|██████▎   | 63/100 [44:33:19<16:23:11, 1594.36s/it]  Trial  62 | Epoch 10/10 | train=2.07117 | val=2.01804 | VRAM alloc=0.09GB reserved=22.77GB
  Trial 62 | best_val=2.01804 | peak_score=0.11066
[I 2026-03-24 10:01:41,824] Trial 62 finished with values: [2.018037277001601, 0.11066071249867226] and parameters: {'lr': 0.0005842573699231262, 'batch_size': 16, 'd_model': 256, 'nhead': 2, 'num_layers': 2, 'dropout': 0.147352388706925, 'T': 500, 'cosine_s': 0.005018676988144055, 'lambda_pdg': 0.4132852318086556, 'lambda_zplane': 1.3157220340325888, 'lambda_charge': 0.0010166366283942093, 'gamma_end': 0.059542013376998576, 'gamma_start': 0.0004950945468283195, 'grad_clip': 2.2672563907530052, 'pct_start': 0.07165020058264875, 'div_factor': 26.509281762979903, 'use_asinh': True, 'asinh_scale_xy': 0.030137594379349895}.
  Trial  63 | Epoch  1/10 | train=8.32161 | val=3.82363 | VRAM alloc=0.15GB reserved=22.77GB
  Trial  63 | Epoch  2/10 | train=2.71608 | val=2.09229 | VRAM alloc=0.15GB reserved=22.77GB
  Trial  63 | Epoch  3/10 | train=2.15960 | val=2.01768 | VRAM alloc=0.15GB reserved=22.77GB
  Trial  63 | Epoch  4/10 | train=2.07798 | val=1.99928 | VRAM alloc=0.15GB reserved=22.77GB
  Trial  63 | Epoch  5/10 | train=2.05149 | val=1.96380 | VRAM alloc=0.15GB reserved=22.77GB
  Trial  63 | Epoch  6/10 | train=2.01038 | val=2.00490 | VRAM alloc=0.15GB reserved=22.77GB
  Trial  63 | Epoch  7/10 | train=1.98437 | val=1.94003 | VRAM alloc=0.15GB reserved=22.77GB
  Trial  63 | Epoch  8/10 | train=1.96552 | val=1.90404 | VRAM alloc=0.15GB reserved=22.77GB
  Trial  63 | Epoch  9/10 | train=1.96575 | val=1.86164 | VRAM alloc=0.06GB reserved=22.77GB
                                                         63%|██████▎   | 63/100 [45:38:45<16:23:11, 1594.36s/it] 64%|██████▍   | 64/100 [45:38:45<22:56:19, 2293.87s/it]  Trial  63 | Epoch 10/10 | train=1.96454 | val=1.90433 | VRAM alloc=0.06GB reserved=22.77GB
  Peak score failed: CUDA out of memory. Tried to allocate 10.07 GiB (GPU 0; 23.60 GiB total capacity; 22.21 GiB already allocated; 185.44 MiB free; 23.07 GiB reserved in total by PyTorch) If reserved memory is >> allocated memory try setting max_split_size_mb to avoid fragmentation.  See documentation for Memory Management and PYTORCH_CUDA_ALLOC_CONF
  Trial 63 | best_val=1.86164 | peak_score=1.00000
[I 2026-03-24 11:07:07,886] Trial 63 finished with values: [1.8616364607444176, 1.0] and parameters: {'lr': 0.0005227324954306555, 'batch_size': 16, 'd_model': 256, 'nhead': 8, 'num_layers': 5, 'dropout': 0.1690366397905109, 'T': 500, 'cosine_s': 0.007315784026743424, 'lambda_pdg': 0.21555901351516782, 'lambda_zplane': 1.1069182005882026, 'lambda_charge': 0.001240197794317502, 'gamma_end': 0.0504861554800771, 'gamma_start': 0.0005331153950796762, 'grad_clip': 2.483015938136937, 'pct_start': 0.09382237861581616, 'div_factor': 24.598261416938346, 'use_asinh': False}.
  Trial  64 | Epoch  1/10 | train=32.57163 | val=5.31197 | VRAM alloc=0.13GB reserved=23.13GB
  Trial  64 | Epoch  2/10 | train=3.86799 | val=2.80707 | VRAM alloc=0.13GB reserved=23.13GB
  Trial  64 | Epoch  3/10 | train=2.44125 | val=2.10324 | VRAM alloc=0.13GB reserved=23.13GB
  Trial  64 | Epoch  4/10 | train=2.15240 | val=2.04988 | VRAM alloc=0.13GB reserved=23.13GB
  Trial  64 | Epoch  5/10 | train=2.08284 | val=1.99775 | VRAM alloc=0.13GB reserved=23.13GB
  Trial  64 | Epoch  6/10 | train=2.04341 | val=2.04492 | VRAM alloc=0.13GB reserved=23.13GB
  Trial  64 | Epoch  7/10 | train=2.02073 | val=1.97043 | VRAM alloc=0.13GB reserved=23.13GB
  Trial  64 | Epoch  8/10 | train=2.00587 | val=1.94475 | VRAM alloc=0.13GB reserved=23.13GB
  Trial  64 | Epoch  9/10 | train=2.00614 | val=1.89824 | VRAM alloc=0.13GB reserved=23.13GB
                                                         64%|██████▍   | 64/100 [46:44:12<22:56:19, 2293.87s/it] 65%|██████▌   | 65/100 [46:44:12<27:03:49, 2783.70s/it]  Trial  64 | Epoch 10/10 | train=2.00400 | val=1.93921 | VRAM alloc=0.13GB reserved=23.13GB
  Peak score failed: CUDA out of memory. Tried to allocate 10.07 GiB (GPU 0; 23.60 GiB total capacity; 12.20 GiB already allocated; 949.44 MiB free; 22.32 GiB reserved in total by PyTorch) If reserved memory is >> allocated memory try setting max_split_size_mb to avoid fragmentation.  See documentation for Memory Management and PYTORCH_CUDA_ALLOC_CONF
  Trial 64 | best_val=1.89824 | peak_score=1.00000
[I 2026-03-24 12:12:34,510] Trial 64 finished with values: [1.8982431219174312, 1.0] and parameters: {'lr': 0.0005953922057750136, 'batch_size': 16, 'd_model': 256, 'nhead': 8, 'num_layers': 5, 'dropout': 0.17873233569924538, 'T': 500, 'cosine_s': 0.007313796540673446, 'lambda_pdg': 0.19868189422299148, 'lambda_zplane': 1.0847228070480608, 'lambda_charge': 0.006754904518892216, 'gamma_end': 0.07400497634706185, 'gamma_start': 0.0005150749132203613, 'grad_clip': 2.403673237660322, 'pct_start': 0.08541898942688042, 'div_factor': 24.796261430097978, 'use_asinh': False}.
                                                         65%|██████▌   | 65/100 [46:44:20<27:03:49, 2783.70s/it] 66%|██████▌   | 66/100 [46:44:20<18:25:35, 1951.05s/it]  Trial 65 OOM during train (batch_size=64, d_model=512, T=500) — returning worst case.
[I 2026-03-24 12:12:42,705] Trial 65 finished with values: [inf, inf] and parameters: {'lr': 0.0005648176819683574, 'batch_size': 64, 'd_model': 512, 'nhead': 8, 'num_layers': 5, 'dropout': 0.16959897317762204, 'T': 500, 'cosine_s': 0.007306801462339036, 'lambda_pdg': 0.2389298633297764, 'lambda_zplane': 1.1888885069911097, 'lambda_charge': 0.05860623721719332, 'gamma_end': 0.06269565647098062, 'gamma_start': 0.0005762755734668443, 'grad_clip': 2.531561026162821, 'pct_start': 0.0505718361044209, 'div_factor': 23.975712902343016, 'use_asinh': False}.
                                                         66%|██████▌   | 66/100 [46:44:30<18:25:35, 1951.05s/it] 67%|██████▋   | 67/100 [46:44:30<12:32:41, 1368.54s/it]  Trial 66 OOM during train (batch_size=32, d_model=256, T=500) — returning worst case.
[I 2026-03-24 12:12:52,047] Trial 66 finished with values: [inf, inf] and parameters: {'lr': 0.0005306446698774648, 'batch_size': 32, 'd_model': 256, 'nhead': 8, 'num_layers': 5, 'dropout': 0.12044519488242345, 'T': 500, 'cosine_s': 0.003319863950338049, 'lambda_pdg': 0.2855844453750207, 'lambda_zplane': 1.2694794026635514, 'lambda_charge': 0.015674530855796932, 'gamma_end': 0.06690899333845571, 'gamma_start': 0.0004004094183121945, 'grad_clip': 2.4843286127147426, 'pct_start': 0.19601429713041413, 'div_factor': 28.83010804691924, 'use_asinh': True, 'asinh_scale_xy': 0.010294182243375676}.
  Trial  67 | Epoch  1/10 | train=43.31366 | val=7.55434 | VRAM alloc=0.28GB reserved=22.67GB
  Trial  67 | Epoch  2/10 | train=8.44169 | val=6.02977 | VRAM alloc=0.28GB reserved=22.67GB
  Trial  67 | Epoch  3/10 | train=12.69848 | val=10.52435 | VRAM alloc=0.28GB reserved=22.67GB
  Trial  67 | Epoch  4/10 | train=17.94049 | val=11.03417 | VRAM alloc=0.28GB reserved=22.67GB
  Trial  67 | Epoch  5/10 | train=15.28344 | val=14.83189 | VRAM alloc=0.28GB reserved=22.67GB
  Trial  67 | Epoch  6/10 | train=10.00638 | val=4.00774 | VRAM alloc=0.28GB reserved=22.67GB
  Trial  67 | Epoch  7/10 | train=5.43687 | val=74.51529 | VRAM alloc=0.28GB reserved=22.67GB
  Trial  67 | Epoch  8/10 | train=7.77683 | val=2.49185 | VRAM alloc=0.28GB reserved=22.67GB
  Trial  67 | Epoch  9/10 | train=2.91857 | val=2.32680 | VRAM alloc=0.16GB reserved=22.67GB
                                                         67%|██████▋   | 67/100 [47:48:37<12:32:41, 1368.54s/it] 68%|██████▊   | 68/100 [47:48:37<18:46:26, 2112.08s/it]  Trial  67 | Epoch 10/10 | train=2.34965 | val=2.26206 | VRAM alloc=0.16GB reserved=22.67GB
  Peak score failed: CUDA out of memory. Tried to allocate 10.07 GiB (GPU 0; 23.60 GiB total capacity; 14.21 GiB already allocated; 1.67 GiB free; 21.58 GiB reserved in total by PyTorch) If reserved memory is >> allocated memory try setting max_split_size_mb to avoid fragmentation.  See documentation for Memory Management and PYTORCH_CUDA_ALLOC_CONF
  Trial 67 | best_val=2.26206 | peak_score=1.00000
[I 2026-03-24 13:16:59,051] Trial 67 finished with values: [2.262055915135604, 1.0] and parameters: {'lr': 0.0012209082419606533, 'batch_size': 16, 'd_model': 512, 'nhead': 8, 'num_layers': 3, 'dropout': 0.056362495864407475, 'T': 500, 'cosine_s': 0.002525975200047066, 'lambda_pdg': 0.331863482465919, 'lambda_zplane': 1.5316531453116684, 'lambda_charge': 0.030477427110227027, 'gamma_end': 0.08261355864276287, 'gamma_start': 0.0008100412834080645, 'grad_clip': 2.296954166562357, 'pct_start': 0.09512946466903356, 'div_factor': 26.816238202558008, 'use_asinh': False}.
  Trial  68 | Epoch  1/10 | train=84.22587 | val=4.79978 | VRAM alloc=0.36GB reserved=21.61GB
[2026-03-24T13:28:37.006] error: *** JOB 4746743 ON submit21-1 CANCELLED AT 2026-03-24T13:28:37 DUE TO TIME LIMIT ***
