[I 2026-03-23 16:27:21,710] Trial 35 finished with values: [1.9375506465251628, 0.10974250218922552] and parameters: {'lr': 0.0006639995229421017, 'batch_size': 16, 'd_model': 256, 'nhead': 2, 'num_layers': 5, 'dropout': 0.22809154866682255, 'T': 500, 'cosine_s': 0.0017420389474403109, 'lambda_pdg': 0.16243931491858773, 'lambda_zplane': 0.8002688551464648, 'lambda_charge': 0.001610242564847894, 'gamma_end': 0.08949746319784165, 'gamma_start': 0.000639320858459098, 'grad_clip': 1.624195202074448, 'pct_start': 0.1687598991776999, 'div_factor': 16.552788703832107, 'use_asinh': False}.
  Trial  36 | Epoch  1/10 | train=7.20002 | val=2.59368 | VRAM alloc=0.13GB reserved=23.23GB
  Trial  36 | Epoch  2/10 | train=2.51984 | val=2.35125 | VRAM alloc=0.13GB reserved=23.23GB
  Trial  36 | Epoch  3/10 | train=2.40499 | val=2.29873 | VRAM alloc=0.13GB reserved=23.23GB
  Trial  36 | Epoch  4/10 | train=2.34823 | val=2.35717 | VRAM alloc=0.13GB reserved=23.23GB
  Trial  36 | Epoch  5/10 | train=2.32124 | val=2.26283 | VRAM alloc=0.13GB reserved=23.23GB
  Trial  36 | Epoch  6/10 | train=2.27072 | val=2.21226 | VRAM alloc=0.13GB reserved=23.23GB
  Trial  36 | Epoch  7/10 | train=2.21882 | val=2.11730 | VRAM alloc=0.13GB reserved=23.23GB
  Trial  36 | Epoch  8/10 | train=2.17797 | val=2.09471 | VRAM alloc=0.13GB reserved=23.23GB
  Trial  36 | Epoch  9/10 | train=2.14520 | val=2.04773 | VRAM alloc=0.13GB reserved=23.23GB
                                                         36%|███▌      | 36/100 [27:37:59<53:46:55, 3025.25s/it] 37%|███▋      | 37/100 [27:37:59<49:20:38, 2819.66s/it]  Trial  36 | Epoch 10/10 | train=2.13864 | val=2.06906 | VRAM alloc=0.13GB reserved=23.23GB
  Trial 36 | best_val=2.04773 | peak_score=0.10619
[I 2026-03-23 17:06:21,670] Trial 36 finished with values: [2.0477343091597926, 0.10619280638391757] and parameters: {'lr': 0.0006706433108890333, 'batch_size': 16, 'd_model': 256, 'nhead': 2, 'num_layers': 5, 'dropout': 0.23477457964338863, 'T': 500, 'cosine_s': 0.0014851483155334127, 'lambda_pdg': 0.17588154432719966, 'lambda_zplane': 1.980449133622269, 'lambda_charge': 0.0014403170190204764, 'gamma_end': 0.09975636645318106, 'gamma_start': 0.0011005744314825793, 'grad_clip': 1.6052701741245732, 'pct_start': 0.18670214002963506, 'div_factor': 17.031406586645492, 'use_asinh': False}.
  Trial  37 | Epoch  1/10 | train=9.21756 | val=2.44555 | VRAM alloc=0.19GB reserved=7.11GB
  Trial  37 | Epoch  2/10 | train=2.30689 | val=2.16565 | VRAM alloc=0.19GB reserved=7.11GB
  Trial  37 | Epoch  3/10 | train=2.18310 | val=2.11461 | VRAM alloc=0.19GB reserved=7.11GB
  Trial  37 | Epoch  4/10 | train=2.14467 | val=2.00809 | VRAM alloc=0.19GB reserved=7.11GB
  Trial  37 | Epoch  5/10 | train=2.10873 | val=2.03296 | VRAM alloc=0.19GB reserved=7.11GB
  Trial  37 | Epoch  6/10 | train=2.08796 | val=2.02987 | VRAM alloc=0.06GB reserved=7.11GB
  Trial  37 | Epoch  7/10 | train=2.05652 | val=2.04073 | VRAM alloc=0.06GB reserved=7.11GB
  Trial  37 | Epoch  8/10 | train=2.02737 | val=1.89670 | VRAM alloc=0.06GB reserved=7.11GB
  Trial  37 | Epoch  9/10 | train=1.97243 | val=1.88513 | VRAM alloc=0.06GB reserved=7.11GB
                                                         37%|███▋      | 37/100 [28:21:46<49:20:38, 2819.66s/it] 38%|███▊      | 38/100 [28:21:46<47:33:54, 2761.84s/it]  Trial  37 | Epoch 10/10 | train=1.97792 | val=1.93657 | VRAM alloc=0.06GB reserved=7.11GB
  Peak score failed: CUDA out of memory. Tried to allocate 5.04 GiB (GPU 0; 23.60 GiB total capacity; 17.42 GiB already allocated; 249.44 MiB free; 23.01 GiB reserved in total by PyTorch) If reserved memory is >> allocated memory try setting max_split_size_mb to avoid fragmentation.  See documentation for Memory Management and PYTORCH_CUDA_ALLOC_CONF
  Trial 37 | best_val=1.88513 | peak_score=1.00000
[I 2026-03-23 17:50:08,608] Trial 37 finished with values: [1.8851282495718735, 1.0] and parameters: {'lr': 0.0005092087369150489, 'batch_size': 16, 'd_model': 256, 'nhead': 4, 'num_layers': 5, 'dropout': 0.222118116512956, 'T': 1000, 'cosine_s': 0.000579567568754744, 'lambda_pdg': 0.05822542501367507, 'lambda_zplane': 0.8324957738205754, 'lambda_charge': 0.0017728756361159986, 'gamma_end': 0.05047854552651864, 'gamma_start': 0.0019113909034554116, 'grad_clip': 2.989381371957275, 'pct_start': 0.1732543941362651, 'div_factor': 20.973894449313374, 'use_asinh': False}.
  Trial  38 | Epoch  1/10 | train=9.25116 | val=3.30239 | VRAM alloc=0.13GB reserved=23.07GB
  Trial  38 | Epoch  2/10 | train=2.63236 | val=2.37556 | VRAM alloc=0.13GB reserved=23.07GB
  Trial  38 | Epoch  3/10 | train=2.45456 | val=2.35265 | VRAM alloc=0.13GB reserved=23.07GB
  Trial  38 | Epoch  4/10 | train=2.36378 | val=2.08171 | VRAM alloc=0.13GB reserved=23.07GB
  Trial  38 | Epoch  5/10 | train=2.26712 | val=2.15664 | VRAM alloc=0.13GB reserved=23.07GB
  Trial  38 | Epoch  6/10 | train=2.19861 | val=2.13706 | VRAM alloc=0.13GB reserved=23.07GB
  Trial  38 | Epoch  7/10 | train=2.13480 | val=2.04371 | VRAM alloc=0.13GB reserved=23.07GB
  Trial  38 | Epoch  8/10 | train=2.11657 | val=2.00245 | VRAM alloc=0.13GB reserved=23.07GB
  Trial  38 | Epoch  9/10 | train=2.08752 | val=1.99549 | VRAM alloc=0.13GB reserved=23.07GB
                                                         38%|███▊      | 38/100 [29:05:36<47:33:54, 2761.84s/it] 39%|███▉      | 39/100 [29:05:36<46:07:35, 2722.22s/it]  Trial  38 | Epoch 10/10 | train=2.09938 | val=2.04886 | VRAM alloc=0.13GB reserved=23.07GB
  Peak score failed: CUDA out of memory. Tried to allocate 5.04 GiB (GPU 0; 23.60 GiB total capacity; 17.24 GiB already allocated; 949.44 MiB free; 22.32 GiB reserved in total by PyTorch) If reserved memory is >> allocated memory try setting max_split_size_mb to avoid fragmentation.  See documentation for Memory Management and PYTORCH_CUDA_ALLOC_CONF
  Trial 38 | best_val=1.99549 | peak_score=1.00000
[I 2026-03-23 18:33:58,390] Trial 38 finished with values: [1.9954908967018128, 1.0] and parameters: {'lr': 0.000541435975408713, 'batch_size': 16, 'd_model': 256, 'nhead': 4, 'num_layers': 5, 'dropout': 0.22228140535257807, 'T': 1000, 'cosine_s': 0.00043854871528733373, 'lambda_pdg': 0.30425342803023914, 'lambda_zplane': 0.8322819246091092, 'lambda_charge': 0.0015754137268156286, 'gamma_end': 0.122141887459708, 'gamma_start': 0.0021489239390138602, 'grad_clip': 2.9764729407723376, 'pct_start': 0.17345770003477884, 'div_factor': 14.794070670571369, 'use_asinh': False}.
  Trial  39 | Epoch  1/10 | train=12.76094 | val=6.55240 | VRAM alloc=0.19GB reserved=22.39GB
  Trial  39 | Epoch  2/10 | train=4.73558 | val=2.88966 | VRAM alloc=0.19GB reserved=22.39GB
  Trial  39 | Epoch  3/10 | train=2.76116 | val=2.39843 | VRAM alloc=0.06GB reserved=22.39GB
  Trial  39 | Epoch  4/10 | train=2.45948 | val=2.14515 | VRAM alloc=0.06GB reserved=22.39GB
  Trial  39 | Epoch  5/10 | train=2.27816 | val=2.10229 | VRAM alloc=0.06GB reserved=22.39GB
  Trial  39 | Epoch  6/10 | train=2.17841 | val=2.05812 | VRAM alloc=0.06GB reserved=22.39GB
  Trial  39 | Epoch  7/10 | train=2.09971 | val=2.00044 | VRAM alloc=0.06GB reserved=22.39GB
  Trial  39 | Epoch  8/10 | train=2.07877 | val=1.96652 | VRAM alloc=0.06GB reserved=22.39GB
  Trial  39 | Epoch  9/10 | train=2.04905 | val=1.95632 | VRAM alloc=0.06GB reserved=22.39GB
                                                         39%|███▉      | 39/100 [29:49:46<46:07:35, 2722.22s/it] 40%|████      | 40/100 [29:49:46<45:00:37, 2700.63s/it]  Trial  39 | Epoch 10/10 | train=2.06197 | val=2.01037 | VRAM alloc=0.06GB reserved=22.39GB
  Peak score failed: CUDA out of memory. Tried to allocate 5.04 GiB (GPU 0; 23.60 GiB total capacity; 17.17 GiB already allocated; 1013.44 MiB free; 22.26 GiB reserved in total by PyTorch) If reserved memory is >> allocated memory try setting max_split_size_mb to avoid fragmentation.  See documentation for Memory Management and PYTORCH_CUDA_ALLOC_CONF
  Trial 39 | best_val=1.95632 | peak_score=1.00000
[I 2026-03-23 19:18:08,621] Trial 39 finished with values: [1.9563231853338388, 1.0] and parameters: {'lr': 0.000509544983567645, 'batch_size': 16, 'd_model': 256, 'nhead': 4, 'num_layers': 5, 'dropout': 0.19416594578506535, 'T': 1000, 'cosine_s': 0.0007184804329723577, 'lambda_pdg': 0.15734120847946736, 'lambda_zplane': 1.222016118182776, 'lambda_charge': 0.0021922056668250687, 'gamma_end': 0.06966576082813465, 'gamma_start': 0.0033590962208231994, 'grad_clip': 2.8302696111462664, 'pct_start': 0.19881710361072305, 'div_factor': 18.152038945918846, 'use_asinh': False}.
  Trial  40 | Epoch  1/10 | train=5.88179 | val=2.52642 | VRAM alloc=0.13GB reserved=22.33GB
  Trial  40 | Epoch  2/10 | train=2.43680 | val=2.33114 | VRAM alloc=0.13GB reserved=22.33GB
  Trial  40 | Epoch  3/10 | train=2.34509 | val=2.37023 | VRAM alloc=0.13GB reserved=22.33GB
  Trial  40 | Epoch  4/10 | train=2.31577 | val=2.14284 | VRAM alloc=0.13GB reserved=22.33GB
  Trial  40 | Epoch  5/10 | train=2.23947 | val=2.17516 | VRAM alloc=0.13GB reserved=22.33GB
  Trial  40 | Epoch  6/10 | train=2.18968 | val=2.06842 | VRAM alloc=0.13GB reserved=22.33GB
  Trial  40 | Epoch  7/10 | train=2.14144 | val=2.08695 | VRAM alloc=0.13GB reserved=22.33GB
  Trial  40 | Epoch  8/10 | train=2.11432 | val=2.00223 | VRAM alloc=0.13GB reserved=22.33GB
  Trial  40 | Epoch  9/10 | train=2.07846 | val=1.99477 | VRAM alloc=0.13GB reserved=22.33GB
                                                         40%|████      | 40/100 [30:33:54<45:00:37, 2700.63s/it] 41%|████      | 41/100 [30:33:54<44:00:07, 2684.87s/it]  Trial  40 | Epoch 10/10 | train=2.08651 | val=2.04553 | VRAM alloc=0.13GB reserved=22.33GB
  Peak score failed: CUDA out of memory. Tried to allocate 5.04 GiB (GPU 0; 23.60 GiB total capacity; 17.24 GiB already allocated; 951.44 MiB free; 22.32 GiB reserved in total by PyTorch) If reserved memory is >> allocated memory try setting max_split_size_mb to avoid fragmentation.  See documentation for Memory Management and PYTORCH_CUDA_ALLOC_CONF
  Trial 40 | best_val=1.99477 | peak_score=1.00000
[I 2026-03-23 20:02:16,737] Trial 40 finished with values: [1.994766709437737, 1.0] and parameters: {'lr': 0.0011076986823033387, 'batch_size': 16, 'd_model': 256, 'nhead': 4, 'num_layers': 5, 'dropout': 0.2226526837412443, 'T': 1000, 'cosine_s': 0.00028815019601325504, 'lambda_pdg': 0.22418382494481037, 'lambda_zplane': 1.0294197835456576, 'lambda_charge': 0.0010277893853469818, 'gamma_end': 0.12988484348944723, 'gamma_start': 0.001734456290572185, 'grad_clip': 2.598000501401108, 'pct_start': 0.15356893392618726, 'div_factor': 16.326424316286232, 'use_asinh': False}.
  Trial  41 | Epoch  1/10 | train=7.90260 | val=4.71818 | VRAM alloc=0.06GB reserved=22.39GB
  Trial  41 | Epoch  2/10 | train=3.37387 | val=2.45187 | VRAM alloc=0.06GB reserved=22.39GB
  Trial  41 | Epoch  3/10 | train=2.41168 | val=2.17800 | VRAM alloc=0.06GB reserved=22.39GB
  Trial  41 | Epoch  4/10 | train=2.23690 | val=1.98899 | VRAM alloc=0.06GB reserved=22.39GB
  Trial  41 | Epoch  5/10 | train=2.24995 | val=2.09927 | VRAM alloc=0.06GB reserved=22.39GB
  Trial  41 | Epoch  6/10 | train=2.14549 | val=2.01970 | VRAM alloc=0.06GB reserved=22.39GB
  Trial  41 | Epoch  7/10 | train=2.04690 | val=1.95320 | VRAM alloc=0.06GB reserved=22.39GB
  Trial  41 | Epoch  8/10 | train=2.02810 | val=1.90633 | VRAM alloc=0.06GB reserved=22.39GB
  Trial  41 | Epoch  9/10 | train=1.99435 | val=1.89581 | VRAM alloc=0.06GB reserved=22.39GB
                                                         41%|████      | 41/100 [31:18:02<44:00:07, 2684.87s/it] 42%|████▏     | 42/100 [31:18:02<43:04:41, 2673.82s/it]  Trial  41 | Epoch 10/10 | train=2.00527 | val=1.95045 | VRAM alloc=0.06GB reserved=22.39GB
  Peak score failed: CUDA out of memory. Tried to allocate 5.04 GiB (GPU 0; 23.60 GiB total capacity; 17.17 GiB already allocated; 1003.44 MiB free; 22.27 GiB reserved in total by PyTorch) If reserved memory is >> allocated memory try setting max_split_size_mb to avoid fragmentation.  See documentation for Memory Management and PYTORCH_CUDA_ALLOC_CONF
  Trial 41 | best_val=1.89581 | peak_score=1.00000
[I 2026-03-23 20:46:24,770] Trial 41 finished with values: [1.8958106242693387, 1.0] and parameters: {'lr': 0.0006202887118724788, 'batch_size': 16, 'd_model': 256, 'nhead': 4, 'num_layers': 5, 'dropout': 0.23655792018916244, 'T': 1000, 'cosine_s': 0.0013940124011968885, 'lambda_pdg': 0.05200015543816204, 'lambda_zplane': 0.7447976661552783, 'lambda_charge': 0.0013868475435212756, 'gamma_end': 0.05106980841406246, 'gamma_start': 0.0006804376549977396, 'grad_clip': 1.661446694386096, 'pct_start': 0.17355971512790894, 'div_factor': 20.220173036316087, 'use_asinh': False}.
  Trial  42 | Epoch  1/10 | train=12.79595 | val=13.34809 | VRAM alloc=0.13GB reserved=22.33GB
  Trial  42 | Epoch  2/10 | train=5.39561 | val=6.83328 | VRAM alloc=0.13GB reserved=22.33GB
  Trial  42 | Epoch  3/10 | train=3.14804 | val=2.71718 | VRAM alloc=0.13GB reserved=22.33GB
  Trial  42 | Epoch  4/10 | train=2.66241 | val=2.22292 | VRAM alloc=0.13GB reserved=22.33GB
  Trial  42 | Epoch  5/10 | train=2.26351 | val=2.09092 | VRAM alloc=0.13GB reserved=22.33GB
  Trial  42 | Epoch  6/10 | train=2.20745 | val=2.03257 | VRAM alloc=0.13GB reserved=22.33GB
  Trial  42 | Epoch  7/10 | train=2.13464 | val=2.06094 | VRAM alloc=0.13GB reserved=22.33GB
  Trial  42 | Epoch  8/10 | train=2.08362 | val=2.00873 | VRAM alloc=0.06GB reserved=22.33GB
  Trial  42 | Epoch  9/10 | train=2.06323 | val=1.97448 | VRAM alloc=0.06GB reserved=22.33GB
                                                         42%|████▏     | 42/100 [32:02:19<43:04:41, 2673.82s/it] 43%|████▎     | 43/100 [32:02:19<42:15:06, 2668.54s/it]  Trial  42 | Epoch 10/10 | train=2.04643 | val=1.96159 | VRAM alloc=0.06GB reserved=22.33GB
  Trial 42 | best_val=1.96159 | peak_score=0.12709
[I 2026-03-23 21:30:40,998] Trial 42 finished with values: [1.9615926870932945, 0.1270905645380741] and parameters: {'lr': 0.0007029566455211211, 'batch_size': 16, 'd_model': 256, 'nhead': 2, 'num_layers': 5, 'dropout': 0.22010819171724977, 'T': 1000, 'cosine_s': 0.0005637696623230119, 'lambda_pdg': 0.17098710699389688, 'lambda_zplane': 0.6843564674208793, 'lambda_charge': 0.0018514257912868766, 'gamma_end': 0.0793281563500628, 'gamma_start': 0.0006869363275242262, 'grad_clip': 1.556063759394842, 'pct_start': 0.1587460386644788, 'div_factor': 21.418999218037307, 'use_asinh': False}.
  Trial  43 | Epoch  1/10 | train=15.20861 | val=5.40628 | VRAM alloc=0.13GB reserved=22.33GB
  Trial  43 | Epoch  2/10 | train=4.84301 | val=3.88277 | VRAM alloc=0.13GB reserved=22.33GB
  Trial  43 | Epoch  3/10 | train=2.65888 | val=2.23228 | VRAM alloc=0.13GB reserved=22.33GB
  Trial  43 | Epoch  4/10 | train=2.46247 | val=2.08891 | VRAM alloc=0.13GB reserved=22.33GB
  Trial  43 | Epoch  5/10 | train=2.33092 | val=2.09133 | VRAM alloc=0.13GB reserved=22.33GB
  Trial  43 | Epoch  6/10 | train=2.19691 | val=2.08755 | VRAM alloc=0.13GB reserved=22.33GB
  Trial  43 | Epoch  7/10 | train=2.09126 | val=2.01363 | VRAM alloc=0.13GB reserved=22.33GB
  Trial  43 | Epoch  8/10 | train=2.06543 | val=1.95067 | VRAM alloc=0.13GB reserved=22.33GB
  Trial  43 | Epoch  9/10 | train=2.02825 | val=1.93771 | VRAM alloc=0.13GB reserved=22.33GB
                                                         43%|████▎     | 43/100 [32:46:27<42:15:06, 2668.54s/it] 44%|████▍     | 44/100 [32:46:27<41:24:56, 2662.43s/it]  Trial  43 | Epoch 10/10 | train=2.03559 | val=1.98129 | VRAM alloc=0.13GB reserved=22.33GB
  Peak score failed: CUDA out of memory. Tried to allocate 5.04 GiB (GPU 0; 23.60 GiB total capacity; 17.24 GiB already allocated; 949.44 MiB free; 22.32 GiB reserved in total by PyTorch) If reserved memory is >> allocated memory try setting max_split_size_mb to avoid fragmentation.  See documentation for Memory Management and PYTORCH_CUDA_ALLOC_CONF
  Trial 43 | best_val=1.93771 | peak_score=1.00000
[I 2026-03-23 22:14:49,169] Trial 43 finished with values: [1.9377077194360586, 1.0] and parameters: {'lr': 0.0005572522442250334, 'batch_size': 16, 'd_model': 256, 'nhead': 4, 'num_layers': 5, 'dropout': 0.1968606973187176, 'T': 500, 'cosine_s': 0.0026218690570369465, 'lambda_pdg': 0.09230083974339412, 'lambda_zplane': 1.0190360791216988, 'lambda_charge': 0.003534751693948956, 'gamma_end': 0.06473025675333832, 'gamma_start': 0.00013304772576888178, 'grad_clip': 1.8410484805432021, 'pct_start': 0.1464966668051083, 'div_factor': 18.762529553069466, 'use_asinh': False}.
  Trial  44 | Epoch  1/10 | train=13.08718 | val=10.32665 | VRAM alloc=0.19GB reserved=22.39GB
  Trial  44 | Epoch  2/10 | train=6.01271 | val=2.67552 | VRAM alloc=0.19GB reserved=22.39GB
  Trial  44 | Epoch  3/10 | train=2.56883 | val=2.44063 | VRAM alloc=0.19GB reserved=22.39GB
  Trial  44 | Epoch  4/10 | train=2.45699 | val=2.34955 | VRAM alloc=0.19GB reserved=22.39GB
  Trial  44 | Epoch  5/10 | train=2.40813 | val=2.50401 | VRAM alloc=0.06GB reserved=22.39GB
  Trial  44 | Epoch  6/10 | train=2.33385 | val=2.05884 | VRAM alloc=0.06GB reserved=22.39GB
  Trial  44 | Epoch  7/10 | train=2.20739 | val=2.06237 | VRAM alloc=0.06GB reserved=22.39GB
  Trial  44 | Epoch  8/10 | train=2.11907 | val=2.04477 | VRAM alloc=0.06GB reserved=22.39GB
  Trial  44 | Epoch  9/10 | train=2.08134 | val=1.99385 | VRAM alloc=0.06GB reserved=22.39GB
                                                         44%|████▍     | 44/100 [33:30:39<41:24:56, 2662.43s/it] 45%|████▌     | 45/100 [33:30:39<40:37:46, 2659.39s/it]  Trial  44 | Epoch 10/10 | train=2.06802 | val=1.97839 | VRAM alloc=0.06GB reserved=22.39GB
  Trial 44 | best_val=1.97839 | peak_score=0.11971
[I 2026-03-23 22:59:01,446] Trial 44 finished with values: [1.9783886891144973, 0.11970555971425445] and parameters: {'lr': 0.0005021625529564121, 'batch_size': 16, 'd_model': 256, 'nhead': 2, 'num_layers': 5, 'dropout': 0.24894394436290962, 'T': 1000, 'cosine_s': 0.0014245910644772528, 'lambda_pdg': 0.07804489049456738, 'lambda_zplane': 0.8218266239911018, 'lambda_charge': 0.0032259612642741476, 'gamma_end': 0.09055725866231334, 'gamma_start': 0.0033578945755251438, 'grad_clip': 1.723017699739541, 'pct_start': 0.1858599196322914, 'div_factor': 16.110363846951383, 'use_asinh': False}.
  Trial  45 | Epoch  1/10 | train=107.33327 | val=5.43907 | VRAM alloc=0.11GB reserved=22.39GB
  Trial  45 | Epoch  2/10 | train=5.98360 | val=5.01585 | VRAM alloc=0.11GB reserved=22.39GB
  Trial  45 | Epoch  3/10 | train=5.45342 | val=3.71518 | VRAM alloc=0.11GB reserved=22.39GB
  Trial  45 | Epoch  4/10 | train=5.58262 | val=4.68132 | VRAM alloc=0.11GB reserved=22.39GB
  Trial  45 | Epoch  5/10 | train=5.05343 | val=3.27886 | VRAM alloc=0.11GB reserved=22.39GB
  Trial  45 | Epoch  6/10 | train=3.24758 | val=2.37988 | VRAM alloc=0.11GB reserved=22.39GB
  Trial  45 | Epoch  7/10 | train=2.69428 | val=3.26453 | VRAM alloc=0.11GB reserved=22.39GB
  Trial  45 | Epoch  8/10 | train=2.39664 | val=2.18335 | VRAM alloc=0.11GB reserved=22.39GB
  Trial  45 | Epoch  9/10 | train=2.25234 | val=2.15018 | VRAM alloc=0.11GB reserved=22.39GB
                                                         45%|████▌     | 45/100 [34:23:26<40:37:46, 2659.39s/it] 46%|████▌     | 46/100 [34:23:26<42:10:21, 2811.52s/it]  Trial  45 | Epoch 10/10 | train=2.22421 | val=2.10967 | VRAM alloc=0.11GB reserved=22.39GB
  Peak score failed: CUDA out of memory. Tried to allocate 10.07 GiB (GPU 0; 23.60 GiB total capacity; 12.19 GiB already allocated; 5.98 GiB free; 17.28 GiB reserved in total by PyTorch) If reserved memory is >> allocated memory try setting max_split_size_mb to avoid fragmentation.  See documentation for Memory Management and PYTORCH_CUDA_ALLOC_CONF
  Trial 45 | best_val=2.10967 | peak_score=1.00000
[I 2026-03-23 23:51:47,931] Trial 45 finished with values: [2.109671506514916, 1.0] and parameters: {'lr': 0.0006516203681557232, 'batch_size': 16, 'd_model': 256, 'nhead': 8, 'num_layers': 4, 'dropout': 0.21050843741966774, 'T': 500, 'cosine_s': 0.0003974692940488513, 'lambda_pdg': 0.2581475462732663, 'lambda_zplane': 1.1671841391119675, 'lambda_charge': 0.03263143919549628, 'gamma_end': 0.07737628425380053, 'gamma_start': 0.004413839986479263, 'grad_clip': 1.9389652696924533, 'pct_start': 0.0524226360639552, 'div_factor': 17.33315325862923, 'use_asinh': False}.
  Trial  46 | Epoch  1/10 | train=11.36953 | val=26.93395 | VRAM alloc=0.18GB reserved=17.34GB
  Trial  46 | Epoch  2/10 | train=5.28409 | val=2.78706 | VRAM alloc=0.18GB reserved=17.34GB
  Trial  46 | Epoch  3/10 | train=3.04177 | val=2.47198 | VRAM alloc=0.06GB reserved=17.34GB
  Trial  46 | Epoch  4/10 | train=2.31319 | val=2.19932 | VRAM alloc=0.06GB reserved=17.34GB
  Trial  46 | Epoch  5/10 | train=2.23410 | val=2.14217 | VRAM alloc=0.06GB reserved=17.34GB
  Trial  46 | Epoch  6/10 | train=2.19631 | val=2.01783 | VRAM alloc=0.06GB reserved=17.34GB
  Trial  46 | Epoch  7/10 | train=2.14886 | val=1.99681 | VRAM alloc=0.06GB reserved=17.34GB
  Trial  46 | Epoch  8/10 | train=2.09503 | val=2.10922 | VRAM alloc=0.06GB reserved=17.34GB
  Trial  46 | Epoch  9/10 | train=2.06962 | val=1.98764 | VRAM alloc=0.06GB reserved=17.34GB
                                                         46%|████▌     | 46/100 [35:07:27<42:10:21, 2811.52s/it] 47%|████▋     | 47/100 [35:07:27<40:38:20, 2760.39s/it]  Trial  46 | Epoch 10/10 | train=2.04777 | val=1.96584 | VRAM alloc=0.06GB reserved=17.34GB
  Trial 46 | best_val=1.96584 | peak_score=0.13451
