[I 2026-03-23 13:45:50,460] Trial 22 finished with values: [2.685536892597492, 0.05692450900364299] and parameters: {'lr': 0.0005453839909641547, 'batch_size': 16, 'd_model': 256, 'nhead': 2, 'num_layers': 3, 'dropout': 0.2883716829093545, 'T': 100, 'cosine_s': 0.0007571318285661626, 'lambda_pdg': 0.35724469557635496, 'lambda_charge': 0.023497278721566157, 'lambda_zplane': 1.9341637243788146, 'gamma_end': 0.43253535250298836, 'grad_clip': 3.7666260559920377, 'gamma_start': 0.0011452181939095485, 'pct_start': 0.1180139786600369, 'div_factor': 20.823739980732395}.
  Trial  23 | Epoch  1/10 | train=5639.42806 | val=5484.80842 | VRAM alloc=0.09GB reserved=22.27GB
  Trial  23 | Epoch  2/10 | train=1410.10172 | val=291.84943 | VRAM alloc=0.09GB reserved=22.27GB
  Trial  23 | Epoch  3/10 | train=583.69579 | val=330.13141 | VRAM alloc=0.09GB reserved=22.27GB
  Trial  23 | Epoch  4/10 | train=566.20760 | val=96.63663 | VRAM alloc=0.09GB reserved=22.27GB
  Trial  23 | Epoch  5/10 | train=4469.74845 | val=428.32455 | VRAM alloc=0.09GB reserved=22.27GB
  Trial  23 | Epoch  6/10 | train=137.17371 | val=50.44506 | VRAM alloc=0.09GB reserved=22.27GB
  Trial  23 | Epoch  7/10 | train=57.29270 | val=15.71256 | VRAM alloc=0.09GB reserved=22.27GB
  Trial  23 | Epoch  8/10 | train=11.93830 | val=8.50222 | VRAM alloc=0.09GB reserved=22.27GB
  Trial  23 | Epoch  9/10 | train=6.60051 | val=5.59022 | VRAM alloc=0.09GB reserved=22.27GB
                                                         23%|██▎       | 23/100 [25:49:26<80:39:27, 3771.00s/it] 24%|██▍       | 24/100 [25:49:26<69:07:32, 3274.38s/it]  Trial  23 | Epoch 10/10 | train=4.81133 | val=4.54922 | VRAM alloc=0.09GB reserved=22.27GB
  Trial 23 | best_val=4.54922 | peak_score=0.10476
[I 2026-03-23 14:21:06,370] Trial 23 finished with values: [4.549222309772785, 0.10475936643314043] and parameters: {'lr': 0.001918437844837623, 'batch_size': 16, 'd_model': 256, 'nhead': 2, 'num_layers': 4, 'dropout': 0.004456607774237467, 'T': 1000, 'cosine_s': 0.044453159512100764, 'lambda_pdg': 0.4470237139107316, 'lambda_charge': 0.4794258221782465, 'lambda_zplane': 1.7001459912225123, 'gamma_end': 0.23584811455536905, 'grad_clip': 4.1668733548631005, 'gamma_start': 0.0033152050918231666, 'pct_start': 0.08380650872588248, 'div_factor': 34.3174600230589}.
  Trial  24 | Epoch  1/10 | train=163.50165 | val=363.57509 | VRAM alloc=0.13GB reserved=22.31GB
  Trial  24 | Epoch  2/10 | train=46.55288 | val=5.57010 | VRAM alloc=0.13GB reserved=22.31GB
  Trial  24 | Epoch  3/10 | train=4.96857 | val=4.14605 | VRAM alloc=0.13GB reserved=22.31GB
  Trial  24 | Epoch  4/10 | train=19.63300 | val=11.05288 | VRAM alloc=0.13GB reserved=22.31GB
  Trial  24 | Epoch  5/10 | train=18.22570 | val=4.82724 | VRAM alloc=0.13GB reserved=22.31GB
  Trial  24 | Epoch  6/10 | train=7.57639 | val=5.13199 | VRAM alloc=0.13GB reserved=22.31GB
  Trial  24 | Epoch  7/10 | train=4.74245 | val=12.06314 | VRAM alloc=0.13GB reserved=22.31GB
  Trial  24 | Epoch  8/10 | train=3.96158 | val=2.98932 | VRAM alloc=0.13GB reserved=22.31GB
  Trial  24 | Epoch  9/10 | train=3.20993 | val=2.90394 | VRAM alloc=0.13GB reserved=22.31GB
                                                         24%|██▍       | 24/100 [26:11:36<69:07:32, 3274.38s/it] 25%|██▌       | 25/100 [26:11:36<56:03:51, 2691.09s/it]  Trial  24 | Epoch 10/10 | train=2.96592 | val=2.74298 | VRAM alloc=0.13GB reserved=22.31GB
  Trial 24 | best_val=2.74298 | peak_score=0.07920
[I 2026-03-23 14:43:16,710] Trial 24 finished with values: [2.74297813635606, 0.0792039737536806] and parameters: {'lr': 0.0007135154445662868, 'batch_size': 16, 'd_model': 256, 'nhead': 2, 'num_layers': 3, 'dropout': 0.2638631237274772, 'T': 250, 'cosine_s': 0.0034302777626183437, 'lambda_pdg': 0.22845533525908923, 'lambda_charge': 0.040747528652278785, 'lambda_zplane': 1.7237357808666514, 'gamma_end': 0.3827954476666185, 'grad_clip': 2.9162047287506483, 'gamma_start': 0.0004457325024910228, 'pct_start': 0.17753940930302042, 'div_factor': 14.072024640220175}.
  Trial  25 | Epoch  1/10 | train=20.98259 | val=2.70705 | VRAM alloc=0.18GB reserved=22.36GB
  Trial  25 | Epoch  2/10 | train=2.96572 | val=2.59327 | VRAM alloc=0.05GB reserved=22.36GB
  Trial  25 | Epoch  3/10 | train=2.68136 | val=2.51931 | VRAM alloc=0.05GB reserved=22.36GB
  Trial  25 | Epoch  4/10 | train=2.63886 | val=2.52589 | VRAM alloc=0.05GB reserved=22.36GB
  Trial  25 | Epoch  5/10 | train=2.61302 | val=2.54829 | VRAM alloc=0.05GB reserved=22.36GB
  Trial  25 | Epoch  6/10 | train=2.56981 | val=2.36263 | VRAM alloc=0.05GB reserved=22.36GB
  Trial  25 | Epoch  7/10 | train=2.44132 | val=2.20184 | VRAM alloc=0.05GB reserved=22.36GB
  Trial  25 | Epoch  8/10 | train=2.23769 | val=2.03697 | VRAM alloc=0.05GB reserved=22.36GB
  Trial  25 | Epoch  9/10 | train=2.11780 | val=2.06242 | VRAM alloc=0.05GB reserved=22.36GB
                                                         25%|██▌       | 25/100 [26:46:45<56:03:51, 2691.09s/it] 26%|██▌       | 26/100 [26:46:45<51:43:22, 2516.25s/it]  Trial  25 | Epoch 10/10 | train=2.07293 | val=1.98627 | VRAM alloc=0.05GB reserved=22.36GB
  Peak score failed: CUDA out of memory. Tried to allocate 5.04 GiB (GPU 0; 23.60 GiB total capacity; 17.16 GiB already allocated; 1.02 GiB free; 22.23 GiB reserved in total by PyTorch) If reserved memory is >> allocated memory try setting max_split_size_mb to avoid fragmentation.  See documentation for Memory Management and PYTORCH_CUDA_ALLOC_CONF
  Trial 25 | best_val=1.98627 | peak_score=1.00000
[I 2026-03-23 15:18:25,065] Trial 25 finished with values: [1.986268030680143, 1.0] and parameters: {'lr': 0.0016514388648914574, 'batch_size': 16, 'd_model': 256, 'nhead': 4, 'num_layers': 4, 'dropout': 0.2986814671705506, 'T': 500, 'cosine_s': 0.0008421432258866077, 'lambda_pdg': 0.23834215665597058, 'lambda_charge': 0.007038178259035859, 'lambda_zplane': 1.4029223323299382, 'gamma_end': 0.061653297312310035, 'grad_clip': 3.6571549089172724, 'gamma_start': 0.0010311225259547964, 'pct_start': 0.062048631114864264, 'div_factor': 19.89906991045667}.
  Trial  26 | Epoch  1/10 | train=15.29383 | val=2.74373 | VRAM alloc=0.29GB reserved=22.23GB
  Trial  26 | Epoch  2/10 | train=2.60492 | val=2.36575 | VRAM alloc=0.29GB reserved=22.23GB
  Trial  26 | Epoch  3/10 | train=2.51739 | val=2.40956 | VRAM alloc=0.29GB reserved=22.23GB
  Trial  26 | Epoch  4/10 | train=2.48008 | val=2.40232 | VRAM alloc=0.29GB reserved=22.23GB
  Trial  26 | Epoch  5/10 | train=2.42651 | val=2.12683 | VRAM alloc=0.29GB reserved=22.23GB
  Trial  26 | Epoch  6/10 | train=2.19206 | val=2.04580 | VRAM alloc=0.29GB reserved=22.23GB
  Trial  26 | Epoch  7/10 | train=2.12466 | val=2.05525 | VRAM alloc=0.29GB reserved=22.23GB
  Trial  26 | Epoch  8/10 | train=2.07037 | val=2.01852 | VRAM alloc=0.29GB reserved=22.23GB
  Trial  26 | Epoch  9/10 | train=2.03494 | val=1.96278 | VRAM alloc=0.29GB reserved=22.23GB
                                                         26%|██▌       | 26/100 [27:53:21<51:43:22, 2516.25s/it] 27%|██▋       | 27/100 [27:53:21<60:01:50, 2960.42s/it]  Trial  26 | Epoch 10/10 | train=2.02591 | val=1.96728 | VRAM alloc=0.29GB reserved=22.23GB
  Peak score failed: CUDA out of memory. Tried to allocate 5.04 GiB (GPU 0; 23.60 GiB total capacity; 16.33 GiB already allocated; 1.02 GiB free; 22.23 GiB reserved in total by PyTorch) If reserved memory is >> allocated memory try setting max_split_size_mb to avoid fragmentation.  See documentation for Memory Management and PYTORCH_CUDA_ALLOC_CONF
  Trial 26 | best_val=1.96278 | peak_score=1.00000
[I 2026-03-23 16:25:01,777] Trial 26 finished with values: [1.9627759284698045, 1.0] and parameters: {'lr': 0.002132106457901245, 'batch_size': 8, 'd_model': 768, 'nhead': 4, 'num_layers': 2, 'dropout': 0.0889391391146642, 'T': 1000, 'cosine_s': 0.000579171882826341, 'lambda_pdg': 1.3292417529241107, 'lambda_charge': 0.0016601782691329763, 'lambda_zplane': 0.05300954726928872, 'gamma_end': 0.0808639439581057, 'grad_clip': 2.208959231273676, 'gamma_start': 1.0885532929387481e-05, 'pct_start': 0.19809615941958175, 'div_factor': 10.619931194463875}.
  Trial  27 | Epoch  1/10 | train=13.38798 | val=2.74208 | VRAM alloc=0.24GB reserved=22.23GB
  Trial  27 | Epoch  2/10 | train=2713.57760 | val=1642.17462 | VRAM alloc=0.24GB reserved=22.23GB
  Trial  27 | Epoch  3/10 | train=1767.67359 | val=1702.92905 | VRAM alloc=0.24GB reserved=22.23GB
  Trial  27 | Epoch  4/10 | train=160.10941 | val=2138.91235 | VRAM alloc=0.24GB reserved=22.23GB
  Trial  27 | Epoch  5/10 | train=26.75734 | val=412.68517 | VRAM alloc=0.24GB reserved=22.23GB
  Trial  27 | Epoch  6/10 | train=14.59416 | val=1688.01143 | VRAM alloc=0.24GB reserved=22.23GB
  Trial  27 | Epoch  7/10 | train=9.43837 | val=1036.24259 | VRAM alloc=0.24GB reserved=22.23GB
  Trial  27 | Epoch  8/10 | train=3.76434 | val=2.69990 | VRAM alloc=0.24GB reserved=22.23GB
  Trial  27 | Epoch  9/10 | train=2.65598 | val=2.47533 | VRAM alloc=0.24GB reserved=22.23GB
                                                         27%|██▋       | 27/100 [28:59:10<60:01:50, 2960.42s/it] 28%|██▊       | 28/100 [28:59:10<65:08:17, 3256.92s/it]  Trial  27 | Epoch 10/10 | train=2.50594 | val=2.37195 | VRAM alloc=0.24GB reserved=22.23GB
  Peak score failed: CUDA out of memory. Tried to allocate 5.04 GiB (GPU 0; 23.60 GiB total capacity; 16.28 GiB already allocated; 1.07 GiB free; 22.18 GiB reserved in total by PyTorch) If reserved memory is >> allocated memory try setting max_split_size_mb to avoid fragmentation.  See documentation for Memory Management and PYTORCH_CUDA_ALLOC_CONF
  Trial 27 | best_val=2.37195 | peak_score=1.00000
[I 2026-03-23 17:30:50,472] Trial 27 finished with values: [2.3719467850831837, 1.0] and parameters: {'lr': 0.0049502924354808174, 'batch_size': 8, 'd_model': 768, 'nhead': 4, 'num_layers': 2, 'dropout': 0.08703363737047251, 'T': 1000, 'cosine_s': 0.00040706699529814434, 'lambda_pdg': 1.368884076450205, 'lambda_charge': 0.0017347310225044885, 'lambda_zplane': 0.11266748910568758, 'gamma_end': 0.10722370625707467, 'grad_clip': 1.947725372351938, 'gamma_start': 1.4586698164904762e-05, 'pct_start': 0.18091091306106039, 'div_factor': 10.138644451799076}.
  Trial  28 | Epoch  1/10 | train=262.61737 | val=3364.01995 | VRAM alloc=0.48GB reserved=22.18GB
  Trial  28 | Epoch  2/10 | train=2847.66969 | val=3035.27751 | VRAM alloc=0.48GB reserved=22.18GB
  Trial  28 | Epoch  3/10 | train=2756.24470 | val=7486.35861 | VRAM alloc=0.48GB reserved=22.18GB
  Trial  28 | Epoch  4/10 | train=612.33479 | val=28.71259 | VRAM alloc=0.48GB reserved=22.18GB
  Trial  28 | Epoch  5/10 | train=9.95453 | val=5.94582 | VRAM alloc=0.48GB reserved=22.18GB
  Trial  28 | Epoch  6/10 | train=5.91678 | val=5.67480 | VRAM alloc=0.48GB reserved=22.18GB
  Trial  28 | Epoch  7/10 | train=3.99234 | val=3.06116 | VRAM alloc=0.48GB reserved=22.18GB
  Trial  28 | Epoch  8/10 | train=3.09503 | val=2.84683 | VRAM alloc=0.48GB reserved=22.18GB
  Trial  28 | Epoch  9/10 | train=2.81086 | val=2.61145 | VRAM alloc=0.48GB reserved=22.18GB
                                                         28%|██▊       | 28/100 [30:08:43<65:08:17, 3256.92s/it] 29%|██▉       | 29/100 [30:08:43<69:39:20, 3531.84s/it]  Trial  28 | Epoch 10/10 | train=2.61109 | val=2.53103 | VRAM alloc=0.48GB reserved=22.18GB
  Peak score failed: CUDA out of memory. Tried to allocate 10.07 GiB (GPU 0; 23.60 GiB total capacity; 16.52 GiB already allocated; 1.07 GiB free; 22.18 GiB reserved in total by PyTorch) If reserved memory is >> allocated memory try setting max_split_size_mb to avoid fragmentation.  See documentation for Memory Management and PYTORCH_CUDA_ALLOC_CONF
  Trial 28 | best_val=2.53103 | peak_score=1.00000
[I 2026-03-23 18:40:23,765] Trial 28 finished with values: [2.531032917591242, 1.0] and parameters: {'lr': 0.00299505191997661, 'batch_size': 8, 'd_model': 768, 'nhead': 8, 'num_layers': 2, 'dropout': 0.022484195097819855, 'T': 1000, 'cosine_s': 0.0012107572876718384, 'lambda_pdg': 0.814791526908561, 'lambda_charge': 0.0015724638287812694, 'lambda_zplane': 0.34348480935668013, 'gamma_end': 0.1928739928192618, 'grad_clip': 0.6025999168796679, 'gamma_start': 1.1072068920945457e-05, 'pct_start': 0.13864928686804118, 'div_factor': 13.033252756250791}.
  Trial  29 | Epoch  1/10 | train=9.79063 | val=3.54095 | VRAM alloc=0.24GB reserved=22.18GB
  Trial  29 | Epoch  2/10 | train=3.89893 | val=3.47776 | VRAM alloc=0.24GB reserved=22.18GB
  Trial  29 | Epoch  3/10 | train=3.65747 | val=3.54542 | VRAM alloc=0.24GB reserved=22.18GB
  Trial  29 | Epoch  4/10 | train=3.46169 | val=4.14396 | VRAM alloc=0.24GB reserved=22.18GB
  Trial  29 | Epoch  5/10 | train=3.21205 | val=2.58260 | VRAM alloc=0.24GB reserved=22.18GB
  Trial  29 | Epoch  6/10 | train=2.38467 | val=2.27353 | VRAM alloc=0.24GB reserved=22.18GB
  Trial  29 | Epoch  7/10 | train=2.20924 | val=2.31938 | VRAM alloc=0.24GB reserved=22.18GB
  Trial  29 | Epoch  8/10 | train=2.16363 | val=2.12879 | VRAM alloc=0.24GB reserved=22.18GB
  Trial  29 | Epoch  9/10 | train=2.14091 | val=2.13774 | VRAM alloc=0.24GB reserved=22.18GB
                                                         29%|██▉       | 29/100 [31:28:34<69:39:20, 3531.84s/it] 30%|███       | 30/100 [31:28:34<76:00:59, 3909.42s/it]  Trial  29 | Epoch 10/10 | train=2.13774 | val=2.05388 | VRAM alloc=0.24GB reserved=22.18GB
  Peak score failed: CUDA out of memory. Tried to allocate 10.07 GiB (GPU 0; 23.60 GiB total capacity; 16.28 GiB already allocated; 1.07 GiB free; 22.18 GiB reserved in total by PyTorch) If reserved memory is >> allocated memory try setting max_split_size_mb to avoid fragmentation.  See documentation for Memory Management and PYTORCH_CUDA_ALLOC_CONF
  Trial 29 | best_val=2.05388 | peak_score=1.00000
[I 2026-03-23 20:00:14,190] Trial 29 finished with values: [2.0538825683848954, 1.0] and parameters: {'lr': 0.0005900502246500473, 'batch_size': 2, 'd_model': 768, 'nhead': 8, 'num_layers': 2, 'dropout': 0.10337093265848066, 'T': 1000, 'cosine_s': 0.00038927110694334216, 'lambda_pdg': 0.5676334160928624, 'lambda_charge': 0.0045598319149013885, 'lambda_zplane': 0.30061295996361204, 'gamma_end': 0.21783884179600138, 'grad_clip': 1.9442310269177798, 'gamma_start': 0.00016372019236837664, 'pct_start': 0.19979114500878287, 'div_factor': 16.632831539376497}.
  Trial  30 | Epoch  1/10 | train=7.15186 | val=3.47786 | VRAM alloc=0.48GB reserved=22.18GB
  Trial  30 | Epoch  2/10 | train=3.54664 | val=3.27274 | VRAM alloc=0.48GB reserved=22.18GB
  Trial  30 | Epoch  3/10 | train=3.46488 | val=3.07208 | VRAM alloc=0.48GB reserved=22.18GB
  Trial  30 | Epoch  4/10 | train=741.92959 | val=200.72903 | VRAM alloc=0.48GB reserved=22.18GB
  Trial  30 | Epoch  5/10 | train=27.25600 | val=118.56690 | VRAM alloc=0.48GB reserved=22.18GB
  Trial  30 | Epoch  6/10 | train=25.34255 | val=589.44990 | VRAM alloc=0.48GB reserved=22.18GB
  Trial  30 | Epoch  7/10 | train=11.87302 | val=442.47751 | VRAM alloc=0.48GB reserved=22.18GB
  Trial  30 | Epoch  8/10 | train=7.81623 | val=403.75722 | VRAM alloc=0.48GB reserved=22.18GB
  Trial  30 | Epoch  9/10 | train=4.36096 | val=12.78844 | VRAM alloc=0.48GB reserved=22.18GB
                                                         30%|███       | 30/100 [32:49:32<76:00:59, 3909.42s/it] 31%|███       | 31/100 [32:49:32<80:23:03, 4193.96s/it]  Trial  30 | Epoch 10/10 | train=3.54214 | val=8.76651 | VRAM alloc=0.48GB reserved=22.18GB
  Trial 30 | best_val=3.07208 | peak_score=0.06966
[I 2026-03-23 21:21:12,055] Trial 30 finished with values: [3.0720763930907617, 0.06966198975344301] and parameters: {'lr': 0.0017118003147888882, 'batch_size': 8, 'd_model': 768, 'nhead': 2, 'num_layers': 2, 'dropout': 0.07254967602827893, 'T': 1000, 'cosine_s': 0.0014561315294256587, 'lambda_pdg': 1.2913148386886264, 'lambda_charge': 0.0014530863873573586, 'lambda_zplane': 0.45393985279166116, 'gamma_end': 0.3077478197924479, 'grad_clip': 2.445899494859458, 'gamma_start': 3.981675959275947e-05, 'pct_start': 0.18029923596791061, 'div_factor': 99.54414746342431}.
  Trial  31 | Epoch  1/10 | train=12.60011 | val=3.04603 | VRAM alloc=0.72GB reserved=22.18GB
  Trial  31 | Epoch  2/10 | train=3.07590 | val=3.11003 | VRAM alloc=0.24GB reserved=22.18GB
  Trial  31 | Epoch  3/10 | train=2.91964 | val=2.86303 | VRAM alloc=0.24GB reserved=22.18GB
  Trial  31 | Epoch  4/10 | train=2.89683 | val=2.83285 | VRAM alloc=0.24GB reserved=22.18GB
  Trial  31 | Epoch  5/10 | train=2.84441 | val=2.42181 | VRAM alloc=0.24GB reserved=22.18GB
  Trial  31 | Epoch  6/10 | train=2.79319 | val=2.44530 | VRAM alloc=0.24GB reserved=22.18GB
  Trial  31 | Epoch  7/10 | train=2.49398 | val=2.33760 | VRAM alloc=0.24GB reserved=22.18GB
  Trial  31 | Epoch  8/10 | train=2.32737 | val=2.21672 | VRAM alloc=0.24GB reserved=22.18GB
  Trial  31 | Epoch  9/10 | train=2.22012 | val=2.19123 | VRAM alloc=0.24GB reserved=22.18GB
                                                         31%|███       | 31/100 [34:10:56<80:23:03, 4193.96s/it] 32%|███▏      | 32/100 [34:10:56<83:07:49, 4401.03s/it]  Trial  31 | Epoch 10/10 | train=2.18615 | val=2.14610 | VRAM alloc=0.24GB reserved=22.18GB
  Trial 31 | best_val=2.14610 | peak_score=0.11085
[I 2026-03-23 22:42:36,238] Trial 31 finished with values: [2.1460963460115288, 0.11084833444021111] and parameters: {'lr': 0.0004300233854074984, 'batch_size': 8, 'd_model': 768, 'nhead': 2, 'num_layers': 2, 'dropout': 0.061954183492336994, 'T': 1000, 'cosine_s': 0.0005733898596807405, 'lambda_pdg': 0.7901278611599732, 'lambda_charge': 0.0032191813745120496, 'lambda_zplane': 0.8452590281810943, 'gamma_end': 0.15442003039342528, 'grad_clip': 2.714043898528826, 'gamma_start': 0.00010609139144660995, 'pct_start': 0.1699372120666851, 'div_factor': 12.506647229353122}.
  Trial  32 | Epoch  1/10 | train=15.83446 | val=2.91053 | VRAM alloc=0.48GB reserved=22.18GB
  Trial  32 | Epoch  2/10 | train=3.05807 | val=2.77145 | VRAM alloc=0.48GB reserved=22.18GB
  Trial  32 | Epoch  3/10 | train=2.82084 | val=2.65871 | VRAM alloc=0.48GB reserved=22.18GB
  Trial  32 | Epoch  4/10 | train=3.17700 | val=2.68607 | VRAM alloc=0.48GB reserved=22.18GB
  Trial  32 | Epoch  5/10 | train=2.80241 | val=3.15543 | VRAM alloc=0.48GB reserved=22.18GB
  Trial  32 | Epoch  6/10 | train=2.69260 | val=3.27852 | VRAM alloc=0.48GB reserved=22.18GB
  Trial  32 | Epoch  7/10 | train=2.43931 | val=2.13889 | VRAM alloc=0.48GB reserved=22.18GB
  Trial  32 | Epoch  8/10 | train=2.20719 | val=2.12746 | VRAM alloc=0.48GB reserved=22.18GB
  Trial  32 | Epoch  9/10 | train=2.10499 | val=2.07373 | VRAM alloc=0.48GB reserved=22.18GB
                                                         32%|███▏      | 32/100 [35:32:26<83:07:49, 4401.03s/it] 33%|███▎      | 33/100 [35:32:26<84:38:17, 4547.72s/it]  Trial  32 | Epoch 10/10 | train=2.07719 | val=2.04374 | VRAM alloc=0.48GB reserved=22.18GB
  Trial 32 | best_val=2.04374 | peak_score=0.17272
[I 2026-03-24 00:04:06,235] Trial 32 finished with values: [2.0437404423952104, 0.17272018395892114] and parameters: {'lr': 0.0008760378864304016, 'batch_size': 8, 'd_model': 768, 'nhead': 2, 'num_layers': 2, 'dropout': 0.035368974118899735, 'T': 1000, 'cosine_s': 0.000557470375186432, 'lambda_pdg': 0.7146911355354548, 'lambda_charge': 0.0031850269798980946, 'lambda_zplane': 0.2092813112374774, 'gamma_end': 0.14559924883505926, 'grad_clip': 2.6756061141008183, 'gamma_start': 2.571898001888162e-05, 'pct_start': 0.16617628483493635, 'div_factor': 12.12543313310076}.
  Trial  33 | Epoch  1/10 | train=15.28704 | val=11.68252 | VRAM alloc=0.15GB reserved=22.20GB
  Trial  33 | Epoch  2/10 | train=5.89467 | val=4.04675 | VRAM alloc=0.15GB reserved=22.20GB
  Trial  33 | Epoch  3/10 | train=3.24032 | val=2.67338 | VRAM alloc=0.16GB reserved=22.20GB
  Trial  33 | Epoch  4/10 | train=2.54665 | val=2.28117 | VRAM alloc=0.15GB reserved=22.20GB
  Trial  33 | Epoch  5/10 | train=2.37777 | val=2.25671 | VRAM alloc=0.15GB reserved=22.20GB
  Trial  33 | Epoch  6/10 | train=2.28689 | val=2.18251 | VRAM alloc=0.15GB reserved=22.20GB
  Trial  33 | Epoch  7/10 | train=2.24630 | val=2.17746 | VRAM alloc=0.16GB reserved=22.20GB
  Trial  33 | Epoch  8/10 | train=2.20924 | val=2.10361 | VRAM alloc=0.15GB reserved=22.20GB
  Trial  33 | Epoch  9/10 | train=2.18922 | val=2.13098 | VRAM alloc=0.16GB reserved=22.20GB
                                                         33%|███▎      | 33/100 [36:39:45<84:38:17, 4547.72s/it] 34%|███▍      | 34/100 [36:39:45<80:34:35, 4395.09s/it]  Trial  33 | Epoch 10/10 | train=2.18707 | val=2.09058 | VRAM alloc=0.15GB reserved=22.20GB
  Trial 33 | best_val=2.09058 | peak_score=0.19074
