[I 2026-03-24 00:35:49,028] Trial 46 finished with values: [1.9658408018258902, 0.13451218598597384] and parameters: {'lr': 0.0008305462161073002, 'batch_size': 16, 'd_model': 256, 'nhead': 2, 'num_layers': 5, 'dropout': 0.24087545891541337, 'T': 1000, 'cosine_s': 0.00016538113315690055, 'lambda_pdg': 0.201477906320859, 'lambda_zplane': 0.887636229827116, 'lambda_charge': 0.0023913415862535374, 'gamma_end': 0.05338635659503941, 'gamma_start': 0.0008945957195394955, 'grad_clip': 1.5088903607201942, 'pct_start': 0.1637558383594879, 'div_factor': 27.4361856133988, 'use_asinh': True, 'asinh_scale_xy': 0.13300585175336246}.
  Trial  47 | Epoch  1/10 | train=13.36117 | val=2.65595 | VRAM alloc=0.13GB reserved=17.34GB
  Trial  47 | Epoch  2/10 | train=2.55824 | val=2.36533 | VRAM alloc=0.13GB reserved=17.34GB
  Trial  47 | Epoch  3/10 | train=2.45339 | val=2.33307 | VRAM alloc=0.13GB reserved=17.34GB
  Trial  47 | Epoch  4/10 | train=2.38620 | val=2.21370 | VRAM alloc=0.13GB reserved=17.34GB
  Trial  47 | Epoch  5/10 | train=2.36293 | val=2.14892 | VRAM alloc=0.13GB reserved=17.34GB
  Trial  47 | Epoch  6/10 | train=2.31665 | val=2.12701 | VRAM alloc=0.13GB reserved=17.34GB
  Trial  47 | Epoch  7/10 | train=2.23488 | val=2.06486 | VRAM alloc=0.13GB reserved=17.34GB
  Trial  47 | Epoch  8/10 | train=2.14727 | val=2.01117 | VRAM alloc=0.13GB reserved=17.34GB
  Trial  47 | Epoch  9/10 | train=2.07171 | val=1.94953 | VRAM alloc=0.13GB reserved=17.34GB
                                                         47%|████▋     | 47/100 [35:46:13<40:38:20, 2760.39s/it] 48%|████▊     | 48/100 [35:46:13<37:59:36, 2630.31s/it]  Trial  47 | Epoch 10/10 | train=2.04225 | val=1.96601 | VRAM alloc=0.13GB reserved=17.34GB
  Trial 47 | best_val=1.94953 | peak_score=0.15928
[I 2026-03-24 01:14:35,823] Trial 47 finished with values: [1.9495326078855075, 0.15927950775794167] and parameters: {'lr': 0.0007135516975879552, 'batch_size': 16, 'd_model': 256, 'nhead': 2, 'num_layers': 5, 'dropout': 0.22341254828270316, 'T': 500, 'cosine_s': 0.0032059479036470567, 'lambda_pdg': 0.6755268609521344, 'lambda_zplane': 0.6267981032617739, 'lambda_charge': 0.004086024923330135, 'gamma_end': 0.06249460688453845, 'gamma_start': 0.001293394372515626, 'grad_clip': 2.799607736494763, 'pct_start': 0.1921354510479504, 'div_factor': 20.596972825360478, 'use_asinh': False}.
  Trial  48 | Epoch  1/10 | train=8.09397 | val=3.67635 | VRAM alloc=0.05GB reserved=17.34GB
  Trial  48 | Epoch  2/10 | train=3.88304 | val=2.50875 | VRAM alloc=0.05GB reserved=17.34GB
  Trial  48 | Epoch  3/10 | train=2.58282 | val=2.36934 | VRAM alloc=0.05GB reserved=17.34GB
  Trial  48 | Epoch  4/10 | train=2.45745 | val=2.32286 | VRAM alloc=0.05GB reserved=17.34GB
  Trial  48 | Epoch  5/10 | train=2.31513 | val=2.24235 | VRAM alloc=0.05GB reserved=17.34GB
  Trial  48 | Epoch  6/10 | train=2.25449 | val=2.16819 | VRAM alloc=0.05GB reserved=17.34GB
  Trial  48 | Epoch  7/10 | train=2.19293 | val=2.17939 | VRAM alloc=0.05GB reserved=17.34GB
  Trial  48 | Epoch  8/10 | train=2.17924 | val=2.10020 | VRAM alloc=0.05GB reserved=17.34GB
  Trial  48 | Epoch  9/10 | train=2.13907 | val=2.11668 | VRAM alloc=0.05GB reserved=17.34GB
                                                         48%|████▊     | 48/100 [36:21:39<37:59:36, 2630.31s/it] 49%|████▉     | 49/100 [36:21:39<35:06:58, 2478.80s/it]  Trial  48 | Epoch 10/10 | train=2.14217 | val=2.07500 | VRAM alloc=0.05GB reserved=17.34GB
  Peak score failed: CUDA out of memory. Tried to allocate 5.04 GiB (GPU 0; 23.60 GiB total capacity; 17.16 GiB already allocated; 1.00 GiB free; 22.25 GiB reserved in total by PyTorch) If reserved memory is >> allocated memory try setting max_split_size_mb to avoid fragmentation.  See documentation for Memory Management and PYTORCH_CUDA_ALLOC_CONF
  Trial 48 | best_val=2.07500 | peak_score=1.00000
[I 2026-03-24 01:50:01,100] Trial 48 finished with values: [2.0749969060604387, 1.0] and parameters: {'lr': 0.0007855877537490174, 'batch_size': 16, 'd_model': 256, 'nhead': 4, 'num_layers': 4, 'dropout': 0.20436295308425856, 'T': 500, 'cosine_s': 0.0008264934492364652, 'lambda_pdg': 0.38150216850569774, 'lambda_zplane': 0.7218614728849051, 'lambda_charge': 0.00137685365228636, 'gamma_end': 0.19380964887067326, 'gamma_start': 0.0006243801800368326, 'grad_clip': 2.724744200169816, 'pct_start': 0.16973830379241345, 'div_factor': 22.770027587824348, 'use_asinh': False}.
  Trial  49 | Epoch  1/10 | train=15.41071 | val=3.09403 | VRAM alloc=0.12GB reserved=22.32GB
  Trial  49 | Epoch  2/10 | train=2.79272 | val=2.50797 | VRAM alloc=0.12GB reserved=22.32GB
  Trial  49 | Epoch  3/10 | train=2.53863 | val=2.33558 | VRAM alloc=0.12GB reserved=22.32GB
  Trial  49 | Epoch  4/10 | train=2.48513 | val=2.24822 | VRAM alloc=0.12GB reserved=22.32GB
  Trial  49 | Epoch  5/10 | train=2.43065 | val=2.47040 | VRAM alloc=0.12GB reserved=22.32GB
  Trial  49 | Epoch  6/10 | train=2.36536 | val=2.13544 | VRAM alloc=0.12GB reserved=22.32GB
  Trial  49 | Epoch  7/10 | train=2.28734 | val=2.13469 | VRAM alloc=0.12GB reserved=22.32GB
  Trial  49 | Epoch  8/10 | train=2.20337 | val=2.11803 | VRAM alloc=0.12GB reserved=22.32GB
  Trial  49 | Epoch  9/10 | train=2.20543 | val=2.15350 | VRAM alloc=0.12GB reserved=22.32GB
                                                         49%|████▉     | 49/100 [36:58:49<35:06:58, 2478.80s/it] 50%|█████     | 50/100 [36:58:49<33:23:32, 2404.24s/it]  Trial  49 | Epoch 10/10 | train=2.16550 | val=2.11784 | VRAM alloc=0.12GB reserved=22.32GB
  Trial 49 | best_val=2.11784 | peak_score=0.10740
[I 2026-03-24 02:27:11,373] Trial 49 finished with values: [2.1178431565944966, 0.10739874300941696] and parameters: {'lr': 0.0006138302521657567, 'batch_size': 32, 'd_model': 256, 'nhead': 2, 'num_layers': 5, 'dropout': 0.22908457251131997, 'T': 500, 'cosine_s': 0.001991209225102293, 'lambda_pdg': 0.921299445361495, 'lambda_zplane': 0.9939798609950177, 'lambda_charge': 0.0018997323959880914, 'gamma_end': 0.09823169749542142, 'gamma_start': 0.0018513530959300506, 'grad_clip': 1.698720045819068, 'pct_start': 0.1794217777197747, 'div_factor': 15.436181876129421, 'use_asinh': False}.
  Trial  50 | Epoch  1/10 | train=10.35107 | val=5.58462 | VRAM alloc=0.16GB reserved=22.37GB
  Trial  50 | Epoch  2/10 | train=3.89639 | val=2.76720 | VRAM alloc=0.05GB reserved=22.37GB
  Trial  50 | Epoch  3/10 | train=2.48752 | val=2.24703 | VRAM alloc=0.05GB reserved=22.37GB
  Trial  50 | Epoch  4/10 | train=2.20801 | val=2.12754 | VRAM alloc=0.05GB reserved=22.37GB
  Trial  50 | Epoch  5/10 | train=2.11943 | val=2.10494 | VRAM alloc=0.05GB reserved=22.37GB
  Trial  50 | Epoch  6/10 | train=2.11031 | val=2.07369 | VRAM alloc=0.05GB reserved=22.37GB
  Trial  50 | Epoch  7/10 | train=2.08421 | val=2.05561 | VRAM alloc=0.05GB reserved=22.37GB
  Trial  50 | Epoch  8/10 | train=2.06501 | val=2.09087 | VRAM alloc=0.05GB reserved=22.37GB
  Trial  50 | Epoch  9/10 | train=2.05407 | val=2.04948 | VRAM alloc=0.05GB reserved=22.37GB
                                                         50%|█████     | 50/100 [37:51:56<33:23:32, 2404.24s/it] 51%|█████     | 51/100 [37:51:56<35:55:11, 2639.02s/it]  Trial  50 | Epoch 10/10 | train=2.05909 | val=2.02994 | VRAM alloc=0.05GB reserved=22.37GB
  Peak score failed: CUDA out of memory. Tried to allocate 10.07 GiB (GPU 0; 23.60 GiB total capacity; 12.12 GiB already allocated; 6.04 GiB free; 17.21 GiB reserved in total by PyTorch) If reserved memory is >> allocated memory try setting max_split_size_mb to avoid fragmentation.  See documentation for Memory Management and PYTORCH_CUDA_ALLOC_CONF
  Trial 50 | best_val=2.02994 | peak_score=1.00000
[I 2026-03-24 03:20:18,191] Trial 50 finished with values: [2.029941132435432, 1.0] and parameters: {'lr': 0.0005463748528065858, 'batch_size': 16, 'd_model': 256, 'nhead': 8, 'num_layers': 4, 'dropout': 0.05017716498137839, 'T': 1000, 'cosine_s': 0.0010692213400310855, 'lambda_pdg': 0.3206809390839178, 'lambda_zplane': 0.4905849456356357, 'lambda_charge': 0.0025666850238238474, 'gamma_end': 0.16141516141541962, 'gamma_start': 0.000782659463602753, 'grad_clip': 2.5488242446568403, 'pct_start': 0.15973562625954504, 'div_factor': 14.042241108473615, 'use_asinh': True, 'asinh_scale_xy': 0.4994728082184649}.
  Trial  51 | Epoch  1/10 | train=8.50570 | val=4.26636 | VRAM alloc=0.11GB reserved=17.28GB
  Trial  51 | Epoch  2/10 | train=3.87587 | val=2.49954 | VRAM alloc=0.11GB reserved=17.28GB
  Trial  51 | Epoch  3/10 | train=2.72778 | val=2.18202 | VRAM alloc=0.11GB reserved=17.28GB
  Trial  51 | Epoch  4/10 | train=2.26396 | val=2.50987 | VRAM alloc=0.11GB reserved=17.28GB
  Trial  51 | Epoch  5/10 | train=2.16074 | val=2.07086 | VRAM alloc=0.11GB reserved=17.28GB
  Trial  51 | Epoch  6/10 | train=2.12118 | val=2.04512 | VRAM alloc=0.11GB reserved=17.28GB
  Trial  51 | Epoch  7/10 | train=2.09316 | val=2.00921 | VRAM alloc=0.11GB reserved=17.28GB
  Trial  51 | Epoch  8/10 | train=2.05001 | val=1.98133 | VRAM alloc=0.11GB reserved=17.28GB
  Trial  51 | Epoch  9/10 | train=2.01880 | val=1.92729 | VRAM alloc=0.11GB reserved=17.28GB
                                                         51%|█████     | 51/100 [38:31:10<35:55:11, 2639.02s/it] 52%|█████▏    | 52/100 [38:31:10<34:02:50, 2553.55s/it]  Trial  51 | Epoch 10/10 | train=2.01266 | val=1.95116 | VRAM alloc=0.06GB reserved=17.28GB
  Trial 51 | best_val=1.92729 | peak_score=0.10952
[I 2026-03-24 03:59:32,321] Trial 51 finished with values: [1.9272906963641827, 0.10951511151915036] and parameters: {'lr': 0.0006804555462965548, 'batch_size': 16, 'd_model': 256, 'nhead': 2, 'num_layers': 5, 'dropout': 0.15953105490400252, 'T': 500, 'cosine_s': 0.0019895355215443443, 'lambda_pdg': 0.13200758539655, 'lambda_zplane': 0.8332461522849992, 'lambda_charge': 0.0012113274842223967, 'gamma_end': 0.08101853917600747, 'gamma_start': 0.0003822141258229168, 'grad_clip': 2.173547609581987, 'pct_start': 0.17017557953691118, 'div_factor': 19.161477062259408, 'use_asinh': False}.
  Trial  52 | Epoch  1/10 | train=7.02309 | val=2.62855 | VRAM alloc=0.09GB reserved=17.28GB
  Trial  52 | Epoch  2/10 | train=2.53975 | val=2.36618 | VRAM alloc=0.09GB reserved=17.28GB
  Trial  52 | Epoch  3/10 | train=2.38225 | val=2.34185 | VRAM alloc=0.09GB reserved=17.28GB
  Trial  52 | Epoch  4/10 | train=2.32439 | val=2.28775 | VRAM alloc=0.09GB reserved=17.28GB
  Trial  52 | Epoch  5/10 | train=2.31933 | val=2.20018 | VRAM alloc=0.09GB reserved=17.28GB
  Trial  52 | Epoch  6/10 | train=2.28229 | val=2.17308 | VRAM alloc=0.09GB reserved=17.28GB
  Trial  52 | Epoch  7/10 | train=2.24704 | val=2.20450 | VRAM alloc=0.09GB reserved=17.28GB
  Trial  52 | Epoch  8/10 | train=2.18005 | val=2.08285 | VRAM alloc=0.09GB reserved=17.28GB
  Trial  52 | Epoch  9/10 | train=2.15930 | val=2.08536 | VRAM alloc=0.09GB reserved=17.28GB
                                                         52%|█████▏    | 52/100 [38:47:03<34:02:50, 2553.55s/it] 53%|█████▎    | 53/100 [38:47:03<27:04:16, 2073.54s/it]  Trial  52 | Epoch 10/10 | train=2.14148 | val=2.07182 | VRAM alloc=0.09GB reserved=17.28GB
  Trial 52 | best_val=2.07182 | peak_score=0.11668
[I 2026-03-24 04:15:25,829] Trial 52 finished with values: [2.0718175117786113, 0.11668193151126646] and parameters: {'lr': 0.0012862135653405617, 'batch_size': 32, 'd_model': 256, 'nhead': 2, 'num_layers': 2, 'dropout': 0.15268789001302702, 'T': 500, 'cosine_s': 0.0030098813004787025, 'lambda_pdg': 0.44878811550620856, 'lambda_zplane': 1.4034863106708482, 'lambda_charge': 0.0011958964682247078, 'gamma_end': 0.07931565348073497, 'gamma_start': 0.00035753705636797886, 'grad_clip': 2.167208596034203, 'pct_start': 0.14971186096064187, 'div_factor': 19.12556111177819, 'use_asinh': True, 'asinh_scale_xy': 0.017616524587671205}.
  Trial  53 | Epoch  1/10 | train=6.89814 | val=2.41180 | VRAM alloc=0.15GB reserved=17.32GB
  Trial  53 | Epoch  2/10 | train=2.34001 | val=2.20633 | VRAM alloc=0.15GB reserved=17.32GB
  Trial  53 | Epoch  3/10 | train=2.27789 | val=2.19138 | VRAM alloc=0.15GB reserved=17.32GB
  Trial  53 | Epoch  4/10 | train=2.23406 | val=2.20513 | VRAM alloc=0.15GB reserved=17.32GB
  Trial  53 | Epoch  5/10 | train=2.20996 | val=2.14626 | VRAM alloc=0.15GB reserved=17.32GB
  Trial  53 | Epoch  6/10 | train=2.16415 | val=2.07705 | VRAM alloc=0.15GB reserved=17.32GB
  Trial  53 | Epoch  7/10 | train=2.11850 | val=2.04743 | VRAM alloc=0.15GB reserved=17.32GB
  Trial  53 | Epoch  8/10 | train=2.07453 | val=2.01386 | VRAM alloc=0.15GB reserved=17.32GB
  Trial  53 | Epoch  9/10 | train=2.04784 | val=1.97139 | VRAM alloc=0.15GB reserved=17.32GB
                                                         53%|█████▎    | 53/100 [39:26:24<27:04:16, 2073.54s/it] 54%|█████▍    | 54/100 [39:26:24<27:35:40, 2159.57s/it]  Trial  53 | Epoch 10/10 | train=2.04502 | val=1.99402 | VRAM alloc=0.15GB reserved=17.32GB
  Trial 53 | best_val=1.97139 | peak_score=0.09301
[I 2026-03-24 04:54:46,145] Trial 53 finished with values: [1.971389572436993, 0.09301116178120383] and parameters: {'lr': 0.0014255182962982216, 'batch_size': 16, 'd_model': 256, 'nhead': 2, 'num_layers': 5, 'dropout': 0.13638444822246282, 'T': 500, 'cosine_s': 0.005379655341313327, 'lambda_pdg': 0.9156734646860689, 'lambda_zplane': 0.3972520524590405, 'lambda_charge': 0.0010377391863036693, 'gamma_end': 0.10732794696709422, 'gamma_start': 0.0004243888279728525, 'grad_clip': 2.1728076477978826, 'pct_start': 0.07861151590743853, 'div_factor': 17.62539134472518, 'use_asinh': False}.
  Trial  54 | Epoch  1/10 | train=6.41190 | val=2.46790 | VRAM alloc=0.21GB reserved=17.38GB
  Trial  54 | Epoch  2/10 | train=2.41475 | val=2.22662 | VRAM alloc=0.21GB reserved=17.38GB
  Trial  54 | Epoch  3/10 | train=2.30479 | val=2.21105 | VRAM alloc=0.06GB reserved=17.38GB
  Trial  54 | Epoch  4/10 | train=2.24846 | val=2.28181 | VRAM alloc=0.06GB reserved=17.38GB
  Trial  54 | Epoch  5/10 | train=2.20773 | val=2.28740 | VRAM alloc=0.06GB reserved=17.38GB
  Trial  54 | Epoch  6/10 | train=2.16103 | val=2.13086 | VRAM alloc=0.06GB reserved=17.38GB
  Trial  54 | Epoch  7/10 | train=2.11536 | val=2.07398 | VRAM alloc=0.06GB reserved=17.38GB
  Trial  54 | Epoch  8/10 | train=2.08820 | val=2.03523 | VRAM alloc=0.06GB reserved=17.38GB
  Trial  54 | Epoch  9/10 | train=2.08031 | val=1.98224 | VRAM alloc=0.06GB reserved=17.38GB
                                                         54%|█████▍    | 54/100 [40:32:26<27:35:40, 2159.57s/it] 55%|█████▌    | 55/100 [40:32:26<33:45:11, 2700.25s/it]  Trial  54 | Epoch 10/10 | train=2.07462 | val=2.02232 | VRAM alloc=0.06GB reserved=17.38GB
  Peak score failed: CUDA out of memory. Tried to allocate 10.07 GiB (GPU 0; 23.60 GiB total capacity; 12.14 GiB already allocated; 6.02 GiB free; 17.23 GiB reserved in total by PyTorch) If reserved memory is >> allocated memory try setting max_split_size_mb to avoid fragmentation.  See documentation for Memory Management and PYTORCH_CUDA_ALLOC_CONF
  Trial 54 | best_val=1.98224 | peak_score=1.00000
[I 2026-03-24 06:00:47,987] Trial 54 finished with values: [1.9822419056525598, 1.0] and parameters: {'lr': 0.0006980224940765003, 'batch_size': 16, 'd_model': 256, 'nhead': 8, 'num_layers': 5, 'dropout': 0.1113781754159929, 'T': 500, 'cosine_s': 0.0017123628822140555, 'lambda_pdg': 0.09221470622269318, 'lambda_zplane': 1.6774834439980368, 'lambda_charge': 0.0012541093838473994, 'gamma_end': 0.09026649800496475, 'gamma_start': 0.00027909552343663706, 'grad_clip': 2.224287301666522, 'pct_start': 0.1725661539907743, 'div_factor': 29.964609475984275, 'use_asinh': True, 'asinh_scale_xy': 0.1505501330839475}.
  Trial  55 | Epoch  1/10 | train=10.01257 | val=4.02616 | VRAM alloc=0.13GB reserved=17.29GB
  Trial  55 | Epoch  2/10 | train=6.37870 | val=2.81569 | VRAM alloc=0.13GB reserved=17.29GB
  Trial  55 | Epoch  3/10 | train=2.59416 | val=2.42034 | VRAM alloc=0.13GB reserved=17.29GB
  Trial  55 | Epoch  4/10 | train=2.47648 | val=2.24408 | VRAM alloc=0.13GB reserved=17.29GB
  Trial  55 | Epoch  5/10 | train=2.40601 | val=2.25125 | VRAM alloc=0.13GB reserved=17.29GB
  Trial  55 | Epoch  6/10 | train=2.27786 | val=2.24243 | VRAM alloc=0.13GB reserved=17.29GB
  Trial  55 | Epoch  7/10 | train=2.23059 | val=2.15410 | VRAM alloc=0.13GB reserved=17.29GB
  Trial  55 | Epoch  8/10 | train=2.18150 | val=2.11816 | VRAM alloc=0.13GB reserved=17.29GB
  Trial  55 | Epoch  9/10 | train=2.13095 | val=2.03203 | VRAM alloc=0.13GB reserved=17.29GB
                                                         55%|█████▌    | 55/100 [41:11:06<33:45:11, 2700.25s/it] 56%|█████▌    | 56/100 [41:11:06<31:36:31, 2586.18s/it]  Trial  55 | Epoch 10/10 | train=2.11860 | val=2.05493 | VRAM alloc=0.13GB reserved=17.29GB
  Trial 55 | best_val=2.03203 | peak_score=0.10652
[I 2026-03-24 06:39:27,983] Trial 55 finished with values: [2.032028709925138, 0.10651537855628682] and parameters: {'lr': 0.0008991800765367942, 'batch_size': 16, 'd_model': 256, 'nhead': 2, 'num_layers': 5, 'dropout': 0.16046963354728766, 'T': 500, 'cosine_s': 0.00214213134147107, 'lambda_pdg': 0.37488846230696826, 'lambda_zplane': 1.109170959990494, 'lambda_charge': 0.0018924270974767575, 'gamma_end': 0.12900800374343727, 'gamma_start': 0.00037413971963964313, 'grad_clip': 2.3220476354447888, 'pct_start': 0.16468001245592193, 'div_factor': 21.705959390726687, 'use_asinh': False}.
  Trial  56 | Epoch  1/10 | train=66.58017 | val=3.47186 | VRAM alloc=0.06GB reserved=17.33GB
  Trial  56 | Epoch  2/10 | train=7.84317 | val=3.43771 | VRAM alloc=0.06GB reserved=17.33GB
  Trial  56 | Epoch  3/10 | train=3.71791 | val=3.20054 | VRAM alloc=0.06GB reserved=17.33GB
  Trial  56 | Epoch  4/10 | train=3.28993 | val=3.16291 | VRAM alloc=0.06GB reserved=17.33GB
  Trial  56 | Epoch  5/10 | train=3.31068 | val=3.11157 | VRAM alloc=0.06GB reserved=17.33GB
  Trial  56 | Epoch  6/10 | train=3.19287 | val=3.13921 | VRAM alloc=0.06GB reserved=17.33GB
  Trial  56 | Epoch  7/10 | train=3.27997 | val=2.68869 | VRAM alloc=0.06GB reserved=17.33GB
  Trial  56 | Epoch  8/10 | train=3.21509 | val=2.37039 | VRAM alloc=0.06GB reserved=17.33GB
  Trial  56 | Epoch  9/10 | train=2.33900 | val=2.04351 | VRAM alloc=0.06GB reserved=17.33GB
                                                         56%|█████▌    | 56/100 [41:41:04<31:36:31, 2586.18s/it] 57%|█████▋    | 57/100 [41:41:04<28:04:08, 2349.96s/it]  Trial  56 | Epoch 10/10 | train=2.09595 | val=1.99109 | VRAM alloc=0.06GB reserved=17.33GB
  Trial 56 | best_val=1.99109 | peak_score=0.08191
[I 2026-03-24 07:09:26,763] Trial 56 finished with values: [1.9910927424064049, 0.08191291439462184] and parameters: {'lr': 0.0017704535924917616, 'batch_size': 32, 'd_model': 256, 'nhead': 2, 'num_layers': 4, 'dropout': 0.08490788644550912, 'T': 500, 'cosine_s': 0.008118910938034817, 'lambda_pdg': 0.6433869009264139, 'lambda_zplane': 0.8962659604891978, 'lambda_charge': 0.016993495990593056, 'gamma_end': 0.06007438992606281, 'gamma_start': 0.00022536185124792026, 'grad_clip': 2.1244057938070635, 'pct_start': 0.18735044939247314, 'div_factor': 24.54771024013334, 'use_asinh': False}.
  Trial  57 | Epoch  1/10 | train=11.32581 | val=2.95570 | VRAM alloc=0.11GB reserved=17.33GB
  Trial  57 | Epoch  2/10 | train=2.89241 | val=2.84252 | VRAM alloc=0.11GB reserved=17.33GB
  Trial  57 | Epoch  3/10 | train=2.72318 | val=2.57510 | VRAM alloc=0.11GB reserved=17.33GB
  Trial  57 | Epoch  4/10 | train=2.61817 | val=2.31653 | VRAM alloc=0.11GB reserved=17.33GB
  Trial  57 | Epoch  5/10 | train=2.35318 | val=2.27987 | VRAM alloc=0.11GB reserved=17.33GB
  Trial  57 | Epoch  6/10 | train=2.40080 | val=2.25134 | VRAM alloc=0.11GB reserved=17.33GB
  Trial  57 | Epoch  7/10 | train=2.31260 | val=2.26561 | VRAM alloc=0.11GB reserved=17.33GB
  Trial  57 | Epoch  8/10 | train=2.26541 | val=2.17241 | VRAM alloc=0.11GB reserved=17.33GB
  Trial  57 | Epoch  9/10 | train=2.19555 | val=2.12653 | VRAM alloc=0.11GB reserved=17.33GB
                                                         57%|█████▋    | 57/100 [42:11:00<28:04:08, 2349.96s/it] 58%|█████▊    | 58/100 [42:11:00<25:28:36, 2183.72s/it]  Trial  57 | Epoch 10/10 | train=2.18015 | val=2.10223 | VRAM alloc=0.11GB reserved=17.33GB
  Trial 57 | best_val=2.10223 | peak_score=0.07926
