[I 2026-03-23 06:40:17,830] Trial 22 finished with values: [3.206636855096528, 0.05690751163283908] and parameters: {'lr': 0.0007677429705078651, 'batch_size': 64, 'd_model': 512, 'nhead': 2, 'num_layers': 4, 'dropout': 0.10790246202332784, 'T': 500, 'cosine_s': 0.0041431944797105606, 'lambda_pdg': 0.6052345481681485, 'lambda_zplane': 0.22975986853243793, 'lambda_charge': 0.06907646101912483, 'gamma_end': 0.0534966657158088, 'gamma_start': 0.0004123630058538847, 'grad_clip': 2.4346905157816714, 'pct_start': 0.1340262320285372, 'div_factor': 24.6843791519305, 'use_asinh': False}.
  Trial  23 | Epoch  1/10 | train=153.90700 | val=14.55154 | VRAM alloc=0.36GB reserved=22.56GB
  Trial  23 | Epoch  2/10 | train=11.93984 | val=8.14724 | VRAM alloc=0.36GB reserved=22.56GB
  Trial  23 | Epoch  3/10 | train=9.32238 | val=6.79020 | VRAM alloc=0.36GB reserved=22.56GB
  Trial  23 | Epoch  4/10 | train=6.43417 | val=6.48141 | VRAM alloc=0.36GB reserved=22.56GB
  Trial  23 | Epoch  5/10 | train=4.47832 | val=3.40415 | VRAM alloc=0.36GB reserved=22.56GB
  Trial  23 | Epoch  6/10 | train=3.42121 | val=2.78186 | VRAM alloc=0.36GB reserved=22.56GB
  Trial  23 | Epoch  7/10 | train=2.83143 | val=2.65308 | VRAM alloc=0.36GB reserved=22.56GB
  Trial  23 | Epoch  8/10 | train=2.62119 | val=3.20408 | VRAM alloc=0.36GB reserved=22.56GB
  Trial  23 | Epoch  9/10 | train=2.57698 | val=2.35168 | VRAM alloc=0.36GB reserved=22.56GB
                                                         23%|██▎       | 23/100 [18:06:50<78:42:52, 3680.17s/it] 24%|██▍       | 24/100 [18:06:50<75:14:50, 3564.35s/it]  Trial  23 | Epoch 10/10 | train=2.42325 | val=2.34645 | VRAM alloc=0.36GB reserved=22.56GB
  Trial 23 | best_val=2.34645 | peak_score=0.07147
[I 2026-03-23 07:35:12,002] Trial 23 finished with values: [2.346447417230317, 0.07147228148237461] and parameters: {'lr': 0.0008062604525507179, 'batch_size': 64, 'd_model': 512, 'nhead': 2, 'num_layers': 3, 'dropout': 0.11888857822810986, 'T': 500, 'cosine_s': 0.004276495022771028, 'lambda_pdg': 0.5545012727027931, 'lambda_zplane': 0.25893069995962614, 'lambda_charge': 0.01352126302385558, 'gamma_end': 0.24700581388557885, 'gamma_start': 0.00033700248306653294, 'grad_clip': 2.381724880173907, 'pct_start': 0.1269757742827889, 'div_factor': 11.065181582858642, 'use_asinh': False}.
                                                         24%|██▍       | 24/100 [18:06:59<75:14:50, 3564.35s/it] 25%|██▌       | 25/100 [18:06:59<52:01:59, 2497.59s/it]  Trial 24 OOM during train (batch_size=64, d_model=512, T=500) — returning worst case.
[I 2026-03-23 07:35:20,983] Trial 24 finished with values: [inf, inf] and parameters: {'lr': 0.0007352279635138786, 'batch_size': 64, 'd_model': 512, 'nhead': 8, 'num_layers': 2, 'dropout': 0.21146239055298646, 'T': 500, 'cosine_s': 0.012197250664264817, 'lambda_pdg': 0.7254802001743241, 'lambda_zplane': 0.2562393708200088, 'lambda_charge': 0.0061911899167896006, 'gamma_end': 0.15000816729661792, 'gamma_start': 0.000545934700325495, 'grad_clip': 2.029894146314598, 'pct_start': 0.14307147530210335, 'div_factor': 8.476473157790457, 'use_asinh': False}.
  Trial  25 | Epoch  1/10 | train=127.35233 | val=8.97845 | VRAM alloc=0.55GB reserved=22.96GB
  Trial  25 | Epoch  2/10 | train=11.10633 | val=5.26514 | VRAM alloc=0.55GB reserved=22.96GB
  Trial  25 | Epoch  3/10 | train=19.29128 | val=8.86621 | VRAM alloc=0.55GB reserved=22.96GB
  Trial  25 | Epoch  4/10 | train=16.44133 | val=5.83011 | VRAM alloc=0.55GB reserved=22.96GB
  Trial  25 | Epoch  5/10 | train=10.59564 | val=3.34298 | VRAM alloc=0.55GB reserved=22.96GB
  Trial  25 | Epoch  6/10 | train=3.13914 | val=2.85656 | VRAM alloc=0.55GB reserved=22.96GB
  Trial  25 | Epoch  7/10 | train=2.78797 | val=2.63559 | VRAM alloc=0.55GB reserved=22.96GB
  Trial  25 | Epoch  8/10 | train=2.80500 | val=2.72140 | VRAM alloc=0.55GB reserved=22.96GB
  Trial  25 | Epoch  9/10 | train=2.62445 | val=2.52447 | VRAM alloc=0.55GB reserved=22.96GB
                                                         25%|██▌       | 25/100 [18:56:42<52:01:59, 2497.59s/it] 26%|██▌       | 26/100 [18:56:42<54:20:05, 2643.32s/it]  Trial  25 | Epoch 10/10 | train=2.52261 | val=2.41836 | VRAM alloc=0.55GB reserved=22.96GB
  Peak score failed: CUDA out of memory. Tried to allocate 5.04 GiB (GPU 0; 23.60 GiB total capacity; 14.61 GiB already allocated; 2.79 GiB free; 20.46 GiB reserved in total by PyTorch) If reserved memory is >> allocated memory try setting max_split_size_mb to avoid fragmentation.  See documentation for Memory Management and PYTORCH_CUDA_ALLOC_CONF
  Trial 25 | best_val=2.41836 | peak_score=1.00000
[I 2026-03-23 08:25:04,276] Trial 25 finished with values: [2.418356523369298, 1.0] and parameters: {'lr': 0.0019573054563101298, 'batch_size': 64, 'd_model': 512, 'nhead': 4, 'num_layers': 3, 'dropout': 0.18237086975849026, 'T': 500, 'cosine_s': 0.027813161129401055, 'lambda_pdg': 0.8349667624982229, 'lambda_zplane': 0.12595945416579335, 'lambda_charge': 0.004957393500204857, 'gamma_end': 0.269664056860411, 'gamma_start': 0.00021134349829252154, 'grad_clip': 2.457748391693156, 'pct_start': 0.1276504113880016, 'div_factor': 11.523328034072453, 'use_asinh': False}.
  Trial  26 | Epoch  1/10 | train=1026.23240 | val=25.34008 | VRAM alloc=0.76GB reserved=21.13GB
  Trial  26 | Epoch  2/10 | train=47.15772 | val=23.68858 | VRAM alloc=0.76GB reserved=21.13GB
  Trial  26 | Epoch  3/10 | train=37.88321 | val=30.43037 | VRAM alloc=0.76GB reserved=21.13GB
  Trial  26 | Epoch  4/10 | train=19.86105 | val=13.79989 | VRAM alloc=0.76GB reserved=21.13GB
  Trial  26 | Epoch  5/10 | train=20.12261 | val=12.08153 | VRAM alloc=0.76GB reserved=21.13GB
  Trial  26 | Epoch  6/10 | train=12.61172 | val=12.35965 | VRAM alloc=0.76GB reserved=21.13GB
  Trial  26 | Epoch  7/10 | train=15.78460 | val=4.75908 | VRAM alloc=0.76GB reserved=21.13GB
  Trial  26 | Epoch  8/10 | train=5.06373 | val=4.12438 | VRAM alloc=0.76GB reserved=21.13GB
  Trial  26 | Epoch  9/10 | train=3.84946 | val=3.47660 | VRAM alloc=0.76GB reserved=21.13GB
                                                         26%|██▌       | 26/100 [20:19:26<54:20:05, 2643.32s/it] 27%|██▋       | 27/100 [20:19:26<67:43:17, 3339.69s/it]  Trial  26 | Epoch 10/10 | train=3.57066 | val=3.36983 | VRAM alloc=0.76GB reserved=21.13GB
  Trial 26 | best_val=3.36983 | peak_score=0.35619
[I 2026-03-23 09:47:48,695] Trial 26 finished with values: [3.36982984976335, 0.35619407957681215] and parameters: {'lr': 0.0005793459800204991, 'batch_size': 64, 'd_model': 512, 'nhead': 2, 'num_layers': 4, 'dropout': 0.14545788428719103, 'T': 1000, 'cosine_s': 0.04862875532405929, 'lambda_pdg': 0.5421982841497862, 'lambda_zplane': 0.33699038213876337, 'lambda_charge': 0.08706792310607987, 'gamma_end': 0.2215914383406884, 'gamma_start': 0.000885370433869607, 'grad_clip': 2.106318903802281, 'pct_start': 0.1081881465596449, 'div_factor': 8.980728908511793, 'use_asinh': True, 'asinh_scale_xy': 0.07041908672307146}.
  Trial  27 | Epoch  1/10 | train=164.42595 | val=14.35696 | VRAM alloc=0.91GB reserved=21.15GB
  Trial  27 | Epoch  2/10 | train=15.47123 | val=13.67865 | VRAM alloc=0.91GB reserved=21.15GB
  Trial  27 | Epoch  3/10 | train=14.33100 | val=19.62965 | VRAM alloc=0.91GB reserved=21.15GB
  Trial  27 | Epoch  4/10 | train=17.96226 | val=216.92691 | VRAM alloc=0.91GB reserved=21.15GB
  Trial  27 | Epoch  5/10 | train=14.48472 | val=8.18997 | VRAM alloc=0.91GB reserved=21.15GB
  Trial  27 | Epoch  6/10 | train=11.88709 | val=5.23312 | VRAM alloc=0.91GB reserved=21.15GB
  Trial  27 | Epoch  7/10 | train=12.27646 | val=3.34512 | VRAM alloc=0.91GB reserved=21.15GB
  Trial  27 | Epoch  8/10 | train=6.27595 | val=3.28778 | VRAM alloc=0.91GB reserved=21.15GB
  Trial  27 | Epoch  9/10 | train=3.58205 | val=3.23553 | VRAM alloc=0.91GB reserved=21.15GB
                                                         27%|██▋       | 27/100 [21:14:07<67:43:17, 3339.69s/it] 28%|██▊       | 28/100 [21:14:07<66:26:27, 3322.05s/it]  Trial  27 | Epoch 10/10 | train=3.09953 | val=2.99992 | VRAM alloc=0.91GB reserved=21.15GB
  Trial 27 | best_val=2.99992 | peak_score=0.08929
[I 2026-03-23 10:42:29,569] Trial 27 finished with values: [2.999924471884063, 0.08929216228154374] and parameters: {'lr': 0.0007463019058890392, 'batch_size': 64, 'd_model': 512, 'nhead': 2, 'num_layers': 3, 'dropout': 0.0925732704420312, 'T': 500, 'cosine_s': 0.0010429594494735302, 'lambda_pdg': 0.3397680545747583, 'lambda_zplane': 0.5280609494574597, 'lambda_charge': 0.051292426605464396, 'gamma_end': 0.1503058682306208, 'gamma_start': 0.0002979179877744693, 'grad_clip': 1.889516769822079, 'pct_start': 0.1557806310029528, 'div_factor': 23.818632127312878, 'use_asinh': False}.
  Trial  28 | Epoch  1/10 | train=69.44111 | val=16.00566 | VRAM alloc=1.02GB reserved=21.17GB
  Trial  28 | Epoch  2/10 | train=13.06460 | val=9.27214 | VRAM alloc=1.02GB reserved=21.17GB
  Trial  28 | Epoch  3/10 | train=8.56267 | val=12.24622 | VRAM alloc=1.02GB reserved=21.17GB
  Trial  28 | Epoch  4/10 | train=13.25722 | val=3.37547 | VRAM alloc=1.02GB reserved=21.17GB
  Trial  28 | Epoch  5/10 | train=7.40412 | val=4.15917 | VRAM alloc=1.02GB reserved=21.17GB
  Trial  28 | Epoch  6/10 | train=3.44089 | val=3.57571 | VRAM alloc=1.02GB reserved=21.17GB
  Trial  28 | Epoch  7/10 | train=3.12068 | val=2.84059 | VRAM alloc=1.02GB reserved=21.17GB
  Trial  28 | Epoch  8/10 | train=2.90955 | val=2.89212 | VRAM alloc=1.02GB reserved=21.17GB
  Trial  28 | Epoch  9/10 | train=2.78672 | val=2.53979 | VRAM alloc=1.02GB reserved=21.17GB
                                                         28%|██▊       | 28/100 [21:52:12<66:26:27, 3322.05s/it] 29%|██▉       | 29/100 [21:52:12<59:22:46, 3010.79s/it]  Trial  28 | Epoch 10/10 | train=2.53440 | val=2.42505 | VRAM alloc=0.11GB reserved=21.17GB
  Trial 28 | best_val=2.42505 | peak_score=0.14047
[I 2026-03-23 11:20:34,132] Trial 28 finished with values: [2.4250459084144005, 0.14046934596613] and parameters: {'lr': 0.0010257310228088423, 'batch_size': 32, 'd_model': 512, 'nhead': 2, 'num_layers': 2, 'dropout': 0.16479809992276767, 'T': 500, 'cosine_s': 0.007318340606720765, 'lambda_pdg': 0.8070353016788737, 'lambda_zplane': 1.6201748724613487, 'lambda_charge': 0.011597142484627171, 'gamma_end': 0.22814871215730106, 'gamma_start': 0.0004318395617405938, 'grad_clip': 2.318138774911792, 'pct_start': 0.10086452838632969, 'div_factor': 14.111995689997588, 'use_asinh': False}.
                                                         29%|██▉       | 29/100 [21:52:25<59:22:46, 3010.79s/it] 30%|███       | 30/100 [21:52:25<41:03:25, 2111.51s/it]  Trial 29 OOM during train (batch_size=64, d_model=512, T=500) — returning worst case.
[I 2026-03-23 11:20:47,388] Trial 29 finished with values: [inf, inf] and parameters: {'lr': 0.0008737855571136163, 'batch_size': 64, 'd_model': 512, 'nhead': 4, 'num_layers': 4, 'dropout': 0.12593520035649924, 'T': 500, 'cosine_s': 0.020327653376874765, 'lambda_pdg': 0.47130751869513027, 'lambda_zplane': 0.5013542817722875, 'lambda_charge': 0.002989438048965626, 'gamma_end': 0.10971547514253074, 'gamma_start': 0.0005418403684036031, 'grad_clip': 1.965933239112628, 'pct_start': 0.139855076673419, 'div_factor': 9.845460092532718, 'use_asinh': False}.
                                                         30%|███       | 30/100 [21:52:37<41:03:25, 2111.51s/it] 31%|███       | 31/100 [21:52:37<28:23:54, 1481.66s/it]  Trial 30 OOM during train (batch_size=64, d_model=512, T=1000) — returning worst case.
[I 2026-03-23 11:20:59,414] Trial 30 finished with values: [inf, inf] and parameters: {'lr': 0.0005735789680337937, 'batch_size': 64, 'd_model': 512, 'nhead': 8, 'num_layers': 3, 'dropout': 0.10526053798700068, 'T': 1000, 'cosine_s': 0.003792138168639273, 'lambda_pdg': 0.60098708446139, 'lambda_zplane': 0.22317849779782795, 'lambda_charge': 0.020987835991049416, 'gamma_end': 0.2744030611642593, 'gamma_start': 0.0001625204084615004, 'grad_clip': 1.7736026139703196, 'pct_start': 0.11798035323412845, 'div_factor': 9.28449395997843, 'use_asinh': True, 'asinh_scale_xy': 0.06274261965532978}.
  Trial  31 | Epoch  1/10 | train=33.10237 | val=4.40372 | VRAM alloc=0.31GB reserved=22.33GB
  Trial  31 | Epoch  2/10 | train=4.66178 | val=6.19218 | VRAM alloc=0.31GB reserved=22.34GB
  Trial  31 | Epoch  3/10 | train=3.64656 | val=3.36822 | VRAM alloc=0.31GB reserved=22.34GB
  Trial  31 | Epoch  4/10 | train=3.40800 | val=3.13126 | VRAM alloc=0.31GB reserved=22.34GB
  Trial  31 | Epoch  5/10 | train=2.90052 | val=2.84543 | VRAM alloc=0.31GB reserved=22.34GB
  Trial  31 | Epoch  6/10 | train=2.67112 | val=2.54207 | VRAM alloc=0.31GB reserved=22.34GB
  Trial  31 | Epoch  7/10 | train=2.44127 | val=2.41936 | VRAM alloc=0.31GB reserved=22.34GB
  Trial  31 | Epoch  8/10 | train=2.28037 | val=2.30859 | VRAM alloc=0.31GB reserved=22.34GB
  Trial  31 | Epoch  9/10 | train=2.26719 | val=2.10674 | VRAM alloc=0.31GB reserved=22.34GB
                                                         31%|███       | 31/100 [23:05:18<28:23:54, 1481.66s/it] 32%|███▏      | 32/100 [23:05:18<44:18:17, 2345.55s/it]  Trial  31 | Epoch 10/10 | train=2.18105 | val=2.15322 | VRAM alloc=0.31GB reserved=22.34GB
  Trial 31 | best_val=2.10674 | peak_score=0.03766
[I 2026-03-23 12:33:40,690] Trial 31 finished with values: [2.106743483832388, 0.03765652119161428] and parameters: {'lr': 0.0006363831045597474, 'batch_size': 64, 'd_model': 512, 'nhead': 2, 'num_layers': 4, 'dropout': 0.07284189723916132, 'T': 500, 'cosine_s': 0.0012662242651826354, 'lambda_pdg': 0.130091719483551, 'lambda_zplane': 0.6808009633128723, 'lambda_charge': 0.00733525362957714, 'gamma_end': 0.05057809868897166, 'gamma_start': 0.0006402024679365818, 'grad_clip': 1.7092277058721612, 'pct_start': 0.17882660175373524, 'div_factor': 18.009124630395952, 'use_asinh': False}.
  Trial  32 | Epoch  1/10 | train=19.99420 | val=3.54583 | VRAM alloc=0.56GB reserved=22.36GB
  Trial  32 | Epoch  2/10 | train=3.74272 | val=6.37384 | VRAM alloc=0.56GB reserved=22.36GB
  Trial  32 | Epoch  3/10 | train=3.59640 | val=3.79552 | VRAM alloc=0.56GB reserved=22.36GB
  Trial  32 | Epoch  4/10 | train=2.96128 | val=2.30970 | VRAM alloc=0.56GB reserved=22.36GB
  Trial  32 | Epoch  5/10 | train=3.81200 | val=3.02254 | VRAM alloc=0.56GB reserved=22.36GB
  Trial  32 | Epoch  6/10 | train=3.36985 | val=2.23230 | VRAM alloc=0.56GB reserved=22.36GB
  Trial  32 | Epoch  7/10 | train=2.34489 | val=2.19206 | VRAM alloc=0.56GB reserved=22.36GB
  Trial  32 | Epoch  8/10 | train=2.19744 | val=2.34143 | VRAM alloc=0.56GB reserved=22.36GB
  Trial  32 | Epoch  9/10 | train=2.19509 | val=2.09400 | VRAM alloc=0.56GB reserved=22.36GB
                                                         32%|███▏      | 32/100 [24:29:20<44:18:17, 2345.55s/it] 33%|███▎      | 33/100 [24:29:20<58:42:34, 3154.54s/it]  Trial  32 | Epoch 10/10 | train=2.04085 | val=1.99631 | VRAM alloc=0.56GB reserved=22.36GB
  Peak score failed: CUDA out of memory. Tried to allocate 5.04 GiB (GPU 0; 23.60 GiB total capacity; 14.62 GiB already allocated; 4.25 GiB free; 19.00 GiB reserved in total by PyTorch) If reserved memory is >> allocated memory try setting max_split_size_mb to avoid fragmentation.  See documentation for Memory Management and PYTORCH_CUDA_ALLOC_CONF
  Trial 32 | best_val=1.99631 | peak_score=1.00000
[I 2026-03-23 13:57:42,842] Trial 32 finished with values: [1.9963073739638695, 1.0] and parameters: {'lr': 0.0006355494674705769, 'batch_size': 16, 'd_model': 512, 'nhead': 4, 'num_layers': 5, 'dropout': 0.07465894263015987, 'T': 500, 'cosine_s': 0.0010834953071019034, 'lambda_pdg': 0.12201439028449806, 'lambda_zplane': 0.9334464357629322, 'lambda_charge': 0.007289295129239063, 'gamma_end': 0.06897542383163884, 'gamma_start': 0.0009803025705871467, 'grad_clip': 1.6700552655717567, 'pct_start': 0.18254642624766637, 'div_factor': 18.267055033405622, 'use_asinh': False}.
  Trial  33 | Epoch  1/10 | train=46.94399 | val=5.99276 | VRAM alloc=0.62GB reserved=19.06GB
  Trial  33 | Epoch  2/10 | train=12.46012 | val=2.80510 | VRAM alloc=0.62GB reserved=19.06GB
  Trial  33 | Epoch  3/10 | train=2.73821 | val=2.71413 | VRAM alloc=0.62GB reserved=19.06GB
  Trial  33 | Epoch  4/10 | train=2.66977 | val=2.55236 | VRAM alloc=0.62GB reserved=19.06GB
  Trial  33 | Epoch  5/10 | train=2.64518 | val=2.42426 | VRAM alloc=0.07GB reserved=19.06GB
  Trial  33 | Epoch  6/10 | train=2.53831 | val=2.19426 | VRAM alloc=0.07GB reserved=19.06GB
  Trial  33 | Epoch  7/10 | train=2.49710 | val=2.19214 | VRAM alloc=0.07GB reserved=19.06GB
  Trial  33 | Epoch  8/10 | train=2.24896 | val=2.14507 | VRAM alloc=0.07GB reserved=19.06GB
  Trial  33 | Epoch  9/10 | train=2.12350 | val=2.06727 | VRAM alloc=0.07GB reserved=19.06GB
                                                         33%|███▎      | 33/100 [25:11:42<58:42:34, 3154.54s/it] 34%|███▍      | 34/100 [25:11:42<54:27:41, 2970.63s/it]  Trial  33 | Epoch 10/10 | train=2.07938 | val=2.05435 | VRAM alloc=0.07GB reserved=19.06GB
  Trial 33 | best_val=2.05435 | peak_score=0.35665
[I 2026-03-23 14:40:04,360] Trial 33 finished with values: [2.0543521679364716, 0.3566526340822611] and parameters: {'lr': 0.0015112532572096901, 'batch_size': 32, 'd_model': 256, 'nhead': 2, 'num_layers': 5, 'dropout': 0.08066184028790023, 'T': 1000, 'cosine_s': 0.0002679928244566625, 'lambda_pdg': 0.2706369759655558, 'lambda_zplane': 0.7292292606206641, 'lambda_charge': 0.004770000878266654, 'gamma_end': 0.09665463547955029, 'gamma_start': 0.0021355937851197755, 'grad_clip': 1.606196484040371, 'pct_start': 0.17792288229706751, 'div_factor': 16.806207196873657, 'use_asinh': True, 'asinh_scale_xy': 0.019777422235721976}.
  Trial  34 | Epoch  1/10 | train=18.24640 | val=3.68131 | VRAM alloc=0.27GB reserved=19.06GB
  Trial  34 | Epoch  2/10 | train=3.47615 | val=3.12612 | VRAM alloc=0.27GB reserved=19.06GB
  Trial  34 | Epoch  3/10 | train=3.18285 | val=2.75748 | VRAM alloc=0.27GB reserved=19.06GB
  Trial  34 | Epoch  4/10 | train=2.66787 | val=2.48296 | VRAM alloc=0.27GB reserved=19.06GB
  Trial  34 | Epoch  5/10 | train=2.50370 | val=2.34494 | VRAM alloc=0.27GB reserved=19.06GB
  Trial  34 | Epoch  6/10 | train=2.33058 | val=2.24180 | VRAM alloc=0.27GB reserved=19.06GB
  Trial  34 | Epoch  7/10 | train=2.13639 | val=2.04438 | VRAM alloc=0.27GB reserved=19.06GB
  Trial  34 | Epoch  8/10 | train=2.17406 | val=2.05140 | VRAM alloc=0.27GB reserved=19.06GB
  Trial  34 | Epoch  9/10 | train=2.06082 | val=1.94849 | VRAM alloc=0.27GB reserved=19.06GB
                                                         34%|███▍      | 34/100 [26:18:39<54:27:41, 2970.63s/it] 35%|███▌      | 35/100 [26:18:39<59:18:23, 3284.67s/it]  Trial  34 | Epoch 10/10 | train=2.00428 | val=1.97941 | VRAM alloc=0.27GB reserved=19.06GB
  Peak score failed: CUDA out of memory. Tried to allocate 5.04 GiB (GPU 0; 23.60 GiB total capacity; 19.36 GiB already allocated; 89.44 MiB free; 23.16 GiB reserved in total by PyTorch) If reserved memory is >> allocated memory try setting max_split_size_mb to avoid fragmentation.  See documentation for Memory Management and PYTORCH_CUDA_ALLOC_CONF
  Trial 34 | best_val=1.94849 | peak_score=1.00000
[I 2026-03-23 15:47:01,794] Trial 34 finished with values: [1.9484901189804078, 1.0] and parameters: {'lr': 0.0009402634493736242, 'batch_size': 32, 'd_model': 512, 'nhead': 4, 'num_layers': 4, 'dropout': 0.06636750440908827, 'T': 500, 'cosine_s': 0.0008531770282418589, 'lambda_pdg': 0.13269027434456956, 'lambda_zplane': 0.9217819871907962, 'lambda_charge': 0.0028453814810127866, 'gamma_end': 0.07113783899876114, 'gamma_start': 0.000577350565093714, 'grad_clip': 1.7992867449568397, 'pct_start': 0.19810960274143796, 'div_factor': 19.422126939582512, 'use_asinh': False}.
  Trial  35 | Epoch  1/10 | train=9.18019 | val=2.62908 | VRAM alloc=0.33GB reserved=23.22GB
  Trial  35 | Epoch  2/10 | train=2.41346 | val=2.21554 | VRAM alloc=0.33GB reserved=23.23GB
  Trial  35 | Epoch  3/10 | train=2.28706 | val=2.17470 | VRAM alloc=0.33GB reserved=23.23GB
  Trial  35 | Epoch  4/10 | train=2.23566 | val=2.14256 | VRAM alloc=0.33GB reserved=23.23GB
  Trial  35 | Epoch  5/10 | train=2.21106 | val=2.16442 | VRAM alloc=0.33GB reserved=23.23GB
  Trial  35 | Epoch  6/10 | train=2.15237 | val=2.09068 | VRAM alloc=0.33GB reserved=23.23GB
  Trial  35 | Epoch  7/10 | train=2.11434 | val=2.00071 | VRAM alloc=0.33GB reserved=23.23GB
  Trial  35 | Epoch  8/10 | train=2.07289 | val=2.03203 | VRAM alloc=0.33GB reserved=23.23GB
  Trial  35 | Epoch  9/10 | train=2.03802 | val=1.93755 | VRAM alloc=0.06GB reserved=23.23GB
                                                         35%|███▌      | 35/100 [26:58:59<59:18:23, 3284.67s/it] 36%|███▌      | 36/100 [26:58:59<53:46:55, 3025.25s/it]  Trial  35 | Epoch 10/10 | train=2.03039 | val=1.96209 | VRAM alloc=0.06GB reserved=23.23GB
  Trial 35 | best_val=1.93755 | peak_score=0.10974
