[I 2026-03-22 12:31:39,992] A new study created in RDB with name: particle_diff_cosine_charge_zplane_v2

============================================================
GPU CHECK
============================================================
CUDA available     : True
Device count       : 1
GPU 0              : NVIDIA A30
  VRAM total       : 23.6 GB
  VRAM allocated   : 0.00 GB
  Compute cap.     : 8.0
  Matmul test      : PASSED  (2048x2048 op completed OK)

  Active device    : NVIDIA A30
============================================================

  0%|          | 0/100 [00:00<?, ?it/s]  Trial   0 | Epoch  1/10 | train=27.35261 | val=16.41710 | VRAM alloc=0.30GB reserved=2.52GB
  Trial   0 | Epoch  2/10 | train=16.02692 | val=6.04898 | VRAM alloc=0.30GB reserved=2.52GB
  Trial   0 | Epoch  3/10 | train=3.25167 | val=2.33931 | VRAM alloc=0.30GB reserved=2.52GB
  Trial   0 | Epoch  4/10 | train=2.44461 | val=2.22024 | VRAM alloc=0.30GB reserved=2.52GB
  Trial   0 | Epoch  5/10 | train=2.27104 | val=2.14958 | VRAM alloc=0.30GB reserved=2.52GB
  Trial   0 | Epoch  6/10 | train=2.19471 | val=2.12408 | VRAM alloc=0.30GB reserved=2.52GB
  Trial   0 | Epoch  7/10 | train=2.13604 | val=2.09052 | VRAM alloc=0.30GB reserved=2.52GB
  Trial   0 | Epoch  8/10 | train=2.08502 | val=2.04813 | VRAM alloc=0.30GB reserved=2.52GB
  Trial   0 | Epoch  9/10 | train=2.06828 | val=2.04177 | VRAM alloc=0.30GB reserved=2.52GB
                                         0%|          | 0/100 [2:24:28<?, ?it/s]  1%|          | 1/100 [2:24:28<238:23:01, 8668.50s/it]  Trial   0 | Epoch 10/10 | train=2.05754 | val=2.03005 | VRAM alloc=0.30GB reserved=2.52GB
  Peak score failed: CUDA out of memory. Tried to allocate 10.07 GiB (GPU 0; 23.60 GiB total capacity; 14.36 GiB already allocated; 8.57 GiB free; 14.68 GiB reserved in total by PyTorch) If reserved memory is >> allocated memory try setting max_split_size_mb to avoid fragmentation.  See documentation for Memory Management and PYTORCH_CUDA_ALLOC_CONF
  Trial 0 | best_val=2.03005 | peak_score=1.00000
[I 2026-03-22 14:56:08,501] Trial 0 finished with values: [2.030054218944956, 1.0] and parameters: {'lr': 0.00043284502212938834, 'batch_size': 2, 'd_model': 512, 'nhead': 8, 'num_layers': 6, 'dropout': 0.06370173320348284, 'T': 1000, 'cosine_s': 0.0014648955132800737, 'lambda_pdg': 0.6178968233861818, 'lambda_charge': 0.044809759182149515, 'lambda_zplane': 0.32201302827148154, 'gamma_end': 0.1814650918408482, 'grad_clip': 2.148628294821613, 'gamma_start': 0.00023345864076016249, 'pct_start': 0.16777639420895207, 'div_factor': 15.83703155911875}.
  Trial   1 | Epoch  1/10 | train=46.81891 | val=9.36097 | VRAM alloc=0.50GB reserved=14.71GB
  Trial   1 | Epoch  2/10 | train=13.33284 | val=9.33832 | VRAM alloc=0.20GB reserved=14.71GB
  Trial   1 | Epoch  3/10 | train=27.81931 | val=4.14473 | VRAM alloc=0.20GB reserved=14.71GB
  Trial   1 | Epoch  4/10 | train=72.77958 | val=6.35355 | VRAM alloc=0.20GB reserved=14.71GB
  Trial   1 | Epoch  5/10 | train=8.92481 | val=3.55515 | VRAM alloc=0.20GB reserved=14.71GB
  Trial   1 | Epoch  6/10 | train=9.44250 | val=3.61381 | VRAM alloc=0.20GB reserved=14.71GB
  Trial   1 | Epoch  7/10 | train=4.15878 | val=2.69063 | VRAM alloc=0.20GB reserved=14.71GB
  Trial   1 | Epoch  8/10 | train=3.41985 | val=2.43198 | VRAM alloc=0.20GB reserved=14.71GB
  Trial   1 | Epoch  9/10 | train=2.49361 | val=2.37049 | VRAM alloc=0.20GB reserved=14.71GB
                                                         1%|          | 1/100 [3:50:53<238:23:01, 8668.50s/it]  2%|▏         | 2/100 [3:50:53<180:11:53, 6619.52s/it]  Trial   1 | Epoch 10/10 | train=2.27951 | val=2.21674 | VRAM alloc=0.20GB reserved=14.71GB
  Peak score failed: CUDA out of memory. Tried to allocate 10.07 GiB (GPU 0; 23.60 GiB total capacity; 4.19 GiB already allocated; 8.71 GiB free; 14.54 GiB reserved in total by PyTorch) If reserved memory is >> allocated memory try setting max_split_size_mb to avoid fragmentation.  See documentation for Memory Management and PYTORCH_CUDA_ALLOC_CONF
  Trial 1 | best_val=2.21674 | peak_score=1.00000
[I 2026-03-22 16:22:33,739] Trial 1 finished with values: [2.2167440004073655, 1.0] and parameters: {'lr': 0.000747599299995651, 'batch_size': 8, 'd_model': 512, 'nhead': 8, 'num_layers': 4, 'dropout': 0.036611470453433645, 'T': 500, 'cosine_s': 0.0061394260508981545, 'lambda_pdg': 0.6578365983743514, 'lambda_charge': 0.02533074654001447, 'lambda_zplane': 1.1160850447193953, 'gamma_end': 0.13318450498648718, 'grad_clip': 4.863130824940513, 'gamma_start': 0.002115429079726122, 'pct_start': 0.19092484123462838, 'div_factor': 78.49235338159363}.
  Trial   2 | Epoch  1/10 | train=1094.59809 | val=72813.54826 | VRAM alloc=0.45GB reserved=14.55GB
  Trial   2 | Epoch  2/10 | train=695.58796 | val=99329.72384 | VRAM alloc=0.24GB reserved=14.55GB
  Trial   2 | Epoch  3/10 | train=551.40006 | val=99332.91589 | VRAM alloc=0.24GB reserved=14.55GB
  Trial   2 | Epoch  4/10 | train=413.06162 | val=94819.10471 | VRAM alloc=0.24GB reserved=14.55GB
  Trial   2 | Epoch  5/10 | train=309.06527 | val=72831.05441 | VRAM alloc=0.24GB reserved=14.55GB
  Trial   2 | Epoch  6/10 | train=211.58053 | val=64573.65221 | VRAM alloc=0.24GB reserved=14.55GB
  Trial   2 | Epoch  7/10 | train=151.44923 | val=92298.32342 | VRAM alloc=0.24GB reserved=14.55GB
  Trial   2 | Epoch  8/10 | train=119.16961 | val=38294.25525 | VRAM alloc=0.24GB reserved=14.55GB
  Trial   2 | Epoch  9/10 | train=105.94882 | val=35356.03750 | VRAM alloc=0.24GB reserved=14.55GB
                                                         2%|▏         | 2/100 [5:09:49<180:11:53, 6619.52s/it]  3%|▎         | 3/100 [5:09:49<155:10:44, 5759.22s/it]  Trial   2 | Epoch 10/10 | train=95.17087 | val=583.20545 | VRAM alloc=0.24GB reserved=14.55GB
  Peak score failed: CUDA out of memory. Tried to allocate 10.07 GiB (GPU 0; 23.60 GiB total capacity; 16.28 GiB already allocated; 763.44 MiB free; 22.51 GiB reserved in total by PyTorch) If reserved memory is >> allocated memory try setting max_split_size_mb to avoid fragmentation.  See documentation for Memory Management and PYTORCH_CUDA_ALLOC_CONF
  Trial 2 | best_val=583.20545 | peak_score=1.00000
[I 2026-03-22 17:41:29,197] Trial 2 finished with values: [583.2054473330683, 1.0] and parameters: {'lr': 0.0010370844668954541, 'batch_size': 2, 'd_model': 768, 'nhead': 8, 'num_layers': 2, 'dropout': 0.2406590942262119, 'T': 250, 'cosine_s': 0.00010349134435467596, 'lambda_pdg': 1.6401497854869267, 'lambda_charge': 0.08086987436021253, 'lambda_zplane': 1.4715639776799252, 'gamma_end': 0.39707165600867556, 'grad_clip': 0.8332009328034067, 'gamma_start': 0.0001189589673755355, 'pct_start': 0.06738035892876947, 'div_factor': 72.96312489711156}.
                                                         3%|▎         | 3/100 [5:09:57<155:10:44, 5759.22s/it]  4%|▍         | 4/100 [5:09:57<93:02:14, 3488.90s/it]   Trial 3 OOM during train (batch_size=32, d_model=512, T=250) — returning worst case.
[I 2026-03-22 17:41:37,710] Trial 3 finished with values: [inf, inf] and parameters: {'lr': 0.0011454201562599393, 'batch_size': 32, 'd_model': 512, 'nhead': 8, 'num_layers': 4, 'dropout': 0.2312901539863683, 'T': 250, 'cosine_s': 0.00019552204240237708, 'lambda_pdg': 0.1112869120891318, 'lambda_charge': 0.05219784944979271, 'lambda_zplane': 0.6629941630988371, 'gamma_end': 0.27885681102411625, 'grad_clip': 4.584049132667419, 'gamma_start': 5.59598687800608e-05, 'pct_start': 0.11155743845534447, 'div_factor': 56.95752881519846}.
  Trial   4 | Epoch  1/10 | train=10.01757 | val=2.97629 | VRAM alloc=0.54GB reserved=22.54GB
  Trial   4 | Epoch  2/10 | train=3.08690 | val=2.82780 | VRAM alloc=0.54GB reserved=22.54GB
  Trial   4 | Epoch  3/10 | train=2.92882 | val=3.11107 | VRAM alloc=0.54GB reserved=22.54GB
  Trial   4 | Epoch  4/10 | train=2.71125 | val=2.53682 | VRAM alloc=0.54GB reserved=22.54GB
  Trial   4 | Epoch  5/10 | train=2.67979 | val=2.61625 | VRAM alloc=0.54GB reserved=22.54GB
  Trial   4 | Epoch  6/10 | train=2.58341 | val=2.46780 | VRAM alloc=0.54GB reserved=22.54GB
  Trial   4 | Epoch  7/10 | train=2.50465 | val=2.42392 | VRAM alloc=0.54GB reserved=22.54GB
  Trial   4 | Epoch  8/10 | train=2.48583 | val=2.43837 | VRAM alloc=0.54GB reserved=22.54GB
  Trial   4 | Epoch  9/10 | train=2.43875 | val=2.34043 | VRAM alloc=0.54GB reserved=22.54GB
                                                        4%|▍         | 4/100 [6:49:10<93:02:14, 3488.90s/it]  5%|▌         | 5/100 [6:49:10<115:30:54, 4377.41s/it]  Trial   4 | Epoch 10/10 | train=2.43632 | val=2.40269 | VRAM alloc=0.54GB reserved=22.54GB
  Peak score failed: CUDA out of memory. Tried to allocate 5.04 GiB (GPU 0; 23.60 GiB total capacity; 19.64 GiB already allocated; 727.44 MiB free; 22.54 GiB reserved in total by PyTorch) If reserved memory is >> allocated memory try setting max_split_size_mb to avoid fragmentation.  See documentation for Memory Management and PYTORCH_CUDA_ALLOC_CONF
  Trial 4 | best_val=2.34043 | peak_score=1.00000
[I 2026-03-22 19:20:50,534] Trial 4 finished with values: [2.340429395895738, 1.0] and parameters: {'lr': 0.0002447491657907381, 'batch_size': 16, 'd_model': 512, 'nhead': 4, 'num_layers': 6, 'dropout': 0.26882738997704797, 'T': 1000, 'cosine_s': 0.016136053172804806, 'lambda_pdg': 1.7284246373498697, 'lambda_charge': 0.0010441516804561306, 'lambda_zplane': 1.0459572400262531, 'gamma_end': 0.23783495141695055, 'grad_clip': 1.4994851471182862, 'gamma_start': 2.2887381144600954e-05, 'pct_start': 0.10064227571054421, 'div_factor': 87.68184989765527}.
  Trial   5 | Epoch  1/10 | train=28.04001 | val=9.79341 | VRAM alloc=0.74GB reserved=22.57GB
  Trial   5 | Epoch  2/10 | train=6.85825 | val=3.65402 | VRAM alloc=0.20GB reserved=22.57GB
  Trial   5 | Epoch  3/10 | train=3.29298 | val=2.98902 | VRAM alloc=0.21GB reserved=22.57GB
  Trial   5 | Epoch  4/10 | train=2.99794 | val=2.89642 | VRAM alloc=0.21GB reserved=22.57GB
  Trial   5 | Epoch  5/10 | train=2.88698 | val=2.85421 | VRAM alloc=0.20GB reserved=22.57GB
  Trial   5 | Epoch  6/10 | train=2.83110 | val=2.79997 | VRAM alloc=0.21GB reserved=22.57GB
  Trial   5 | Epoch  7/10 | train=2.79999 | val=2.77412 | VRAM alloc=0.21GB reserved=22.57GB
  Trial   5 | Epoch  8/10 | train=2.77943 | val=2.77299 | VRAM alloc=0.20GB reserved=22.57GB
  Trial   5 | Epoch  9/10 | train=2.76005 | val=2.74902 | VRAM alloc=0.21GB reserved=22.57GB
                                                         5%|▌         | 5/100 [8:12:59<115:30:54, 4377.41s/it]  6%|▌         | 6/100 [8:12:59<120:04:45, 4598.78s/it]  Trial   5 | Epoch 10/10 | train=2.75658 | val=2.75324 | VRAM alloc=0.21GB reserved=22.57GB
  Peak score failed: CUDA out of memory. Tried to allocate 10.07 GiB (GPU 0; 23.60 GiB total capacity; 14.26 GiB already allocated; 795.44 MiB free; 22.47 GiB reserved in total by PyTorch) If reserved memory is >> allocated memory try setting max_split_size_mb to avoid fragmentation.  See documentation for Memory Management and PYTORCH_CUDA_ALLOC_CONF
  Trial 5 | best_val=2.74902 | peak_score=1.00000
[I 2026-03-22 20:44:39,018] Trial 5 finished with values: [2.7490238189697265, 1.0] and parameters: {'lr': 0.0003540887158475057, 'batch_size': 16, 'd_model': 512, 'nhead': 8, 'num_layers': 4, 'dropout': 0.015443625374996805, 'T': 250, 'cosine_s': 0.0020942007873162487, 'lambda_pdg': 1.9720183855156714, 'lambda_charge': 0.004500905733350049, 'lambda_zplane': 1.3606643174414632, 'gamma_end': 0.39272882689792293, 'grad_clip': 1.5693689479657986, 'gamma_start': 0.0015298506868937445, 'pct_start': 0.105167469907888, 'div_factor': 42.885041096271564}.
  Trial   6 | Epoch  1/10 | train=3106.76062 | val=58.35869 | VRAM alloc=0.76GB reserved=22.47GB
  Trial   6 | Epoch  2/10 | train=1151.75640 | val=58.06024 | VRAM alloc=0.76GB reserved=22.47GB
  Trial   6 | Epoch  3/10 | train=884.99143 | val=57.26544 | VRAM alloc=0.76GB reserved=22.47GB
  Trial   6 | Epoch  4/10 | train=1580.03487 | val=55.52559 | VRAM alloc=0.76GB reserved=22.47GB
  Trial   6 | Epoch  5/10 | train=289.66671 | val=60.67548 | VRAM alloc=0.76GB reserved=22.47GB
  Trial   6 | Epoch  6/10 | train=81.61157 | val=53.80894 | VRAM alloc=0.56GB reserved=22.47GB
  Trial   6 | Epoch  7/10 | train=67.77190 | val=41.07032 | VRAM alloc=0.56GB reserved=22.47GB
  Trial   6 | Epoch  8/10 | train=33.59967 | val=9.40476 | VRAM alloc=0.56GB reserved=22.47GB
  Trial   6 | Epoch  9/10 | train=8.61757 | val=4.25111 | VRAM alloc=0.56GB reserved=22.47GB
                                                         6%|▌         | 6/100 [10:52:55<120:04:45, 4598.78s/it]  7%|▋         | 7/100 [10:52:55<161:00:44, 6232.74s/it]  Trial   6 | Epoch 10/10 | train=4.22619 | val=3.79494 | VRAM alloc=0.56GB reserved=22.47GB
  Peak score failed: CUDA out of memory. Tried to allocate 5.04 GiB (GPU 0; 23.60 GiB total capacity; 16.60 GiB already allocated; 819.44 MiB free; 22.45 GiB reserved in total by PyTorch) If reserved memory is >> allocated memory try setting max_split_size_mb to avoid fragmentation.  See documentation for Memory Management and PYTORCH_CUDA_ALLOC_CONF
  Trial 6 | best_val=3.79494 | peak_score=1.00000
[I 2026-03-22 23:24:35,791] Trial 6 finished with values: [3.7949401745429405, 1.0] and parameters: {'lr': 0.0011921968649009668, 'batch_size': 8, 'd_model': 768, 'nhead': 4, 'num_layers': 5, 'dropout': 0.05230992870149743, 'T': 500, 'cosine_s': 0.0008327753295178549, 'lambda_pdg': 0.2712733664191487, 'lambda_charge': 0.3131268715143098, 'lambda_zplane': 1.760811739092913, 'gamma_end': 0.16607373247182003, 'grad_clip': 3.4699282071538056, 'gamma_start': 0.0028292192255361887, 'pct_start': 0.13328012173991938, 'div_factor': 33.85716409006224}.
  Trial   7 | Epoch  1/10 | train=10.62050 | val=3.46998 | VRAM alloc=0.80GB reserved=22.45GB
  Trial   7 | Epoch  2/10 | train=3.46634 | val=3.34077 | VRAM alloc=0.80GB reserved=22.45GB
  Trial   7 | Epoch  3/10 | train=3.35505 | val=3.25560 | VRAM alloc=0.80GB reserved=22.45GB
  Trial   7 | Epoch  4/10 | train=3.35282 | val=2.82725 | VRAM alloc=0.80GB reserved=22.45GB
  Trial   7 | Epoch  5/10 | train=2.95844 | val=2.71434 | VRAM alloc=0.80GB reserved=22.45GB
  Trial   7 | Epoch  6/10 | train=2.64506 | val=2.69509 | VRAM alloc=0.80GB reserved=22.45GB
  Trial   7 | Epoch  7/10 | train=2.46593 | val=2.35010 | VRAM alloc=0.80GB reserved=22.45GB
  Trial   7 | Epoch  8/10 | train=2.30229 | val=2.27499 | VRAM alloc=0.80GB reserved=22.45GB
  Trial   7 | Epoch  9/10 | train=2.23951 | val=2.20416 | VRAM alloc=0.80GB reserved=22.45GB
                                                          7%|▋         | 7/100 [11:56:56<161:00:44, 6232.74s/it]  8%|▊         | 8/100 [11:56:56<139:49:17, 5471.27s/it]  Trial   7 | Epoch 10/10 | train=2.21615 | val=2.15200 | VRAM alloc=0.80GB reserved=22.45GB
  Trial 7 | best_val=2.15200 | peak_score=0.12471
[I 2026-03-23 00:28:36,631] Trial 7 finished with values: [2.151996778524839, 0.12470847697543419] and parameters: {'lr': 0.00025757267464272164, 'batch_size': 8, 'd_model': 768, 'nhead': 2, 'num_layers': 2, 'dropout': 0.04848861422838413, 'T': 100, 'cosine_s': 0.006176911409536511, 'lambda_pdg': 0.05987008850012644, 'lambda_charge': 0.0027165400187438653, 'lambda_zplane': 1.120030889264843, 'gamma_end': 0.36135283896171194, 'grad_clip': 3.4338256677617025, 'gamma_start': 4.70769077431769e-05, 'pct_start': 0.1568268832021304, 'div_factor': 17.26828021869849}.
  Trial   8 | Epoch  1/10 | train=18.59082 | val=6.89579 | VRAM alloc=0.30GB reserved=22.48GB
  Trial   8 | Epoch  2/10 | train=9.97588 | val=8.49437 | VRAM alloc=0.30GB reserved=22.48GB
  Trial   8 | Epoch  3/10 | train=3.18749 | val=2.57495 | VRAM alloc=0.30GB reserved=22.48GB
  Trial   8 | Epoch  4/10 | train=2.62868 | val=2.52683 | VRAM alloc=0.30GB reserved=22.48GB
  Trial   8 | Epoch  5/10 | train=2.49204 | val=2.36544 | VRAM alloc=0.30GB reserved=22.48GB
  Trial   8 | Epoch  6/10 | train=2.43086 | val=2.31239 | VRAM alloc=0.30GB reserved=22.48GB
  Trial   8 | Epoch  7/10 | train=2.39646 | val=2.36263 | VRAM alloc=0.30GB reserved=22.48GB
  Trial   8 | Epoch  8/10 | train=2.35919 | val=2.34484 | VRAM alloc=0.30GB reserved=22.48GB
  Trial   8 | Epoch  9/10 | train=2.35738 | val=2.32088 | VRAM alloc=0.30GB reserved=22.48GB
                                                          8%|▊         | 8/100 [13:40:37<139:49:17, 5471.27s/it]  9%|▉         | 9/100 [13:40:37<144:13:34, 5705.66s/it]  Trial   8 | Epoch 10/10 | train=2.33321 | val=2.33460 | VRAM alloc=0.30GB reserved=22.48GB
  Peak score failed: CUDA out of memory. Tried to allocate 5.04 GiB (GPU 0; 23.60 GiB total capacity; 19.39 GiB already allocated; 853.44 MiB free; 22.42 GiB reserved in total by PyTorch) If reserved memory is >> allocated memory try setting max_split_size_mb to avoid fragmentation.  See documentation for Memory Management and PYTORCH_CUDA_ALLOC_CONF
  Trial 8 | best_val=2.31239 | peak_score=1.00000
[I 2026-03-23 02:12:17,661] Trial 8 finished with values: [2.312388588373478, 1.0] and parameters: {'lr': 0.0003571447962001007, 'batch_size': 8, 'd_model': 512, 'nhead': 4, 'num_layers': 6, 'dropout': 0.18934158779917887, 'T': 100, 'cosine_s': 0.0003364766780043985, 'lambda_pdg': 1.4587816247599354, 'lambda_charge': 0.005725272791286159, 'lambda_zplane': 0.09741613454133499, 'gamma_end': 0.3404625331582255, 'grad_clip': 1.2969980573317201, 'gamma_start': 0.006627897035983008, 'pct_start': 0.19308928655038815, 'div_factor': 82.19859422471133}.
  Trial   9 | Epoch  1/10 | train=49.14647 | val=13.95033 | VRAM alloc=0.05GB reserved=22.47GB
  Trial   9 | Epoch  2/10 | train=9.80845 | val=4.16425 | VRAM alloc=0.05GB reserved=22.47GB
  Trial   9 | Epoch  3/10 | train=7.80968 | val=7.59851 | VRAM alloc=0.05GB reserved=22.47GB
  Trial   9 | Epoch  4/10 | train=4.64237 | val=3.09359 | VRAM alloc=0.05GB reserved=22.47GB
  Trial   9 | Epoch  5/10 | train=3.16440 | val=2.60408 | VRAM alloc=0.05GB reserved=22.47GB
  Trial   9 | Epoch  6/10 | train=2.90459 | val=2.56702 | VRAM alloc=0.05GB reserved=22.47GB
  Trial   9 | Epoch  7/10 | train=2.70187 | val=2.70492 | VRAM alloc=0.05GB reserved=22.47GB
  Trial   9 | Epoch  8/10 | train=2.61182 | val=2.45602 | VRAM alloc=0.05GB reserved=22.47GB
  Trial   9 | Epoch  9/10 | train=2.56174 | val=2.42903 | VRAM alloc=0.05GB reserved=22.47GB
                                                          9%|▉         | 9/100 [14:08:18<144:13:34, 5705.66s/it] 10%|█         | 10/100 [14:08:18<111:25:37, 4457.09s/it]  Trial   9 | Epoch 10/10 | train=2.55414 | val=2.43197 | VRAM alloc=0.05GB reserved=22.47GB
  Trial 9 | best_val=2.42903 | peak_score=0.10374
[I 2026-03-23 02:39:58,985] Trial 9 finished with values: [2.429026689896217, 0.10374180450534157] and parameters: {'lr': 0.0004254891877710625, 'batch_size': 16, 'd_model': 256, 'nhead': 2, 'num_layers': 4, 'dropout': 0.2808464322482343, 'T': 100, 'cosine_s': 0.04700300715751032, 'lambda_pdg': 0.3231638297112218, 'lambda_charge': 0.025058564247579296, 'lambda_zplane': 1.760877490259513, 'gamma_end': 0.383345877989392, 'grad_clip': 3.636570834478706, 'gamma_start': 0.0012807142800445779, 'pct_start': 0.10392367268296329, 'div_factor': 19.660377127695572}.
  Trial  10 | Epoch  1/10 | train=5.50203 | val=3.03564 | VRAM alloc=0.29GB reserved=22.47GB
  Trial  10 | Epoch  2/10 | train=3.38209 | val=2.90872 | VRAM alloc=0.29GB reserved=22.47GB
  Trial  10 | Epoch  3/10 | train=3.13341 | val=2.69471 | VRAM alloc=0.29GB reserved=22.47GB
  Trial  10 | Epoch  4/10 | train=2.98734 | val=3.63152 | VRAM alloc=0.29GB reserved=22.47GB
  Trial  10 | Epoch  5/10 | train=2.79967 | val=2.55067 | VRAM alloc=0.29GB reserved=22.47GB
  Trial  10 | Epoch  6/10 | train=2.73092 | val=2.62064 | VRAM alloc=0.24GB reserved=22.47GB
  Trial  10 | Epoch  7/10 | train=2.62538 | val=2.57999 | VRAM alloc=0.24GB reserved=22.47GB
  Trial  10 | Epoch  8/10 | train=2.55885 | val=2.48582 | VRAM alloc=0.24GB reserved=22.47GB
  Trial  10 | Epoch  9/10 | train=2.51870 | val=2.48029 | VRAM alloc=0.24GB reserved=22.47GB
                                                          10%|█         | 10/100 [15:16:00<111:25:37, 4457.09s/it] 11%|█         | 11/100 [15:16:00<107:11:37, 4335.93s/it]  Trial  10 | Epoch 10/10 | train=2.52827 | val=2.48460 | VRAM alloc=0.24GB reserved=22.47GB
  Trial 10 | best_val=2.48029 | peak_score=0.15412
