[I 2026-03-23 03:47:40,185] Trial 10 finished with values: [2.4802858039363502, 0.1541234041581215] and parameters: {'lr': 0.00011131640544397943, 'batch_size': 4, 'd_model': 768, 'nhead': 2, 'num_layers': 2, 'dropout': 0.11408788807554318, 'T': 100, 'cosine_s': 0.006699595137445685, 'lambda_pdg': 1.117738570087288, 'lambda_charge': 0.0010795120074603372, 'lambda_zplane': 0.5974838607674231, 'gamma_end': 0.4756143739881709, 'grad_clip': 3.1529011106188403, 'gamma_start': 1.550777990461675e-05, 'pct_start': 0.14888841200570263, 'div_factor': 10.62589863609633}.
  Trial  11 | Epoch  1/10 | train=1131.03159 | val=9086.92571 | VRAM alloc=0.59GB reserved=22.47GB
  Trial  11 | Epoch  2/10 | train=8195.68165 | val=7962.46008 | VRAM alloc=0.59GB reserved=22.47GB
  Trial  11 | Epoch  3/10 | train=2108.60488 | val=4832.30147 | VRAM alloc=0.59GB reserved=22.47GB
  Trial  11 | Epoch  4/10 | train=1604.24001 | val=4222.57588 | VRAM alloc=0.59GB reserved=22.47GB
  Trial  11 | Epoch  5/10 | train=429.36851 | val=3787.98917 | VRAM alloc=0.59GB reserved=22.47GB
  Trial  11 | Epoch  6/10 | train=82.49667 | val=4769.84292 | VRAM alloc=0.59GB reserved=22.47GB
  Trial  11 | Epoch  7/10 | train=35.47644 | val=4537.25793 | VRAM alloc=0.59GB reserved=22.47GB
  Trial  11 | Epoch  8/10 | train=18.33534 | val=4324.74377 | VRAM alloc=0.59GB reserved=22.47GB
  Trial  11 | Epoch  9/10 | train=12.92514 | val=2688.74134 | VRAM alloc=0.59GB reserved=22.47GB
                                                          11%|█         | 11/100 [16:49:10<107:11:37, 4335.93s/it] 12%|█▏        | 12/100 [16:49:10<115:18:55, 4717.45s/it]  Trial  11 | Epoch 10/10 | train=9.79984 | val=33.44248 | VRAM alloc=0.59GB reserved=22.47GB
  Trial 11 | best_val=33.44248 | peak_score=0.08139
[I 2026-03-23 05:20:50,257] Trial 11 finished with values: [33.44248443016639, 0.08138968015879805] and parameters: {'lr': 0.004688908831400976, 'batch_size': 8, 'd_model': 768, 'nhead': 2, 'num_layers': 3, 'dropout': 0.09754276017971113, 'T': 100, 'cosine_s': 0.0021817280859728165, 'lambda_pdg': 0.6184074440067553, 'lambda_charge': 0.003870651940457801, 'lambda_zplane': 0.5938458741475643, 'gamma_end': 0.06488170801978654, 'grad_clip': 2.359853224740076, 'gamma_start': 0.0002936855251464615, 'pct_start': 0.16317118115504556, 'div_factor': 17.833614843982737}.
  Trial  12 | Epoch  1/10 | train=15.62044 | val=3.82549 | VRAM alloc=0.63GB reserved=22.47GB
  Trial  12 | Epoch  2/10 | train=4.27623 | val=4.84291 | VRAM alloc=0.63GB reserved=22.47GB
  Trial  12 | Epoch  3/10 | train=3.51345 | val=3.19119 | VRAM alloc=0.63GB reserved=22.47GB
  Trial  12 | Epoch  4/10 | train=3.16255 | val=2.81818 | VRAM alloc=0.63GB reserved=22.47GB
  Trial  12 | Epoch  5/10 | train=2.93873 | val=2.84039 | VRAM alloc=0.63GB reserved=22.47GB
  Trial  12 | Epoch  6/10 | train=2.83850 | val=2.70577 | VRAM alloc=0.04GB reserved=22.47GB
  Trial  12 | Epoch  7/10 | train=2.77645 | val=2.61760 | VRAM alloc=0.04GB reserved=22.47GB
  Trial  12 | Epoch  8/10 | train=2.71545 | val=2.65424 | VRAM alloc=0.04GB reserved=22.47GB
  Trial  12 | Epoch  9/10 | train=2.70206 | val=2.63370 | VRAM alloc=0.04GB reserved=22.47GB
                                                          12%|█▏        | 12/100 [17:10:24<115:18:55, 4717.45s/it] 13%|█▎        | 13/100 [17:10:24<88:47:43, 3674.29s/it]   Trial  12 | Epoch 10/10 | train=2.68288 | val=2.62329 | VRAM alloc=0.04GB reserved=22.47GB
  Trial 12 | best_val=2.61760 | peak_score=0.09220
[I 2026-03-23 05:42:04,206] Trial 12 finished with values: [2.6175985391323384, 0.09220493616401276] and parameters: {'lr': 0.00015939185277159696, 'batch_size': 16, 'd_model': 256, 'nhead': 2, 'num_layers': 3, 'dropout': 0.159132060829627, 'T': 100, 'cosine_s': 0.048777549474766556, 'lambda_pdg': 0.33310347429623327, 'lambda_charge': 0.009612682526388082, 'lambda_zplane': 1.8864340032611493, 'gamma_end': 0.4934474839520942, 'grad_clip': 3.8775562434086672, 'gamma_start': 0.0008156732137298921, 'pct_start': 0.06972754646985288, 'div_factor': 21.870920823328174}.
  Trial  13 | Epoch  1/10 | train=29.81564 | val=4.63110 | VRAM alloc=0.08GB reserved=22.47GB
  Trial  13 | Epoch  2/10 | train=6.23623 | val=4.79101 | VRAM alloc=0.08GB reserved=22.47GB
  Trial  13 | Epoch  3/10 | train=4.36714 | val=3.56678 | VRAM alloc=0.08GB reserved=22.47GB
  Trial  13 | Epoch  4/10 | train=3.54024 | val=3.10253 | VRAM alloc=0.08GB reserved=22.47GB
  Trial  13 | Epoch  5/10 | train=3.16989 | val=3.06355 | VRAM alloc=0.08GB reserved=22.47GB
  Trial  13 | Epoch  6/10 | train=2.96567 | val=2.94100 | VRAM alloc=0.08GB reserved=22.47GB
  Trial  13 | Epoch  7/10 | train=2.86508 | val=2.68536 | VRAM alloc=0.08GB reserved=22.47GB
  Trial  13 | Epoch  8/10 | train=2.78131 | val=2.69310 | VRAM alloc=0.08GB reserved=22.47GB
  Trial  13 | Epoch  9/10 | train=2.75235 | val=2.67055 | VRAM alloc=0.08GB reserved=22.47GB
/work/submit/anton100/msci-project/FCC-BB-GenAI/particle_diffusion_cosine_charge_zplane.py:765: RuntimeWarning: overflow encountered in exp
  E    = np.exp(logE)
                                                         13%|█▎        | 13/100 [17:31:38<88:47:43, 3674.29s/it] 14%|█▍        | 14/100 [17:31:38<70:27:28, 2949.41s/it]  Trial  13 | Epoch 10/10 | train=2.72182 | val=2.65070 | VRAM alloc=0.08GB reserved=22.47GB
  Trial 13 | best_val=2.65070 | peak_score=0.03055
[I 2026-03-23 06:03:18,598] Trial 13 finished with values: [2.6507032577808087, 0.03055055469303064] and parameters: {'lr': 0.00010439274149491552, 'batch_size': 16, 'd_model': 256, 'nhead': 2, 'num_layers': 3, 'dropout': 0.16440522105726516, 'T': 100, 'cosine_s': 0.02556399013175092, 'lambda_pdg': 0.051660420422931175, 'lambda_charge': 0.010980399460451283, 'lambda_zplane': 1.456866483162624, 'gamma_end': 0.48150370794245084, 'grad_clip': 4.161270326945127, 'gamma_start': 0.0006035156534078758, 'pct_start': 0.051976882157138526, 'div_factor': 23.939830875953255}.
  Trial  14 | Epoch  1/10 | train=31.24666 | val=9.11622 | VRAM alloc=0.12GB reserved=22.50GB
  Trial  14 | Epoch  2/10 | train=10.17869 | val=5.28107 | VRAM alloc=0.12GB reserved=22.50GB
  Trial  14 | Epoch  3/10 | train=5.54545 | val=4.20382 | VRAM alloc=0.12GB reserved=22.50GB
  Trial  14 | Epoch  4/10 | train=4.32962 | val=3.59329 | VRAM alloc=0.12GB reserved=22.50GB
  Trial  14 | Epoch  5/10 | train=3.77112 | val=3.39953 | VRAM alloc=0.12GB reserved=22.50GB
  Trial  14 | Epoch  6/10 | train=3.41967 | val=3.24188 | VRAM alloc=0.12GB reserved=22.50GB
  Trial  14 | Epoch  7/10 | train=3.25281 | val=3.01067 | VRAM alloc=0.12GB reserved=22.50GB
  Trial  14 | Epoch  8/10 | train=3.11854 | val=2.90372 | VRAM alloc=0.12GB reserved=22.50GB
  Trial  14 | Epoch  9/10 | train=3.07467 | val=2.94071 | VRAM alloc=0.12GB reserved=22.50GB
                                                         14%|█▍        | 14/100 [17:51:43<70:27:28, 2949.41s/it] 15%|█▌        | 15/100 [17:51:43<57:13:19, 2423.53s/it]  Trial  14 | Epoch 10/10 | train=3.01680 | val=2.84793 | VRAM alloc=0.12GB reserved=22.50GB
  Trial 14 | best_val=2.84793 | peak_score=0.01944
[I 2026-03-23 06:23:23,402] Trial 14 finished with values: [2.847934264403123, 0.019438333733447388] and parameters: {'lr': 0.00010359525611866081, 'batch_size': 32, 'd_model': 256, 'nhead': 2, 'num_layers': 3, 'dropout': 0.1798900293931045, 'T': 100, 'cosine_s': 0.014114714256302887, 'lambda_pdg': 0.06839757579644731, 'lambda_charge': 0.009407242380623418, 'lambda_zplane': 1.3655289041190926, 'gamma_end': 0.45619571692190314, 'grad_clip': 4.226585469986976, 'gamma_start': 0.0005950493881684407, 'pct_start': 0.05096881460738059, 'div_factor': 28.89050306921334}.
  Trial  15 | Epoch  1/10 | train=188.81970 | val=12.00357 | VRAM alloc=0.14GB reserved=22.52GB
  Trial  15 | Epoch  2/10 | train=17.07585 | val=7.78361 | VRAM alloc=0.14GB reserved=22.53GB
  Trial  15 | Epoch  3/10 | train=4.91552 | val=4.06134 | VRAM alloc=0.14GB reserved=22.53GB
  Trial  15 | Epoch  4/10 | train=3.83581 | val=3.32184 | VRAM alloc=0.03GB reserved=22.53GB
  Trial  15 | Epoch  5/10 | train=3.45685 | val=3.93390 | VRAM alloc=0.03GB reserved=22.53GB
  Trial  15 | Epoch  6/10 | train=3.18479 | val=2.86475 | VRAM alloc=0.03GB reserved=22.53GB
  Trial  15 | Epoch  7/10 | train=3.01187 | val=2.80603 | VRAM alloc=0.03GB reserved=22.53GB
  Trial  15 | Epoch  8/10 | train=2.91215 | val=2.75530 | VRAM alloc=0.03GB reserved=22.53GB
  Trial  15 | Epoch  9/10 | train=2.84650 | val=2.71674 | VRAM alloc=0.03GB reserved=22.53GB
                                                         15%|█▌        | 15/100 [18:12:43<57:13:19, 2423.53s/it] 16%|█▌        | 16/100 [18:12:43<48:22:31, 2073.23s/it]  Trial  15 | Epoch 10/10 | train=2.80829 | val=2.70010 | VRAM alloc=0.03GB reserved=22.53GB
  Trial 15 | best_val=2.70010 | peak_score=0.21187
[I 2026-03-23 06:44:23,152] Trial 15 finished with values: [2.7000986319286517, 0.2118711549524071] and parameters: {'lr': 0.00019024144061558862, 'batch_size': 4, 'd_model': 256, 'nhead': 2, 'num_layers': 2, 'dropout': 0.12306612677679295, 'T': 100, 'cosine_s': 0.017907986878387704, 'lambda_pdg': 0.9346380447130607, 'lambda_charge': 0.18685069904282667, 'lambda_zplane': 1.5940829083394563, 'gamma_end': 0.3243717424375838, 'grad_clip': 2.8347142436897945, 'gamma_start': 7.687809204788748e-05, 'pct_start': 0.07419789958699202, 'div_factor': 12.33550446197957}.
  Trial  16 | Epoch  1/10 | train=16.90382 | val=3.92232 | VRAM alloc=0.07GB reserved=22.53GB
  Trial  16 | Epoch  2/10 | train=4.26384 | val=2.96401 | VRAM alloc=0.07GB reserved=22.53GB
  Trial  16 | Epoch  3/10 | train=3.46143 | val=2.61982 | VRAM alloc=0.07GB reserved=22.53GB
  Trial  16 | Epoch  4/10 | train=3.08376 | val=4.30319 | VRAM alloc=0.07GB reserved=22.53GB
  Trial  16 | Epoch  5/10 | train=4.75579 | val=2.73552 | VRAM alloc=0.07GB reserved=22.53GB
  Trial  16 | Epoch  6/10 | train=2.92066 | val=3.76737 | VRAM alloc=0.07GB reserved=22.53GB
  Trial  16 | Epoch  7/10 | train=2.96961 | val=2.61658 | VRAM alloc=0.07GB reserved=22.53GB
  Trial  16 | Epoch  8/10 | train=2.52581 | val=2.40539 | VRAM alloc=0.07GB reserved=22.53GB
  Trial  16 | Epoch  9/10 | train=2.44437 | val=2.39668 | VRAM alloc=0.07GB reserved=22.53GB
                                                         16%|█▌        | 16/100 [18:40:02<48:22:31, 2073.23s/it] 17%|█▋        | 17/100 [18:40:02<44:47:34, 1942.83s/it]  Trial  16 | Epoch 10/10 | train=2.41470 | val=2.31324 | VRAM alloc=0.07GB reserved=22.53GB
  Trial 16 | best_val=2.31324 | peak_score=0.18978
[I 2026-03-23 07:11:42,710] Trial 16 finished with values: [2.313244346471933, 0.18978106517983107] and parameters: {'lr': 0.0029610442082072365, 'batch_size': 16, 'd_model': 256, 'nhead': 2, 'num_layers': 3, 'dropout': 0.20503206611470637, 'T': 1000, 'cosine_s': 0.00574631573968891, 'lambda_pdg': 0.4614800743896496, 'lambda_charge': 0.0023480728637736794, 'lambda_zplane': 0.843305418914604, 'gamma_end': 0.44538215296236494, 'grad_clip': 4.381164046312568, 'gamma_start': 0.00810614917139277, 'pct_start': 0.1309992208322366, 'div_factor': 26.289292822841283}.
  Trial  17 | Epoch  1/10 | train=42.61604 | val=14.63647 | VRAM alloc=0.13GB reserved=22.53GB
  Trial  17 | Epoch  2/10 | train=7.71937 | val=4.85442 | VRAM alloc=0.06GB reserved=22.53GB
  Trial  17 | Epoch  3/10 | train=5.23884 | val=3.70317 | VRAM alloc=0.06GB reserved=22.53GB
  Trial  17 | Epoch  4/10 | train=3.65829 | val=3.18279 | VRAM alloc=0.06GB reserved=22.53GB
  Trial  17 | Epoch  5/10 | train=3.12643 | val=2.92727 | VRAM alloc=0.06GB reserved=22.53GB
  Trial  17 | Epoch  6/10 | train=2.93507 | val=2.76884 | VRAM alloc=0.06GB reserved=22.53GB
  Trial  17 | Epoch  7/10 | train=2.84346 | val=2.75440 | VRAM alloc=0.06GB reserved=22.53GB
  Trial  17 | Epoch  8/10 | train=2.77401 | val=2.65941 | VRAM alloc=0.06GB reserved=22.53GB
  Trial  17 | Epoch  9/10 | train=2.74029 | val=2.61682 | VRAM alloc=0.06GB reserved=22.53GB
                                                         17%|█▋        | 17/100 [19:18:46<44:47:34, 1942.83s/it] 18%|█▊        | 18/100 [19:18:46<46:51:27, 2057.17s/it]  Trial  17 | Epoch 10/10 | train=2.73119 | val=2.63780 | VRAM alloc=0.06GB reserved=22.53GB
  Trial 17 | best_val=2.61682 | peak_score=0.16493
[I 2026-03-23 07:50:26,062] Trial 17 finished with values: [2.6168242839666513, 0.16492969577864908] and parameters: {'lr': 0.00015734767706872247, 'batch_size': 16, 'd_model': 256, 'nhead': 2, 'num_layers': 5, 'dropout': 0.134795609110297, 'T': 500, 'cosine_s': 0.027618195550192633, 'lambda_pdg': 0.9263009218291061, 'lambda_charge': 0.012482665781077007, 'lambda_zplane': 1.1835828602665175, 'gamma_end': 0.41793569992981816, 'grad_clip': 3.985368695739294, 'gamma_start': 0.0001668344318750682, 'pct_start': 0.08906919047112011, 'div_factor': 39.66933882659302}.
  Trial  18 | Epoch  1/10 | train=4.28980 | val=2.82455 | VRAM alloc=0.09GB reserved=22.53GB
  Trial  18 | Epoch  2/10 | train=2.66379 | val=2.43892 | VRAM alloc=0.09GB reserved=22.53GB
  Trial  18 | Epoch  3/10 | train=2.43165 | val=2.43541 | VRAM alloc=0.09GB reserved=22.53GB
  Trial  18 | Epoch  4/10 | train=2.33834 | val=2.20391 | VRAM alloc=0.03GB reserved=22.53GB
  Trial  18 | Epoch  5/10 | train=2.28309 | val=2.19452 | VRAM alloc=0.03GB reserved=22.53GB
  Trial  18 | Epoch  6/10 | train=2.23954 | val=2.15162 | VRAM alloc=0.03GB reserved=22.53GB
  Trial  18 | Epoch  7/10 | train=2.21764 | val=2.14888 | VRAM alloc=0.03GB reserved=22.53GB
  Trial  18 | Epoch  8/10 | train=2.18563 | val=2.11245 | VRAM alloc=0.03GB reserved=22.53GB
  Trial  18 | Epoch  9/10 | train=2.17164 | val=2.14731 | VRAM alloc=0.03GB reserved=22.53GB
                                                         18%|█▊        | 18/100 [19:48:49<46:51:27, 2057.17s/it] 19%|█▉        | 19/100 [19:48:49<44:34:13, 1980.90s/it]  Trial  18 | Epoch 10/10 | train=2.15866 | val=2.10345 | VRAM alloc=0.03GB reserved=22.53GB
  Peak score failed: CUDA out of memory. Tried to allocate 5.04 GiB (GPU 0; 23.60 GiB total capacity; 17.14 GiB already allocated; 1.04 GiB free; 22.21 GiB reserved in total by PyTorch) If reserved memory is >> allocated memory try setting max_split_size_mb to avoid fragmentation.  See documentation for Memory Management and PYTORCH_CUDA_ALLOC_CONF
  Trial 18 | best_val=2.10345 | peak_score=1.00000
[I 2026-03-23 08:20:29,298] Trial 18 finished with values: [2.1034457951697916, 1.0] and parameters: {'lr': 0.00024313707537270543, 'batch_size': 2, 'd_model': 256, 'nhead': 4, 'num_layers': 2, 'dropout': 0.08094056536242392, 'T': 100, 'cosine_s': 0.005131392792586952, 'lambda_pdg': 0.05359280975865763, 'lambda_charge': 0.0022882074284818273, 'lambda_zplane': 0.8710211384902022, 'gamma_end': 0.34502410635994496, 'grad_clip': 4.997724727429278, 'gamma_start': 0.00048106815775739636, 'pct_start': 0.053148922501655, 'div_factor': 14.852163886822336}.
  Trial  19 | Epoch  1/10 | train=15.29433 | val=16.31025 | VRAM alloc=0.04GB reserved=22.24GB
  Trial  19 | Epoch  2/10 | train=5.83076 | val=3.61854 | VRAM alloc=0.04GB reserved=22.24GB
  Trial  19 | Epoch  3/10 | train=3.70441 | val=5.36765 | VRAM alloc=0.04GB reserved=22.24GB
  Trial  19 | Epoch  4/10 | train=3.37635 | val=3.01704 | VRAM alloc=0.04GB reserved=22.24GB
  Trial  19 | Epoch  5/10 | train=3.20230 | val=3.04471 | VRAM alloc=0.04GB reserved=22.24GB
  Trial  19 | Epoch  6/10 | train=3.08957 | val=2.99627 | VRAM alloc=0.04GB reserved=22.24GB
  Trial  19 | Epoch  7/10 | train=2.99508 | val=2.83746 | VRAM alloc=0.04GB reserved=22.24GB
  Trial  19 | Epoch  8/10 | train=2.95286 | val=2.79823 | VRAM alloc=0.04GB reserved=22.24GB
  Trial  19 | Epoch  9/10 | train=2.91156 | val=2.83215 | VRAM alloc=0.04GB reserved=22.24GB
                                                         19%|█▉        | 19/100 [20:18:22<44:34:13, 1980.90s/it] 20%|██        | 20/100 [20:18:22<42:38:04, 1918.56s/it]  Trial  19 | Epoch 10/10 | train=2.89747 | val=2.81733 | VRAM alloc=0.04GB reserved=22.24GB
  Trial 19 | best_val=2.79823 | peak_score=0.15340
[I 2026-03-23 08:50:02,557] Trial 19 finished with values: [2.7982254793189165, 0.15340098813806569] and parameters: {'lr': 0.00010305961134450714, 'batch_size': 4, 'd_model': 256, 'nhead': 2, 'num_layers': 3, 'dropout': 0.15998797298942444, 'T': 100, 'cosine_s': 0.01283999283130997, 'lambda_pdg': 1.162669427680858, 'lambda_charge': 0.014810108088932482, 'lambda_zplane': 1.5529764922583467, 'gamma_end': 0.4934278344138557, 'grad_clip': 3.2376734268895757, 'gamma_start': 2.9282674292473516e-05, 'pct_start': 0.15017711630953218, 'div_factor': 23.46316642968015}.
  Trial  20 | Epoch  1/10 | train=1954.56252 | val=40.00195 | VRAM alloc=0.60GB reserved=22.24GB
  Trial  20 | Epoch  2/10 | train=88.20062 | val=36.05838 | VRAM alloc=0.60GB reserved=22.24GB
  Trial  20 | Epoch  3/10 | train=61.76518 | val=31.95863 | VRAM alloc=0.60GB reserved=22.24GB
  Trial  20 | Epoch  4/10 | train=49.86549 | val=7.30449 | VRAM alloc=0.60GB reserved=22.24GB
  Trial  20 | Epoch  5/10 | train=6.96632 | val=7.38436 | VRAM alloc=0.60GB reserved=22.24GB
  Trial  20 | Epoch  6/10 | train=11.94008 | val=8.18374 | VRAM alloc=0.56GB reserved=22.24GB
  Trial  20 | Epoch  7/10 | train=13.88340 | val=7.31671 | VRAM alloc=0.56GB reserved=22.24GB
  Trial  20 | Epoch  8/10 | train=7.28853 | val=3.42803 | VRAM alloc=0.56GB reserved=22.24GB
  Trial  20 | Epoch  9/10 | train=3.73815 | val=3.74725 | VRAM alloc=0.56GB reserved=22.24GB
                                                         20%|██        | 20/100 [23:31:19<42:38:04, 1918.56s/it] 21%|██        | 21/100 [23:31:19<105:43:19, 4817.71s/it]  Trial  20 | Epoch 10/10 | train=3.08420 | val=3.03566 | VRAM alloc=0.56GB reserved=22.24GB
  Trial 20 | best_val=3.03566 | peak_score=0.05858
[I 2026-03-23 12:02:59,550] Trial 20 finished with values: [3.0356583852034347, 0.05858158706589628] and parameters: {'lr': 0.0002144661275766189, 'batch_size': 32, 'd_model': 768, 'nhead': 2, 'num_layers': 5, 'dropout': 0.22876823159104834, 'T': 1000, 'cosine_s': 0.029255400284828738, 'lambda_pdg': 0.7752123419292702, 'lambda_charge': 0.12283210528664688, 'lambda_zplane': 1.2256928105070801, 'gamma_end': 0.28897643043923515, 'grad_clip': 2.4962101846104243, 'gamma_start': 6.828339029266506e-05, 'pct_start': 0.08952921089183852, 'div_factor': 45.260840394666666}.
  Trial  21 | Epoch  1/10 | train=6.29362 | val=2.87911 | VRAM alloc=0.80GB reserved=22.24GB
  Trial  21 | Epoch  2/10 | train=2.89096 | val=2.73773 | VRAM alloc=0.80GB reserved=22.24GB
  Trial  21 | Epoch  3/10 | train=2.75129 | val=2.84352 | VRAM alloc=0.80GB reserved=22.24GB
  Trial  21 | Epoch  4/10 | train=2.71839 | val=2.53524 | VRAM alloc=0.80GB reserved=22.24GB
  Trial  21 | Epoch  5/10 | train=2.68906 | val=2.78042 | VRAM alloc=0.80GB reserved=22.24GB
  Trial  21 | Epoch  6/10 | train=2.58430 | val=2.24022 | VRAM alloc=0.80GB reserved=22.24GB
  Trial  21 | Epoch  7/10 | train=2.37175 | val=2.14475 | VRAM alloc=0.80GB reserved=22.24GB
  Trial  21 | Epoch  8/10 | train=2.21888 | val=2.13385 | VRAM alloc=0.80GB reserved=22.24GB
  Trial  21 | Epoch  9/10 | train=2.14407 | val=2.11457 | VRAM alloc=0.80GB reserved=22.24GB
                                                          21%|██        | 21/100 [24:52:55<105:43:19, 4817.71s/it] 22%|██▏       | 22/100 [24:52:55<104:53:39, 4841.28s/it]  Trial  21 | Epoch 10/10 | train=2.11876 | val=2.07880 | VRAM alloc=0.80GB reserved=22.24GB
  Trial 21 | best_val=2.07880 | peak_score=0.13386
[I 2026-03-23 13:24:35,801] Trial 21 finished with values: [2.0788034581221067, 0.13386097189926952] and parameters: {'lr': 0.00047103418084223166, 'batch_size': 8, 'd_model': 768, 'nhead': 2, 'num_layers': 2, 'dropout': 0.06758302307273284, 'T': 1000, 'cosine_s': 0.000951677858716378, 'lambda_pdg': 0.48331341529627625, 'lambda_charge': 0.0019182215463652299, 'lambda_zplane': 0.2685488842973195, 'gamma_end': 0.21737765449068255, 'grad_clip': 2.712843287612188, 'gamma_start': 3.6682706239374266e-05, 'pct_start': 0.17369856552101995, 'div_factor': 15.520221386922042}.
  Trial  22 | Epoch  1/10 | train=80.94415 | val=17.37247 | VRAM alloc=0.84GB reserved=22.24GB
  Trial  22 | Epoch  2/10 | train=14.60655 | val=109.17313 | VRAM alloc=0.84GB reserved=22.24GB
  Trial  22 | Epoch  3/10 | train=6.90213 | val=4.33765 | VRAM alloc=0.84GB reserved=22.24GB
  Trial  22 | Epoch  4/10 | train=4.18659 | val=3.34899 | VRAM alloc=0.84GB reserved=22.24GB
  Trial  22 | Epoch  5/10 | train=3.66330 | val=3.37532 | VRAM alloc=0.84GB reserved=22.24GB
  Trial  22 | Epoch  6/10 | train=3.13492 | val=2.85962 | VRAM alloc=0.84GB reserved=22.24GB
  Trial  22 | Epoch  7/10 | train=2.97479 | val=2.82336 | VRAM alloc=0.84GB reserved=22.24GB
  Trial  22 | Epoch  8/10 | train=2.92700 | val=2.75897 | VRAM alloc=0.84GB reserved=22.24GB
  Trial  22 | Epoch  9/10 | train=2.83669 | val=2.70952 | VRAM alloc=0.84GB reserved=22.24GB
                                                          22%|██▏       | 22/100 [25:14:10<104:53:39, 4841.28s/it] 23%|██▎       | 23/100 [25:14:10<80:39:27, 3771.00s/it]   Trial  22 | Epoch 10/10 | train=2.77927 | val=2.68554 | VRAM alloc=0.04GB reserved=22.24GB
  Trial 22 | best_val=2.68554 | peak_score=0.05692
