[I 2026-03-09 15:27:01,559] Trial 32 finished with value: 0.7791940427743471 and parameters: {'lr': 0.0015288911980202856, 'batch_size': 32, 'd_model': 256, 'nhead': 2, 'num_layers': 2, 'dropout': 0.052719369020068074, 'T': 1000, 'beta_start': 1.3486057337213601e-05, 'beta_end': 0.04974230382341637, 'lambda_pdg': 0.35524147292852315, 'gamma_end': 0.24749337265166782, 'grad_clip': 2.435347598048321, 'gamma_start': 0.0017882804796969319, 'pct_start': 0.1509255947398419, 'div_factor': 14.897674727774408}. Best is trial 12 with value: 0.7206951829103323.
  Trial  33 | Epoch  1/20 | train=1.85097 | val=1.18871 | VRAM alloc=0.06GB reserved=21.06GB
  Trial  33 | Epoch  2/20 | train=1.16370 | val=1.12069 | VRAM alloc=0.06GB reserved=21.06GB
  Trial  33 | Epoch  3/20 | train=1.08460 | val=1.08969 | VRAM alloc=0.06GB reserved=21.06GB
  Trial  33 | Epoch  4/20 | train=1.04216 | val=1.04572 | VRAM alloc=0.06GB reserved=21.06GB
  Trial  33 | Epoch  5/20 | train=1.01991 | val=0.97699 | VRAM alloc=0.06GB reserved=21.06GB
  Trial  33 | Epoch  6/20 | train=1.01682 | val=0.95515 | VRAM alloc=0.06GB reserved=21.06GB
  Trial  33 | Epoch  7/20 | train=0.99267 | val=1.02025 | VRAM alloc=0.06GB reserved=21.06GB
  Trial  33 | Epoch  8/20 | train=1.01223 | val=0.98887 | VRAM alloc=0.06GB reserved=21.06GB
  Trial  33 | Epoch  9/20 | train=0.98139 | val=0.94848 | VRAM alloc=0.06GB reserved=21.06GB
  Trial  33 | Epoch 10/20 | train=0.97295 | val=0.97984 | VRAM alloc=0.06GB reserved=21.06GB
  Trial  33 | Epoch 11/20 | train=0.96937 | val=1.01134 | VRAM alloc=0.06GB reserved=21.06GB
                                                                                            Best trial: 12. Best value: 0.720695:  82%|████████▎ | 33/40 [16:44:45<2:20:28, 1204.14s/it]Best trial: 12. Best value: 0.720695:  82%|████████▎ | 33/40 [16:44:45<2:20:28, 1204.14s/it]Best trial: 12. Best value: 0.720695:  85%|████████▌ | 34/40 [16:44:45<1:52:39, 1126.64s/it]  Trial  33 | Epoch 12/20 | train=0.97898 | val=0.95810 | VRAM alloc=0.06GB reserved=21.06GB
  Trial 33 pruned at epoch 12.
[I 2026-03-09 15:42:47,391] Trial 33 pruned. 
  Trial  34 | Epoch  1/20 | train=1.83738 | val=1.32335 | VRAM alloc=0.08GB reserved=21.06GB
  Trial  34 | Epoch  2/20 | train=1.35569 | val=1.34664 | VRAM alloc=0.08GB reserved=21.06GB
  Trial  34 | Epoch  3/20 | train=1.28234 | val=1.26823 | VRAM alloc=0.08GB reserved=21.06GB
                                                                                            Best trial: 12. Best value: 0.720695:  85%|████████▌ | 34/40 [16:50:05<1:52:39, 1126.64s/it]Best trial: 12. Best value: 0.720695:  85%|████████▌ | 34/40 [16:50:05<1:52:39, 1126.64s/it]Best trial: 12. Best value: 0.720695:  88%|████████▊ | 35/40 [16:50:05<1:13:42, 884.58s/it]   Trial  34 | Epoch  4/20 | train=1.24088 | val=1.22911 | VRAM alloc=0.08GB reserved=21.06GB
  Trial 34 pruned at epoch 4.
[I 2026-03-09 15:48:07,152] Trial 34 pruned. 
  Trial  35 | Epoch  1/20 | train=2.06211 | val=1.13968 | VRAM alloc=0.11GB reserved=21.06GB
  Trial  35 | Epoch  2/20 | train=1.16848 | val=1.06937 | VRAM alloc=0.11GB reserved=21.06GB
  Trial  35 | Epoch  3/20 | train=1.05881 | val=1.07544 | VRAM alloc=0.11GB reserved=21.06GB
  Trial  35 | Epoch  4/20 | train=1.01327 | val=0.99774 | VRAM alloc=0.11GB reserved=21.06GB
  Trial  35 | Epoch  5/20 | train=0.99347 | val=0.93260 | VRAM alloc=0.11GB reserved=21.06GB
  Trial  35 | Epoch  6/20 | train=0.98875 | val=0.91820 | VRAM alloc=0.11GB reserved=21.06GB
  Trial  35 | Epoch  7/20 | train=0.96533 | val=0.97817 | VRAM alloc=0.03GB reserved=21.06GB
  Trial  35 | Epoch  8/20 | train=0.98773 | val=0.95646 | VRAM alloc=0.03GB reserved=21.06GB
  Trial  35 | Epoch  9/20 | train=0.94990 | val=0.92532 | VRAM alloc=0.03GB reserved=21.06GB
  Trial  35 | Epoch 10/20 | train=0.94681 | val=0.94423 | VRAM alloc=0.03GB reserved=21.06GB
  Trial  35 | Epoch 11/20 | train=0.94211 | val=0.97880 | VRAM alloc=0.03GB reserved=21.06GB
  Trial  35 | Epoch 12/20 | train=0.95186 | val=0.92119 | VRAM alloc=0.03GB reserved=21.06GB
  Trial  35 | Epoch 13/20 | train=0.93364 | val=0.94427 | VRAM alloc=0.03GB reserved=21.06GB
  Trial  35 | Epoch 14/20 | train=0.93844 | val=0.91262 | VRAM alloc=0.03GB reserved=21.06GB
                                                                                           Best trial: 12. Best value: 0.720695:  88%|████████▊ | 35/40 [17:09:43<1:13:42, 884.58s/it]Best trial: 12. Best value: 0.720695:  88%|████████▊ | 35/40 [17:09:43<1:13:42, 884.58s/it]Best trial: 12. Best value: 0.720695:  90%|█████████ | 36/40 [17:09:43<1:04:50, 972.68s/it]  Trial  35 | Epoch 15/20 | train=0.95143 | val=0.91366 | VRAM alloc=0.03GB reserved=21.06GB
  Trial 35 pruned at epoch 15.
[I 2026-03-09 16:07:45,409] Trial 35 pruned. 
  Trial  36 | Epoch  1/20 | train=1.24783 | val=0.97186 | VRAM alloc=0.09GB reserved=21.06GB
  Trial  36 | Epoch  2/20 | train=0.90033 | val=0.87302 | VRAM alloc=0.09GB reserved=21.06GB
  Trial  36 | Epoch  3/20 | train=0.87611 | val=0.84155 | VRAM alloc=0.09GB reserved=21.06GB
  Trial  36 | Epoch  4/20 | train=0.87996 | val=0.84118 | VRAM alloc=0.09GB reserved=21.06GB
  Trial  36 | Epoch  5/20 | train=0.84919 | val=0.84626 | VRAM alloc=0.09GB reserved=21.06GB
  Trial  36 | Epoch  6/20 | train=0.85257 | val=0.79938 | VRAM alloc=0.09GB reserved=21.06GB
  Trial  36 | Epoch  7/20 | train=0.81408 | val=0.81731 | VRAM alloc=0.09GB reserved=21.06GB
  Trial  36 | Epoch  8/20 | train=0.83056 | val=0.82367 | VRAM alloc=0.09GB reserved=21.06GB
  Trial  36 | Epoch  9/20 | train=0.81668 | val=0.80602 | VRAM alloc=0.09GB reserved=21.06GB
  Trial  36 | Epoch 10/20 | train=0.80603 | val=0.82098 | VRAM alloc=0.06GB reserved=21.06GB
  Trial  36 | Epoch 11/20 | train=0.80422 | val=0.80977 | VRAM alloc=0.06GB reserved=21.06GB
  Trial  36 | Epoch 12/20 | train=0.81116 | val=0.81219 | VRAM alloc=0.06GB reserved=21.06GB
  Trial  36 | Epoch 13/20 | train=0.81938 | val=0.74215 | VRAM alloc=0.06GB reserved=21.06GB
  Trial  36 | Epoch 14/20 | train=0.80574 | val=0.76693 | VRAM alloc=0.06GB reserved=21.06GB
  Trial  36 | Epoch 15/20 | train=0.79339 | val=0.83557 | VRAM alloc=0.06GB reserved=21.06GB
  Trial  36 | Epoch 16/20 | train=0.79514 | val=0.77799 | VRAM alloc=0.06GB reserved=21.06GB
  Trial  36 | Epoch 17/20 | train=0.79767 | val=0.79778 | VRAM alloc=0.06GB reserved=21.06GB
  Trial  36 | Epoch 18/20 | train=0.78883 | val=0.78717 | VRAM alloc=0.06GB reserved=21.06GB
  Trial  36 | Epoch 19/20 | train=0.80634 | val=0.78552 | VRAM alloc=0.06GB reserved=21.06GB
                                                                                           Best trial: 12. Best value: 0.720695:  90%|█████████ | 36/40 [18:42:23<1:04:50, 972.68s/it]Best trial: 12. Best value: 0.720695:  90%|█████████ | 36/40 [18:42:23<1:04:50, 972.68s/it]Best trial: 12. Best value: 0.720695:  92%|█████████▎| 37/40 [18:42:23<1:57:26, 2348.80s/it]  Trial  36 | Epoch 20/20 | train=0.80569 | val=0.78174 | VRAM alloc=0.06GB reserved=21.06GB
[I 2026-03-09 17:40:25,087] Trial 36 finished with value: 0.7421513703436806 and parameters: {'lr': 0.0008385270888571538, 'batch_size': 8, 'd_model': 256, 'nhead': 4, 'num_layers': 5, 'dropout': 0.1340982949244587, 'T': 1000, 'beta_start': 1.0379046920146027e-05, 'beta_end': 0.04250704753363099, 'lambda_pdg': 0.15541957006352533, 'gamma_end': 0.21866483255813418, 'grad_clip': 1.4052221595689658, 'gamma_start': 0.0011100987030412764, 'pct_start': 0.14479972939873184, 'div_factor': 13.03501770856788}. Best is trial 12 with value: 0.7206951829103323.
  Trial  37 | Epoch  1/20 | train=1.72923 | val=1.42284 | VRAM alloc=0.12GB reserved=21.06GB
  Trial  37 | Epoch  2/20 | train=1.35976 | val=1.35945 | VRAM alloc=0.12GB reserved=21.06GB
  Trial  37 | Epoch  3/20 | train=1.32155 | val=1.27897 | VRAM alloc=0.12GB reserved=21.06GB
                                                                                            Best trial: 12. Best value: 0.720695:  92%|█████████▎| 37/40 [19:01:05<1:57:26, 2348.80s/it]Best trial: 12. Best value: 0.720695:  92%|█████████▎| 37/40 [19:01:05<1:57:26, 2348.80s/it]Best trial: 12. Best value: 0.720695:  95%|█████████▌| 38/40 [19:01:05<1:06:01, 1980.68s/it]  Trial  37 | Epoch  4/20 | train=1.31107 | val=1.24302 | VRAM alloc=0.06GB reserved=21.06GB
  Trial 37 pruned at epoch 4.
[I 2026-03-09 17:59:06,883] Trial 37 pruned. 
  Trial  38 | Epoch  1/20 | train=2.87298 | val=2.38020 | VRAM alloc=0.12GB reserved=21.06GB
  Trial  38 | Epoch  2/20 | train=2.27885 | val=2.22525 | VRAM alloc=0.12GB reserved=21.06GB
  Trial  38 | Epoch  3/20 | train=2.22218 | val=2.17412 | VRAM alloc=0.12GB reserved=21.06GB
                                                                                            Best trial: 12. Best value: 0.720695:  95%|█████████▌| 38/40 [19:19:56<1:06:01, 1980.68s/it]Best trial: 12. Best value: 0.720695:  95%|█████████▌| 38/40 [19:19:56<1:06:01, 1980.68s/it]Best trial: 12. Best value: 0.720695:  98%|█████████▊| 39/40 [19:19:56<28:46, 1726.06s/it]    Trial  38 | Epoch  4/20 | train=2.21324 | val=2.17201 | VRAM alloc=0.12GB reserved=21.06GB
  Trial 38 pruned at epoch 4.
[I 2026-03-09 18:17:58,804] Trial 38 pruned. 
  Trial  39 | Epoch  1/20 | train=4.53772 | val=3.39051 | VRAM alloc=0.14GB reserved=21.07GB
  Trial  39 | Epoch  2/20 | train=3.34583 | val=3.19981 | VRAM alloc=0.14GB reserved=21.07GB
  Trial  39 | Epoch  3/20 | train=3.18523 | val=3.08312 | VRAM alloc=0.14GB reserved=21.07GB
                                                                                          Best trial: 12. Best value: 0.720695:  98%|█████████▊| 39/40 [19:34:00<28:46, 1726.06s/it]Best trial: 12. Best value: 0.720695:  98%|█████████▊| 39/40 [19:34:00<28:46, 1726.06s/it]Best trial: 12. Best value: 0.720695: 100%|██████████| 40/40 [19:34:00<00:00, 1461.24s/it]Best trial: 12. Best value: 0.720695: 100%|██████████| 40/40 [19:34:00<00:00, 1761.01s/it]
  Trial  39 | Epoch  4/20 | train=3.12120 | val=3.06734 | VRAM alloc=0.14GB reserved=21.07GB
  Trial 39 pruned at epoch 4.
[I 2026-03-09 18:32:02,149] Trial 39 pruned. 

============================================================
HYPERPARAMETER TUNING COMPLETE
============================================================
Best val loss : 0.720695
Best trial #  : 12

Best hyperparameters:
  lr                   = 0.0009764774498028077
  batch_size           = 32
  d_model              = 256
  nhead                = 2
  num_layers           = 2
  dropout              = 0.006181218753066763
  T                    = 1000
  beta_start           = 1.0592859120010755e-05
  beta_end             = 0.04895710325244932
  lambda_pdg           = 0.11530842085976412
  gamma_end            = 0.13656194536477806
  grad_clip            = 2.0102934424968457
  gamma_start          = 0.0018593659026070956
  pct_start            = 0.14917708779407407
  div_factor           = 11.095461766184702

Top 5 trials:
  # 12  val=0.720695  params={'lr': 0.0009764774498028077, 'batch_size': 32, 'd_model': 256, 'nhead': 2, 'num_layers': 2, 'dropout': 0.006181218753066763, 'T': 1000, 'beta_start': 1.0592859120010755e-05, 'beta_end': 0.04895710325244932, 'lambda_pdg': 0.11530842085976412, 'gamma_end': 0.13656194536477806, 'grad_clip': 2.0102934424968457, 'gamma_start': 0.0018593659026070956, 'pct_start': 0.14917708779407407, 'div_factor': 11.095461766184702}
  # 36  val=0.742151  params={'lr': 0.0008385270888571538, 'batch_size': 8, 'd_model': 256, 'nhead': 4, 'num_layers': 5, 'dropout': 0.1340982949244587, 'T': 1000, 'beta_start': 1.0379046920146027e-05, 'beta_end': 0.04250704753363099, 'lambda_pdg': 0.15541957006352533, 'gamma_end': 0.21866483255813418, 'grad_clip': 1.4052221595689658, 'gamma_start': 0.0011100987030412764, 'pct_start': 0.14479972939873184, 'div_factor': 13.03501770856788}
  # 10  val=0.748605  params={'lr': 0.0014963601302546055, 'batch_size': 32, 'd_model': 256, 'nhead': 2, 'num_layers': 2, 'dropout': 0.011617559988354897, 'T': 1000, 'beta_start': 1.0513600049030689e-05, 'beta_end': 0.04666806039731545, 'lambda_pdg': 0.1603247308681932, 'gamma_end': 0.17634242940786687, 'grad_clip': 1.8684062295255903, 'gamma_start': 0.0017341100499200376, 'pct_start': 0.14566537289930345, 'div_factor': 10.828306852487037}
  # 22  val=0.751399  params={'lr': 0.0013931265439943628, 'batch_size': 32, 'd_model': 256, 'nhead': 2, 'num_layers': 2, 'dropout': 0.039544184860793766, 'T': 1000, 'beta_start': 1.5096592371626307e-05, 'beta_end': 0.04861763146570408, 'lambda_pdg': 0.26902944694259806, 'gamma_end': 0.16409933198840027, 'grad_clip': 1.8906006748145476, 'gamma_start': 0.0027414763689443612, 'pct_start': 0.14474846448456746, 'div_factor': 12.057619691155605}
  # 21  val=0.756015  params={'lr': 0.0014840545131751925, 'batch_size': 32, 'd_model': 256, 'nhead': 2, 'num_layers': 2, 'dropout': 0.033019667455384046, 'T': 1000, 'beta_start': 1.0218847116072768e-05, 'beta_end': 0.04897120930516152, 'lambda_pdg': 0.3135919867313269, 'gamma_end': 0.16418853103803413, 'grad_clip': 2.0035673501363154, 'gamma_start': 0.0016518343199981738, 'pct_start': 0.1470939065994607, 'div_factor': 10.120026111303636}

Best params saved to /work/submit/anton100/msci-project/FCC-BB-GenAI/tuning_runs_lr/best_params.txt
All trial results saved to /work/submit/anton100/msci-project/FCC-BB-GenAI/tuning_runs_lr/all_trials.csv
