[I 2026-03-11 21:31:12,334] Trial 14 pruned. 
  Trial  15 | Epoch  1/15 | train=4.36572 | val=3.56351 | VRAM alloc=0.67GB reserved=22.77GB
  Trial  15 | Epoch  2/15 | train=3.49836 | val=3.24923 | VRAM alloc=0.67GB reserved=22.77GB
  Trial  15 | Epoch  3/15 | train=3.29153 | val=3.14849 | VRAM alloc=0.67GB reserved=22.77GB
                                                                                          Best trial: 2. Best value: 2.50049:  38%|███▊      | 15/40 [9:55:17<10:54:08, 1569.95s/it]Best trial: 2. Best value: 2.50049:  38%|███▊      | 15/40 [9:55:17<10:54:08, 1569.95s/it]Best trial: 2. Best value: 2.50049:  40%|████      | 16/40 [9:55:17<9:46:14, 1465.60s/it]   Trial  15 | Epoch  4/15 | train=3.17423 | val=3.11462 | VRAM alloc=0.67GB reserved=22.77GB
  Trial 15 pruned at epoch 4.
[I 2026-03-11 21:51:35,613] Trial 15 pruned. 
  Trial  16 | Epoch  1/15 | train=4.04866 | val=3.22869 | VRAM alloc=0.16GB reserved=22.79GB
  Trial  16 | Epoch  2/15 | train=3.15299 | val=3.07339 | VRAM alloc=0.16GB reserved=22.79GB
  Trial  16 | Epoch  3/15 | train=3.00946 | val=2.86563 | VRAM alloc=0.16GB reserved=22.79GB
                                                                                         Best trial: 2. Best value: 2.50049:  40%|████      | 16/40 [10:20:43<9:46:14, 1465.60s/it]Best trial: 2. Best value: 2.50049:  40%|████      | 16/40 [10:20:43<9:46:14, 1465.60s/it]Best trial: 2. Best value: 2.50049:  42%|████▎     | 17/40 [10:20:43<9:28:47, 1483.80s/it]  Trial  16 | Epoch  4/15 | train=2.97032 | val=2.85619 | VRAM alloc=0.16GB reserved=22.79GB
  Trial 16 pruned at epoch 4.
[I 2026-03-11 22:17:01,740] Trial 16 pruned. 
  Trial  17 | Epoch  1/15 | train=4.18144 | val=3.46388 | VRAM alloc=0.26GB reserved=22.79GB
  Trial  17 | Epoch  2/15 | train=3.28468 | val=3.03454 | VRAM alloc=0.26GB reserved=22.79GB
  Trial  17 | Epoch  3/15 | train=3.07237 | val=2.94216 | VRAM alloc=0.26GB reserved=22.79GB
                                                                                          Best trial: 2. Best value: 2.50049:  42%|████▎     | 17/40 [10:38:03<9:28:47, 1483.80s/it]Best trial: 2. Best value: 2.50049:  42%|████▎     | 17/40 [10:38:03<9:28:47, 1483.80s/it]Best trial: 2. Best value: 2.50049:  45%|████▌     | 18/40 [10:38:03<8:15:04, 1350.22s/it]  Trial  17 | Epoch  4/15 | train=3.02202 | val=2.85362 | VRAM alloc=0.26GB reserved=22.79GB
  Trial 17 pruned at epoch 4.
[I 2026-03-11 22:34:21,005] Trial 17 pruned. 
  Trial  18 | Epoch  1/15 | train=4.32538 | val=3.54658 | VRAM alloc=0.42GB reserved=22.79GB
  Trial  18 | Epoch  2/15 | train=3.39717 | val=3.22772 | VRAM alloc=0.42GB reserved=22.79GB
  Trial  18 | Epoch  3/15 | train=3.26902 | val=3.18573 | VRAM alloc=0.42GB reserved=22.79GB
                                                                                          Best trial: 2. Best value: 2.50049:  45%|████▌     | 18/40 [10:58:24<8:15:04, 1350.22s/it]Best trial: 2. Best value: 2.50049:  45%|████▌     | 18/40 [10:58:24<8:15:04, 1350.22s/it]Best trial: 2. Best value: 2.50049:  48%|████▊     | 19/40 [10:58:24<7:39:03, 1311.59s/it]  Trial  18 | Epoch  4/15 | train=3.17972 | val=3.18858 | VRAM alloc=0.42GB reserved=22.79GB
  Trial 18 pruned at epoch 4.
[I 2026-03-11 22:54:42,603] Trial 18 pruned. 
  Trial  19 | Epoch  1/15 | train=4.17899 | val=3.56445 | VRAM alloc=0.53GB reserved=22.79GB
  Trial  19 | Epoch  2/15 | train=3.42672 | val=3.34705 | VRAM alloc=0.53GB reserved=22.79GB
  Trial  19 | Epoch  3/15 | train=3.28982 | val=3.20424 | VRAM alloc=0.53GB reserved=22.79GB
                                                                                          Best trial: 2. Best value: 2.50049:  48%|████▊     | 19/40 [11:11:36<7:39:03, 1311.59s/it]Best trial: 2. Best value: 2.50049:  48%|████▊     | 19/40 [11:11:36<7:39:03, 1311.59s/it]Best trial: 2. Best value: 2.50049:  50%|█████     | 20/40 [11:11:36<6:25:12, 1155.62s/it]  Trial  19 | Epoch  4/15 | train=3.19551 | val=3.00334 | VRAM alloc=0.53GB reserved=22.79GB
  Trial 19 pruned at epoch 4.
[I 2026-03-11 23:07:54,711] Trial 19 pruned. 
  Trial  20 | Epoch  1/15 | train=4.00546 | val=3.18593 | VRAM alloc=0.77GB reserved=22.79GB
  Trial  20 | Epoch  2/15 | train=2.98091 | val=2.90569 | VRAM alloc=0.77GB reserved=22.79GB
  Trial  20 | Epoch  3/15 | train=2.79858 | val=2.68010 | VRAM alloc=0.77GB reserved=22.79GB
  Trial  20 | Epoch  4/15 | train=2.74894 | val=2.64803 | VRAM alloc=0.77GB reserved=22.79GB
  Trial  20 | Epoch  5/15 | train=2.72301 | val=2.69637 | VRAM alloc=0.77GB reserved=22.79GB
  Trial  20 | Epoch  6/15 | train=2.69676 | val=2.58509 | VRAM alloc=0.77GB reserved=22.79GB
  Trial  20 | Epoch  7/15 | train=2.67404 | val=2.62833 | VRAM alloc=0.77GB reserved=22.79GB
  Trial  20 | Epoch  8/15 | train=2.67188 | val=2.61221 | VRAM alloc=0.25GB reserved=22.79GB
  Trial  20 | Epoch  9/15 | train=2.66398 | val=2.62640 | VRAM alloc=0.25GB reserved=22.79GB
  Trial  20 | Epoch 10/15 | train=2.63352 | val=2.56686 | VRAM alloc=0.25GB reserved=22.79GB
  Trial  20 | Epoch 11/15 | train=2.64082 | val=2.58760 | VRAM alloc=0.25GB reserved=22.79GB
  Trial  20 | Epoch 12/15 | train=2.60079 | val=2.51627 | VRAM alloc=0.25GB reserved=22.79GB
  Trial  20 | Epoch 13/15 | train=2.59428 | val=2.56706 | VRAM alloc=0.25GB reserved=22.79GB
  Trial  20 | Epoch 14/15 | train=2.59325 | val=2.55508 | VRAM alloc=0.25GB reserved=22.79GB
                                                                                          Best trial: 2. Best value: 2.50049:  50%|█████     | 20/40 [13:48:07<6:25:12, 1155.62s/it]Best trial: 2. Best value: 2.50049:  50%|█████     | 20/40 [13:48:07<6:25:12, 1155.62s/it]Best trial: 2. Best value: 2.50049:  52%|█████▎    | 21/40 [13:48:07<19:08:40, 3627.37s/it]  Trial  20 | Epoch 15/15 | train=2.57979 | val=2.59288 | VRAM alloc=0.25GB reserved=22.79GB
[I 2026-03-12 01:44:24,889] Trial 20 finished with value: 2.516271189542917 and parameters: {'lr': 0.0009206900722469939, 'batch_size': 16, 'd_model': 512, 'nhead': 8, 'num_layers': 5, 'dropout': 0.10589139612487407, 'T': 500, 'cosine_s': 0.02541741735137932, 'lambda_pdg': 0.5372506920776189, 'lambda_zplane': 0.419964068553571, 'gamma_end': 0.05087842560904246, 'gamma_start': 0.0004780862422338542, 'grad_clip': 1.736409863637071, 'pct_start': 0.11256783251678755, 'div_factor': 26.12616609179769}. Best is trial 2 with value: 2.5004915026518013.
  Trial  21 | Epoch  1/15 | train=4.01227 | val=3.13171 | VRAM alloc=0.50GB reserved=22.79GB
  Trial  21 | Epoch  2/15 | train=2.97076 | val=2.91519 | VRAM alloc=0.50GB reserved=22.79GB
  Trial  21 | Epoch  3/15 | train=2.79378 | val=2.68059 | VRAM alloc=0.50GB reserved=22.79GB
  Trial  21 | Epoch  4/15 | train=2.74264 | val=2.65032 | VRAM alloc=0.50GB reserved=22.79GB
  Trial  21 | Epoch  5/15 | train=2.71685 | val=2.65348 | VRAM alloc=0.50GB reserved=22.79GB
  Trial  21 | Epoch  6/15 | train=2.69510 | val=2.59395 | VRAM alloc=0.50GB reserved=22.79GB
  Trial  21 | Epoch  7/15 | train=2.67655 | val=2.62452 | VRAM alloc=0.50GB reserved=22.79GB
  Trial  21 | Epoch  8/15 | train=2.67258 | val=2.61472 | VRAM alloc=0.50GB reserved=22.79GB
  Trial  21 | Epoch  9/15 | train=2.66378 | val=2.62212 | VRAM alloc=0.50GB reserved=22.79GB
  Trial  21 | Epoch 10/15 | train=2.63361 | val=2.56874 | VRAM alloc=0.50GB reserved=22.79GB
  Trial  21 | Epoch 11/15 | train=2.64063 | val=2.58641 | VRAM alloc=0.25GB reserved=22.79GB
  Trial  21 | Epoch 12/15 | train=2.60035 | val=2.51564 | VRAM alloc=0.25GB reserved=22.79GB
  Trial  21 | Epoch 13/15 | train=2.59410 | val=2.56708 | VRAM alloc=0.25GB reserved=22.79GB
  Trial  21 | Epoch 14/15 | train=2.59335 | val=2.55567 | VRAM alloc=0.25GB reserved=22.79GB
                                                                                           Best trial: 2. Best value: 2.50049:  52%|█████▎    | 21/40 [16:24:40<19:08:40, 3627.37s/it]Best trial: 2. Best value: 2.50049:  52%|█████▎    | 21/40 [16:24:40<19:08:40, 3627.37s/it]Best trial: 2. Best value: 2.50049:  55%|█████▌    | 22/40 [16:24:40<26:47:20, 5357.79s/it]  Trial  21 | Epoch 15/15 | train=2.58005 | val=2.59323 | VRAM alloc=0.25GB reserved=22.79GB
[I 2026-03-12 04:20:58,084] Trial 21 finished with value: 2.515642223908351 and parameters: {'lr': 0.0009373836361459833, 'batch_size': 16, 'd_model': 512, 'nhead': 8, 'num_layers': 5, 'dropout': 0.10389240762087415, 'T': 500, 'cosine_s': 0.02653175413241529, 'lambda_pdg': 0.5657158175138605, 'lambda_zplane': 0.43920090864079997, 'gamma_end': 0.05360327436980103, 'gamma_start': 0.0005632981863909101, 'grad_clip': 1.7288104953234633, 'pct_start': 0.10959188546256601, 'div_factor': 25.63921308590787}. Best is trial 2 with value: 2.5004915026518013.
  Trial  22 | Epoch  1/15 | train=4.02631 | val=3.27606 | VRAM alloc=0.50GB reserved=22.79GB
  Trial  22 | Epoch  2/15 | train=2.98549 | val=2.90142 | VRAM alloc=0.50GB reserved=22.79GB
  Trial  22 | Epoch  3/15 | train=2.80301 | val=2.72298 | VRAM alloc=0.50GB reserved=22.79GB
  Trial  22 | Epoch  4/15 | train=2.75211 | val=2.66601 | VRAM alloc=0.50GB reserved=22.79GB
  Trial  22 | Epoch  5/15 | train=2.72390 | val=2.65832 | VRAM alloc=0.50GB reserved=22.79GB
  Trial  22 | Epoch  6/15 | train=2.70653 | val=2.59563 | VRAM alloc=0.50GB reserved=22.79GB
  Trial  22 | Epoch  7/15 | train=2.68269 | val=2.64590 | VRAM alloc=0.50GB reserved=22.79GB
  Trial  22 | Epoch  8/15 | train=2.67892 | val=2.62755 | VRAM alloc=0.50GB reserved=22.79GB
  Trial  22 | Epoch  9/15 | train=2.67188 | val=2.62660 | VRAM alloc=0.50GB reserved=22.79GB
  Trial  22 | Epoch 10/15 | train=2.63886 | val=2.57777 | VRAM alloc=0.50GB reserved=22.79GB
  Trial  22 | Epoch 11/15 | train=2.64901 | val=2.59673 | VRAM alloc=0.50GB reserved=22.79GB
  Trial  22 | Epoch 12/15 | train=2.60882 | val=2.52512 | VRAM alloc=0.50GB reserved=22.79GB
  Trial  22 | Epoch 13/15 | train=2.60277 | val=2.58174 | VRAM alloc=0.25GB reserved=22.79GB
  Trial  22 | Epoch 14/15 | train=2.60156 | val=2.56554 | VRAM alloc=0.25GB reserved=22.79GB
                                                                                           Best trial: 2. Best value: 2.50049:  55%|█████▌    | 22/40 [19:01:12<26:47:20, 5357.79s/it]Best trial: 2. Best value: 2.50049:  55%|█████▌    | 22/40 [19:01:12<26:47:20, 5357.79s/it]Best trial: 2. Best value: 2.50049:  57%|█████▊    | 23/40 [19:01:12<31:01:02, 6568.37s/it]  Trial  22 | Epoch 15/15 | train=2.58854 | val=2.60372 | VRAM alloc=0.25GB reserved=22.79GB
[I 2026-03-12 06:57:30,046] Trial 22 finished with value: 2.525115235035236 and parameters: {'lr': 0.0009386662221317631, 'batch_size': 16, 'd_model': 512, 'nhead': 8, 'num_layers': 5, 'dropout': 0.08437472344222463, 'T': 500, 'cosine_s': 0.023265389870136495, 'lambda_pdg': 0.5445825489115251, 'lambda_zplane': 0.39145229786461777, 'gamma_end': 0.05836881216981003, 'gamma_start': 0.00042889805769889404, 'grad_clip': 1.698075993803212, 'pct_start': 0.11408315951464154, 'div_factor': 24.933182687020444}. Best is trial 2 with value: 2.5004915026518013.
  Trial  23 | Epoch  1/15 | train=4.15812 | val=3.47843 | VRAM alloc=0.50GB reserved=22.79GB
  Trial  23 | Epoch  2/15 | train=3.13172 | val=3.09414 | VRAM alloc=0.50GB reserved=22.79GB
  Trial  23 | Epoch  3/15 | train=2.93671 | val=2.81519 | VRAM alloc=0.50GB reserved=22.79GB
                                                                                           Best trial: 2. Best value: 2.50049:  57%|█████▊    | 23/40 [19:43:03<31:01:02, 6568.37s/it]Best trial: 2. Best value: 2.50049:  57%|█████▊    | 23/40 [19:43:03<31:01:02, 6568.37s/it]Best trial: 2. Best value: 2.50049:  60%|██████    | 24/40 [19:43:03<23:46:54, 5350.88s/it]  Trial  23 | Epoch  4/15 | train=2.86551 | val=2.80842 | VRAM alloc=0.50GB reserved=22.79GB
  Trial 23 pruned at epoch 4.
[I 2026-03-12 07:39:20,877] Trial 23 pruned. 
  Trial  24 | Epoch  1/15 | train=4.22379 | val=3.30925 | VRAM alloc=0.75GB reserved=22.79GB
  Trial  24 | Epoch  2/15 | train=3.08279 | val=2.98037 | VRAM alloc=0.75GB reserved=22.79GB
  Trial  24 | Epoch  3/15 | train=2.86925 | val=2.73264 | VRAM alloc=0.75GB reserved=22.79GB
  Trial  24 | Epoch  4/15 | train=2.78423 | val=2.69614 | VRAM alloc=0.75GB reserved=22.79GB
  Trial  24 | Epoch  5/15 | train=2.74180 | val=2.67095 | VRAM alloc=0.75GB reserved=22.79GB
  Trial  24 | Epoch  6/15 | train=2.72186 | val=2.64946 | VRAM alloc=0.75GB reserved=22.79GB
  Trial  24 | Epoch  7/15 | train=2.69483 | val=2.64787 | VRAM alloc=0.75GB reserved=22.79GB
  Trial  24 | Epoch  8/15 | train=2.68994 | val=2.64010 | VRAM alloc=0.75GB reserved=22.79GB
  Trial  24 | Epoch  9/15 | train=2.68404 | val=2.63659 | VRAM alloc=0.75GB reserved=22.79GB
  Trial  24 | Epoch 10/15 | train=2.65076 | val=2.58833 | VRAM alloc=0.75GB reserved=22.79GB
  Trial  24 | Epoch 11/15 | train=2.65940 | val=2.60606 | VRAM alloc=0.25GB reserved=22.79GB
  Trial  24 | Epoch 12/15 | train=2.61912 | val=2.53157 | VRAM alloc=0.25GB reserved=22.79GB
  Trial  24 | Epoch 13/15 | train=2.61352 | val=2.58814 | VRAM alloc=0.25GB reserved=22.79GB
  Trial  24 | Epoch 14/15 | train=2.61209 | val=2.57380 | VRAM alloc=0.25GB reserved=22.79GB
                                                                                           Best trial: 2. Best value: 2.50049:  60%|██████    | 24/40 [22:19:40<23:46:54, 5350.88s/it]Best trial: 2. Best value: 2.50049:  60%|██████    | 24/40 [22:19:40<23:46:54, 5350.88s/it]Best trial: 2. Best value: 2.50049:  62%|██████▎   | 25/40 [22:19:40<27:21:12, 6564.85s/it]  Trial  24 | Epoch 15/15 | train=2.59872 | val=2.61093 | VRAM alloc=0.25GB reserved=22.79GB
[I 2026-03-12 10:15:57,785] Trial 24 finished with value: 2.5315663209328285 and parameters: {'lr': 0.0006359598645620844, 'batch_size': 16, 'd_model': 512, 'nhead': 8, 'num_layers': 5, 'dropout': 0.10245377427534258, 'T': 500, 'cosine_s': 0.026346124615356365, 'lambda_pdg': 0.6171231957537903, 'lambda_zplane': 0.31109862610725025, 'gamma_end': 0.0742057773427916, 'gamma_start': 0.0009263606969559889, 'grad_clip': 1.7795588861725742, 'pct_start': 0.16523706203633154, 'div_factor': 27.431083055138124}. Best is trial 2 with value: 2.5004915026518013.
  Trial  25 | Epoch  1/15 | train=4.19890 | val=3.35118 | VRAM alloc=0.50GB reserved=22.79GB
  Trial  25 | Epoch  2/15 | train=3.11278 | val=3.06684 | VRAM alloc=0.50GB reserved=22.79GB
  Trial  25 | Epoch  3/15 | train=2.92361 | val=2.80125 | VRAM alloc=0.50GB reserved=22.79GB
                                                                                           Best trial: 2. Best value: 2.50049:  62%|██████▎   | 25/40 [23:01:27<27:21:12, 6564.85s/it]Best trial: 2. Best value: 2.50049:  62%|██████▎   | 25/40 [23:01:27<27:21:12, 6564.85s/it]Best trial: 2. Best value: 2.50049:  65%|██████▌   | 26/40 [23:01:27<20:47:44, 5347.44s/it]  Trial  25 | Epoch  4/15 | train=2.86197 | val=2.77612 | VRAM alloc=0.50GB reserved=22.79GB
  Trial 25 pruned at epoch 4.
[I 2026-03-12 10:57:44,981] Trial 25 pruned. 
  Trial  26 | Epoch  1/15 | train=4.08742 | val=3.20429 | VRAM alloc=0.70GB reserved=22.79GB
  Trial  26 | Epoch  2/15 | train=3.15338 | val=2.91638 | VRAM alloc=0.70GB reserved=22.79GB
  Trial  26 | Epoch  3/15 | train=2.97629 | val=2.84528 | VRAM alloc=0.70GB reserved=22.79GB
                                                                                           Best trial: 2. Best value: 2.50049:  65%|██████▌   | 26/40 [23:35:09<20:47:44, 5347.44s/it]Best trial: 2. Best value: 2.50049:  65%|██████▌   | 26/40 [23:35:09<20:47:44, 5347.44s/it]Best trial: 2. Best value: 2.50049:  68%|██████▊   | 27/40 [23:35:09<15:42:27, 4349.83s/it]  Trial  26 | Epoch  4/15 | train=2.90162 | val=2.83740 | VRAM alloc=0.70GB reserved=22.79GB
  Trial 26 pruned at epoch 4.
[I 2026-03-12 11:31:27,289] Trial 26 pruned. 
  Trial  27 | Epoch  1/15 | train=4.06257 | val=3.22760 | VRAM alloc=0.95GB reserved=22.79GB
  Trial  27 | Epoch  2/15 | train=3.01686 | val=2.95285 | VRAM alloc=0.95GB reserved=22.79GB
[2026-03-12T11:56:26.012] error: *** JOB 4591141 ON submit23-1 CANCELLED AT 2026-03-12T11:56:26 DUE TO TIME LIMIT ***
