[I 2026-03-07 17:16:49,668] Using an existing study with name 'particle_diff_v2' instead of creating a new one.

============================================================
GPU CHECK
============================================================
CUDA available     : True
Device count       : 1
GPU 0              : NVIDIA A30
  VRAM total       : 23.6 GB
  VRAM allocated   : 0.00 GB
  Compute cap.     : 8.0
  Matmul test      : PASSED  (2048x2048 op completed OK)

  Active device    : NVIDIA A30
============================================================

  0%|          | 0/40 [00:00<?, ?it/s]  Trial   9 | Epoch  1/20 | train=2.32349 | val=1.92144 | VRAM alloc=0.02GB reserved=1.49GB
  Trial   9 | Epoch  2/20 | train=1.83930 | val=1.78741 | VRAM alloc=0.02GB reserved=1.49GB
  Trial   9 | Epoch  3/20 | train=1.77189 | val=1.78821 | VRAM alloc=0.02GB reserved=1.49GB
  Trial   9 | Epoch  4/20 | train=1.76725 | val=1.73003 | VRAM alloc=0.02GB reserved=1.49GB
  Trial   9 | Epoch  5/20 | train=1.75715 | val=1.75917 | VRAM alloc=0.02GB reserved=1.49GB
  Trial   9 | Epoch  6/20 | train=1.74403 | val=1.72158 | VRAM alloc=0.02GB reserved=1.49GB
  Trial   9 | Epoch  7/20 | train=1.74626 | val=1.73710 | VRAM alloc=0.02GB reserved=1.49GB
  Trial   9 | Epoch  8/20 | train=1.73513 | val=1.74239 | VRAM alloc=0.02GB reserved=1.49GB
  Trial   9 | Epoch  9/20 | train=1.74293 | val=1.74146 | VRAM alloc=0.02GB reserved=1.49GB
  Trial   9 | Epoch 10/20 | train=1.72035 | val=1.73693 | VRAM alloc=0.02GB reserved=1.49GB
  Trial   9 | Epoch 11/20 | train=1.72938 | val=1.69332 | VRAM alloc=0.02GB reserved=1.49GB
  Trial   9 | Epoch 12/20 | train=1.72527 | val=1.70177 | VRAM alloc=0.02GB reserved=1.49GB
  Trial   9 | Epoch 13/20 | train=1.70560 | val=1.64363 | VRAM alloc=0.02GB reserved=1.49GB
  Trial   9 | Epoch 14/20 | train=1.72109 | val=1.65818 | VRAM alloc=0.02GB reserved=1.49GB
  Trial   9 | Epoch 15/20 | train=1.71425 | val=1.66725 | VRAM alloc=0.02GB reserved=1.49GB
  Trial   9 | Epoch 16/20 | train=1.71279 | val=1.72651 | VRAM alloc=0.02GB reserved=1.49GB
  Trial   9 | Epoch 17/20 | train=1.70226 | val=1.68348 | VRAM alloc=0.02GB reserved=1.49GB
  Trial   9 | Epoch 18/20 | train=1.71181 | val=1.67141 | VRAM alloc=0.02GB reserved=1.49GB
  Trial   9 | Epoch 19/20 | train=1.70653 | val=1.71783 | VRAM alloc=0.02GB reserved=1.49GB
                                        0%|          | 0/40 [2:17:55<?, ?it/s]Best trial: 2. Best value: 1.15889:   0%|          | 0/40 [2:17:55<?, ?it/s]Best trial: 2. Best value: 1.15889:   2%|▎         | 1/40 [2:17:55<89:39:07, 8275.58s/it]  Trial   9 | Epoch 20/20 | train=1.70012 | val=1.68629 | VRAM alloc=0.02GB reserved=1.49GB
[I 2026-03-07 19:34:45,275] Trial 9 finished with value: 1.6436280734053919 and parameters: {'lr': 0.00043284502212938834, 'batch_size': 2, 'd_model': 128, 'nhead': 8, 'num_layers': 5, 'dropout': 0.06370173320348284, 'T': 1000, 'beta_start': 0.00011207606211860574, 'beta_end': 0.013518080333310006, 'lambda_pdg': 1.5270227869704056, 'gamma_end': 0.3253338026250708, 'grad_clip': 1.1277223729341883, 'gamma_start': 7.52374288453485e-05, 'pct_start': 0.10495427649405377, 'div_factor': 28.580510658069365}. Best is trial 2 with value: 1.1588931954824007.
  Trial  10 | Epoch  1/20 | train=1.92812 | val=1.36861 | VRAM alloc=0.05GB reserved=4.84GB
  Trial  10 | Epoch  2/20 | train=1.40445 | val=1.30305 | VRAM alloc=0.05GB reserved=4.84GB
  Trial  10 | Epoch  3/20 | train=1.32386 | val=1.29906 | VRAM alloc=0.05GB reserved=4.84GB
  Trial  10 | Epoch  4/20 | train=1.28716 | val=1.27408 | VRAM alloc=0.05GB reserved=4.84GB
  Trial  10 | Epoch  5/20 | train=1.26194 | val=1.21453 | VRAM alloc=0.05GB reserved=4.84GB
  Trial  10 | Epoch  6/20 | train=1.26371 | val=1.18036 | VRAM alloc=0.05GB reserved=4.84GB
  Trial  10 | Epoch  7/20 | train=1.23561 | val=1.24310 | VRAM alloc=0.05GB reserved=4.84GB
  Trial  10 | Epoch  8/20 | train=1.25603 | val=1.25073 | VRAM alloc=0.05GB reserved=4.84GB
  Trial  10 | Epoch  9/20 | train=1.22176 | val=1.17397 | VRAM alloc=0.05GB reserved=4.84GB
  Trial  10 | Epoch 10/20 | train=1.21749 | val=1.20526 | VRAM alloc=0.05GB reserved=4.84GB
  Trial  10 | Epoch 11/20 | train=1.21315 | val=1.24076 | VRAM alloc=0.05GB reserved=4.84GB
  Trial  10 | Epoch 12/20 | train=1.22268 | val=1.17534 | VRAM alloc=0.05GB reserved=4.84GB
  Trial  10 | Epoch 13/20 | train=1.20035 | val=1.19933 | VRAM alloc=0.05GB reserved=4.84GB
  Trial  10 | Epoch 14/20 | train=1.20201 | val=1.16475 | VRAM alloc=0.05GB reserved=4.84GB
  Trial  10 | Epoch 15/20 | train=1.21083 | val=1.17043 | VRAM alloc=0.05GB reserved=4.84GB
  Trial  10 | Epoch 16/20 | train=1.18638 | val=1.20136 | VRAM alloc=0.05GB reserved=4.84GB
  Trial  10 | Epoch 17/20 | train=1.19088 | val=1.18467 | VRAM alloc=0.05GB reserved=4.84GB
  Trial  10 | Epoch 18/20 | train=1.19732 | val=1.15949 | VRAM alloc=0.05GB reserved=4.84GB
  Trial  10 | Epoch 19/20 | train=1.19123 | val=1.15889 | VRAM alloc=0.05GB reserved=4.84GB
                                                                                         Best trial: 2. Best value: 1.15889:   2%|▎         | 1/40 [2:44:07<89:39:07, 8275.58s/it]Best trial: 2. Best value: 1.15889:   2%|▎         | 1/40 [2:44:07<89:39:07, 8275.58s/it]Best trial: 2. Best value: 1.15889:   5%|▌         | 2/40 [2:44:07<45:43:47, 4332.31s/it]  Trial  10 | Epoch 20/20 | train=1.18463 | val=1.19777 | VRAM alloc=0.05GB reserved=4.84GB
[I 2026-03-07 20:00:57,300] Trial 10 finished with value: 1.1588931954824007 and parameters: {'lr': 0.0021576967455896826, 'batch_size': 32, 'd_model': 256, 'nhead': 2, 'num_layers': 2, 'dropout': 0.20526990795364705, 'T': 1000, 'beta_start': 1.1715937392307055e-05, 'beta_end': 0.04057797837985251, 'lambda_pdg': 1.368021909840083, 'gamma_end': 0.3481350279592919, 'grad_clip': 1.9026998424023494, 'gamma_start': 0.00036324869566766035, 'pct_start': 0.13200654190149197, 'div_factor': 15.30574436550018}. Best is trial 2 with value: 1.1588931954824007.
  Trial  11 | Epoch  1/20 | train=4.16105 | val=3.79630 | VRAM alloc=0.02GB reserved=4.86GB
  Trial  11 | Epoch  2/20 | train=3.75698 | val=3.74151 | VRAM alloc=0.02GB reserved=4.86GB
  Trial  11 | Epoch  3/20 | train=3.76414 | val=3.71963 | VRAM alloc=0.02GB reserved=4.86GB
                                                                                         Best trial: 2. Best value: 1.15889:   5%|▌         | 2/40 [3:01:15<45:43:47, 4332.31s/it]Best trial: 2. Best value: 1.15889:   5%|▌         | 2/40 [3:01:15<45:43:47, 4332.31s/it]Best trial: 2. Best value: 1.15889:   8%|▊         | 3/40 [3:01:15<29:01:00, 2823.26s/it]  Trial  11 | Epoch  4/20 | train=3.73124 | val=3.67265 | VRAM alloc=0.02GB reserved=4.86GB
  Trial 11 pruned at epoch 4.
[I 2026-03-07 20:18:04,793] Trial 11 pruned. 
  Trial  12 | Epoch  1/20 | train=3.52609 | val=2.21294 | VRAM alloc=0.02GB reserved=20.99GB
  Trial  12 | Epoch  2/20 | train=2.23373 | val=2.09138 | VRAM alloc=0.02GB reserved=20.99GB
  Trial  12 | Epoch  3/20 | train=2.15467 | val=2.05429 | VRAM alloc=0.02GB reserved=20.99GB
                                                                                         Best trial: 2. Best value: 1.15889:   8%|▊         | 3/40 [3:16:52<29:01:00, 2823.26s/it]Best trial: 2. Best value: 1.15889:   8%|▊         | 3/40 [3:16:52<29:01:00, 2823.26s/it]Best trial: 2. Best value: 1.15889:  10%|█         | 4/40 [3:16:52<20:47:10, 2078.63s/it]  Trial  12 | Epoch  4/20 | train=2.11940 | val=2.04091 | VRAM alloc=0.02GB reserved=20.99GB
  Trial 12 pruned at epoch 4.
[I 2026-03-07 20:33:41,891] Trial 12 pruned. 
  Trial  13 | Epoch  1/20 | train=4.82108 | val=2.79900 | VRAM alloc=0.05GB reserved=20.99GB
  Trial  13 | Epoch  2/20 | train=2.66598 | val=2.44289 | VRAM alloc=0.05GB reserved=20.99GB
  Trial  13 | Epoch  3/20 | train=2.45580 | val=2.32110 | VRAM alloc=0.05GB reserved=20.99GB
                                                                                         Best trial: 2. Best value: 1.15889:  10%|█         | 4/40 [3:23:25<20:47:10, 2078.63s/it]Best trial: 2. Best value: 1.15889:  10%|█         | 4/40 [3:23:25<20:47:10, 2078.63s/it]Best trial: 2. Best value: 1.15889:  12%|█▎        | 5/40 [3:23:25<14:17:57, 1470.78s/it]  Trial  13 | Epoch  4/20 | train=2.39614 | val=2.30238 | VRAM alloc=0.05GB reserved=20.99GB
  Trial 13 pruned at epoch 4.
[I 2026-03-07 20:40:14,891] Trial 13 pruned. 
  Trial  14 | Epoch  1/20 | train=1.53603 | val=1.00753 | VRAM alloc=0.03GB reserved=21.00GB
  Trial  14 | Epoch  2/20 | train=1.06243 | val=1.01187 | VRAM alloc=0.03GB reserved=21.00GB
  Trial  14 | Epoch  3/20 | train=0.99502 | val=0.97898 | VRAM alloc=0.03GB reserved=21.00GB
  Trial  14 | Epoch  4/20 | train=0.96737 | val=0.93211 | VRAM alloc=0.03GB reserved=21.00GB
  Trial  14 | Epoch  5/20 | train=0.94373 | val=0.87894 | VRAM alloc=0.03GB reserved=21.00GB
  Trial  14 | Epoch  6/20 | train=0.94382 | val=0.85826 | VRAM alloc=0.03GB reserved=21.00GB
  Trial  14 | Epoch  7/20 | train=0.91100 | val=0.91319 | VRAM alloc=0.03GB reserved=21.00GB
  Trial  14 | Epoch  8/20 | train=0.93673 | val=0.89190 | VRAM alloc=0.03GB reserved=21.00GB
  Trial  14 | Epoch  9/20 | train=0.89811 | val=0.85785 | VRAM alloc=0.03GB reserved=21.00GB
  Trial  14 | Epoch 10/20 | train=0.89484 | val=0.88915 | VRAM alloc=0.03GB reserved=21.00GB
  Trial  14 | Epoch 11/20 | train=0.88852 | val=0.91584 | VRAM alloc=0.03GB reserved=21.00GB
  Trial  14 | Epoch 12/20 | train=0.89793 | val=0.85523 | VRAM alloc=0.03GB reserved=21.00GB
  Trial  14 | Epoch 13/20 | train=0.88011 | val=0.88218 | VRAM alloc=0.03GB reserved=21.00GB
  Trial  14 | Epoch 14/20 | train=0.88286 | val=0.84845 | VRAM alloc=0.03GB reserved=21.00GB
  Trial  14 | Epoch 15/20 | train=0.89301 | val=0.85350 | VRAM alloc=0.03GB reserved=21.00GB
  Trial  14 | Epoch 16/20 | train=0.86605 | val=0.89052 | VRAM alloc=0.03GB reserved=21.00GB
  Trial  14 | Epoch 17/20 | train=0.87192 | val=0.87119 | VRAM alloc=0.03GB reserved=21.00GB
  Trial  14 | Epoch 18/20 | train=0.87928 | val=0.84165 | VRAM alloc=0.03GB reserved=21.00GB
  Trial  14 | Epoch 19/20 | train=0.87300 | val=0.84307 | VRAM alloc=0.03GB reserved=21.00GB
                                                                                         Best trial: 2. Best value: 1.15889:  12%|█▎        | 5/40 [3:49:33<14:17:57, 1470.78s/it]Best trial: 14. Best value: 0.841645:  12%|█▎        | 5/40 [3:49:33<14:17:57, 1470.78s/it]Best trial: 14. Best value: 0.841645:  15%|█▌        | 6/40 [3:49:33<14:12:15, 1503.98s/it]  Trial  14 | Epoch 20/20 | train=0.86549 | val=0.88593 | VRAM alloc=0.03GB reserved=21.00GB
[I 2026-03-07 21:06:23,299] Trial 14 finished with value: 0.8416454773682814 and parameters: {'lr': 0.0018148517241295438, 'batch_size': 32, 'd_model': 256, 'nhead': 2, 'num_layers': 2, 'dropout': 0.195064121816649, 'T': 1000, 'beta_start': 1.1721267129495522e-05, 'beta_end': 0.04403471952546892, 'lambda_pdg': 0.4528296453191545, 'gamma_end': 0.2176890808680194, 'grad_clip': 2.0459097150951124, 'gamma_start': 0.0013158630044867543, 'pct_start': 0.13840064155071224, 'div_factor': 10.07203372141521}. Best is trial 14 with value: 0.8416454773682814.
  Trial  15 | Epoch  1/20 | train=1.54988 | val=1.00103 | VRAM alloc=0.07GB reserved=21.00GB
  Trial  15 | Epoch  2/20 | train=0.93403 | val=0.84274 | VRAM alloc=0.07GB reserved=21.00GB
  Trial  15 | Epoch  3/20 | train=0.85693 | val=0.77585 | VRAM alloc=0.07GB reserved=21.00GB
  Trial  15 | Epoch  4/20 | train=0.81399 | val=0.82371 | VRAM alloc=0.07GB reserved=21.00GB
  Trial  15 | Epoch  5/20 | train=0.79354 | val=0.77273 | VRAM alloc=0.07GB reserved=21.00GB
  Trial  15 | Epoch  6/20 | train=0.77493 | val=0.76394 | VRAM alloc=0.07GB reserved=21.00GB
  Trial  15 | Epoch  7/20 | train=0.75729 | val=0.77317 | VRAM alloc=0.07GB reserved=21.00GB
  Trial  15 | Epoch  8/20 | train=0.77392 | val=0.79795 | VRAM alloc=0.07GB reserved=21.00GB
  Trial  15 | Epoch  9/20 | train=0.77900 | val=0.75249 | VRAM alloc=0.07GB reserved=21.00GB
  Trial  15 | Epoch 10/20 | train=0.76551 | val=0.73779 | VRAM alloc=0.07GB reserved=21.00GB
  Trial  15 | Epoch 11/20 | train=0.75841 | val=0.74178 | VRAM alloc=0.07GB reserved=21.00GB
  Trial  15 | Epoch 12/20 | train=0.76362 | val=0.72179 | VRAM alloc=0.04GB reserved=21.00GB
  Trial  15 | Epoch 13/20 | train=0.75428 | val=0.75201 | VRAM alloc=0.04GB reserved=21.00GB
  Trial  15 | Epoch 14/20 | train=0.75909 | val=0.71084 | VRAM alloc=0.04GB reserved=21.00GB
  Trial  15 | Epoch 15/20 | train=0.75677 | val=0.70932 | VRAM alloc=0.04GB reserved=21.00GB
  Trial  15 | Epoch 16/20 | train=0.73604 | val=0.69869 | VRAM alloc=0.04GB reserved=21.00GB
  Trial  15 | Epoch 17/20 | train=0.74409 | val=0.75618 | VRAM alloc=0.04GB reserved=21.00GB
  Trial  15 | Epoch 18/20 | train=0.74335 | val=0.69412 | VRAM alloc=0.04GB reserved=21.00GB
  Trial  15 | Epoch 19/20 | train=0.74432 | val=0.73507 | VRAM alloc=0.04GB reserved=21.00GB
                                                                                           Best trial: 14. Best value: 0.841645:  15%|█▌        | 6/40 [4:27:27<14:12:15, 1503.98s/it]Best trial: 15. Best value: 0.694121:  15%|█▌        | 6/40 [4:27:27<14:12:15, 1503.98s/it]Best trial: 15. Best value: 0.694121:  18%|█▊        | 7/40 [4:27:27<16:05:38, 1755.71s/it]  Trial  15 | Epoch 20/20 | train=0.73776 | val=0.77530 | VRAM alloc=0.04GB reserved=21.00GB
[I 2026-03-07 21:44:17,276] Trial 15 finished with value: 0.6941206386456122 and parameters: {'lr': 0.0010232966843958737, 'batch_size': 32, 'd_model': 256, 'nhead': 2, 'num_layers': 3, 'dropout': 0.177335434251012, 'T': 1000, 'beta_start': 1.0592526792498264e-05, 'beta_end': 0.049340486802611244, 'lambda_pdg': 0.11025219374898987, 'gamma_end': 0.14953038487527626, 'grad_clip': 2.0301249143309064, 'gamma_start': 0.0018803066900399006, 'pct_start': 0.13800147178256736, 'div_factor': 11.094821108168011}. Best is trial 15 with value: 0.6941206386456122.
  Trial  16 | Epoch  1/20 | train=1.86777 | val=1.22696 | VRAM alloc=0.08GB reserved=21.01GB
  Trial  16 | Epoch  2/20 | train=1.18088 | val=1.12406 | VRAM alloc=0.08GB reserved=21.01GB
  Trial  16 | Epoch  3/20 | train=1.10319 | val=1.01184 | VRAM alloc=0.08GB reserved=21.01GB
  Trial  16 | Epoch  4/20 | train=1.05639 | val=1.05964 | VRAM alloc=0.08GB reserved=21.01GB
  Trial  16 | Epoch  5/20 | train=1.03707 | val=1.01129 | VRAM alloc=0.08GB reserved=21.01GB
  Trial  16 | Epoch  6/20 | train=1.01577 | val=1.00265 | VRAM alloc=0.08GB reserved=21.01GB
  Trial  16 | Epoch  7/20 | train=0.98775 | val=1.01120 | VRAM alloc=0.08GB reserved=21.01GB
  Trial  16 | Epoch  8/20 | train=1.01597 | val=1.03803 | VRAM alloc=0.08GB reserved=21.01GB
  Trial  16 | Epoch  9/20 | train=1.01712 | val=0.98960 | VRAM alloc=0.08GB reserved=21.01GB
  Trial  16 | Epoch 10/20 | train=1.00119 | val=0.97326 | VRAM alloc=0.08GB reserved=21.01GB
  Trial  16 | Epoch 11/20 | train=0.99192 | val=0.99240 | VRAM alloc=0.08GB reserved=21.01GB
  Trial  16 | Epoch 12/20 | train=1.00119 | val=0.94894 | VRAM alloc=0.08GB reserved=21.01GB
  Trial  16 | Epoch 13/20 | train=0.98839 | val=0.98244 | VRAM alloc=0.08GB reserved=21.01GB
  Trial  16 | Epoch 14/20 | train=0.99030 | val=0.93534 | VRAM alloc=0.08GB reserved=21.01GB
  Trial  16 | Epoch 15/20 | train=0.99286 | val=0.92677 | VRAM alloc=0.08GB reserved=21.01GB
  Trial  16 | Epoch 16/20 | train=0.96770 | val=0.92675 | VRAM alloc=0.08GB reserved=21.01GB
  Trial  16 | Epoch 17/20 | train=0.97381 | val=0.99278 | VRAM alloc=0.08GB reserved=21.01GB
  Trial  16 | Epoch 18/20 | train=0.97206 | val=0.92586 | VRAM alloc=0.08GB reserved=21.01GB
  Trial  16 | Epoch 19/20 | train=0.97142 | val=0.96905 | VRAM alloc=0.08GB reserved=21.01GB
                                                                                           Best trial: 15. Best value: 0.694121:  18%|█▊        | 7/40 [5:05:22<16:05:38, 1755.71s/it]Best trial: 15. Best value: 0.694121:  18%|█▊        | 7/40 [5:05:22<16:05:38, 1755.71s/it]Best trial: 15. Best value: 0.694121:  20%|██        | 8/40 [5:05:22<17:04:34, 1921.07s/it]  Trial  16 | Epoch 20/20 | train=0.96811 | val=1.00103 | VRAM alloc=0.08GB reserved=21.01GB
[I 2026-03-07 22:22:12,438] Trial 16 finished with value: 0.9258639372312105 and parameters: {'lr': 0.0009070475399055465, 'batch_size': 32, 'd_model': 256, 'nhead': 2, 'num_layers': 3, 'dropout': 0.15912912584316394, 'T': 1000, 'beta_start': 3.3300594517742493e-05, 'beta_end': 0.028079697660053308, 'lambda_pdg': 0.12322658630013761, 'gamma_end': 0.15194929836262014, 'grad_clip': 0.5087036694590543, 'gamma_start': 0.002495261495555094, 'pct_start': 0.1510706302336963, 'div_factor': 10.287753773459366}. Best is trial 15 with value: 0.6941206386456122.
  Trial  17 | Epoch  1/20 | train=1.49431 | val=1.02901 | VRAM alloc=0.04GB reserved=21.04GB
  Trial  17 | Epoch  2/20 | train=0.96358 | val=0.93379 | VRAM alloc=0.04GB reserved=21.04GB
  Trial  17 | Epoch  3/20 | train=0.89982 | val=0.89943 | VRAM alloc=0.04GB reserved=21.04GB
  Trial  17 | Epoch  4/20 | train=0.89589 | val=0.89133 | VRAM alloc=0.04GB reserved=21.04GB
  Trial  17 | Epoch  5/20 | train=0.88806 | val=0.84191 | VRAM alloc=0.04GB reserved=21.04GB
  Trial  17 | Epoch  6/20 | train=0.87309 | val=0.87175 | VRAM alloc=0.04GB reserved=21.04GB
  Trial  17 | Epoch  7/20 | train=0.85782 | val=0.91894 | VRAM alloc=0.04GB reserved=21.04GB
  Trial  17 | Epoch  8/20 | train=0.87003 | val=0.87680 | VRAM alloc=0.04GB reserved=21.04GB
  Trial  17 | Epoch  9/20 | train=0.85777 | val=0.86257 | VRAM alloc=0.04GB reserved=21.04GB
  Trial  17 | Epoch 10/20 | train=0.85688 | val=0.89101 | VRAM alloc=0.04GB reserved=21.04GB
  Trial  17 | Epoch 11/20 | train=0.86171 | val=0.86048 | VRAM alloc=0.04GB reserved=21.04GB
  Trial  17 | Epoch 12/20 | train=0.85910 | val=0.86315 | VRAM alloc=0.04GB reserved=21.04GB
  Trial  17 | Epoch 13/20 | train=0.85248 | val=0.83246 | VRAM alloc=0.04GB reserved=21.04GB
  Trial  17 | Epoch 14/20 | train=0.85207 | val=0.82293 | VRAM alloc=0.04GB reserved=21.04GB
  Trial  17 | Epoch 15/20 | train=0.85306 | val=0.82799 | VRAM alloc=0.04GB reserved=21.04GB
  Trial  17 | Epoch 16/20 | train=0.84087 | val=0.81057 | VRAM alloc=0.04GB reserved=21.04GB
  Trial  17 | Epoch 17/20 | train=0.83845 | val=0.84165 | VRAM alloc=0.04GB reserved=21.04GB
  Trial  17 | Epoch 18/20 | train=0.85059 | val=0.82747 | VRAM alloc=0.04GB reserved=21.04GB
  Trial  17 | Epoch 19/20 | train=0.81770 | val=0.85722 | VRAM alloc=0.04GB reserved=21.04GB
                                                                                           Best trial: 15. Best value: 0.694121:  20%|██        | 8/40 [5:45:15<17:04:34, 1921.07s/it]Best trial: 15. Best value: 0.694121:  20%|██        | 8/40 [5:45:15<17:04:34, 1921.07s/it]Best trial: 15. Best value: 0.694121:  22%|██▎       | 9/40 [5:45:15<17:48:46, 2068.60s/it]  Trial  17 | Epoch 20/20 | train=0.82506 | val=0.84023 | VRAM alloc=0.04GB reserved=21.04GB
[I 2026-03-07 23:02:05,423] Trial 17 finished with value: 0.8105681045697286 and parameters: {'lr': 0.0009662197923212768, 'batch_size': 16, 'd_model': 256, 'nhead': 2, 'num_layers': 3, 'dropout': 0.007108623451749674, 'T': 1000, 'beta_start': 1.9248029361788153e-05, 'beta_end': 0.0498965785244724, 'lambda_pdg': 0.7899070075639859, 'gamma_end': 0.17950042218120255, 'grad_clip': 2.2186232961814563, 'gamma_start': 0.0014511075296024815, 'pct_start': 0.1041018795508335, 'div_factor': 21.596101211917595}. Best is trial 15 with value: 0.6941206386456122.
  Trial  18 | Epoch  1/20 | train=3.08504 | val=2.46911 | VRAM alloc=0.08GB reserved=21.04GB
  Trial  18 | Epoch  2/20 | train=2.36219 | val=2.26129 | VRAM alloc=0.04GB reserved=21.04GB
  Trial  18 | Epoch  3/20 | train=2.26131 | val=2.21687 | VRAM alloc=0.04GB reserved=21.04GB
                                                                                           Best trial: 15. Best value: 0.694121:  22%|██▎       | 9/40 [5:53:20<17:48:46, 2068.60s/it]Best trial: 15. Best value: 0.694121:  22%|██▎       | 9/40 [5:53:20<17:48:46, 2068.60s/it]Best trial: 15. Best value: 0.694121:  25%|██▌       | 10/40 [5:53:20<13:09:44, 1579.50s/it]  Trial  18 | Epoch  4/20 | train=2.22187 | val=2.18110 | VRAM alloc=0.04GB reserved=21.04GB
  Trial 18 pruned at epoch 4.
