[I 2026-03-09 14:41:20,465] Trial 9 pruned. 
  Trial  10 | Epoch  1/20 | train=3.11451 | val=2.37249 | VRAM alloc=0.23GB reserved=10.12GB
  Trial  10 | Epoch  2/20 | train=2.31430 | val=2.09924 | VRAM alloc=0.24GB reserved=10.12GB
  Trial  10 | Epoch  3/20 | train=2.17916 | val=2.11033 | VRAM alloc=0.23GB reserved=10.12GB
  Trial  10 | Epoch  4/20 | train=2.11483 | val=2.02903 | VRAM alloc=0.23GB reserved=10.12GB
  Trial  10 | Epoch  5/20 | train=2.07899 | val=2.06392 | VRAM alloc=0.16GB reserved=10.12GB
  Trial  10 | Epoch  6/20 | train=2.05468 | val=2.01818 | VRAM alloc=0.16GB reserved=10.12GB
  Trial  10 | Epoch  7/20 | train=2.05335 | val=2.00839 | VRAM alloc=0.16GB reserved=10.12GB
  Trial  10 | Epoch  8/20 | train=2.06317 | val=2.02129 | VRAM alloc=0.16GB reserved=10.12GB
  Trial  10 | Epoch  9/20 | train=2.03398 | val=1.97618 | VRAM alloc=0.16GB reserved=10.12GB
  Trial  10 | Epoch 10/20 | train=2.03680 | val=2.00146 | VRAM alloc=0.16GB reserved=10.12GB
  Trial  10 | Epoch 11/20 | train=2.03216 | val=2.01528 | VRAM alloc=0.16GB reserved=10.12GB
  Trial  10 | Epoch 12/20 | train=2.02544 | val=2.01375 | VRAM alloc=0.16GB reserved=10.12GB
  Trial  10 | Epoch 13/20 | train=2.03440 | val=1.98428 | VRAM alloc=0.16GB reserved=10.12GB
  Trial  10 | Epoch 14/20 | train=2.00491 | val=1.98717 | VRAM alloc=0.16GB reserved=10.12GB
  Trial  10 | Epoch 15/20 | train=2.00906 | val=2.00135 | VRAM alloc=0.16GB reserved=10.12GB
  Trial  10 | Epoch 16/20 | train=2.01366 | val=1.96256 | VRAM alloc=0.16GB reserved=10.12GB
  Trial  10 | Epoch 17/20 | train=2.00993 | val=1.95984 | VRAM alloc=0.16GB reserved=10.12GB
  Trial  10 | Epoch 18/20 | train=1.97099 | val=1.98631 | VRAM alloc=0.16GB reserved=10.12GB
  Trial  10 | Epoch 19/20 | train=1.99289 | val=1.99140 | VRAM alloc=0.16GB reserved=10.12GB
                                                                                           Best trial: 6. Best value: 1.93264:  25%|██▌       | 10/40 [13:56:52<22:19:34, 2679.15s/it]Best trial: 6. Best value: 1.93264:  25%|██▌       | 10/40 [13:56:52<22:19:34, 2679.15s/it]Best trial: 6. Best value: 1.93264:  28%|██▊       | 11/40 [13:56:52<32:09:55, 3992.95s/it]  Trial  10 | Epoch 20/20 | train=2.00250 | val=1.94629 | VRAM alloc=0.16GB reserved=10.12GB
[I 2026-03-09 16:37:32,360] Trial 10 finished with value: 1.9462941009300063 and parameters: {'lr': 0.0001085422100236082, 'batch_size': 4, 'd_model': 512, 'nhead': 4, 'num_layers': 3, 'dropout': 0.20707412207074358, 'T': 1000, 'cosine_s': 0.018192642772218715, 'lambda_pdg': 0.26810183521027636, 'gamma_end': 0.4965631994571517, 'grad_clip': 4.9654667452597465, 'gamma_start': 1.0841349162570129e-05, 'pct_start': 0.18734569561683118, 'div_factor': 23.34526867749062}. Best is trial 6 with value: 1.9326429445160147.
  Trial  11 | Epoch  1/20 | train=2.97115 | val=2.25083 | VRAM alloc=0.16GB reserved=10.12GB
  Trial  11 | Epoch  2/20 | train=2.19906 | val=2.00742 | VRAM alloc=0.16GB reserved=10.12GB
  Trial  11 | Epoch  3/20 | train=2.07969 | val=2.01624 | VRAM alloc=0.16GB reserved=10.12GB
  Trial  11 | Epoch  4/20 | train=2.02205 | val=1.94264 | VRAM alloc=0.16GB reserved=10.12GB
  Trial  11 | Epoch  5/20 | train=1.99104 | val=1.97061 | VRAM alloc=0.16GB reserved=10.12GB
  Trial  11 | Epoch  6/20 | train=1.96778 | val=1.93328 | VRAM alloc=0.16GB reserved=10.12GB
  Trial  11 | Epoch  7/20 | train=1.96779 | val=1.92631 | VRAM alloc=0.16GB reserved=10.12GB
  Trial  11 | Epoch  8/20 | train=1.97791 | val=1.93730 | VRAM alloc=0.16GB reserved=10.12GB
  Trial  11 | Epoch  9/20 | train=1.95014 | val=1.89672 | VRAM alloc=0.16GB reserved=10.12GB
  Trial  11 | Epoch 10/20 | train=1.95279 | val=1.92734 | VRAM alloc=0.16GB reserved=10.12GB
  Trial  11 | Epoch 11/20 | train=1.95055 | val=1.93680 | VRAM alloc=0.16GB reserved=10.12GB
  Trial  11 | Epoch 12/20 | train=1.94352 | val=1.93603 | VRAM alloc=0.16GB reserved=10.12GB
  Trial  11 | Epoch 13/20 | train=1.95214 | val=1.90737 | VRAM alloc=0.16GB reserved=10.12GB
  Trial  11 | Epoch 14/20 | train=1.92474 | val=1.91100 | VRAM alloc=0.16GB reserved=10.12GB
  Trial  11 | Epoch 15/20 | train=1.92873 | val=1.92510 | VRAM alloc=0.16GB reserved=10.12GB
  Trial  11 | Epoch 16/20 | train=1.93381 | val=1.88574 | VRAM alloc=0.16GB reserved=10.12GB
  Trial  11 | Epoch 17/20 | train=1.92971 | val=1.88362 | VRAM alloc=0.16GB reserved=10.12GB
  Trial  11 | Epoch 18/20 | train=1.89222 | val=1.91059 | VRAM alloc=0.16GB reserved=10.12GB
  Trial  11 | Epoch 19/20 | train=1.91419 | val=1.91576 | VRAM alloc=0.16GB reserved=10.12GB
                                                                                           Best trial: 6. Best value: 1.93264:  28%|██▊       | 11/40 [15:52:13<32:09:55, 3992.95s/it]Best trial: 11. Best value: 1.87135:  28%|██▊       | 11/40 [15:52:13<32:09:55, 3992.95s/it]Best trial: 11. Best value: 1.87135:  30%|███       | 12/40 [15:52:13<37:58:58, 4883.51s/it]  Trial  11 | Epoch 20/20 | train=1.92347 | val=1.87135 | VRAM alloc=0.16GB reserved=10.12GB
[I 2026-03-09 18:32:52,717] Trial 11 finished with value: 1.8713533287448 and parameters: {'lr': 0.00010702103645378714, 'batch_size': 4, 'd_model': 512, 'nhead': 4, 'num_layers': 3, 'dropout': 0.21001944214624513, 'T': 1000, 'cosine_s': 0.04862799934719138, 'lambda_pdg': 0.19897893881936732, 'gamma_end': 0.46419412265464544, 'grad_clip': 4.96170191562374, 'gamma_start': 1.2611236054600708e-05, 'pct_start': 0.18505184939592573, 'div_factor': 22.01908602933435}. Best is trial 11 with value: 1.8713533287448.
  Trial  12 | Epoch  1/20 | train=2.91008 | val=2.23224 | VRAM alloc=0.31GB reserved=10.12GB
  Trial  12 | Epoch  2/20 | train=2.17255 | val=1.98558 | VRAM alloc=0.31GB reserved=10.12GB
  Trial  12 | Epoch  3/20 | train=2.05725 | val=1.99813 | VRAM alloc=0.31GB reserved=10.12GB
  Trial  12 | Epoch  4/20 | train=2.00080 | val=1.92150 | VRAM alloc=0.31GB reserved=10.12GB
  Trial  12 | Epoch  5/20 | train=1.97012 | val=1.95231 | VRAM alloc=0.16GB reserved=10.12GB
  Trial  12 | Epoch  6/20 | train=1.94661 | val=1.91699 | VRAM alloc=0.16GB reserved=10.12GB
  Trial  12 | Epoch  7/20 | train=1.94670 | val=1.91472 | VRAM alloc=0.16GB reserved=10.12GB
  Trial  12 | Epoch  8/20 | train=1.95633 | val=1.91576 | VRAM alloc=0.16GB reserved=10.12GB
  Trial  12 | Epoch  9/20 | train=1.92804 | val=1.87510 | VRAM alloc=0.16GB reserved=10.12GB
  Trial  12 | Epoch 10/20 | train=1.93065 | val=1.90236 | VRAM alloc=0.16GB reserved=10.12GB
  Trial  12 | Epoch 11/20 | train=1.92827 | val=1.91655 | VRAM alloc=0.16GB reserved=10.12GB
  Trial  12 | Epoch 12/20 | train=1.92096 | val=1.91447 | VRAM alloc=0.16GB reserved=10.12GB
  Trial  12 | Epoch 13/20 | train=1.92956 | val=1.88686 | VRAM alloc=0.16GB reserved=10.12GB
  Trial  12 | Epoch 14/20 | train=1.90151 | val=1.88766 | VRAM alloc=0.16GB reserved=10.12GB
  Trial  12 | Epoch 15/20 | train=1.90519 | val=1.90332 | VRAM alloc=0.16GB reserved=10.12GB
  Trial  12 | Epoch 16/20 | train=1.91018 | val=1.86231 | VRAM alloc=0.16GB reserved=10.12GB
  Trial  12 | Epoch 17/20 | train=1.90565 | val=1.86075 | VRAM alloc=0.16GB reserved=10.12GB
  Trial  12 | Epoch 18/20 | train=1.86835 | val=1.88781 | VRAM alloc=0.16GB reserved=10.12GB
  Trial  12 | Epoch 19/20 | train=1.88999 | val=1.89179 | VRAM alloc=0.16GB reserved=10.12GB
                                                                                            Best trial: 11. Best value: 1.87135:  30%|███       | 12/40 [17:47:32<37:58:58, 4883.51s/it]Best trial: 12. Best value: 1.84835:  30%|███       | 12/40 [17:47:32<37:58:58, 4883.51s/it]Best trial: 12. Best value: 1.84835:  32%|███▎      | 13/40 [17:47:32<41:15:02, 5500.09s/it]  Trial  12 | Epoch 20/20 | train=1.89941 | val=1.84835 | VRAM alloc=0.16GB reserved=10.12GB
[I 2026-03-09 20:28:11,567] Trial 12 finished with value: 1.8483488461530277 and parameters: {'lr': 0.00011847302469171548, 'batch_size': 4, 'd_model': 512, 'nhead': 4, 'num_layers': 3, 'dropout': 0.20537826581763025, 'T': 1000, 'cosine_s': 0.04939262793762436, 'lambda_pdg': 0.16438754701726088, 'gamma_end': 0.3926116537435498, 'grad_clip': 3.763228452685732, 'gamma_start': 1.0127149691300077e-05, 'pct_start': 0.1998496876355265, 'div_factor': 22.242413085198702}. Best is trial 12 with value: 1.8483488461530277.
  Trial  13 | Epoch  1/20 | train=2.59739 | val=2.25840 | VRAM alloc=0.16GB reserved=10.12GB
  Trial  13 | Epoch  2/20 | train=2.27741 | val=2.13776 | VRAM alloc=0.16GB reserved=10.12GB
  Trial  13 | Epoch  3/20 | train=2.24228 | val=2.19599 | VRAM alloc=0.16GB reserved=10.12GB
                                                                                            Best trial: 12. Best value: 1.84835:  32%|███▎      | 13/40 [18:10:40<41:15:02, 5500.09s/it]Best trial: 12. Best value: 1.84835:  32%|███▎      | 13/40 [18:10:40<41:15:02, 5500.09s/it]Best trial: 12. Best value: 1.84835:  35%|███▌      | 14/40 [18:10:40<30:45:14, 4258.27s/it]  Trial  13 | Epoch  4/20 | train=2.22214 | val=2.18827 | VRAM alloc=0.16GB reserved=10.12GB
  Trial 13 pruned at epoch 4.
[I 2026-03-09 20:51:20,367] Trial 13 pruned. 
  Trial  14 | Epoch  1/20 | train=4.19902 | val=2.72250 | VRAM alloc=0.37GB reserved=10.12GB
  Trial  14 | Epoch  2/20 | train=2.65567 | val=2.44724 | VRAM alloc=0.37GB reserved=10.12GB
  Trial  14 | Epoch  3/20 | train=2.47149 | val=2.33768 | VRAM alloc=0.37GB reserved=10.12GB
                                                                                            Best trial: 12. Best value: 1.84835:  35%|███▌      | 14/40 [18:37:35<30:45:14, 4258.27s/it]Best trial: 12. Best value: 1.84835:  35%|███▌      | 14/40 [18:37:35<30:45:14, 4258.27s/it]Best trial: 12. Best value: 1.84835:  38%|███▊      | 15/40 [18:37:35<24:02:14, 3461.38s/it]  Trial  14 | Epoch  4/20 | train=2.34849 | val=2.31018 | VRAM alloc=0.37GB reserved=10.12GB
  Trial 14 pruned at epoch 4.
[I 2026-03-09 21:18:14,943] Trial 14 pruned. 
  Trial  15 | Epoch  1/20 | train=3.89047 | val=2.66659 | VRAM alloc=0.53GB reserved=13.98GB
  Trial  15 | Epoch  2/20 | train=2.65340 | val=2.42315 | VRAM alloc=0.53GB reserved=13.98GB
  Trial  15 | Epoch  3/20 | train=2.46325 | val=2.33207 | VRAM alloc=0.53GB reserved=13.98GB
                                                                                            Best trial: 12. Best value: 1.84835:  38%|███▊      | 15/40 [18:57:42<24:02:14, 3461.38s/it]Best trial: 12. Best value: 1.84835:  38%|███▊      | 15/40 [18:57:42<24:02:14, 3461.38s/it]Best trial: 12. Best value: 1.84835:  40%|████      | 16/40 [18:57:42<18:33:08, 2782.86s/it]  Trial  15 | Epoch  4/20 | train=2.38385 | val=2.33054 | VRAM alloc=0.53GB reserved=13.98GB
  Trial 15 pruned at epoch 4.
[I 2026-03-09 21:38:22,119] Trial 15 pruned. 
  Trial  16 | Epoch  1/20 | train=3.27055 | val=2.75248 | VRAM alloc=0.73GB reserved=13.98GB
  Trial  16 | Epoch  2/20 | train=2.77447 | val=2.69647 | VRAM alloc=0.20GB reserved=13.98GB
  Trial  16 | Epoch  3/20 | train=2.70384 | val=2.66339 | VRAM alloc=0.20GB reserved=13.98GB
                                                                                            Best trial: 12. Best value: 1.84835:  40%|████      | 16/40 [19:28:04<18:33:08, 2782.86s/it]Best trial: 12. Best value: 1.84835:  40%|████      | 16/40 [19:28:04<18:33:08, 2782.86s/it]Best trial: 12. Best value: 1.84835:  42%|████▎     | 17/40 [19:28:04<15:55:57, 2493.81s/it]  Trial  16 | Epoch  4/20 | train=2.67850 | val=2.62837 | VRAM alloc=0.20GB reserved=13.98GB
  Trial 16 pruned at epoch 4.
[I 2026-03-09 22:08:43,707] Trial 16 pruned. 
  Trial  17 | Epoch  1/20 | train=2.52342 | val=2.15297 | VRAM alloc=0.36GB reserved=13.98GB
  Trial  17 | Epoch  2/20 | train=2.14139 | val=2.06729 | VRAM alloc=0.36GB reserved=13.98GB
  Trial  17 | Epoch  3/20 | train=2.09866 | val=2.03893 | VRAM alloc=0.36GB reserved=13.98GB
  Trial  17 | Epoch  4/20 | train=2.06620 | val=2.03166 | VRAM alloc=0.36GB reserved=13.98GB
  Trial  17 | Epoch  5/20 | train=2.05098 | val=1.94940 | VRAM alloc=0.36GB reserved=13.98GB
  Trial  17 | Epoch  6/20 | train=2.02988 | val=1.98079 | VRAM alloc=0.16GB reserved=13.98GB
  Trial  17 | Epoch  7/20 | train=2.02640 | val=1.91885 | VRAM alloc=0.16GB reserved=13.98GB
  Trial  17 | Epoch  8/20 | train=2.00510 | val=1.97130 | VRAM alloc=0.16GB reserved=13.98GB
  Trial  17 | Epoch  9/20 | train=1.98991 | val=1.95514 | VRAM alloc=0.16GB reserved=13.98GB
  Trial  17 | Epoch 10/20 | train=1.98852 | val=1.98356 | VRAM alloc=0.16GB reserved=13.98GB
  Trial  17 | Epoch 11/20 | train=1.97968 | val=1.91388 | VRAM alloc=0.16GB reserved=13.98GB
  Trial  17 | Epoch 12/20 | train=1.96972 | val=1.92901 | VRAM alloc=0.16GB reserved=13.98GB
  Trial  17 | Epoch 13/20 | train=1.96621 | val=1.91624 | VRAM alloc=0.16GB reserved=13.98GB
  Trial  17 | Epoch 14/20 | train=1.95066 | val=1.90045 | VRAM alloc=0.16GB reserved=13.98GB
  Trial  17 | Epoch 15/20 | train=1.94493 | val=1.92974 | VRAM alloc=0.16GB reserved=13.98GB
  Trial  17 | Epoch 16/20 | train=1.96940 | val=1.94312 | VRAM alloc=0.16GB reserved=13.98GB
  Trial  17 | Epoch 17/20 | train=1.93013 | val=1.91618 | VRAM alloc=0.16GB reserved=13.98GB
  Trial  17 | Epoch 18/20 | train=1.94747 | val=1.96099 | VRAM alloc=0.16GB reserved=13.98GB
  Trial  17 | Epoch 19/20 | train=1.94332 | val=1.95450 | VRAM alloc=0.16GB reserved=13.98GB
                                                                                            Best trial: 12. Best value: 1.84835:  42%|████▎     | 17/40 [21:48:14<15:55:57, 2493.81s/it]Best trial: 12. Best value: 1.84835:  42%|████▎     | 17/40 [21:48:14<15:55:57, 2493.81s/it]Best trial: 12. Best value: 1.84835:  45%|████▌     | 18/40 [21:48:14<26:06:18, 4271.75s/it]  Trial  17 | Epoch 20/20 | train=1.93474 | val=1.90896 | VRAM alloc=0.16GB reserved=13.98GB
[I 2026-03-10 00:28:54,350] Trial 17 finished with value: 1.900451263710713 and parameters: {'lr': 0.0005733477440160709, 'batch_size': 4, 'd_model': 512, 'nhead': 8, 'num_layers': 3, 'dropout': 0.2454582463939462, 'T': 1000, 'cosine_s': 0.01456563541810687, 'lambda_pdg': 0.18505617717826706, 'gamma_end': 0.34719400513415327, 'grad_clip': 4.127707488072079, 'gamma_start': 2.5601546674484124e-05, 'pct_start': 0.11532374850259629, 'div_factor': 19.06177242868429}. Best is trial 12 with value: 1.8483488461530277.
  Trial  18 | Epoch  1/20 | train=3.67354 | val=2.84753 | VRAM alloc=0.36GB reserved=13.98GB
  Trial  18 | Epoch  2/20 | train=2.84181 | val=2.75418 | VRAM alloc=0.20GB reserved=13.98GB
  Trial  18 | Epoch  3/20 | train=2.72031 | val=2.68406 | VRAM alloc=0.21GB reserved=13.98GB
                                                                                            Best trial: 12. Best value: 1.84835:  45%|████▌     | 18/40 [22:18:27<26:06:18, 4271.75s/it]Best trial: 12. Best value: 1.84835:  45%|████▌     | 18/40 [22:18:27<26:06:18, 4271.75s/it]Best trial: 12. Best value: 1.84835:  48%|████▊     | 19/40 [22:18:27<20:36:37, 3533.21s/it]  Trial  18 | Epoch  4/20 | train=2.67739 | val=2.61564 | VRAM alloc=0.21GB reserved=13.98GB
  Trial 18 pruned at epoch 4.
[I 2026-03-10 00:59:07,110] Trial 18 pruned. 
  Trial  19 | Epoch  1/20 | train=3.29671 | val=2.75407 | VRAM alloc=0.32GB reserved=13.98GB
  Trial  19 | Epoch  2/20 | train=2.70777 | val=2.61016 | VRAM alloc=0.31GB reserved=13.98GB
  Trial  19 | Epoch  3/20 | train=2.64198 | val=2.59103 | VRAM alloc=0.11GB reserved=13.98GB
                                                                                            Best trial: 12. Best value: 1.84835:  48%|████▊     | 19/40 [22:35:15<20:36:37, 3533.21s/it]Best trial: 12. Best value: 1.84835:  48%|████▊     | 19/40 [22:35:15<20:36:37, 3533.21s/it]Best trial: 12. Best value: 1.84835:  50%|█████     | 20/40 [22:35:15<15:24:58, 2774.93s/it]  Trial  19 | Epoch  4/20 | train=2.59896 | val=2.53804 | VRAM alloc=0.11GB reserved=13.98GB
  Trial 19 pruned at epoch 4.
[I 2026-03-10 01:15:54,722] Trial 19 pruned. 
  Trial  20 | Epoch  1/20 | train=3.41186 | val=2.54501 | VRAM alloc=0.27GB reserved=13.98GB
  Trial  20 | Epoch  2/20 | train=2.53734 | val=2.40905 | VRAM alloc=0.27GB reserved=13.98GB
  Trial  20 | Epoch  3/20 | train=2.41402 | val=2.36028 | VRAM alloc=0.27GB reserved=13.98GB
                                                                                            Best trial: 12. Best value: 1.84835:  50%|█████     | 20/40 [22:55:18<15:24:58, 2774.93s/it]Best trial: 12. Best value: 1.84835:  50%|█████     | 20/40 [22:55:18<15:24:58, 2774.93s/it]Best trial: 12. Best value: 1.84835:  52%|█████▎    | 21/40 [22:55:18<12:09:19, 2303.13s/it]  Trial  20 | Epoch  4/20 | train=2.34862 | val=2.27537 | VRAM alloc=0.27GB reserved=13.98GB
  Trial 20 pruned at epoch 4.
[I 2026-03-10 01:35:57,879] Trial 20 pruned. 
  Trial  21 | Epoch  1/20 | train=2.53941 | val=2.13743 | VRAM alloc=0.42GB reserved=13.98GB
  Trial  21 | Epoch  2/20 | train=2.13942 | val=2.08301 | VRAM alloc=0.42GB reserved=13.98GB
  Trial  21 | Epoch  3/20 | train=2.08981 | val=2.04309 | VRAM alloc=0.42GB reserved=13.98GB
  Trial  21 | Epoch  4/20 | train=2.05461 | val=2.04724 | VRAM alloc=0.42GB reserved=13.98GB
  Trial  21 | Epoch  5/20 | train=2.03910 | val=1.94376 | VRAM alloc=0.16GB reserved=13.98GB
  Trial  21 | Epoch  6/20 | train=2.02843 | val=1.98308 | VRAM alloc=0.16GB reserved=13.98GB
  Trial  21 | Epoch  7/20 | train=2.01988 | val=1.91294 | VRAM alloc=0.16GB reserved=13.98GB
  Trial  21 | Epoch  8/20 | train=1.99668 | val=1.96089 | VRAM alloc=0.16GB reserved=13.98GB
  Trial  21 | Epoch  9/20 | train=1.98151 | val=1.94439 | VRAM alloc=0.16GB reserved=13.98GB
[2026-03-10T02:40:18.004] error: *** JOB 4549767 ON submit20-1 CANCELLED AT 2026-03-10T02:40:18 DUE TO TIME LIMIT ***
