[I 2026-03-09 11:47:49,819] Trial 20 pruned. 
  Trial  21 | Epoch  1/20 | train=1.46562 | val=0.90279 | VRAM alloc=0.07GB reserved=21.04GB
  Trial  21 | Epoch  2/20 | train=0.95933 | val=0.95320 | VRAM alloc=0.07GB reserved=21.04GB
  Trial  21 | Epoch  3/20 | train=0.88239 | val=0.89950 | VRAM alloc=0.07GB reserved=21.04GB
  Trial  21 | Epoch  4/20 | train=0.85018 | val=0.84004 | VRAM alloc=0.07GB reserved=21.04GB
  Trial  21 | Epoch  5/20 | train=0.83179 | val=0.78323 | VRAM alloc=0.07GB reserved=21.04GB
  Trial  21 | Epoch  6/20 | train=0.83289 | val=0.77222 | VRAM alloc=0.07GB reserved=21.04GB
  Trial  21 | Epoch  7/20 | train=0.81351 | val=0.85699 | VRAM alloc=0.07GB reserved=21.04GB
  Trial  21 | Epoch  8/20 | train=0.83209 | val=0.84849 | VRAM alloc=0.07GB reserved=21.04GB
  Trial  21 | Epoch  9/20 | train=0.79788 | val=0.76570 | VRAM alloc=0.07GB reserved=21.04GB
  Trial  21 | Epoch 10/20 | train=0.79064 | val=0.79857 | VRAM alloc=0.07GB reserved=21.04GB
  Trial  21 | Epoch 11/20 | train=0.78839 | val=0.83173 | VRAM alloc=0.07GB reserved=21.04GB
  Trial  21 | Epoch 12/20 | train=0.79658 | val=0.77236 | VRAM alloc=0.07GB reserved=21.04GB
  Trial  21 | Epoch 13/20 | train=0.77925 | val=0.80375 | VRAM alloc=0.07GB reserved=21.04GB
  Trial  21 | Epoch 14/20 | train=0.78269 | val=0.76240 | VRAM alloc=0.07GB reserved=21.04GB
  Trial  21 | Epoch 15/20 | train=0.79248 | val=0.76998 | VRAM alloc=0.07GB reserved=21.04GB
  Trial  21 | Epoch 16/20 | train=0.76746 | val=0.80483 | VRAM alloc=0.07GB reserved=21.04GB
  Trial  21 | Epoch 17/20 | train=0.77379 | val=0.78466 | VRAM alloc=0.07GB reserved=21.04GB
  Trial  21 | Epoch 18/20 | train=0.78095 | val=0.75602 | VRAM alloc=0.03GB reserved=21.04GB
  Trial  21 | Epoch 19/20 | train=0.77453 | val=0.75895 | VRAM alloc=0.03GB reserved=21.04GB
                                                                                           Best trial: 12. Best value: 0.720695:  52%|█████▎    | 21/40 [13:15:45<3:51:49, 732.06s/it]Best trial: 12. Best value: 0.720695:  52%|█████▎    | 21/40 [13:15:45<3:51:49, 732.06s/it]Best trial: 12. Best value: 0.720695:  55%|█████▌    | 22/40 [13:15:45<4:53:58, 979.90s/it]  Trial  21 | Epoch 20/20 | train=0.76717 | val=0.79931 | VRAM alloc=0.03GB reserved=21.04GB
[I 2026-03-09 12:13:47,700] Trial 21 finished with value: 0.7560154039126176 and parameters: {'lr': 0.0014840545131751925, 'batch_size': 32, 'd_model': 256, 'nhead': 2, 'num_layers': 2, 'dropout': 0.033019667455384046, 'T': 1000, 'beta_start': 1.0218847116072768e-05, 'beta_end': 0.04897120930516152, 'lambda_pdg': 0.3135919867313269, 'gamma_end': 0.16418853103803413, 'grad_clip': 2.0035673501363154, 'gamma_start': 0.0016518343199981738, 'pct_start': 0.1470939065994607, 'div_factor': 10.120026111303636}. Best is trial 12 with value: 0.7206951829103323.
  Trial  22 | Epoch  1/20 | train=1.51120 | val=0.92559 | VRAM alloc=0.06GB reserved=21.04GB
  Trial  22 | Epoch  2/20 | train=0.95990 | val=0.89482 | VRAM alloc=0.06GB reserved=21.04GB
  Trial  22 | Epoch  3/20 | train=0.88329 | val=0.86415 | VRAM alloc=0.06GB reserved=21.04GB
  Trial  22 | Epoch  4/20 | train=0.84562 | val=0.83280 | VRAM alloc=0.06GB reserved=21.04GB
  Trial  22 | Epoch  5/20 | train=0.82674 | val=0.77838 | VRAM alloc=0.06GB reserved=21.04GB
  Trial  22 | Epoch  6/20 | train=0.83043 | val=0.76027 | VRAM alloc=0.06GB reserved=21.04GB
  Trial  22 | Epoch  7/20 | train=0.80487 | val=0.82477 | VRAM alloc=0.06GB reserved=21.04GB
  Trial  22 | Epoch  8/20 | train=0.82420 | val=0.80252 | VRAM alloc=0.06GB reserved=21.04GB
  Trial  22 | Epoch  9/20 | train=0.79493 | val=0.76051 | VRAM alloc=0.06GB reserved=21.04GB
  Trial  22 | Epoch 10/20 | train=0.78657 | val=0.79527 | VRAM alloc=0.06GB reserved=21.04GB
  Trial  22 | Epoch 11/20 | train=0.78334 | val=0.82797 | VRAM alloc=0.06GB reserved=21.04GB
  Trial  22 | Epoch 12/20 | train=0.79397 | val=0.76524 | VRAM alloc=0.06GB reserved=21.04GB
  Trial  22 | Epoch 13/20 | train=0.77426 | val=0.79747 | VRAM alloc=0.06GB reserved=21.04GB
  Trial  22 | Epoch 14/20 | train=0.77995 | val=0.75767 | VRAM alloc=0.06GB reserved=21.04GB
  Trial  22 | Epoch 15/20 | train=0.78941 | val=0.76534 | VRAM alloc=0.06GB reserved=21.04GB
  Trial  22 | Epoch 16/20 | train=0.76378 | val=0.80079 | VRAM alloc=0.06GB reserved=21.04GB
  Trial  22 | Epoch 17/20 | train=0.77017 | val=0.78043 | VRAM alloc=0.06GB reserved=21.04GB
  Trial  22 | Epoch 18/20 | train=0.77731 | val=0.75140 | VRAM alloc=0.06GB reserved=21.04GB
  Trial  22 | Epoch 19/20 | train=0.77096 | val=0.75461 | VRAM alloc=0.06GB reserved=21.04GB
                                                                                           Best trial: 12. Best value: 0.720695:  55%|█████▌    | 22/40 [13:41:48<4:53:58, 979.90s/it]Best trial: 12. Best value: 0.720695:  55%|█████▌    | 22/40 [13:41:48<4:53:58, 979.90s/it]Best trial: 12. Best value: 0.720695:  57%|█████▊    | 23/40 [13:41:48<5:27:13, 1154.92s/it]  Trial  22 | Epoch 20/20 | train=0.76349 | val=0.79528 | VRAM alloc=0.06GB reserved=21.04GB
[I 2026-03-09 12:39:50,822] Trial 22 finished with value: 0.7513989457717308 and parameters: {'lr': 0.0013931265439943628, 'batch_size': 32, 'd_model': 256, 'nhead': 2, 'num_layers': 2, 'dropout': 0.039544184860793766, 'T': 1000, 'beta_start': 1.5096592371626307e-05, 'beta_end': 0.04861763146570408, 'lambda_pdg': 0.26902944694259806, 'gamma_end': 0.16409933198840027, 'grad_clip': 1.8906006748145476, 'gamma_start': 0.0027414763689443612, 'pct_start': 0.14474846448456746, 'div_factor': 12.057619691155605}. Best is trial 12 with value: 0.7206951829103323.
  Trial  23 | Epoch  1/20 | train=1.93348 | val=1.21115 | VRAM alloc=0.08GB reserved=21.04GB
  Trial  23 | Epoch  2/20 | train=1.27063 | val=1.19030 | VRAM alloc=0.08GB reserved=21.04GB
  Trial  23 | Epoch  3/20 | train=1.15202 | val=1.14128 | VRAM alloc=0.08GB reserved=21.04GB
  Trial  23 | Epoch  4/20 | train=1.12415 | val=1.10597 | VRAM alloc=0.08GB reserved=21.04GB
  Trial  23 | Epoch  5/20 | train=1.10852 | val=1.05901 | VRAM alloc=0.08GB reserved=21.04GB
  Trial  23 | Epoch  6/20 | train=1.10622 | val=1.03975 | VRAM alloc=0.08GB reserved=21.04GB
  Trial  23 | Epoch  7/20 | train=1.08263 | val=1.10034 | VRAM alloc=0.08GB reserved=21.04GB
  Trial  23 | Epoch  8/20 | train=1.10329 | val=1.06954 | VRAM alloc=0.08GB reserved=21.04GB
  Trial  23 | Epoch  9/20 | train=1.06931 | val=1.04039 | VRAM alloc=0.08GB reserved=21.04GB
  Trial  23 | Epoch 10/20 | train=1.06518 | val=1.06167 | VRAM alloc=0.08GB reserved=21.04GB
  Trial  23 | Epoch 11/20 | train=1.06127 | val=1.09399 | VRAM alloc=0.08GB reserved=21.04GB
                                                                                            Best trial: 12. Best value: 0.720695:  57%|█████▊    | 23/40 [13:57:36<5:27:13, 1154.92s/it]Best trial: 12. Best value: 0.720695:  57%|█████▊    | 23/40 [13:57:36<5:27:13, 1154.92s/it]Best trial: 12. Best value: 0.720695:  60%|██████    | 24/40 [13:57:36<4:51:21, 1092.62s/it]  Trial  23 | Epoch 12/20 | train=1.07113 | val=1.04393 | VRAM alloc=0.03GB reserved=21.04GB
  Trial 23 pruned at epoch 12.
[I 2026-03-09 12:55:38,125] Trial 23 pruned. 
  Trial  24 | Epoch  1/20 | train=1.84522 | val=1.18752 | VRAM alloc=0.07GB reserved=21.04GB
  Trial  24 | Epoch  2/20 | train=1.09637 | val=1.07932 | VRAM alloc=0.07GB reserved=21.04GB
  Trial  24 | Epoch  3/20 | train=1.01718 | val=0.93559 | VRAM alloc=0.07GB reserved=21.04GB
  Trial  24 | Epoch  4/20 | train=0.96985 | val=1.03174 | VRAM alloc=0.07GB reserved=21.04GB
  Trial  24 | Epoch  5/20 | train=0.95487 | val=0.94615 | VRAM alloc=0.07GB reserved=21.04GB
  Trial  24 | Epoch  6/20 | train=0.93323 | val=0.93223 | VRAM alloc=0.07GB reserved=21.04GB
  Trial  24 | Epoch  7/20 | train=0.91495 | val=0.95143 | VRAM alloc=0.07GB reserved=21.04GB
  Trial  24 | Epoch  8/20 | train=0.93750 | val=0.96894 | VRAM alloc=0.07GB reserved=21.04GB
  Trial  24 | Epoch  9/20 | train=0.94373 | val=0.93056 | VRAM alloc=0.07GB reserved=21.04GB
  Trial  24 | Epoch 10/20 | train=0.92721 | val=0.90801 | VRAM alloc=0.07GB reserved=21.04GB
  Trial  24 | Epoch 11/20 | train=0.92120 | val=0.91931 | VRAM alloc=0.07GB reserved=21.04GB
  Trial  24 | Epoch 12/20 | train=0.92655 | val=0.88864 | VRAM alloc=0.07GB reserved=21.04GB
  Trial  24 | Epoch 13/20 | train=0.91706 | val=0.92157 | VRAM alloc=0.07GB reserved=21.04GB
  Trial  24 | Epoch 14/20 | train=0.91861 | val=0.87880 | VRAM alloc=0.07GB reserved=21.04GB
  Trial  24 | Epoch 15/20 | train=0.91877 | val=0.87058 | VRAM alloc=0.07GB reserved=21.04GB
  Trial  24 | Epoch 16/20 | train=0.89525 | val=0.86452 | VRAM alloc=0.07GB reserved=21.04GB
  Trial  24 | Epoch 17/20 | train=0.90163 | val=0.92503 | VRAM alloc=0.07GB reserved=21.04GB
  Trial  24 | Epoch 18/20 | train=0.89939 | val=0.86213 | VRAM alloc=0.07GB reserved=21.04GB
  Trial  24 | Epoch 19/20 | train=0.89951 | val=0.90358 | VRAM alloc=0.07GB reserved=21.04GB
                                                                                            Best trial: 12. Best value: 0.720695:  60%|██████    | 24/40 [14:35:50<4:51:21, 1092.62s/it]Best trial: 12. Best value: 0.720695:  60%|██████    | 24/40 [14:35:50<4:51:21, 1092.62s/it]Best trial: 12. Best value: 0.720695:  62%|██████▎   | 25/40 [14:35:50<6:03:16, 1453.07s/it]  Trial  24 | Epoch 20/20 | train=0.89537 | val=0.93843 | VRAM alloc=0.07GB reserved=21.04GB
[I 2026-03-09 13:33:52,074] Trial 24 finished with value: 0.8621252481754009 and parameters: {'lr': 0.0021312818431690876, 'batch_size': 32, 'd_model': 256, 'nhead': 2, 'num_layers': 3, 'dropout': 0.036632847683089075, 'T': 1000, 'beta_start': 1.586294767525153e-05, 'beta_end': 0.03440384130017399, 'lambda_pdg': 0.47674610312027166, 'gamma_end': 0.09690768109565577, 'grad_clip': 1.708974099256845, 'gamma_start': 0.002861889810688091, 'pct_start': 0.13997090696174808, 'div_factor': 35.052411771875725}. Best is trial 12 with value: 0.7206951829103323.
  Trial  25 | Epoch  1/20 | train=1.42850 | val=1.14806 | VRAM alloc=0.09GB reserved=21.04GB
  Trial  25 | Epoch  2/20 | train=1.15823 | val=1.12356 | VRAM alloc=0.09GB reserved=21.04GB
  Trial  25 | Epoch  3/20 | train=1.14530 | val=1.13164 | VRAM alloc=0.09GB reserved=21.04GB
                                                                                            Best trial: 12. Best value: 0.720695:  62%|██████▎   | 25/40 [14:43:43<6:03:16, 1453.07s/it]Best trial: 12. Best value: 0.720695:  62%|██████▎   | 25/40 [14:43:43<6:03:16, 1453.07s/it]Best trial: 12. Best value: 0.720695:  65%|██████▌   | 26/40 [14:43:43<4:30:29, 1159.24s/it]  Trial  25 | Epoch  4/20 | train=1.11904 | val=1.10164 | VRAM alloc=0.03GB reserved=21.04GB
  Trial 25 pruned at epoch 4.
[I 2026-03-09 13:41:45,813] Trial 25 pruned. 
  Trial  26 | Epoch  1/20 | train=2.60426 | val=1.38822 | VRAM alloc=0.03GB reserved=21.04GB
  Trial  26 | Epoch  2/20 | train=1.23563 | val=1.17861 | VRAM alloc=0.03GB reserved=21.04GB
  Trial  26 | Epoch  3/20 | train=1.19104 | val=1.20387 | VRAM alloc=0.03GB reserved=21.04GB
                                                                                            Best trial: 12. Best value: 0.720695:  65%|██████▌   | 26/40 [14:46:29<4:30:29, 1159.24s/it]Best trial: 12. Best value: 0.720695:  65%|██████▌   | 26/40 [14:46:29<4:30:29, 1159.24s/it]Best trial: 12. Best value: 0.720695:  68%|██████▊   | 27/40 [14:46:29<3:06:34, 861.10s/it]   Trial  26 | Epoch  4/20 | train=1.14640 | val=1.15691 | VRAM alloc=0.03GB reserved=21.04GB
  Trial 26 pruned at epoch 4.
[I 2026-03-09 13:44:31,332] Trial 26 pruned. 
  Trial  27 | Epoch  1/20 | train=1.92116 | val=1.28583 | VRAM alloc=0.07GB reserved=21.04GB
  Trial  27 | Epoch  2/20 | train=1.23838 | val=1.18495 | VRAM alloc=0.07GB reserved=21.04GB
  Trial  27 | Epoch  3/20 | train=1.14944 | val=1.06941 | VRAM alloc=0.07GB reserved=21.04GB
  Trial  27 | Epoch  4/20 | train=1.10736 | val=1.13536 | VRAM alloc=0.07GB reserved=21.04GB
                                                                                           Best trial: 12. Best value: 0.720695:  68%|██████▊   | 27/40 [14:56:08<3:06:34, 861.10s/it]Best trial: 12. Best value: 0.720695:  68%|██████▊   | 27/40 [14:56:08<3:06:34, 861.10s/it]Best trial: 12. Best value: 0.720695:  70%|███████   | 28/40 [14:56:08<2:35:17, 776.42s/it]  Trial  27 | Epoch  5/20 | train=1.08983 | val=1.06918 | VRAM alloc=0.07GB reserved=21.04GB
  Trial 27 pruned at epoch 5.
[I 2026-03-09 13:54:10,171] Trial 27 pruned. 
  Trial  28 | Epoch  1/20 | train=2.09055 | val=1.40238 | VRAM alloc=0.10GB reserved=21.04GB
  Trial  28 | Epoch  2/20 | train=1.42635 | val=1.34554 | VRAM alloc=0.10GB reserved=21.04GB
  Trial  28 | Epoch  3/20 | train=1.34026 | val=1.38599 | VRAM alloc=0.10GB reserved=21.04GB
                                                                                           Best trial: 12. Best value: 0.720695:  70%|███████   | 28/40 [15:03:08<2:35:17, 776.42s/it]Best trial: 12. Best value: 0.720695:  70%|███████   | 28/40 [15:03:08<2:35:17, 776.42s/it]Best trial: 12. Best value: 0.720695:  72%|███████▎  | 29/40 [15:03:08<2:02:46, 669.66s/it]  Trial  28 | Epoch  4/20 | train=1.29584 | val=1.30339 | VRAM alloc=0.10GB reserved=21.04GB
  Trial 28 pruned at epoch 4.
[I 2026-03-09 14:01:10,749] Trial 28 pruned. 
  Trial  29 | Epoch  1/20 | train=2.99695 | val=2.85302 | VRAM alloc=0.13GB reserved=21.06GB
  Trial  29 | Epoch  2/20 | train=2.87550 | val=2.80779 | VRAM alloc=0.04GB reserved=21.06GB
  Trial  29 | Epoch  3/20 | train=2.83392 | val=2.82458 | VRAM alloc=0.04GB reserved=21.06GB
                                                                                           Best trial: 12. Best value: 0.720695:  72%|███████▎  | 29/40 [15:23:17<2:02:46, 669.66s/it]Best trial: 12. Best value: 0.720695:  72%|███████▎  | 29/40 [15:23:17<2:02:46, 669.66s/it]Best trial: 12. Best value: 0.720695:  75%|███████▌  | 30/40 [15:23:17<2:18:34, 831.41s/it]  Trial  29 | Epoch  4/20 | train=2.86116 | val=2.73729 | VRAM alloc=0.04GB reserved=21.06GB
  Trial 29 pruned at epoch 4.
[I 2026-03-09 14:21:19,523] Trial 29 pruned. 
  Trial  30 | Epoch  1/20 | train=1.41118 | val=1.22894 | VRAM alloc=0.04GB reserved=21.06GB
  Trial  30 | Epoch  2/20 | train=1.17295 | val=1.17482 | VRAM alloc=0.04GB reserved=21.06GB
  Trial  30 | Epoch  3/20 | train=1.15469 | val=1.09327 | VRAM alloc=0.04GB reserved=21.06GB
  Trial  30 | Epoch  4/20 | train=1.15022 | val=1.11802 | VRAM alloc=0.00GB reserved=21.06GB
                                                                                           Best trial: 12. Best value: 0.720695:  75%|███████▌  | 30/40 [15:36:42<2:18:34, 831.41s/it]Best trial: 12. Best value: 0.720695:  75%|███████▌  | 30/40 [15:36:42<2:18:34, 831.41s/it]Best trial: 12. Best value: 0.720695:  78%|███████▊  | 31/40 [15:36:42<2:03:31, 823.52s/it]  Trial  30 | Epoch  5/20 | train=1.12381 | val=1.11347 | VRAM alloc=0.00GB reserved=21.06GB
  Trial 30 pruned at epoch 5.
[I 2026-03-09 14:34:44,652] Trial 30 pruned. 
  Trial  31 | Epoch  1/20 | train=1.49205 | val=0.97888 | VRAM alloc=0.03GB reserved=21.06GB
  Trial  31 | Epoch  2/20 | train=0.99033 | val=0.92894 | VRAM alloc=0.03GB reserved=21.06GB
  Trial  31 | Epoch  3/20 | train=0.90695 | val=0.89931 | VRAM alloc=0.03GB reserved=21.06GB
  Trial  31 | Epoch  4/20 | train=0.87250 | val=0.85118 | VRAM alloc=0.03GB reserved=21.06GB
  Trial  31 | Epoch  5/20 | train=0.85375 | val=0.82703 | VRAM alloc=0.03GB reserved=21.06GB
  Trial  31 | Epoch  6/20 | train=0.85938 | val=0.79110 | VRAM alloc=0.03GB reserved=21.06GB
  Trial  31 | Epoch  7/20 | train=0.82995 | val=0.85497 | VRAM alloc=0.03GB reserved=21.06GB
  Trial  31 | Epoch  8/20 | train=0.84926 | val=0.82786 | VRAM alloc=0.03GB reserved=21.06GB
  Trial  31 | Epoch  9/20 | train=0.82378 | val=0.79168 | VRAM alloc=0.03GB reserved=21.06GB
  Trial  31 | Epoch 10/20 | train=0.81224 | val=0.82050 | VRAM alloc=0.03GB reserved=21.06GB
  Trial  31 | Epoch 11/20 | train=0.80839 | val=0.85601 | VRAM alloc=0.03GB reserved=21.06GB
  Trial  31 | Epoch 12/20 | train=0.81816 | val=0.79774 | VRAM alloc=0.03GB reserved=21.06GB
  Trial  31 | Epoch 13/20 | train=0.80014 | val=0.81865 | VRAM alloc=0.03GB reserved=21.06GB
  Trial  31 | Epoch 14/20 | train=0.80419 | val=0.78522 | VRAM alloc=0.03GB reserved=21.06GB
  Trial  31 | Epoch 15/20 | train=0.81443 | val=0.79201 | VRAM alloc=0.03GB reserved=21.06GB
  Trial  31 | Epoch 16/20 | train=0.78925 | val=0.82707 | VRAM alloc=0.03GB reserved=21.06GB
  Trial  31 | Epoch 17/20 | train=0.79553 | val=0.80738 | VRAM alloc=0.03GB reserved=21.06GB
  Trial  31 | Epoch 18/20 | train=0.80276 | val=0.77850 | VRAM alloc=0.03GB reserved=21.06GB
  Trial  31 | Epoch 19/20 | train=0.79632 | val=0.78118 | VRAM alloc=0.03GB reserved=21.06GB
                                                                                           Best trial: 12. Best value: 0.720695:  78%|███████▊  | 31/40 [16:02:43<2:03:31, 823.52s/it]Best trial: 12. Best value: 0.720695:  78%|███████▊  | 31/40 [16:02:43<2:03:31, 823.52s/it]Best trial: 12. Best value: 0.720695:  80%|████████  | 32/40 [16:02:43<2:19:17, 1044.67s/it]  Trial  31 | Epoch 20/20 | train=0.78913 | val=0.82193 | VRAM alloc=0.03GB reserved=21.06GB
[I 2026-03-09 15:00:45,346] Trial 31 finished with value: 0.7785009608818935 and parameters: {'lr': 0.0013977056349315717, 'batch_size': 32, 'd_model': 256, 'nhead': 2, 'num_layers': 2, 'dropout': 0.027500495317433288, 'T': 1000, 'beta_start': 1.2403918053512376e-05, 'beta_end': 0.04782097054563696, 'lambda_pdg': 0.4061029527988088, 'gamma_end': 0.16391617828389257, 'grad_clip': 1.9761619015664755, 'gamma_start': 0.0012494826727470147, 'pct_start': 0.14633134883391963, 'div_factor': 10.37492545211843}. Best is trial 12 with value: 0.7206951829103323.
  Trial  32 | Epoch  1/20 | train=1.55367 | val=0.98299 | VRAM alloc=0.06GB reserved=21.06GB
  Trial  32 | Epoch  2/20 | train=0.99570 | val=1.01791 | VRAM alloc=0.06GB reserved=21.06GB
  Trial  32 | Epoch  3/20 | train=0.91219 | val=0.92432 | VRAM alloc=0.06GB reserved=21.06GB
  Trial  32 | Epoch  4/20 | train=0.87683 | val=0.86202 | VRAM alloc=0.06GB reserved=21.06GB
  Trial  32 | Epoch  5/20 | train=0.85887 | val=0.83374 | VRAM alloc=0.06GB reserved=21.06GB
  Trial  32 | Epoch  6/20 | train=0.86078 | val=0.79133 | VRAM alloc=0.06GB reserved=21.06GB
  Trial  32 | Epoch  7/20 | train=0.83642 | val=0.84907 | VRAM alloc=0.06GB reserved=21.06GB
  Trial  32 | Epoch  8/20 | train=0.85473 | val=0.82145 | VRAM alloc=0.06GB reserved=21.06GB
  Trial  32 | Epoch  9/20 | train=0.82004 | val=0.78838 | VRAM alloc=0.06GB reserved=21.06GB
  Trial  32 | Epoch 10/20 | train=0.81701 | val=0.82115 | VRAM alloc=0.03GB reserved=21.06GB
  Trial  32 | Epoch 11/20 | train=0.81159 | val=0.85535 | VRAM alloc=0.03GB reserved=21.06GB
  Trial  32 | Epoch 12/20 | train=0.82208 | val=0.79560 | VRAM alloc=0.03GB reserved=21.06GB
  Trial  32 | Epoch 13/20 | train=0.80388 | val=0.81616 | VRAM alloc=0.03GB reserved=21.06GB
  Trial  32 | Epoch 14/20 | train=0.80705 | val=0.78476 | VRAM alloc=0.03GB reserved=21.06GB
  Trial  32 | Epoch 15/20 | train=0.81696 | val=0.79294 | VRAM alloc=0.03GB reserved=21.06GB
  Trial  32 | Epoch 16/20 | train=0.79195 | val=0.82731 | VRAM alloc=0.03GB reserved=21.06GB
  Trial  32 | Epoch 17/20 | train=0.79877 | val=0.80681 | VRAM alloc=0.03GB reserved=21.06GB
  Trial  32 | Epoch 18/20 | train=0.80548 | val=0.77919 | VRAM alloc=0.03GB reserved=21.06GB
  Trial  32 | Epoch 19/20 | train=0.79896 | val=0.78190 | VRAM alloc=0.03GB reserved=21.06GB
                                                                                            Best trial: 12. Best value: 0.720695:  80%|████████  | 32/40 [16:28:59<2:19:17, 1044.67s/it]Best trial: 12. Best value: 0.720695:  80%|████████  | 32/40 [16:28:59<2:19:17, 1044.67s/it]Best trial: 12. Best value: 0.720695:  82%|████████▎ | 33/40 [16:28:59<2:20:28, 1204.14s/it]  Trial  32 | Epoch 20/20 | train=0.79182 | val=0.82185 | VRAM alloc=0.03GB reserved=21.06GB
