[I 2026-03-11 11:56:17,755] A new study created in RDB with name: particle_diff_new_2

============================================================
GPU CHECK
============================================================
CUDA available     : True
Device count       : 1
GPU 0              : NVIDIA A30
  VRAM total       : 23.6 GB
  VRAM allocated   : 0.00 GB
  Compute cap.     : 8.0
  Matmul test      : PASSED  (2048x2048 op completed OK)

  Active device    : NVIDIA A30
============================================================

  0%|          | 0/40 [00:00<?, ?it/s]  Trial   0 | Epoch  1/15 | train=4.28321 | val=3.35053 | VRAM alloc=0.05GB reserved=6.12GB
  Trial   0 | Epoch  2/15 | train=3.20370 | val=2.95825 | VRAM alloc=0.05GB reserved=6.12GB
  Trial   0 | Epoch  3/15 | train=3.05157 | val=2.89034 | VRAM alloc=0.05GB reserved=6.12GB
  Trial   0 | Epoch  4/15 | train=2.96408 | val=2.86721 | VRAM alloc=0.05GB reserved=6.12GB
  Trial   0 | Epoch  5/15 | train=2.91511 | val=2.83365 | VRAM alloc=0.05GB reserved=6.12GB
  Trial   0 | Epoch  6/15 | train=2.92920 | val=2.86152 | VRAM alloc=0.05GB reserved=6.12GB
  Trial   0 | Epoch  7/15 | train=2.90641 | val=2.81154 | VRAM alloc=0.05GB reserved=6.12GB
  Trial   0 | Epoch  8/15 | train=2.89368 | val=2.82161 | VRAM alloc=0.05GB reserved=6.12GB
  Trial   0 | Epoch  9/15 | train=2.85651 | val=2.81478 | VRAM alloc=0.05GB reserved=6.12GB
  Trial   0 | Epoch 10/15 | train=2.85211 | val=2.81318 | VRAM alloc=0.05GB reserved=6.12GB
  Trial   0 | Epoch 11/15 | train=2.83066 | val=2.78717 | VRAM alloc=0.05GB reserved=6.12GB
  Trial   0 | Epoch 12/15 | train=2.80369 | val=2.78398 | VRAM alloc=0.05GB reserved=6.12GB
  Trial   0 | Epoch 13/15 | train=2.80513 | val=2.76542 | VRAM alloc=0.05GB reserved=6.12GB
  Trial   0 | Epoch 14/15 | train=2.79908 | val=2.75735 | VRAM alloc=0.05GB reserved=6.12GB
                                        0%|          | 0/40 [52:43<?, ?it/s]Best trial: 0. Best value: 2.74166:   0%|          | 0/40 [52:43<?, ?it/s]Best trial: 0. Best value: 2.74166:   2%|▎         | 1/40 [52:43<34:16:20, 3163.60s/it]  Trial   0 | Epoch 15/15 | train=2.80491 | val=2.74166 | VRAM alloc=0.05GB reserved=6.12GB
[I 2026-03-11 12:49:01,328] Trial 0 finished with value: 2.7416649607511667 and parameters: {'lr': 0.0008403604888695196, 'batch_size': 16, 'd_model': 256, 'nhead': 4, 'num_layers': 4, 'dropout': 0.05411689885916049, 'T': 500, 'cosine_s': 0.00037419406111184985, 'lambda_pdg': 0.2227337188467456, 'lambda_zplane': 0.4484685687215243, 'gamma_end': 0.12606056073988442, 'gamma_start': 0.0007790143126276247, 'grad_clip': 2.1479175279631737, 'pct_start': 0.0936843710297063, 'div_factor': 17.960262498366816}. Best is trial 0 with value: 2.7416649607511667.
  Trial   1 | Epoch  1/15 | train=5.43599 | val=3.71008 | VRAM alloc=0.11GB reserved=22.95GB
  Trial   1 | Epoch  2/15 | train=3.36126 | val=3.04010 | VRAM alloc=0.11GB reserved=22.95GB
  Trial   1 | Epoch  3/15 | train=3.03772 | val=2.87270 | VRAM alloc=0.11GB reserved=22.95GB
  Trial   1 | Epoch  4/15 | train=2.90654 | val=2.80943 | VRAM alloc=0.11GB reserved=22.95GB
  Trial   1 | Epoch  5/15 | train=2.84213 | val=2.81832 | VRAM alloc=0.11GB reserved=22.95GB
  Trial   1 | Epoch  6/15 | train=2.80180 | val=2.75933 | VRAM alloc=0.11GB reserved=22.95GB
  Trial   1 | Epoch  7/15 | train=2.80111 | val=2.73706 | VRAM alloc=0.11GB reserved=22.95GB
  Trial   1 | Epoch  8/15 | train=2.76590 | val=2.66262 | VRAM alloc=0.11GB reserved=22.95GB
  Trial   1 | Epoch  9/15 | train=2.72700 | val=2.63562 | VRAM alloc=0.11GB reserved=22.95GB
  Trial   1 | Epoch 10/15 | train=2.72695 | val=2.63930 | VRAM alloc=0.11GB reserved=22.95GB
  Trial   1 | Epoch 11/15 | train=2.70395 | val=2.64723 | VRAM alloc=0.11GB reserved=22.95GB
  Trial   1 | Epoch 12/15 | train=2.71423 | val=2.68211 | VRAM alloc=0.11GB reserved=22.95GB
  Trial   1 | Epoch 13/15 | train=2.71336 | val=2.70047 | VRAM alloc=0.11GB reserved=22.95GB
  Trial   1 | Epoch 14/15 | train=2.71239 | val=2.66794 | VRAM alloc=0.11GB reserved=22.95GB
                                                                                       Best trial: 0. Best value: 2.74166:   2%|▎         | 1/40 [1:42:36<34:16:20, 3163.60s/it]Best trial: 1. Best value: 2.62214:   2%|▎         | 1/40 [1:42:36<34:16:20, 3163.60s/it]Best trial: 1. Best value: 2.62214:   5%|▌         | 2/40 [1:42:36<32:19:57, 3063.10s/it]  Trial   1 | Epoch 15/15 | train=2.70001 | val=2.62214 | VRAM alloc=0.11GB reserved=22.95GB
[I 2026-03-11 13:38:54,081] Trial 1 finished with value: 2.6221383846167363 and parameters: {'lr': 0.0006066716167545476, 'batch_size': 64, 'd_model': 256, 'nhead': 4, 'num_layers': 4, 'dropout': 0.08410482473745831, 'T': 1000, 'cosine_s': 0.04038423798071561, 'lambda_pdg': 0.8179774807106381, 'lambda_zplane': 0.6787661614294043, 'gamma_end': 0.07441802850159597, 'gamma_start': 0.0014537555576161927, 'grad_clip': 2.160228740609402, 'pct_start': 0.06830573522671683, 'div_factor': 15.393487254899382}. Best is trial 1 with value: 2.6221383846167363.
  Trial   2 | Epoch  1/15 | train=4.18701 | val=3.22774 | VRAM alloc=0.35GB reserved=22.98GB
  Trial   2 | Epoch  2/15 | train=2.99688 | val=2.93238 | VRAM alloc=0.35GB reserved=22.98GB
  Trial   2 | Epoch  3/15 | train=2.82332 | val=2.67073 | VRAM alloc=0.35GB reserved=22.98GB
  Trial   2 | Epoch  4/15 | train=2.76521 | val=2.67711 | VRAM alloc=0.35GB reserved=22.98GB
  Trial   2 | Epoch  5/15 | train=2.73057 | val=2.63692 | VRAM alloc=0.35GB reserved=22.98GB
  Trial   2 | Epoch  6/15 | train=2.70458 | val=2.57925 | VRAM alloc=0.35GB reserved=22.98GB
  Trial   2 | Epoch  7/15 | train=2.68104 | val=2.60528 | VRAM alloc=0.25GB reserved=22.98GB
  Trial   2 | Epoch  8/15 | train=2.67353 | val=2.61203 | VRAM alloc=0.25GB reserved=22.98GB
  Trial   2 | Epoch  9/15 | train=2.66411 | val=2.58933 | VRAM alloc=0.25GB reserved=22.98GB
  Trial   2 | Epoch 10/15 | train=2.63127 | val=2.54993 | VRAM alloc=0.25GB reserved=22.98GB
  Trial   2 | Epoch 11/15 | train=2.64191 | val=2.57120 | VRAM alloc=0.25GB reserved=22.98GB
  Trial   2 | Epoch 12/15 | train=2.60069 | val=2.50049 | VRAM alloc=0.25GB reserved=22.98GB
  Trial   2 | Epoch 13/15 | train=2.59618 | val=2.55228 | VRAM alloc=0.25GB reserved=22.98GB
  Trial   2 | Epoch 14/15 | train=2.59683 | val=2.54295 | VRAM alloc=0.25GB reserved=22.98GB
                                                                                         Best trial: 1. Best value: 2.62214:   5%|▌         | 2/40 [4:19:02<32:19:57, 3063.10s/it]Best trial: 2. Best value: 2.50049:   5%|▌         | 2/40 [4:19:02<32:19:57, 3063.10s/it]Best trial: 2. Best value: 2.50049:   8%|▊         | 3/40 [4:19:02<61:09:18, 5950.23s/it]  Trial   2 | Epoch 15/15 | train=2.58381 | val=2.58195 | VRAM alloc=0.25GB reserved=22.98GB
[I 2026-03-11 16:15:19,995] Trial 2 finished with value: 2.5004915026518013 and parameters: {'lr': 0.0005244136133080424, 'batch_size': 16, 'd_model': 512, 'nhead': 8, 'num_layers': 5, 'dropout': 0.2378997883128378, 'T': 500, 'cosine_s': 0.0307688247430154, 'lambda_pdg': 0.13406787694932354, 'lambda_zplane': 0.47236743859637587, 'gamma_end': 0.06130682222763452, 'gamma_start': 0.0003570478920909981, 'grad_clip': 2.083015934534223, 'pct_start': 0.0907023547660844, 'div_factor': 23.92275706162204}. Best is trial 2 with value: 2.5004915026518013.
  Trial   3 | Epoch  1/15 | train=4.60610 | val=3.59736 | VRAM alloc=0.28GB reserved=22.98GB
  Trial   3 | Epoch  2/15 | train=3.52978 | val=3.24555 | VRAM alloc=0.28GB reserved=22.98GB
  Trial   3 | Epoch  3/15 | train=3.30561 | val=3.07284 | VRAM alloc=0.28GB reserved=22.98GB
  Trial   3 | Epoch  4/15 | train=3.19833 | val=2.95637 | VRAM alloc=0.28GB reserved=22.98GB
  Trial   3 | Epoch  5/15 | train=3.14647 | val=3.01907 | VRAM alloc=0.28GB reserved=22.98GB
  Trial   3 | Epoch  6/15 | train=3.08959 | val=2.94175 | VRAM alloc=0.28GB reserved=22.98GB
  Trial   3 | Epoch  7/15 | train=3.04665 | val=2.94999 | VRAM alloc=0.28GB reserved=22.98GB
  Trial   3 | Epoch  8/15 | train=3.03677 | val=2.90401 | VRAM alloc=0.28GB reserved=22.98GB
  Trial   3 | Epoch  9/15 | train=3.00317 | val=2.85623 | VRAM alloc=0.28GB reserved=22.98GB
  Trial   3 | Epoch 10/15 | train=3.00072 | val=2.85645 | VRAM alloc=0.28GB reserved=22.98GB
  Trial   3 | Epoch 11/15 | train=2.99898 | val=2.83958 | VRAM alloc=0.28GB reserved=22.98GB
  Trial   3 | Epoch 12/15 | train=2.94115 | val=2.85377 | VRAM alloc=0.28GB reserved=22.98GB
  Trial   3 | Epoch 13/15 | train=2.95747 | val=2.89423 | VRAM alloc=0.28GB reserved=22.98GB
  Trial   3 | Epoch 14/15 | train=2.95263 | val=2.78595 | VRAM alloc=0.28GB reserved=22.98GB
                                                                                         Best trial: 2. Best value: 2.50049:   8%|▊         | 3/40 [4:39:10<61:09:18, 5950.23s/it]Best trial: 2. Best value: 2.50049:   8%|▊         | 3/40 [4:39:10<61:09:18, 5950.23s/it]Best trial: 2. Best value: 2.50049:  10%|█         | 4/40 [4:39:10<40:46:53, 4078.14s/it]  Trial   3 | Epoch 15/15 | train=2.95806 | val=2.84325 | VRAM alloc=0.28GB reserved=22.98GB
[I 2026-03-11 16:35:28,246] Trial 3 finished with value: 2.785949310889611 and parameters: {'lr': 0.0008198924913296289, 'batch_size': 32, 'd_model': 256, 'nhead': 2, 'num_layers': 2, 'dropout': 0.21309228569096683, 'T': 1000, 'cosine_s': 0.012068006375483968, 'lambda_pdg': 0.12034241914738585, 'lambda_zplane': 0.7810848842341179, 'gamma_end': 0.07896726488128243, 'gamma_start': 0.002926758115062129, 'grad_clip': 2.4349471902413367, 'pct_start': 0.09963470372789739, 'div_factor': 8.701106159513815}. Best is trial 2 with value: 2.5004915026518013.
                                                                                         Best trial: 2. Best value: 2.50049:  10%|█         | 4/40 [4:39:20<40:46:53, 4078.14s/it]Best trial: 2. Best value: 2.50049:  10%|█         | 4/40 [4:39:20<40:46:53, 4078.14s/it]Best trial: 2. Best value: 2.50049:  12%|█▎        | 5/40 [4:39:20<25:23:04, 2610.97s/it]  Trial 4 OOM during train (batch_size=32, d_model=256, T=1000) — pruning.
[I 2026-03-11 16:35:37,790] Trial 4 pruned. 
  Trial   5 | Epoch  1/15 | train=4.87711 | val=3.53351 | VRAM alloc=0.48GB reserved=18.81GB
  Trial   5 | Epoch  2/15 | train=3.43017 | val=3.23429 | VRAM alloc=0.48GB reserved=18.81GB
  Trial   5 | Epoch  3/15 | train=3.19623 | val=3.04149 | VRAM alloc=0.48GB reserved=18.81GB
  Trial   5 | Epoch  4/15 | train=3.10193 | val=2.96573 | VRAM alloc=0.48GB reserved=18.81GB
  Trial   5 | Epoch  5/15 | train=3.06539 | val=2.94427 | VRAM alloc=0.21GB reserved=18.81GB
  Trial   5 | Epoch  6/15 | train=3.02592 | val=2.95276 | VRAM alloc=0.21GB reserved=18.81GB
  Trial   5 | Epoch  7/15 | train=3.02211 | val=2.94757 | VRAM alloc=0.21GB reserved=18.81GB
  Trial   5 | Epoch  8/15 | train=2.99500 | val=2.94304 | VRAM alloc=0.21GB reserved=18.81GB
  Trial   5 | Epoch  9/15 | train=2.95156 | val=2.88926 | VRAM alloc=0.21GB reserved=18.81GB
  Trial   5 | Epoch 10/15 | train=2.95716 | val=2.87042 | VRAM alloc=0.21GB reserved=18.81GB
  Trial   5 | Epoch 11/15 | train=2.94152 | val=2.84328 | VRAM alloc=0.21GB reserved=18.81GB
  Trial   5 | Epoch 12/15 | train=2.91598 | val=2.84140 | VRAM alloc=0.21GB reserved=18.81GB
  Trial   5 | Epoch 13/15 | train=2.91464 | val=2.84059 | VRAM alloc=0.21GB reserved=18.81GB
  Trial   5 | Epoch 14/15 | train=2.90714 | val=2.81611 | VRAM alloc=0.21GB reserved=18.81GB
                                                                                         Best trial: 2. Best value: 2.50049:  12%|█▎        | 5/40 [6:18:23<25:23:04, 2610.97s/it]Best trial: 2. Best value: 2.50049:  12%|█▎        | 5/40 [6:18:23<25:23:04, 2610.97s/it]Best trial: 2. Best value: 2.50049:  15%|█▌        | 6/40 [6:18:23<35:21:35, 3743.98s/it]  Trial   5 | Epoch 15/15 | train=2.88913 | val=2.84364 | VRAM alloc=0.21GB reserved=18.81GB
[I 2026-03-11 18:14:41,093] Trial 5 finished with value: 2.816105340077327 and parameters: {'lr': 0.000706413323304721, 'batch_size': 32, 'd_model': 512, 'nhead': 4, 'num_layers': 4, 'dropout': 0.22429211803754356, 'T': 500, 'cosine_s': 0.025644247753429144, 'lambda_pdg': 0.5623751298198683, 'lambda_zplane': 1.6341362948117188, 'gamma_end': 0.2740228249808733, 'gamma_start': 0.00034695916603302916, 'grad_clip': 1.665077886791515, 'pct_start': 0.08419027438129126, 'div_factor': 14.06899944010232}. Best is trial 2 with value: 2.5004915026518013.
  Trial   6 | Epoch  1/15 | train=3.94452 | val=3.05703 | VRAM alloc=0.24GB reserved=18.81GB
  Trial   6 | Epoch  2/15 | train=3.01158 | val=2.87455 | VRAM alloc=0.24GB reserved=18.81GB
  Trial   6 | Epoch  3/15 | train=2.92006 | val=2.82276 | VRAM alloc=0.24GB reserved=18.81GB
  Trial   6 | Epoch  4/15 | train=2.87772 | val=2.83895 | VRAM alloc=0.24GB reserved=18.81GB
  Trial   6 | Epoch  5/15 | train=2.87571 | val=2.76079 | VRAM alloc=0.24GB reserved=18.81GB
  Trial   6 | Epoch  6/15 | train=2.85562 | val=2.71052 | VRAM alloc=0.24GB reserved=18.81GB
  Trial   6 | Epoch  7/15 | train=2.81547 | val=2.77081 | VRAM alloc=0.24GB reserved=18.81GB
  Trial   6 | Epoch  8/15 | train=2.81202 | val=2.74136 | VRAM alloc=0.24GB reserved=18.81GB
  Trial   6 | Epoch  9/15 | train=2.77417 | val=2.72286 | VRAM alloc=0.24GB reserved=18.81GB
  Trial   6 | Epoch 10/15 | train=2.77534 | val=2.72551 | VRAM alloc=0.24GB reserved=18.81GB
  Trial   6 | Epoch 11/15 | train=2.75238 | val=2.67426 | VRAM alloc=0.24GB reserved=18.81GB
  Trial   6 | Epoch 12/15 | train=2.74469 | val=2.68016 | VRAM alloc=0.24GB reserved=18.81GB
  Trial   6 | Epoch 13/15 | train=2.74258 | val=2.63204 | VRAM alloc=0.24GB reserved=18.81GB
  Trial   6 | Epoch 14/15 | train=2.72864 | val=2.69423 | VRAM alloc=0.24GB reserved=18.81GB
                                                                                         Best trial: 2. Best value: 2.50049:  15%|█▌        | 6/40 [7:18:01<35:21:35, 3743.98s/it]Best trial: 2. Best value: 2.50049:  15%|█▌        | 6/40 [7:18:01<35:21:35, 3743.98s/it]Best trial: 2. Best value: 2.50049:  18%|█▊        | 7/40 [7:18:01<33:49:20, 3689.72s/it]  Trial   6 | Epoch 15/15 | train=2.73651 | val=2.66657 | VRAM alloc=0.24GB reserved=18.81GB
[I 2026-03-11 19:14:19,073] Trial 6 finished with value: 2.6320386308890122 and parameters: {'lr': 0.0015540463484393125, 'batch_size': 16, 'd_model': 256, 'nhead': 8, 'num_layers': 3, 'dropout': 0.15375812434867323, 'T': 500, 'cosine_s': 0.041957605186956, 'lambda_pdg': 0.9643249301950056, 'lambda_zplane': 0.5783863620681918, 'gamma_end': 0.17431212647309635, 'gamma_start': 0.000324476480988986, 'grad_clip': 1.9272607415662013, 'pct_start': 0.05553304210317992, 'div_factor': 17.906016254192004}. Best is trial 2 with value: 2.5004915026518013.
                                                                                         Best trial: 2. Best value: 2.50049:  18%|█▊        | 7/40 [7:18:11<33:49:20, 3689.72s/it]Best trial: 2. Best value: 2.50049:  18%|█▊        | 7/40 [7:18:11<33:49:20, 3689.72s/it]Best trial: 2. Best value: 2.50049:  20%|██        | 8/40 [7:18:11<22:23:07, 2518.36s/it]  Trial 7 OOM during train (batch_size=64, d_model=256, T=1000) — pruning.
[I 2026-03-11 19:14:29,385] Trial 7 pruned. 
  Trial   8 | Epoch  1/15 | train=5.29367 | val=3.85196 | VRAM alloc=0.28GB reserved=18.59GB
  Trial   8 | Epoch  2/15 | train=3.82155 | val=3.53223 | VRAM alloc=0.28GB reserved=18.59GB
  Trial   8 | Epoch  3/15 | train=3.49027 | val=3.23313 | VRAM alloc=0.28GB reserved=18.59GB
                                                                                         Best trial: 2. Best value: 2.50049:  20%|██        | 8/40 [7:33:42<22:23:07, 2518.36s/it]Best trial: 2. Best value: 2.50049:  20%|██        | 8/40 [7:33:42<22:23:07, 2518.36s/it]Best trial: 2. Best value: 2.50049:  22%|██▎       | 9/40 [7:33:42<17:24:44, 2022.09s/it]  Trial   8 | Epoch  4/15 | train=3.37058 | val=3.17952 | VRAM alloc=0.28GB reserved=18.59GB
  Trial 8 pruned at epoch 4.
[I 2026-03-11 19:30:00,237] Trial 8 pruned. 
                                                                                         Best trial: 2. Best value: 2.50049:  22%|██▎       | 9/40 [7:33:53<17:24:44, 2022.09s/it]Best trial: 2. Best value: 2.50049:  22%|██▎       | 9/40 [7:33:53<17:24:44, 2022.09s/it]Best trial: 2. Best value: 2.50049:  25%|██▌       | 10/40 [7:33:53<11:40:33, 1401.12s/it]  Trial 9 OOM during train (batch_size=64, d_model=256, T=500) — pruning.
[I 2026-03-11 19:30:10,922] Trial 9 pruned. 
  Trial  10 | Epoch  1/15 | train=4.27394 | val=3.36832 | VRAM alloc=0.25GB reserved=21.87GB
  Trial  10 | Epoch  2/15 | train=3.25537 | val=3.06596 | VRAM alloc=0.25GB reserved=21.87GB
  Trial  10 | Epoch  3/15 | train=3.12964 | val=2.99991 | VRAM alloc=0.25GB reserved=21.87GB
                                                                                          Best trial: 2. Best value: 2.50049:  25%|██▌       | 10/40 [8:05:24<11:40:33, 1401.12s/it]Best trial: 2. Best value: 2.50049:  25%|██▌       | 10/40 [8:05:24<11:40:33, 1401.12s/it]Best trial: 2. Best value: 2.50049:  28%|██▊       | 11/40 [8:05:24<12:29:40, 1551.06s/it]  Trial  10 | Epoch  4/15 | train=3.03432 | val=3.00829 | VRAM alloc=0.25GB reserved=21.87GB
  Trial 10 pruned at epoch 4.
[I 2026-03-11 20:01:41,976] Trial 10 pruned. 
                                                                                          Best trial: 2. Best value: 2.50049:  28%|██▊       | 11/40 [8:05:33<12:29:40, 1551.06s/it]Best trial: 2. Best value: 2.50049:  28%|██▊       | 11/40 [8:05:33<12:29:40, 1551.06s/it]Best trial: 2. Best value: 2.50049:  30%|███       | 12/40 [8:05:33<8:24:58, 1082.09s/it]   Trial 11 OOM during train (batch_size=64, d_model=512, T=1000) — pruning.
[I 2026-03-11 20:01:51,448] Trial 11 pruned. 
                                                                                         Best trial: 2. Best value: 2.50049:  30%|███       | 12/40 [8:05:42<8:24:58, 1082.09s/it]Best trial: 2. Best value: 2.50049:  30%|███       | 12/40 [8:05:42<8:24:58, 1082.09s/it]Best trial: 2. Best value: 2.50049:  32%|███▎      | 13/40 [8:05:42<5:40:41, 757.08s/it]   Trial 12 OOM during train (batch_size=64, d_model=512, T=500) — pruning.
[I 2026-03-11 20:02:00,653] Trial 12 pruned. 
  Trial  13 | Epoch  1/15 | train=3.92956 | val=3.03343 | VRAM alloc=0.41GB reserved=22.72GB
  Trial  13 | Epoch  2/15 | train=2.98384 | val=2.90231 | VRAM alloc=0.41GB reserved=22.72GB
  Trial  13 | Epoch  3/15 | train=2.85732 | val=2.76807 | VRAM alloc=0.41GB reserved=22.72GB
  Trial  13 | Epoch  4/15 | train=2.77754 | val=2.74020 | VRAM alloc=0.41GB reserved=22.72GB
  Trial  13 | Epoch  5/15 | train=2.78250 | val=2.70876 | VRAM alloc=0.41GB reserved=22.72GB
  Trial  13 | Epoch  6/15 | train=2.76921 | val=2.67185 | VRAM alloc=0.41GB reserved=22.72GB
  Trial  13 | Epoch  7/15 | train=2.73309 | val=2.63695 | VRAM alloc=0.41GB reserved=22.72GB
  Trial  13 | Epoch  8/15 | train=2.73506 | val=2.68638 | VRAM alloc=0.41GB reserved=22.72GB
  Trial  13 | Epoch  9/15 | train=2.71250 | val=2.64752 | VRAM alloc=0.41GB reserved=22.72GB
  Trial  13 | Epoch 10/15 | train=2.70176 | val=2.66662 | VRAM alloc=0.41GB reserved=22.72GB
  Trial  13 | Epoch 11/15 | train=2.67223 | val=2.63373 | VRAM alloc=0.41GB reserved=22.72GB
  Trial  13 | Epoch 12/15 | train=2.66627 | val=2.59994 | VRAM alloc=0.41GB reserved=22.72GB
  Trial  13 | Epoch 13/15 | train=2.66210 | val=2.60481 | VRAM alloc=0.41GB reserved=22.72GB
  Trial  13 | Epoch 14/15 | train=2.65386 | val=2.60542 | VRAM alloc=0.41GB reserved=22.72GB
                                                                                        Best trial: 2. Best value: 2.50049:  32%|███▎      | 13/40 [9:21:42<5:40:41, 757.08s/it]Best trial: 2. Best value: 2.50049:  32%|███▎      | 13/40 [9:21:42<5:40:41, 757.08s/it]Best trial: 2. Best value: 2.50049:  35%|███▌      | 14/40 [9:21:42<13:45:48, 1905.70s/it]  Trial  13 | Epoch 15/15 | train=2.63985 | val=2.62568 | VRAM alloc=0.41GB reserved=22.72GB
[I 2026-03-11 21:18:00,496] Trial 13 finished with value: 2.599936227615063 and parameters: {'lr': 0.0011528855413264192, 'batch_size': 16, 'd_model': 512, 'nhead': 4, 'num_layers': 3, 'dropout': 0.11409524207082897, 'T': 1000, 'cosine_s': 0.04976304094942074, 'lambda_pdg': 0.7629541162707888, 'lambda_zplane': 1.0963585075450364, 'gamma_end': 0.09379600694732748, 'gamma_start': 0.0006039037404403287, 'grad_clip': 2.1083663734066094, 'pct_start': 0.07476149063715587, 'div_factor': 21.643773188772318}. Best is trial 2 with value: 2.5004915026518013.
  Trial  14 | Epoch  1/15 | train=4.25281 | val=3.52538 | VRAM alloc=0.51GB reserved=22.74GB
  Trial  14 | Epoch  2/15 | train=3.45323 | val=3.35226 | VRAM alloc=0.51GB reserved=22.74GB
  Trial  14 | Epoch  3/15 | train=3.22997 | val=3.08844 | VRAM alloc=0.51GB reserved=22.74GB
                                                                                          Best trial: 2. Best value: 2.50049:  35%|███▌      | 14/40 [9:34:54<13:45:48, 1905.70s/it]Best trial: 2. Best value: 2.50049:  35%|███▌      | 14/40 [9:34:54<13:45:48, 1905.70s/it]Best trial: 2. Best value: 2.50049:  38%|███▊      | 15/40 [9:34:54<10:54:08, 1569.95s/it]  Trial  14 | Epoch  4/15 | train=3.17867 | val=2.98135 | VRAM alloc=0.51GB reserved=22.74GB
  Trial 14 pruned at epoch 4.
