[I 2026-03-08 04:00:05,170] Trial 29 pruned. 
  Trial  30 | Epoch  1/20 | train=1.93491 | val=1.10047 | VRAM alloc=0.08GB reserved=21.07GB
  Trial  30 | Epoch  2/20 | train=1.13107 | val=1.03395 | VRAM alloc=0.08GB reserved=21.07GB
  Trial  30 | Epoch  3/20 | train=1.04619 | val=1.01629 | VRAM alloc=0.08GB reserved=21.07GB
  Trial  30 | Epoch  4/20 | train=0.98890 | val=0.93295 | VRAM alloc=0.08GB reserved=21.07GB
  Trial  30 | Epoch  5/20 | train=0.96873 | val=0.95396 | VRAM alloc=0.08GB reserved=21.07GB
  Trial  30 | Epoch  6/20 | train=0.96291 | val=0.96961 | VRAM alloc=0.08GB reserved=21.07GB
  Trial  30 | Epoch  7/20 | train=0.94162 | val=0.93845 | VRAM alloc=0.08GB reserved=21.07GB
  Trial  30 | Epoch  8/20 | train=0.91382 | val=0.90798 | VRAM alloc=0.08GB reserved=21.07GB
  Trial  30 | Epoch  9/20 | train=0.94199 | val=0.89665 | VRAM alloc=0.08GB reserved=21.07GB
  Trial  30 | Epoch 10/20 | train=0.94139 | val=0.87038 | VRAM alloc=0.08GB reserved=21.07GB
  Trial  30 | Epoch 11/20 | train=0.92021 | val=0.89453 | VRAM alloc=0.08GB reserved=21.07GB
  Trial  30 | Epoch 12/20 | train=0.91799 | val=0.90109 | VRAM alloc=0.08GB reserved=21.07GB
  Trial  30 | Epoch 13/20 | train=0.92237 | val=0.86048 | VRAM alloc=0.08GB reserved=21.07GB
  Trial  30 | Epoch 14/20 | train=0.92161 | val=0.85449 | VRAM alloc=0.08GB reserved=21.07GB
  Trial  30 | Epoch 15/20 | train=0.90350 | val=0.88120 | VRAM alloc=0.08GB reserved=21.07GB
  Trial  30 | Epoch 16/20 | train=0.91433 | val=0.85784 | VRAM alloc=0.08GB reserved=21.07GB
  Trial  30 | Epoch 17/20 | train=0.90790 | val=0.87122 | VRAM alloc=0.08GB reserved=21.07GB
  Trial  30 | Epoch 18/20 | train=0.89724 | val=0.88535 | VRAM alloc=0.08GB reserved=21.07GB
  Trial  30 | Epoch 19/20 | train=0.90042 | val=0.85785 | VRAM alloc=0.08GB reserved=21.07GB
                                                                                           Best trial: 15. Best value: 0.694121:  52%|█████▎    | 21/40 [10:33:13<6:19:13, 1197.53s/it]Best trial: 15. Best value: 0.694121:  52%|█████▎    | 21/40 [10:33:13<6:19:13, 1197.53s/it]Best trial: 15. Best value: 0.694121:  55%|█████▌    | 22/40 [10:33:13<8:41:19, 1737.76s/it]  Trial  30 | Epoch 20/20 | train=0.90537 | val=0.85332 | VRAM alloc=0.08GB reserved=21.07GB
[I 2026-03-08 04:50:02,758] Trial 30 finished with value: 0.8533219351218297 and parameters: {'lr': 0.0013510497698796115, 'batch_size': 32, 'd_model': 256, 'nhead': 2, 'num_layers': 4, 'dropout': 0.18001811087253036, 'T': 1000, 'beta_start': 5.7670340385789753e-05, 'beta_end': 0.04103910167691034, 'lambda_pdg': 1.1674379009964486, 'gamma_end': 0.09297108089611683, 'grad_clip': 0.950302893200148, 'gamma_start': 0.0018769503176571225, 'pct_start': 0.19080453178996773, 'div_factor': 24.735181016080528}. Best is trial 15 with value: 0.6941206386456122.
  Trial  31 | Epoch  1/20 | train=2.56808 | val=1.82537 | VRAM alloc=0.12GB reserved=21.07GB
  Trial  31 | Epoch  2/20 | train=1.80459 | val=1.71982 | VRAM alloc=0.12GB reserved=21.07GB
  Trial  31 | Epoch  3/20 | train=1.72376 | val=1.66493 | VRAM alloc=0.12GB reserved=21.07GB
                                                                                            Best trial: 15. Best value: 0.694121:  55%|█████▌    | 22/40 [10:43:42<8:41:19, 1737.76s/it]Best trial: 15. Best value: 0.694121:  55%|█████▌    | 22/40 [10:43:42<8:41:19, 1737.76s/it]Best trial: 15. Best value: 0.694121:  57%|█████▊    | 23/40 [10:43:42<6:38:08, 1405.19s/it]  Trial  31 | Epoch  4/20 | train=1.67033 | val=1.65510 | VRAM alloc=0.12GB reserved=21.07GB
  Trial 31 pruned at epoch 4.
[I 2026-03-08 05:00:32,274] Trial 31 pruned. 
  Trial  32 | Epoch  1/20 | train=4.21037 | val=3.37322 | VRAM alloc=0.00GB reserved=21.07GB
  Trial  32 | Epoch  2/20 | train=3.46633 | val=3.22995 | VRAM alloc=0.00GB reserved=21.07GB
  Trial  32 | Epoch  3/20 | train=3.36849 | val=3.22246 | VRAM alloc=0.00GB reserved=21.07GB
                                                                                            Best trial: 15. Best value: 0.694121:  57%|█████▊    | 23/40 [10:55:36<6:38:08, 1405.19s/it]Best trial: 15. Best value: 0.694121:  57%|█████▊    | 23/40 [10:55:36<6:38:08, 1405.19s/it]Best trial: 15. Best value: 0.694121:  60%|██████    | 24/40 [10:55:36<5:19:24, 1197.77s/it]  Trial  32 | Epoch  4/20 | train=3.31333 | val=3.20771 | VRAM alloc=0.00GB reserved=21.07GB
  Trial 32 pruned at epoch 4.
[I 2026-03-08 05:12:26,191] Trial 32 pruned. 
  Trial  33 | Epoch  1/20 | train=1.91027 | val=1.14122 | VRAM alloc=0.01GB reserved=21.07GB
  Trial  33 | Epoch  2/20 | train=1.06499 | val=1.00392 | VRAM alloc=0.01GB reserved=21.07GB
  Trial  33 | Epoch  3/20 | train=1.02432 | val=0.99210 | VRAM alloc=0.01GB reserved=21.07GB
  Trial  33 | Epoch  4/20 | train=0.99411 | val=0.96281 | VRAM alloc=0.01GB reserved=21.07GB
  Trial  33 | Epoch  5/20 | train=0.97644 | val=0.95047 | VRAM alloc=0.01GB reserved=21.07GB
  Trial  33 | Epoch  6/20 | train=0.97524 | val=0.93526 | VRAM alloc=0.01GB reserved=21.07GB
  Trial  33 | Epoch  7/20 | train=0.96597 | val=0.92439 | VRAM alloc=0.01GB reserved=21.07GB
  Trial  33 | Epoch  8/20 | train=0.94422 | val=0.91589 | VRAM alloc=0.01GB reserved=21.07GB
  Trial  33 | Epoch  9/20 | train=0.93416 | val=0.92643 | VRAM alloc=0.01GB reserved=21.07GB
  Trial  33 | Epoch 10/20 | train=0.94954 | val=0.94401 | VRAM alloc=0.01GB reserved=21.07GB
  Trial  33 | Epoch 11/20 | train=0.94737 | val=0.92384 | VRAM alloc=0.01GB reserved=21.07GB
  Trial  33 | Epoch 12/20 | train=0.91288 | val=0.91781 | VRAM alloc=0.01GB reserved=21.07GB
  Trial  33 | Epoch 13/20 | train=0.93547 | val=0.90321 | VRAM alloc=0.01GB reserved=21.07GB
  Trial  33 | Epoch 14/20 | train=0.92444 | val=0.89988 | VRAM alloc=0.01GB reserved=21.07GB
  Trial  33 | Epoch 15/20 | train=0.94050 | val=0.88624 | VRAM alloc=0.01GB reserved=21.07GB
  Trial  33 | Epoch 16/20 | train=0.92072 | val=0.86634 | VRAM alloc=0.01GB reserved=21.07GB
  Trial  33 | Epoch 17/20 | train=0.93490 | val=0.88472 | VRAM alloc=0.01GB reserved=21.07GB
  Trial  33 | Epoch 18/20 | train=0.92814 | val=0.92108 | VRAM alloc=0.01GB reserved=21.07GB
  Trial  33 | Epoch 19/20 | train=0.92325 | val=0.93126 | VRAM alloc=0.01GB reserved=21.07GB
                                                                                            Best trial: 15. Best value: 0.694121:  60%|██████    | 24/40 [12:12:59<5:19:24, 1197.77s/it]Best trial: 15. Best value: 0.694121:  60%|██████    | 24/40 [12:12:59<5:19:24, 1197.77s/it]Best trial: 15. Best value: 0.694121:  62%|██████▎   | 25/40 [12:12:59<9:17:51, 2231.45s/it]  Trial  33 | Epoch 20/20 | train=0.93465 | val=0.88805 | VRAM alloc=0.01GB reserved=21.07GB
[I 2026-03-08 06:29:49,106] Trial 33 finished with value: 0.8663423422846032 and parameters: {'lr': 0.00018191450889316497, 'batch_size': 4, 'd_model': 128, 'nhead': 8, 'num_layers': 3, 'dropout': 0.03500983581700942, 'T': 1000, 'beta_start': 1.5353603763472432e-05, 'beta_end': 0.03650038358489829, 'lambda_pdg': 0.6691084801025694, 'gamma_end': 0.13570610355423268, 'grad_clip': 0.9951211272131952, 'gamma_start': 0.0045322419141255515, 'pct_start': 0.10040571010627017, 'div_factor': 27.443795845821896}. Best is trial 15 with value: 0.6941206386456122.
  Trial  34 | Epoch  1/20 | train=1.77560 | val=1.01332 | VRAM alloc=0.04GB reserved=21.07GB
  Trial  34 | Epoch  2/20 | train=1.06482 | val=0.96270 | VRAM alloc=0.04GB reserved=21.07GB
  Trial  34 | Epoch  3/20 | train=0.94819 | val=0.93254 | VRAM alloc=0.04GB reserved=21.07GB
  Trial  34 | Epoch  4/20 | train=0.91456 | val=0.89295 | VRAM alloc=0.04GB reserved=21.07GB
  Trial  34 | Epoch  5/20 | train=0.89841 | val=0.84715 | VRAM alloc=0.04GB reserved=21.07GB
  Trial  34 | Epoch  6/20 | train=0.90020 | val=0.82737 | VRAM alloc=0.04GB reserved=21.07GB
  Trial  34 | Epoch  7/20 | train=0.87590 | val=0.88579 | VRAM alloc=0.04GB reserved=21.07GB
  Trial  34 | Epoch  8/20 | train=0.89515 | val=0.86082 | VRAM alloc=0.04GB reserved=21.07GB
  Trial  34 | Epoch  9/20 | train=0.85912 | val=0.82203 | VRAM alloc=0.04GB reserved=21.07GB
  Trial  34 | Epoch 10/20 | train=0.85680 | val=0.85441 | VRAM alloc=0.04GB reserved=21.07GB
  Trial  34 | Epoch 11/20 | train=0.85234 | val=0.88631 | VRAM alloc=0.04GB reserved=21.07GB
  Trial  34 | Epoch 12/20 | train=0.86350 | val=0.82800 | VRAM alloc=0.04GB reserved=21.07GB
  Trial  34 | Epoch 13/20 | train=0.84465 | val=0.85149 | VRAM alloc=0.04GB reserved=21.07GB
  Trial  34 | Epoch 14/20 | train=0.85053 | val=0.81885 | VRAM alloc=0.04GB reserved=21.07GB
  Trial  34 | Epoch 15/20 | train=0.86222 | val=0.82735 | VRAM alloc=0.04GB reserved=21.07GB
  Trial  34 | Epoch 16/20 | train=0.83674 | val=0.86456 | VRAM alloc=0.03GB reserved=21.07GB
  Trial  34 | Epoch 17/20 | train=0.84450 | val=0.84329 | VRAM alloc=0.03GB reserved=21.07GB
  Trial  34 | Epoch 18/20 | train=0.85232 | val=0.81644 | VRAM alloc=0.03GB reserved=21.07GB
  Trial  34 | Epoch 19/20 | train=0.84643 | val=0.81886 | VRAM alloc=0.03GB reserved=21.07GB
                                                                                            Best trial: 15. Best value: 0.694121:  62%|██████▎   | 25/40 [12:38:51<9:17:51, 2231.45s/it]Best trial: 15. Best value: 0.694121:  62%|██████▎   | 25/40 [12:38:51<9:17:51, 2231.45s/it]Best trial: 15. Best value: 0.694121:  65%|██████▌   | 26/40 [12:38:51<7:53:05, 2027.52s/it]  Trial  34 | Epoch 20/20 | train=0.83924 | val=0.86208 | VRAM alloc=0.03GB reserved=21.07GB
[I 2026-03-08 06:55:40,852] Trial 34 finished with value: 0.8164442525460169 and parameters: {'lr': 0.0006892685593897396, 'batch_size': 32, 'd_model': 256, 'nhead': 2, 'num_layers': 2, 'dropout': 0.15827396057949514, 'T': 1000, 'beta_start': 1.0273834883213502e-05, 'beta_end': 0.047720063346911056, 'lambda_pdg': 0.4308267259363246, 'gamma_end': 0.23318325770823192, 'grad_clip': 2.399402226024655, 'gamma_start': 0.0010789877225086354, 'pct_start': 0.11606083234819853, 'div_factor': 11.636044889742838}. Best is trial 15 with value: 0.6941206386456122.
  Trial  35 | Epoch  1/20 | train=1.92788 | val=1.07275 | VRAM alloc=0.06GB reserved=21.07GB
  Trial  35 | Epoch  2/20 | train=1.11448 | val=0.98864 | VRAM alloc=0.06GB reserved=21.07GB
  Trial  35 | Epoch  3/20 | train=0.99957 | val=0.98847 | VRAM alloc=0.06GB reserved=21.07GB
  Trial  35 | Epoch  4/20 | train=0.96186 | val=0.94167 | VRAM alloc=0.06GB reserved=21.07GB
  Trial  35 | Epoch  5/20 | train=0.94155 | val=0.88151 | VRAM alloc=0.06GB reserved=21.07GB
  Trial  35 | Epoch  6/20 | train=0.94330 | val=0.86880 | VRAM alloc=0.06GB reserved=21.07GB
  Trial  35 | Epoch  7/20 | train=0.91761 | val=0.92780 | VRAM alloc=0.06GB reserved=21.07GB
  Trial  35 | Epoch  8/20 | train=0.93836 | val=0.90403 | VRAM alloc=0.06GB reserved=21.07GB
  Trial  35 | Epoch  9/20 | train=0.90207 | val=0.86733 | VRAM alloc=0.06GB reserved=21.07GB
  Trial  35 | Epoch 10/20 | train=0.89823 | val=0.89169 | VRAM alloc=0.06GB reserved=21.07GB
  Trial  35 | Epoch 11/20 | train=0.89473 | val=0.92617 | VRAM alloc=0.06GB reserved=21.07GB
  Trial  35 | Epoch 12/20 | train=0.90615 | val=0.86586 | VRAM alloc=0.06GB reserved=21.07GB
  Trial  35 | Epoch 13/20 | train=0.88728 | val=0.89054 | VRAM alloc=0.06GB reserved=21.07GB
  Trial  35 | Epoch 14/20 | train=0.89310 | val=0.85906 | VRAM alloc=0.06GB reserved=21.07GB
  Trial  35 | Epoch 15/20 | train=0.90567 | val=0.86576 | VRAM alloc=0.06GB reserved=21.07GB
  Trial  35 | Epoch 16/20 | train=0.88022 | val=0.90561 | VRAM alloc=0.06GB reserved=21.07GB
  Trial  35 | Epoch 17/20 | train=0.88725 | val=0.88633 | VRAM alloc=0.06GB reserved=21.07GB
  Trial  35 | Epoch 18/20 | train=0.89597 | val=0.85693 | VRAM alloc=0.06GB reserved=21.07GB
  Trial  35 | Epoch 19/20 | train=0.89046 | val=0.85881 | VRAM alloc=0.06GB reserved=21.07GB
                                                                                            Best trial: 15. Best value: 0.694121:  65%|██████▌   | 26/40 [13:04:48<7:53:05, 2027.52s/it]Best trial: 15. Best value: 0.694121:  65%|██████▌   | 26/40 [13:04:48<7:53:05, 2027.52s/it]Best trial: 15. Best value: 0.694121:  68%|██████▊   | 27/40 [13:04:48<6:48:42, 1886.33s/it]  Trial  35 | Epoch 20/20 | train=0.88278 | val=0.90424 | VRAM alloc=0.06GB reserved=21.07GB
[I 2026-03-08 07:21:37,773] Trial 35 finished with value: 0.8569271463614244 and parameters: {'lr': 0.0005040568688167057, 'batch_size': 32, 'd_model': 256, 'nhead': 2, 'num_layers': 2, 'dropout': 0.1655639834821343, 'T': 1000, 'beta_start': 1.3899609745547398e-05, 'beta_end': 0.043091713025532025, 'lambda_pdg': 0.35553332510560604, 'gamma_end': 0.30198991275395565, 'grad_clip': 2.5505454283370774, 'gamma_start': 0.0004928618922532199, 'pct_start': 0.11362390979761593, 'div_factor': 10.963965077590704}. Best is trial 15 with value: 0.6941206386456122.
  Trial  36 | Epoch  1/20 | train=1.96987 | val=1.14510 | VRAM alloc=0.08GB reserved=21.07GB
  Trial  36 | Epoch  2/20 | train=1.17210 | val=1.05732 | VRAM alloc=0.08GB reserved=21.07GB
  Trial  36 | Epoch  3/20 | train=1.04767 | val=1.05323 | VRAM alloc=0.08GB reserved=21.07GB
  Trial  36 | Epoch  4/20 | train=1.02756 | val=1.00720 | VRAM alloc=0.08GB reserved=21.07GB
  Trial  36 | Epoch  5/20 | train=1.01235 | val=0.96227 | VRAM alloc=0.08GB reserved=21.07GB
  Trial  36 | Epoch  6/20 | train=1.01382 | val=0.94727 | VRAM alloc=0.03GB reserved=21.07GB
  Trial  36 | Epoch  7/20 | train=0.98993 | val=0.99876 | VRAM alloc=0.03GB reserved=21.07GB
  Trial  36 | Epoch  8/20 | train=1.00966 | val=0.97556 | VRAM alloc=0.03GB reserved=21.07GB
  Trial  36 | Epoch  9/20 | train=0.97663 | val=0.93710 | VRAM alloc=0.03GB reserved=21.07GB
  Trial  36 | Epoch 10/20 | train=0.97123 | val=0.98140 | VRAM alloc=0.03GB reserved=21.07GB
  Trial  36 | Epoch 11/20 | train=0.96774 | val=1.00081 | VRAM alloc=0.03GB reserved=21.07GB
  Trial  36 | Epoch 12/20 | train=0.97838 | val=0.94281 | VRAM alloc=0.03GB reserved=21.07GB
  Trial  36 | Epoch 13/20 | train=0.95937 | val=0.96582 | VRAM alloc=0.03GB reserved=21.07GB
                                                                                            Best trial: 15. Best value: 0.694121:  68%|██████▊   | 27/40 [13:22:59<6:48:42, 1886.33s/it]Best trial: 15. Best value: 0.694121:  68%|██████▊   | 27/40 [13:22:59<6:48:42, 1886.33s/it]Best trial: 15. Best value: 0.694121:  70%|███████   | 28/40 [13:22:59<5:29:34, 1647.92s/it]  Trial  36 | Epoch 14/20 | train=0.96444 | val=0.93591 | VRAM alloc=0.03GB reserved=21.07GB
  Trial 36 pruned at epoch 14.
[I 2026-03-08 07:39:49,422] Trial 36 pruned. 
  Trial  37 | Epoch  1/20 | train=2.48192 | val=1.35175 | VRAM alloc=0.06GB reserved=21.07GB
  Trial  37 | Epoch  2/20 | train=1.35140 | val=1.22360 | VRAM alloc=0.06GB reserved=21.07GB
  Trial  37 | Epoch  3/20 | train=1.24217 | val=1.22776 | VRAM alloc=0.06GB reserved=21.07GB
                                                                                            Best trial: 15. Best value: 0.694121:  70%|███████   | 28/40 [13:28:16<5:29:34, 1647.92s/it]Best trial: 15. Best value: 0.694121:  70%|███████   | 28/40 [13:28:16<5:29:34, 1647.92s/it]Best trial: 15. Best value: 0.694121:  72%|███████▎  | 29/40 [13:28:16<3:48:52, 1248.45s/it]  Trial  37 | Epoch  4/20 | train=1.19306 | val=1.17617 | VRAM alloc=0.06GB reserved=21.07GB
  Trial 37 pruned at epoch 4.
[I 2026-03-08 07:45:05,824] Trial 37 pruned. 
  Trial  38 | Epoch  1/20 | train=1.77121 | val=1.19194 | VRAM alloc=0.10GB reserved=21.07GB
  Trial  38 | Epoch  2/20 | train=1.16652 | val=1.08887 | VRAM alloc=0.10GB reserved=21.07GB
  Trial  38 | Epoch  3/20 | train=1.09717 | val=1.03908 | VRAM alloc=0.10GB reserved=21.07GB
  Trial  38 | Epoch  4/20 | train=1.05304 | val=1.06439 | VRAM alloc=0.10GB reserved=21.07GB
  Trial  38 | Epoch  5/20 | train=1.03540 | val=1.00803 | VRAM alloc=0.10GB reserved=21.07GB
                                                                                            Best trial: 15. Best value: 0.694121:  72%|███████▎  | 29/40 [13:39:43<3:48:52, 1248.45s/it]Best trial: 15. Best value: 0.694121:  72%|███████▎  | 29/40 [13:39:43<3:48:52, 1248.45s/it]Best trial: 15. Best value: 0.694121:  75%|███████▌  | 30/40 [13:39:43<3:00:02, 1080.27s/it]  Trial  38 | Epoch  6/20 | train=1.01134 | val=0.99385 | VRAM alloc=0.10GB reserved=21.07GB
  Trial 38 pruned at epoch 6.
[I 2026-03-08 07:56:33,694] Trial 38 pruned. 
  Trial  39 | Epoch  1/20 | train=2.64722 | val=1.42201 | VRAM alloc=0.10GB reserved=21.07GB
  Trial  39 | Epoch  2/20 | train=1.29557 | val=1.21627 | VRAM alloc=0.10GB reserved=21.07GB
  Trial  39 | Epoch  3/20 | train=1.24553 | val=1.18337 | VRAM alloc=0.10GB reserved=21.07GB
                                                                                            Best trial: 15. Best value: 0.694121:  75%|███████▌  | 30/40 [13:44:46<3:00:02, 1080.27s/it]Best trial: 15. Best value: 0.694121:  75%|███████▌  | 30/40 [13:44:46<3:00:02, 1080.27s/it]Best trial: 15. Best value: 0.694121:  78%|███████▊  | 31/40 [13:44:46<2:07:02, 846.96s/it]   Trial  39 | Epoch  4/20 | train=1.17811 | val=1.08392 | VRAM alloc=0.10GB reserved=21.07GB
  Trial 39 pruned at epoch 4.
[I 2026-03-08 08:01:36,270] Trial 39 pruned. 
  Trial  40 | Epoch  1/20 | train=1.61485 | val=1.32327 | VRAM alloc=0.05GB reserved=21.08GB
  Trial  40 | Epoch  2/20 | train=1.31925 | val=1.28533 | VRAM alloc=0.05GB reserved=21.08GB
  Trial  40 | Epoch  3/20 | train=1.30810 | val=1.33966 | VRAM alloc=0.05GB reserved=21.08GB
                                                                                           Best trial: 15. Best value: 0.694121:  78%|███████▊  | 31/40 [13:58:58<2:07:02, 846.96s/it]Best trial: 15. Best value: 0.694121:  78%|███████▊  | 31/40 [13:58:58<2:07:02, 846.96s/it]Best trial: 15. Best value: 0.694121:  80%|████████  | 32/40 [13:58:58<1:53:08, 848.52s/it]  Trial  40 | Epoch  4/20 | train=1.26886 | val=1.24528 | VRAM alloc=0.05GB reserved=21.08GB
  Trial 40 pruned at epoch 4.
[I 2026-03-08 08:15:48,443] Trial 40 pruned. 
  Trial  41 | Epoch  1/20 | train=2.43318 | val=2.19976 | VRAM alloc=0.08GB reserved=21.08GB
  Trial  41 | Epoch  2/20 | train=2.21295 | val=2.21099 | VRAM alloc=0.03GB reserved=21.08GB
  Trial  41 | Epoch  3/20 | train=2.14656 | val=2.09536 | VRAM alloc=0.03GB reserved=21.08GB
                                                                                           Best trial: 15. Best value: 0.694121:  80%|████████  | 32/40 [14:11:40<1:53:08, 848.52s/it]Best trial: 15. Best value: 0.694121:  80%|████████  | 32/40 [14:11:40<1:53:08, 848.52s/it]Best trial: 15. Best value: 0.694121:  82%|████████▎ | 33/40 [14:11:40<1:35:57, 822.45s/it]  Trial  41 | Epoch  4/20 | train=2.09407 | val=2.08241 | VRAM alloc=0.03GB reserved=21.08GB
  Trial 41 pruned at epoch 4.
[I 2026-03-08 08:28:30,068] Trial 41 pruned. 
  Trial  42 | Epoch  1/20 | train=1.58016 | val=1.08479 | VRAM alloc=0.04GB reserved=21.08GB
  Trial  42 | Epoch  2/20 | train=1.07998 | val=1.08989 | VRAM alloc=0.04GB reserved=21.08GB
  Trial  42 | Epoch  3/20 | train=1.05061 | val=1.01261 | VRAM alloc=0.04GB reserved=21.08GB
  Trial  42 | Epoch  4/20 | train=1.01905 | val=0.96746 | VRAM alloc=0.04GB reserved=21.08GB
  Trial  42 | Epoch  5/20 | train=1.01361 | val=1.03945 | VRAM alloc=0.04GB reserved=21.08GB
  Trial  42 | Epoch  6/20 | train=0.98166 | val=0.99183 | VRAM alloc=0.04GB reserved=21.08GB
  Trial  42 | Epoch  7/20 | train=0.98366 | val=1.03843 | VRAM alloc=0.04GB reserved=21.08GB
  Trial  42 | Epoch  8/20 | train=0.98759 | val=0.98192 | VRAM alloc=0.04GB reserved=21.08GB
  Trial  42 | Epoch  9/20 | train=0.98757 | val=0.96976 | VRAM alloc=0.04GB reserved=21.08GB
  Trial  42 | Epoch 10/20 | train=0.99270 | val=0.98622 | VRAM alloc=0.01GB reserved=21.08GB
  Trial  42 | Epoch 11/20 | train=0.97725 | val=0.91940 | VRAM alloc=0.01GB reserved=21.08GB
  Trial  42 | Epoch 12/20 | train=0.98137 | val=1.00580 | VRAM alloc=0.01GB reserved=21.08GB
  Trial  42 | Epoch 13/20 | train=0.97909 | val=0.96615 | VRAM alloc=0.01GB reserved=21.08GB
  Trial  42 | Epoch 14/20 | train=0.97557 | val=0.97386 | VRAM alloc=0.01GB reserved=21.08GB
  Trial  42 | Epoch 15/20 | train=0.95967 | val=0.95938 | VRAM alloc=0.01GB reserved=21.08GB
  Trial  42 | Epoch 16/20 | train=0.96012 | val=0.91695 | VRAM alloc=0.01GB reserved=21.08GB
  Trial  42 | Epoch 17/20 | train=0.95948 | val=0.97102 | VRAM alloc=0.01GB reserved=21.08GB
  Trial  42 | Epoch 18/20 | train=0.97661 | val=0.93027 | VRAM alloc=0.01GB reserved=21.08GB
  Trial  42 | Epoch 19/20 | train=0.96575 | val=0.94555 | VRAM alloc=0.01GB reserved=21.08GB
                                                                                           Best trial: 15. Best value: 0.694121:  82%|████████▎ | 33/40 [14:41:42<1:35:57, 822.45s/it]Best trial: 15. Best value: 0.694121:  82%|████████▎ | 33/40 [14:41:42<1:35:57, 822.45s/it]Best trial: 15. Best value: 0.694121:  85%|████████▌ | 34/40 [14:41:42<1:51:38, 1116.49s/it]  Trial  42 | Epoch 20/20 | train=0.95658 | val=0.93534 | VRAM alloc=0.01GB reserved=21.08GB
