[I 2026-03-09 08:13:02,831] Trial 9 finished with value: 1.2973899155955766 and parameters: {'lr': 0.00025973536453725453, 'batch_size': 2, 'd_model': 128, 'nhead': 4, 'num_layers': 2, 'dropout': 0.19364168877215035, 'T': 1000, 'beta_start': 0.0006756608892518738, 'beta_end': 0.011725428009613986, 'lambda_pdg': 0.1757374209914504, 'gamma_end': 0.4677433531644764, 'grad_clip': 2.4268286674279143, 'gamma_start': 0.007942632291801133, 'pct_start': 0.19454299656338797, 'div_factor': 71.28685505446134}. Best is trial 1 with value: 1.1588931954824007.
  Trial  10 | Epoch  1/20 | train=1.45686 | val=1.00727 | VRAM alloc=0.04GB reserved=21.02GB
  Trial  10 | Epoch  2/20 | train=0.95811 | val=0.91024 | VRAM alloc=0.04GB reserved=21.02GB
  Trial  10 | Epoch  3/20 | train=0.87254 | val=0.91424 | VRAM alloc=0.04GB reserved=21.02GB
  Trial  10 | Epoch  4/20 | train=0.84463 | val=0.83722 | VRAM alloc=0.04GB reserved=21.02GB
  Trial  10 | Epoch  5/20 | train=0.82159 | val=0.80192 | VRAM alloc=0.04GB reserved=21.02GB
  Trial  10 | Epoch  6/20 | train=0.82285 | val=0.75755 | VRAM alloc=0.04GB reserved=21.02GB
  Trial  10 | Epoch  7/20 | train=0.80306 | val=0.82605 | VRAM alloc=0.04GB reserved=21.02GB
  Trial  10 | Epoch  8/20 | train=0.81939 | val=0.79811 | VRAM alloc=0.04GB reserved=21.02GB
  Trial  10 | Epoch  9/20 | train=0.78276 | val=0.75944 | VRAM alloc=0.04GB reserved=21.02GB
  Trial  10 | Epoch 10/20 | train=0.78582 | val=0.79428 | VRAM alloc=0.04GB reserved=21.02GB
  Trial  10 | Epoch 11/20 | train=0.77591 | val=0.82349 | VRAM alloc=0.04GB reserved=21.02GB
  Trial  10 | Epoch 12/20 | train=0.78723 | val=0.76479 | VRAM alloc=0.04GB reserved=21.02GB
  Trial  10 | Epoch 13/20 | train=0.76880 | val=0.79383 | VRAM alloc=0.04GB reserved=21.02GB
  Trial  10 | Epoch 14/20 | train=0.77347 | val=0.75648 | VRAM alloc=0.04GB reserved=21.02GB
  Trial  10 | Epoch 15/20 | train=0.78300 | val=0.76241 | VRAM alloc=0.04GB reserved=21.02GB
  Trial  10 | Epoch 16/20 | train=0.75744 | val=0.79834 | VRAM alloc=0.04GB reserved=21.02GB
  Trial  10 | Epoch 17/20 | train=0.76323 | val=0.77859 | VRAM alloc=0.04GB reserved=21.02GB
  Trial  10 | Epoch 18/20 | train=0.77051 | val=0.74861 | VRAM alloc=0.04GB reserved=21.02GB
  Trial  10 | Epoch 19/20 | train=0.76403 | val=0.75180 | VRAM alloc=0.04GB reserved=21.02GB
                                                                                          Best trial: 1. Best value: 1.15889:  25%|██▌       | 10/40 [9:41:08<21:17:17, 2554.59s/it]Best trial: 10. Best value: 0.748605:  25%|██▌       | 10/40 [9:41:08<21:17:17, 2554.59s/it]Best trial: 10. Best value: 0.748605:  28%|██▊       | 11/40 [9:41:08<18:08:42, 2252.48s/it]  Trial  10 | Epoch 20/20 | train=0.75641 | val=0.79247 | VRAM alloc=0.04GB reserved=21.02GB
[I 2026-03-09 08:39:10,208] Trial 10 finished with value: 0.7486052531462449 and parameters: {'lr': 0.0014963601302546055, 'batch_size': 32, 'd_model': 256, 'nhead': 2, 'num_layers': 2, 'dropout': 0.011617559988354897, 'T': 1000, 'beta_start': 1.0513600049030689e-05, 'beta_end': 0.04666806039731545, 'lambda_pdg': 0.1603247308681932, 'gamma_end': 0.17634242940786687, 'grad_clip': 1.8684062295255903, 'gamma_start': 0.0017341100499200376, 'pct_start': 0.14566537289930345, 'div_factor': 10.828306852487037}. Best is trial 10 with value: 0.7486052531462449.
  Trial  11 | Epoch  1/20 | train=1.45551 | val=0.94906 | VRAM alloc=0.06GB reserved=21.02GB
  Trial  11 | Epoch  2/20 | train=0.96322 | val=0.89939 | VRAM alloc=0.06GB reserved=21.02GB
  Trial  11 | Epoch  3/20 | train=0.89631 | val=0.88643 | VRAM alloc=0.06GB reserved=21.02GB
  Trial  11 | Epoch  4/20 | train=0.86022 | val=0.84123 | VRAM alloc=0.06GB reserved=21.02GB
  Trial  11 | Epoch  5/20 | train=0.83992 | val=0.79381 | VRAM alloc=0.06GB reserved=21.02GB
  Trial  11 | Epoch  6/20 | train=0.84239 | val=0.77278 | VRAM alloc=0.06GB reserved=21.02GB
  Trial  11 | Epoch  7/20 | train=0.82717 | val=0.83030 | VRAM alloc=0.06GB reserved=21.02GB
  Trial  11 | Epoch  8/20 | train=0.83919 | val=0.82802 | VRAM alloc=0.03GB reserved=21.02GB
  Trial  11 | Epoch  9/20 | train=0.80141 | val=0.77962 | VRAM alloc=0.03GB reserved=21.02GB
  Trial  11 | Epoch 10/20 | train=0.80011 | val=0.81632 | VRAM alloc=0.03GB reserved=21.02GB
  Trial  11 | Epoch 11/20 | train=0.79471 | val=0.84058 | VRAM alloc=0.03GB reserved=21.02GB
  Trial  11 | Epoch 12/20 | train=0.80525 | val=0.77730 | VRAM alloc=0.03GB reserved=21.02GB
  Trial  11 | Epoch 13/20 | train=0.78766 | val=0.80251 | VRAM alloc=0.03GB reserved=21.02GB
  Trial  11 | Epoch 14/20 | train=0.78961 | val=0.77005 | VRAM alloc=0.03GB reserved=21.02GB
  Trial  11 | Epoch 15/20 | train=0.80045 | val=0.77583 | VRAM alloc=0.03GB reserved=21.02GB
  Trial  11 | Epoch 16/20 | train=0.77429 | val=0.81245 | VRAM alloc=0.03GB reserved=21.02GB
  Trial  11 | Epoch 17/20 | train=0.77989 | val=0.79294 | VRAM alloc=0.03GB reserved=21.02GB
  Trial  11 | Epoch 18/20 | train=0.78725 | val=0.76189 | VRAM alloc=0.03GB reserved=21.02GB
  Trial  11 | Epoch 19/20 | train=0.78097 | val=0.76499 | VRAM alloc=0.03GB reserved=21.02GB
                                                                                            Best trial: 10. Best value: 0.748605:  28%|██▊       | 11/40 [10:07:09<18:08:42, 2252.48s/it]Best trial: 10. Best value: 0.748605:  28%|██▊       | 11/40 [10:07:09<18:08:42, 2252.48s/it]Best trial: 10. Best value: 0.748605:  30%|███       | 12/40 [10:07:09<15:53:01, 2042.21s/it]  Trial  11 | Epoch 20/20 | train=0.77320 | val=0.80653 | VRAM alloc=0.03GB reserved=21.02GB
[I 2026-03-09 09:05:11,499] Trial 11 finished with value: 0.761890001480396 and parameters: {'lr': 0.00170781668892078, 'batch_size': 32, 'd_model': 256, 'nhead': 2, 'num_layers': 2, 'dropout': 0.029208046935268475, 'T': 1000, 'beta_start': 1.0902146133676076e-05, 'beta_end': 0.04501393679663845, 'lambda_pdg': 0.17300558275012357, 'gamma_end': 0.1622981934972024, 'grad_clip': 2.0201092027687357, 'gamma_start': 0.0013675191184068154, 'pct_start': 0.14765237047573923, 'div_factor': 10.076513728277638}. Best is trial 10 with value: 0.7486052531462449.
  Trial  12 | Epoch  1/20 | train=1.53956 | val=0.95177 | VRAM alloc=0.06GB reserved=21.02GB
  Trial  12 | Epoch  2/20 | train=0.94717 | val=0.86877 | VRAM alloc=0.06GB reserved=21.02GB
  Trial  12 | Epoch  3/20 | train=0.84553 | val=0.86312 | VRAM alloc=0.06GB reserved=21.02GB
  Trial  12 | Epoch  4/20 | train=0.80481 | val=0.79456 | VRAM alloc=0.06GB reserved=21.02GB
  Trial  12 | Epoch  5/20 | train=0.78699 | val=0.74352 | VRAM alloc=0.06GB reserved=21.02GB
  Trial  12 | Epoch  6/20 | train=0.78823 | val=0.73344 | VRAM alloc=0.06GB reserved=21.02GB
  Trial  12 | Epoch  7/20 | train=0.76656 | val=0.78728 | VRAM alloc=0.06GB reserved=21.02GB
  Trial  12 | Epoch  8/20 | train=0.78365 | val=0.77457 | VRAM alloc=0.06GB reserved=21.02GB
  Trial  12 | Epoch  9/20 | train=0.75298 | val=0.72667 | VRAM alloc=0.06GB reserved=21.02GB
  Trial  12 | Epoch 10/20 | train=0.74750 | val=0.76099 | VRAM alloc=0.06GB reserved=21.02GB
  Trial  12 | Epoch 11/20 | train=0.74467 | val=0.80015 | VRAM alloc=0.06GB reserved=21.02GB
  Trial  12 | Epoch 12/20 | train=0.75501 | val=0.73341 | VRAM alloc=0.06GB reserved=21.02GB
  Trial  12 | Epoch 13/20 | train=0.73589 | val=0.75499 | VRAM alloc=0.06GB reserved=21.02GB
  Trial  12 | Epoch 14/20 | train=0.74123 | val=0.72523 | VRAM alloc=0.06GB reserved=21.02GB
  Trial  12 | Epoch 15/20 | train=0.75172 | val=0.73418 | VRAM alloc=0.06GB reserved=21.02GB
  Trial  12 | Epoch 16/20 | train=0.72693 | val=0.77010 | VRAM alloc=0.06GB reserved=21.02GB
  Trial  12 | Epoch 17/20 | train=0.73361 | val=0.74973 | VRAM alloc=0.06GB reserved=21.02GB
  Trial  12 | Epoch 18/20 | train=0.74110 | val=0.72070 | VRAM alloc=0.06GB reserved=21.02GB
  Trial  12 | Epoch 19/20 | train=0.73471 | val=0.72405 | VRAM alloc=0.06GB reserved=21.02GB
                                                                                             Best trial: 10. Best value: 0.748605:  30%|███       | 12/40 [10:33:16<15:53:01, 2042.21s/it]Best trial: 12. Best value: 0.720695:  30%|███       | 12/40 [10:33:16<15:53:01, 2042.21s/it]Best trial: 12. Best value: 0.720695:  32%|███▎      | 13/40 [10:33:16<14:14:11, 1898.22s/it]  Trial  12 | Epoch 20/20 | train=0.72730 | val=0.76480 | VRAM alloc=0.06GB reserved=21.02GB
[I 2026-03-09 09:31:18,418] Trial 12 finished with value: 0.7206951829103323 and parameters: {'lr': 0.0009764774498028077, 'batch_size': 32, 'd_model': 256, 'nhead': 2, 'num_layers': 2, 'dropout': 0.006181218753066763, 'T': 1000, 'beta_start': 1.0592859120010755e-05, 'beta_end': 0.04895710325244932, 'lambda_pdg': 0.11530842085976412, 'gamma_end': 0.13656194536477806, 'grad_clip': 2.0102934424968457, 'gamma_start': 0.0018593659026070956, 'pct_start': 0.14917708779407407, 'div_factor': 11.095461766184702}. Best is trial 12 with value: 0.7206951829103323.
  Trial  13 | Epoch  1/20 | train=1.90575 | val=1.29047 | VRAM alloc=0.04GB reserved=21.02GB
  Trial  13 | Epoch  2/20 | train=1.20834 | val=1.16535 | VRAM alloc=0.04GB reserved=21.02GB
  Trial  13 | Epoch  3/20 | train=1.11169 | val=1.03832 | VRAM alloc=0.04GB reserved=21.02GB
  Trial  13 | Epoch  4/20 | train=1.05715 | val=1.07310 | VRAM alloc=0.04GB reserved=21.02GB
  Trial  13 | Epoch  5/20 | train=1.03508 | val=1.03694 | VRAM alloc=0.04GB reserved=21.02GB
  Trial  13 | Epoch  6/20 | train=1.01399 | val=1.01665 | VRAM alloc=0.04GB reserved=21.02GB
  Trial  13 | Epoch  7/20 | train=0.98925 | val=1.02539 | VRAM alloc=0.04GB reserved=21.02GB
  Trial  13 | Epoch  8/20 | train=1.01430 | val=1.05266 | VRAM alloc=0.04GB reserved=21.02GB
  Trial  13 | Epoch  9/20 | train=1.01685 | val=1.01249 | VRAM alloc=0.04GB reserved=21.02GB
  Trial  13 | Epoch 10/20 | train=1.00241 | val=0.98895 | VRAM alloc=0.04GB reserved=21.02GB
  Trial  13 | Epoch 11/20 | train=0.99483 | val=0.99893 | VRAM alloc=0.04GB reserved=21.02GB
  Trial  13 | Epoch 12/20 | train=1.00347 | val=0.96843 | VRAM alloc=0.04GB reserved=21.02GB
  Trial  13 | Epoch 13/20 | train=0.99272 | val=1.00337 | VRAM alloc=0.04GB reserved=21.02GB
  Trial  13 | Epoch 14/20 | train=0.99497 | val=0.95638 | VRAM alloc=0.04GB reserved=21.02GB
  Trial  13 | Epoch 15/20 | train=0.99730 | val=0.95028 | VRAM alloc=0.04GB reserved=21.02GB
  Trial  13 | Epoch 16/20 | train=0.97403 | val=0.94673 | VRAM alloc=0.04GB reserved=21.02GB
  Trial  13 | Epoch 17/20 | train=0.98063 | val=1.00979 | VRAM alloc=0.04GB reserved=21.02GB
  Trial  13 | Epoch 18/20 | train=0.97924 | val=0.94656 | VRAM alloc=0.04GB reserved=21.02GB
  Trial  13 | Epoch 19/20 | train=0.97954 | val=0.98882 | VRAM alloc=0.04GB reserved=21.02GB
                                                                                             Best trial: 12. Best value: 0.720695:  32%|███▎      | 13/40 [11:11:19<14:14:11, 1898.22s/it]Best trial: 12. Best value: 0.720695:  32%|███▎      | 13/40 [11:11:19<14:14:11, 1898.22s/it]Best trial: 12. Best value: 0.720695:  35%|███▌      | 14/40 [11:11:19<14:32:56, 2014.46s/it]  Trial  13 | Epoch 20/20 | train=0.97637 | val=1.02093 | VRAM alloc=0.04GB reserved=21.02GB
[I 2026-03-09 10:09:21,541] Trial 13 finished with value: 0.9465627954556391 and parameters: {'lr': 0.0007775717117309644, 'batch_size': 32, 'd_model': 256, 'nhead': 2, 'num_layers': 3, 'dropout': 0.011644806078661814, 'T': 1000, 'beta_start': 3.060548323638793e-05, 'beta_end': 0.03017563375608361, 'lambda_pdg': 0.7253609057853186, 'gamma_end': 0.10098740384620736, 'grad_clip': 1.611361200812727, 'gamma_start': 0.0015427625541116214, 'pct_start': 0.1566724849727365, 'div_factor': 10.318652290365195}. Best is trial 12 with value: 0.7206951829103323.
  Trial  14 | Epoch  1/20 | train=2.18763 | val=1.37826 | VRAM alloc=0.08GB reserved=21.02GB
  Trial  14 | Epoch  2/20 | train=1.26274 | val=1.23095 | VRAM alloc=0.08GB reserved=21.02GB
  Trial  14 | Epoch  3/20 | train=1.14344 | val=1.07605 | VRAM alloc=0.08GB reserved=21.02GB
  Trial  14 | Epoch  4/20 | train=1.09193 | val=1.11800 | VRAM alloc=0.08GB reserved=21.02GB
  Trial  14 | Epoch  5/20 | train=1.07669 | val=1.07474 | VRAM alloc=0.08GB reserved=21.02GB
  Trial  14 | Epoch  6/20 | train=1.05881 | val=1.06622 | VRAM alloc=0.08GB reserved=21.02GB
  Trial  14 | Epoch  7/20 | train=1.03598 | val=1.07219 | VRAM alloc=0.08GB reserved=21.02GB
  Trial  14 | Epoch  8/20 | train=1.06306 | val=1.10144 | VRAM alloc=0.08GB reserved=21.02GB
  Trial  14 | Epoch  9/20 | train=1.06580 | val=1.05863 | VRAM alloc=0.08GB reserved=21.02GB
  Trial  14 | Epoch 10/20 | train=1.05164 | val=1.04103 | VRAM alloc=0.08GB reserved=21.02GB
  Trial  14 | Epoch 11/20 | train=1.04435 | val=1.05361 | VRAM alloc=0.08GB reserved=21.02GB
  Trial  14 | Epoch 12/20 | train=1.05322 | val=1.01993 | VRAM alloc=0.08GB reserved=21.02GB
  Trial  14 | Epoch 13/20 | train=1.04242 | val=1.05466 | VRAM alloc=0.08GB reserved=21.02GB
  Trial  14 | Epoch 14/20 | train=1.04466 | val=1.00803 | VRAM alloc=0.04GB reserved=21.02GB
  Trial  14 | Epoch 15/20 | train=1.04722 | val=1.00300 | VRAM alloc=0.04GB reserved=21.02GB
  Trial  14 | Epoch 16/20 | train=1.02442 | val=0.99956 | VRAM alloc=0.04GB reserved=21.02GB
  Trial  14 | Epoch 17/20 | train=1.03111 | val=1.06054 | VRAM alloc=0.04GB reserved=21.02GB
  Trial  14 | Epoch 18/20 | train=1.02973 | val=0.99988 | VRAM alloc=0.04GB reserved=21.02GB
  Trial  14 | Epoch 19/20 | train=1.02994 | val=1.04113 | VRAM alloc=0.04GB reserved=21.02GB
                                                                                             Best trial: 12. Best value: 0.720695:  35%|███▌      | 14/40 [11:49:20<14:32:56, 2014.46s/it]Best trial: 12. Best value: 0.720695:  35%|███▌      | 14/40 [11:49:20<14:32:56, 2014.46s/it]Best trial: 12. Best value: 0.720695:  38%|███▊      | 15/40 [11:49:20<14:32:51, 2094.85s/it]  Trial  14 | Epoch 20/20 | train=1.02715 | val=1.07179 | VRAM alloc=0.04GB reserved=21.02GB
[I 2026-03-09 10:47:22,670] Trial 14 finished with value: 0.9995624276307913 and parameters: {'lr': 0.0009795000651659344, 'batch_size': 32, 'd_model': 256, 'nhead': 2, 'num_layers': 3, 'dropout': 0.005633827636720239, 'T': 1000, 'beta_start': 5.901285217574013e-05, 'beta_end': 0.02954834604952229, 'lambda_pdg': 0.7915731864766037, 'gamma_end': 0.16551812253624254, 'grad_clip': 2.3856344369440303, 'gamma_start': 0.0017449043635191733, 'pct_start': 0.128224017596032, 'div_factor': 26.470978077842652}. Best is trial 12 with value: 0.7206951829103323.
  Trial  15 | Epoch  1/20 | train=4.15551 | val=2.88780 | VRAM alloc=0.05GB reserved=21.02GB
  Trial  15 | Epoch  2/20 | train=2.79747 | val=2.65876 | VRAM alloc=0.05GB reserved=21.02GB
  Trial  15 | Epoch  3/20 | train=2.67143 | val=2.58922 | VRAM alloc=0.05GB reserved=21.02GB
                                                                                             Best trial: 12. Best value: 0.720695:  38%|███▊      | 15/40 [11:53:15<14:32:51, 2094.85s/it]Best trial: 12. Best value: 0.720695:  38%|███▊      | 15/40 [11:53:15<14:32:51, 2094.85s/it]Best trial: 12. Best value: 0.720695:  40%|████      | 16/40 [11:53:15<10:13:58, 1534.94s/it]  Trial  15 | Epoch  4/20 | train=2.60245 | val=2.52010 | VRAM alloc=0.05GB reserved=21.02GB
  Trial 15 pruned at epoch 4.
[I 2026-03-09 10:51:17,358] Trial 15 pruned. 
  Trial  16 | Epoch  1/20 | train=3.17413 | val=1.10458 | VRAM alloc=0.07GB reserved=21.02GB
  Trial  16 | Epoch  2/20 | train=1.09156 | val=0.97501 | VRAM alloc=0.07GB reserved=21.02GB
  Trial  16 | Epoch  3/20 | train=0.93580 | val=0.91985 | VRAM alloc=0.07GB reserved=21.02GB
  Trial  16 | Epoch  4/20 | train=0.90141 | val=0.87645 | VRAM alloc=0.07GB reserved=21.02GB
  Trial  16 | Epoch  5/20 | train=0.88375 | val=0.83054 | VRAM alloc=0.07GB reserved=21.02GB
  Trial  16 | Epoch  6/20 | train=0.88934 | val=0.81945 | VRAM alloc=0.07GB reserved=21.02GB
  Trial  16 | Epoch  7/20 | train=0.86405 | val=0.87495 | VRAM alloc=0.07GB reserved=21.02GB
  Trial  16 | Epoch  8/20 | train=0.88439 | val=0.85519 | VRAM alloc=0.07GB reserved=21.02GB
  Trial  16 | Epoch  9/20 | train=0.85064 | val=0.81824 | VRAM alloc=0.07GB reserved=21.02GB
  Trial  16 | Epoch 10/20 | train=0.84692 | val=0.84929 | VRAM alloc=0.07GB reserved=21.02GB
  Trial  16 | Epoch 11/20 | train=0.84376 | val=0.88049 | VRAM alloc=0.07GB reserved=21.02GB
  Trial  16 | Epoch 12/20 | train=0.85639 | val=0.82433 | VRAM alloc=0.07GB reserved=21.02GB
  Trial  16 | Epoch 13/20 | train=0.83774 | val=0.84709 | VRAM alloc=0.07GB reserved=21.02GB
  Trial  16 | Epoch 14/20 | train=0.84392 | val=0.81483 | VRAM alloc=0.07GB reserved=21.02GB
  Trial  16 | Epoch 15/20 | train=0.85586 | val=0.82433 | VRAM alloc=0.07GB reserved=21.02GB
  Trial  16 | Epoch 16/20 | train=0.83103 | val=0.86054 | VRAM alloc=0.07GB reserved=21.02GB
  Trial  16 | Epoch 17/20 | train=0.83917 | val=0.83878 | VRAM alloc=0.07GB reserved=21.02GB
  Trial  16 | Epoch 18/20 | train=0.84693 | val=0.81304 | VRAM alloc=0.07GB reserved=21.02GB
  Trial  16 | Epoch 19/20 | train=0.84125 | val=0.81534 | VRAM alloc=0.07GB reserved=21.02GB
                                                                                             Best trial: 12. Best value: 0.720695:  40%|████      | 16/40 [12:19:20<10:13:58, 1534.94s/it]Best trial: 12. Best value: 0.720695:  40%|████      | 16/40 [12:19:20<10:13:58, 1534.94s/it]Best trial: 12. Best value: 0.720695:  42%|████▎     | 17/40 [12:19:20<9:51:52, 1544.04s/it]   Trial  16 | Epoch 20/20 | train=0.83421 | val=0.85788 | VRAM alloc=0.07GB reserved=21.02GB
[I 2026-03-09 11:17:22,565] Trial 16 finished with value: 0.8130377925359286 and parameters: {'lr': 0.00046442240384679924, 'batch_size': 32, 'd_model': 256, 'nhead': 2, 'num_layers': 2, 'dropout': 0.11053118895644516, 'T': 1000, 'beta_start': 4.076536596429337e-05, 'beta_end': 0.04929612581414791, 'lambda_pdg': 0.7781499186123753, 'gamma_end': 0.12350346839149692, 'grad_clip': 4.068476597911871, 'gamma_start': 0.0007672037141337808, 'pct_start': 0.10621673583602531, 'div_factor': 89.04897429093043}. Best is trial 12 with value: 0.7206951829103323.
  Trial  17 | Epoch  1/20 | train=3.32793 | val=2.14549 | VRAM alloc=0.11GB reserved=21.04GB
  Trial  17 | Epoch  2/20 | train=2.12532 | val=1.99756 | VRAM alloc=0.11GB reserved=21.04GB
  Trial  17 | Epoch  3/20 | train=2.00955 | val=1.88863 | VRAM alloc=0.04GB reserved=21.04GB
                                                                                            Best trial: 12. Best value: 0.720695:  42%|████▎     | 17/40 [12:27:03<9:51:52, 1544.04s/it]Best trial: 12. Best value: 0.720695:  42%|████▎     | 17/40 [12:27:04<9:51:52, 1544.04s/it]Best trial: 12. Best value: 0.720695:  45%|████▌     | 18/40 [12:27:04<7:27:04, 1219.29s/it]  Trial  17 | Epoch  4/20 | train=1.93963 | val=1.93201 | VRAM alloc=0.04GB reserved=21.04GB
  Trial 17 pruned at epoch 4.
[I 2026-03-09 11:25:05,821] Trial 17 pruned. 
  Trial  18 | Epoch  1/20 | train=3.33941 | val=2.64908 | VRAM alloc=0.07GB reserved=21.04GB
  Trial  18 | Epoch  2/20 | train=2.67502 | val=2.60372 | VRAM alloc=0.07GB reserved=21.04GB
  Trial  18 | Epoch  3/20 | train=2.60576 | val=2.52514 | VRAM alloc=0.07GB reserved=21.04GB
                                                                                            Best trial: 12. Best value: 0.720695:  45%|████▌     | 18/40 [12:32:42<7:27:04, 1219.29s/it]Best trial: 12. Best value: 0.720695:  45%|████▌     | 18/40 [12:32:42<7:27:04, 1219.29s/it]Best trial: 12. Best value: 0.720695:  48%|████▊     | 19/40 [12:32:42<5:34:08, 954.69s/it]   Trial  18 | Epoch  4/20 | train=2.55247 | val=2.50936 | VRAM alloc=0.07GB reserved=21.04GB
  Trial 18 pruned at epoch 4.
[I 2026-03-09 11:30:44,177] Trial 18 pruned. 
  Trial  19 | Epoch  1/20 | train=2.63770 | val=2.00376 | VRAM alloc=0.07GB reserved=21.04GB
  Trial  19 | Epoch  2/20 | train=1.98777 | val=1.83531 | VRAM alloc=0.07GB reserved=21.04GB
  Trial  19 | Epoch  3/20 | train=1.90437 | val=1.82978 | VRAM alloc=0.07GB reserved=21.04GB
                                                                                           Best trial: 12. Best value: 0.720695:  48%|████▊     | 19/40 [12:40:43<5:34:08, 954.69s/it]Best trial: 12. Best value: 0.720695:  48%|████▊     | 19/40 [12:40:43<5:34:08, 954.69s/it]Best trial: 12. Best value: 0.720695:  50%|█████     | 20/40 [12:40:43<4:30:50, 812.53s/it]  Trial  19 | Epoch  4/20 | train=1.85626 | val=1.78084 | VRAM alloc=0.00GB reserved=21.04GB
  Trial 19 pruned at epoch 4.
[I 2026-03-09 11:38:45,351] Trial 19 pruned. 
  Trial  20 | Epoch  1/20 | train=1.89345 | val=1.58321 | VRAM alloc=0.04GB reserved=21.04GB
  Trial  20 | Epoch  2/20 | train=1.62139 | val=1.58382 | VRAM alloc=0.04GB reserved=21.04GB
  Trial  20 | Epoch  3/20 | train=1.58837 | val=1.58534 | VRAM alloc=0.04GB reserved=21.04GB
                                                                                           Best trial: 12. Best value: 0.720695:  50%|█████     | 20/40 [12:49:47<4:30:50, 812.53s/it]Best trial: 12. Best value: 0.720695:  50%|█████     | 20/40 [12:49:47<4:30:50, 812.53s/it]Best trial: 12. Best value: 0.720695:  52%|█████▎    | 21/40 [12:49:47<3:51:49, 732.06s/it]  Trial  20 | Epoch  4/20 | train=1.57285 | val=1.56276 | VRAM alloc=0.04GB reserved=21.04GB
  Trial 20 pruned at epoch 4.
