[I 2026-03-08 08:58:32,630] Trial 42 finished with value: 0.9169533954790006 and parameters: {'lr': 0.0005869018074390706, 'batch_size': 8, 'd_model': 128, 'nhead': 2, 'num_layers': 3, 'dropout': 0.15429983914459644, 'T': 1000, 'beta_start': 0.00017928185467669635, 'beta_end': 0.03803521247744228, 'lambda_pdg': 0.6599994472675679, 'gamma_end': 0.2873789519619952, 'grad_clip': 3.540934866870767, 'gamma_start': 0.0005050107810281774, 'pct_start': 0.09312121161570462, 'div_factor': 14.020041891036833}. Best is trial 15 with value: 0.6941206386456122.
  Trial  43 | Epoch  1/20 | train=5.99922 | val=3.24874 | VRAM alloc=0.02GB reserved=21.08GB
  Trial  43 | Epoch  2/20 | train=3.17323 | val=2.91142 | VRAM alloc=0.02GB reserved=21.08GB
  Trial  43 | Epoch  3/20 | train=2.93637 | val=2.72921 | VRAM alloc=0.02GB reserved=21.08GB
                                                                                            Best trial: 15. Best value: 0.694121:  85%|████████▌ | 34/40 [14:50:17<1:51:38, 1116.49s/it]Best trial: 15. Best value: 0.694121:  85%|████████▌ | 34/40 [14:50:17<1:51:38, 1116.49s/it]Best trial: 15. Best value: 0.694121:  88%|████████▊ | 35/40 [14:50:17<1:18:00, 936.03s/it]   Trial  43 | Epoch  4/20 | train=2.83350 | val=2.72172 | VRAM alloc=0.02GB reserved=21.08GB
  Trial 43 pruned at epoch 4.
[I 2026-03-08 09:07:07,596] Trial 43 pruned. 
  Trial  44 | Epoch  1/20 | train=1.86948 | val=1.06677 | VRAM alloc=0.04GB reserved=21.08GB
  Trial  44 | Epoch  2/20 | train=1.11580 | val=1.03015 | VRAM alloc=0.03GB reserved=21.08GB
  Trial  44 | Epoch  3/20 | train=1.00402 | val=0.98731 | VRAM alloc=0.03GB reserved=21.08GB
  Trial  44 | Epoch  4/20 | train=0.96745 | val=0.94497 | VRAM alloc=0.03GB reserved=21.08GB
  Trial  44 | Epoch  5/20 | train=0.94765 | val=0.89219 | VRAM alloc=0.03GB reserved=21.08GB
  Trial  44 | Epoch  6/20 | train=0.94890 | val=0.88436 | VRAM alloc=0.03GB reserved=21.08GB
  Trial  44 | Epoch  7/20 | train=0.92394 | val=0.93005 | VRAM alloc=0.03GB reserved=21.08GB
  Trial  44 | Epoch  8/20 | train=0.94278 | val=0.90545 | VRAM alloc=0.03GB reserved=21.08GB
  Trial  44 | Epoch  9/20 | train=0.90838 | val=0.86934 | VRAM alloc=0.03GB reserved=21.08GB
  Trial  44 | Epoch 10/20 | train=0.90386 | val=0.90262 | VRAM alloc=0.03GB reserved=21.08GB
  Trial  44 | Epoch 11/20 | train=0.89902 | val=0.93035 | VRAM alloc=0.03GB reserved=21.08GB
  Trial  44 | Epoch 12/20 | train=0.91033 | val=0.87246 | VRAM alloc=0.03GB reserved=21.08GB
  Trial  44 | Epoch 13/20 | train=0.89178 | val=0.89776 | VRAM alloc=0.03GB reserved=21.08GB
  Trial  44 | Epoch 14/20 | train=0.89708 | val=0.86320 | VRAM alloc=0.03GB reserved=21.08GB
  Trial  44 | Epoch 15/20 | train=0.90892 | val=0.87050 | VRAM alloc=0.03GB reserved=21.08GB
  Trial  44 | Epoch 16/20 | train=0.88351 | val=0.90894 | VRAM alloc=0.03GB reserved=21.08GB
  Trial  44 | Epoch 17/20 | train=0.89078 | val=0.88875 | VRAM alloc=0.03GB reserved=21.08GB
  Trial  44 | Epoch 18/20 | train=0.89887 | val=0.86074 | VRAM alloc=0.03GB reserved=21.08GB
  Trial  44 | Epoch 19/20 | train=0.89304 | val=0.86251 | VRAM alloc=0.03GB reserved=21.08GB
                                                                                           Best trial: 15. Best value: 0.694121:  88%|████████▊ | 35/40 [15:16:13<1:18:00, 936.03s/it]Best trial: 15. Best value: 0.694121:  88%|████████▊ | 35/40 [15:16:13<1:18:00, 936.03s/it]Best trial: 15. Best value: 0.694121:  90%|█████████ | 36/40 [15:16:13<1:14:47, 1121.82s/it]  Trial  44 | Epoch 20/20 | train=0.88582 | val=0.90683 | VRAM alloc=0.03GB reserved=21.08GB
[I 2026-03-08 09:33:02,922] Trial 44 finished with value: 0.8607363599997301 and parameters: {'lr': 0.0006259388695042282, 'batch_size': 32, 'd_model': 256, 'nhead': 2, 'num_layers': 2, 'dropout': 0.17612828401015, 'T': 1000, 'beta_start': 1.066393213390251e-05, 'beta_end': 0.045024614224398456, 'lambda_pdg': 0.5395761373783723, 'gamma_end': 0.2299096350386471, 'grad_clip': 2.285562448794404, 'gamma_start': 0.0010562310220314174, 'pct_start': 0.12381358173641983, 'div_factor': 11.734090970139498}. Best is trial 15 with value: 0.6941206386456122.
  Trial  45 | Epoch  1/20 | train=1.72347 | val=0.99826 | VRAM alloc=0.06GB reserved=21.08GB
  Trial  45 | Epoch  2/20 | train=1.04117 | val=0.94246 | VRAM alloc=0.06GB reserved=21.08GB
  Trial  45 | Epoch  3/20 | train=0.92995 | val=0.93522 | VRAM alloc=0.06GB reserved=21.08GB
  Trial  45 | Epoch  4/20 | train=0.89877 | val=0.87305 | VRAM alloc=0.06GB reserved=21.08GB
  Trial  45 | Epoch  5/20 | train=0.88075 | val=0.82320 | VRAM alloc=0.06GB reserved=21.08GB
  Trial  45 | Epoch  6/20 | train=0.88173 | val=0.80777 | VRAM alloc=0.06GB reserved=21.08GB
  Trial  45 | Epoch  7/20 | train=0.85725 | val=0.86484 | VRAM alloc=0.06GB reserved=21.08GB
  Trial  45 | Epoch  8/20 | train=0.87729 | val=0.83549 | VRAM alloc=0.06GB reserved=21.08GB
  Trial  45 | Epoch  9/20 | train=0.84062 | val=0.80567 | VRAM alloc=0.06GB reserved=21.08GB
  Trial  45 | Epoch 10/20 | train=0.83688 | val=0.83404 | VRAM alloc=0.06GB reserved=21.08GB
  Trial  45 | Epoch 11/20 | train=0.83222 | val=0.86394 | VRAM alloc=0.06GB reserved=21.08GB
  Trial  45 | Epoch 12/20 | train=0.84295 | val=0.80955 | VRAM alloc=0.03GB reserved=21.08GB
  Trial  45 | Epoch 13/20 | train=0.82438 | val=0.83165 | VRAM alloc=0.03GB reserved=21.08GB
  Trial  45 | Epoch 14/20 | train=0.82970 | val=0.79659 | VRAM alloc=0.03GB reserved=21.08GB
  Trial  45 | Epoch 15/20 | train=0.84064 | val=0.80462 | VRAM alloc=0.03GB reserved=21.08GB
  Trial  45 | Epoch 16/20 | train=0.81512 | val=0.84154 | VRAM alloc=0.03GB reserved=21.08GB
  Trial  45 | Epoch 17/20 | train=0.82297 | val=0.82050 | VRAM alloc=0.03GB reserved=21.08GB
  Trial  45 | Epoch 18/20 | train=0.83025 | val=0.79393 | VRAM alloc=0.03GB reserved=21.08GB
  Trial  45 | Epoch 19/20 | train=0.82444 | val=0.79626 | VRAM alloc=0.03GB reserved=21.08GB
                                                                                            Best trial: 15. Best value: 0.694121:  90%|█████████ | 36/40 [15:42:05<1:14:47, 1121.82s/it]Best trial: 15. Best value: 0.694121:  90%|█████████ | 36/40 [15:42:05<1:14:47, 1121.82s/it]Best trial: 15. Best value: 0.694121:  92%|█████████▎| 37/40 [15:42:05<1:02:33, 1251.10s/it]  Trial  45 | Epoch 20/20 | train=0.81727 | val=0.83893 | VRAM alloc=0.03GB reserved=21.08GB
[I 2026-03-08 09:58:55,664] Trial 45 finished with value: 0.7939323663711548 and parameters: {'lr': 0.000786011746536406, 'batch_size': 32, 'd_model': 256, 'nhead': 2, 'num_layers': 2, 'dropout': 0.18795539025017627, 'T': 1000, 'beta_start': 1.22840907590908e-05, 'beta_end': 0.04952224058902308, 'lambda_pdg': 0.4308741126573388, 'gamma_end': 0.20234249669669363, 'grad_clip': 1.926804903644531, 'gamma_start': 0.00011888920459460719, 'pct_start': 0.12554661025020988, 'div_factor': 11.948144314206772}. Best is trial 15 with value: 0.6941206386456122.
  Trial  46 | Epoch  1/20 | train=1.96928 | val=1.18388 | VRAM alloc=0.06GB reserved=21.08GB
  Trial  46 | Epoch  2/20 | train=1.25127 | val=1.14096 | VRAM alloc=0.06GB reserved=21.08GB
  Trial  46 | Epoch  3/20 | train=1.14657 | val=1.11630 | VRAM alloc=0.06GB reserved=21.08GB
                                                                                            Best trial: 15. Best value: 0.694121:  92%|█████████▎| 37/40 [15:47:22<1:02:33, 1251.10s/it]Best trial: 15. Best value: 0.694121:  92%|█████████▎| 37/40 [15:47:22<1:02:33, 1251.10s/it]Best trial: 15. Best value: 0.694121:  95%|█████████▌| 38/40 [15:47:22<32:21, 970.70s/it]     Trial  46 | Epoch  4/20 | train=1.11500 | val=1.07780 | VRAM alloc=0.06GB reserved=21.08GB
  Trial 46 pruned at epoch 4.
[I 2026-03-08 10:04:12,099] Trial 46 pruned. 
  Trial  47 | Epoch  1/20 | train=2.06505 | val=1.46904 | VRAM alloc=0.08GB reserved=21.08GB
  Trial  47 | Epoch  2/20 | train=1.51480 | val=1.42655 | VRAM alloc=0.08GB reserved=21.08GB
  Trial  47 | Epoch  3/20 | train=1.44110 | val=1.43832 | VRAM alloc=0.08GB reserved=21.08GB
                                                                                         Best trial: 15. Best value: 0.694121:  95%|█████████▌| 38/40 [15:52:38<32:21, 970.70s/it]Best trial: 15. Best value: 0.694121:  95%|█████████▌| 38/40 [15:52:38<32:21, 970.70s/it]Best trial: 15. Best value: 0.694121:  98%|█████████▊| 39/40 [15:52:38<12:54, 774.27s/it]  Trial  47 | Epoch  4/20 | train=1.39940 | val=1.38195 | VRAM alloc=0.08GB reserved=21.08GB
  Trial 47 pruned at epoch 4.
[I 2026-03-08 10:09:28,053] Trial 47 pruned. 
  Trial  48 | Epoch  1/20 | train=2.54746 | val=1.93656 | VRAM alloc=0.11GB reserved=21.08GB
  Trial  48 | Epoch  2/20 | train=1.98954 | val=1.85802 | VRAM alloc=0.11GB reserved=21.08GB
  Trial  48 | Epoch  3/20 | train=1.92913 | val=1.80314 | VRAM alloc=0.11GB reserved=21.08GB
                                                                                         Best trial: 15. Best value: 0.694121:  98%|█████████▊| 39/40 [15:58:12<12:54, 774.27s/it]Best trial: 15. Best value: 0.694121:  98%|█████████▊| 39/40 [15:58:12<12:54, 774.27s/it]Best trial: 15. Best value: 0.694121: 100%|██████████| 40/40 [15:58:12<00:00, 642.24s/it]Best trial: 15. Best value: 0.694121: 100%|██████████| 40/40 [15:58:12<00:00, 1437.31s/it]
  Trial  48 | Epoch  4/20 | train=1.87197 | val=1.81807 | VRAM alloc=0.11GB reserved=21.08GB
  Trial 48 pruned at epoch 4.
[I 2026-03-08 10:15:02,211] Trial 48 pruned. 

============================================================
HYPERPARAMETER TUNING COMPLETE
============================================================
Best val loss : 0.694121
Best trial #  : 15

Best hyperparameters:
  lr                   = 0.0010232966843958737
  batch_size           = 32
  d_model              = 256
  nhead                = 2
  num_layers           = 3
  dropout              = 0.177335434251012
  T                    = 1000
  beta_start           = 1.0592526792498264e-05
  beta_end             = 0.049340486802611244
  lambda_pdg           = 0.11025219374898987
  gamma_end            = 0.14953038487527626
  grad_clip            = 2.0301249143309064
  gamma_start          = 0.0018803066900399006
  pct_start            = 0.13800147178256736
  div_factor           = 11.094821108168011

Top 5 trials:
  # 15  val=0.694121  params={'lr': 0.0010232966843958737, 'batch_size': 32, 'd_model': 256, 'nhead': 2, 'num_layers': 3, 'dropout': 0.177335434251012, 'T': 1000, 'beta_start': 1.0592526792498264e-05, 'beta_end': 0.049340486802611244, 'lambda_pdg': 0.11025219374898987, 'gamma_end': 0.14953038487527626, 'grad_clip': 2.0301249143309064, 'gamma_start': 0.0018803066900399006, 'pct_start': 0.13800147178256736, 'div_factor': 11.094821108168011}
  # 45  val=0.793932  params={'lr': 0.000786011746536406, 'batch_size': 32, 'd_model': 256, 'nhead': 2, 'num_layers': 2, 'dropout': 0.18795539025017627, 'T': 1000, 'beta_start': 1.22840907590908e-05, 'beta_end': 0.04952224058902308, 'lambda_pdg': 0.4308741126573388, 'gamma_end': 0.20234249669669363, 'grad_clip': 1.926804903644531, 'gamma_start': 0.00011888920459460719, 'pct_start': 0.12554661025020988, 'div_factor': 11.948144314206772}
  # 17  val=0.810568  params={'lr': 0.0009662197923212768, 'batch_size': 16, 'd_model': 256, 'nhead': 2, 'num_layers': 3, 'dropout': 0.007108623451749674, 'T': 1000, 'beta_start': 1.9248029361788153e-05, 'beta_end': 0.0498965785244724, 'lambda_pdg': 0.7899070075639859, 'gamma_end': 0.17950042218120255, 'grad_clip': 2.2186232961814563, 'gamma_start': 0.0014511075296024815, 'pct_start': 0.1041018795508335, 'div_factor': 21.596101211917595}
  # 34  val=0.816444  params={'lr': 0.0006892685593897396, 'batch_size': 32, 'd_model': 256, 'nhead': 2, 'num_layers': 2, 'dropout': 0.15827396057949514, 'T': 1000, 'beta_start': 1.0273834883213502e-05, 'beta_end': 0.047720063346911056, 'lambda_pdg': 0.4308267259363246, 'gamma_end': 0.23318325770823192, 'grad_clip': 2.399402226024655, 'gamma_start': 0.0010789877225086354, 'pct_start': 0.11606083234819853, 'div_factor': 11.636044889742838}
  # 24  val=0.837353  params={'lr': 0.0006564007548994956, 'batch_size': 32, 'd_model': 256, 'nhead': 2, 'num_layers': 2, 'dropout': 0.17887992679793913, 'T': 1000, 'beta_start': 1.0241569632841965e-05, 'beta_end': 0.04785319148439697, 'lambda_pdg': 0.524753866462635, 'gamma_end': 0.23543754083988766, 'grad_clip': 2.0122966988744206, 'gamma_start': 0.0010091490711774346, 'pct_start': 0.13897581941770987, 'div_factor': 10.195057264492894}

Best params saved to /work/submit/anton100/msci-project/FCC-BB-GenAI/tuning_runs_v2/best_params.txt
All trial results saved to /work/submit/anton100/msci-project/FCC-BB-GenAI/tuning_runs_v2/all_trials.csv
[2026-03-08T10:15:06.127] error: unlink(/var/spool/slurmd/job4546303/slurm_script): No such file or directory
[2026-03-08T10:15:06.136] error: rmdir(/var/spool/slurmd/job4546303): No such file or directory
