[I 2026-03-09 06:35:10,970] Using an existing study with name 'particle_diff_new' instead of creating a new one.

============================================================
GPU CHECK
============================================================
CUDA available     : True
Device count       : 1
GPU 0              : NVIDIA A30
  VRAM total       : 23.6 GB
  VRAM allocated   : 0.00 GB
  Compute cap.     : 8.0
  Matmul test      : PASSED  (2048x2048 op completed OK)

  Active device    : NVIDIA A30
============================================================

  0%|          | 0/40 [00:00<?, ?it/s]  Trial   4 | Epoch  1/20 | train=4.28933 | val=3.37636 | VRAM alloc=0.05GB reserved=6.12GB
  Trial   4 | Epoch  2/20 | train=3.17978 | val=2.90384 | VRAM alloc=0.05GB reserved=6.12GB
  Trial   4 | Epoch  3/20 | train=2.95544 | val=2.77164 | VRAM alloc=0.05GB reserved=6.12GB
  Trial   4 | Epoch  4/20 | train=2.85288 | val=2.75057 | VRAM alloc=0.05GB reserved=6.12GB
  Trial   4 | Epoch  5/20 | train=2.80532 | val=2.71492 | VRAM alloc=0.05GB reserved=6.12GB
  Trial   4 | Epoch  6/20 | train=2.81537 | val=2.74174 | VRAM alloc=0.05GB reserved=6.12GB
  Trial   4 | Epoch  7/20 | train=2.79506 | val=2.70220 | VRAM alloc=0.05GB reserved=6.12GB
  Trial   4 | Epoch  8/20 | train=2.78433 | val=2.71164 | VRAM alloc=0.05GB reserved=6.12GB
  Trial   4 | Epoch  9/20 | train=2.74642 | val=2.70331 | VRAM alloc=0.05GB reserved=6.12GB
  Trial   4 | Epoch 10/20 | train=2.74806 | val=2.70185 | VRAM alloc=0.05GB reserved=6.12GB
  Trial   4 | Epoch 11/20 | train=2.72341 | val=2.69072 | VRAM alloc=0.05GB reserved=6.12GB
  Trial   4 | Epoch 12/20 | train=2.69850 | val=2.68285 | VRAM alloc=0.05GB reserved=6.12GB
  Trial   4 | Epoch 13/20 | train=2.69991 | val=2.65511 | VRAM alloc=0.05GB reserved=6.12GB
  Trial   4 | Epoch 14/20 | train=2.68716 | val=2.64712 | VRAM alloc=0.05GB reserved=6.12GB
  Trial   4 | Epoch 15/20 | train=2.68683 | val=2.62291 | VRAM alloc=0.05GB reserved=6.12GB
  Trial   4 | Epoch 16/20 | train=2.68083 | val=2.60651 | VRAM alloc=0.05GB reserved=6.12GB
  Trial   4 | Epoch 17/20 | train=2.65894 | val=2.60872 | VRAM alloc=0.05GB reserved=6.12GB
  Trial   4 | Epoch 18/20 | train=2.67427 | val=2.56680 | VRAM alloc=0.05GB reserved=6.12GB
  Trial   4 | Epoch 19/20 | train=2.66018 | val=2.56833 | VRAM alloc=0.05GB reserved=6.12GB
                                        0%|          | 0/40 [1:11:02<?, ?it/s]Best trial: 4. Best value: 2.5668:   0%|          | 0/40 [1:11:02<?, ?it/s]Best trial: 4. Best value: 2.5668:   2%|▎         | 1/40 [1:11:02<46:10:29, 4262.30s/it]  Trial   4 | Epoch 20/20 | train=2.64353 | val=2.62163 | VRAM alloc=0.05GB reserved=6.12GB
[I 2026-03-09 07:46:13,260] Trial 4 finished with value: 2.566802412729997 and parameters: {'lr': 0.0008403604888695196, 'batch_size': 16, 'd_model': 256, 'nhead': 4, 'num_layers': 4, 'dropout': 0.05411689885916049, 'T': 500, 'cosine_s': 0.00037419406111184985, 'lambda_pdg': 0.2227337188467456, 'lambda_zplane': 0.4484685687215243, 'gamma_end': 0.12606056073988442, 'gamma_start': 0.0007790143126276247, 'grad_clip': 2.1479175279631737, 'pct_start': 0.0936843710297063, 'div_factor': 17.960262498366816}. Best is trial 4 with value: 2.566802412729997.
  Trial   5 | Epoch  1/20 | train=5.51181 | val=4.08513 | VRAM alloc=0.11GB reserved=22.95GB
  Trial   5 | Epoch  2/20 | train=3.44394 | val=2.96775 | VRAM alloc=0.11GB reserved=22.95GB
  Trial   5 | Epoch  3/20 | train=2.93613 | val=2.69764 | VRAM alloc=0.11GB reserved=22.95GB
  Trial   5 | Epoch  4/20 | train=2.78264 | val=2.66488 | VRAM alloc=0.11GB reserved=22.95GB
  Trial   5 | Epoch  5/20 | train=2.71454 | val=2.67486 | VRAM alloc=0.11GB reserved=22.95GB
  Trial   5 | Epoch  6/20 | train=2.67641 | val=2.63427 | VRAM alloc=0.11GB reserved=22.95GB
  Trial   5 | Epoch  7/20 | train=2.67210 | val=2.63680 | VRAM alloc=0.11GB reserved=22.95GB
  Trial   5 | Epoch  8/20 | train=2.63788 | val=2.54887 | VRAM alloc=0.11GB reserved=22.95GB
  Trial   5 | Epoch  9/20 | train=2.59898 | val=2.51834 | VRAM alloc=0.11GB reserved=22.95GB
  Trial   5 | Epoch 10/20 | train=2.59691 | val=2.51972 | VRAM alloc=0.11GB reserved=22.95GB
  Trial   5 | Epoch 11/20 | train=2.57024 | val=2.51413 | VRAM alloc=0.11GB reserved=22.95GB
  Trial   5 | Epoch 12/20 | train=2.57867 | val=2.54423 | VRAM alloc=0.11GB reserved=22.95GB
  Trial   5 | Epoch 13/20 | train=2.57263 | val=2.55992 | VRAM alloc=0.11GB reserved=22.95GB
  Trial   5 | Epoch 14/20 | train=2.56653 | val=2.52693 | VRAM alloc=0.11GB reserved=22.95GB
  Trial   5 | Epoch 15/20 | train=2.55044 | val=2.47995 | VRAM alloc=0.11GB reserved=22.95GB
  Trial   5 | Epoch 16/20 | train=2.54860 | val=2.48062 | VRAM alloc=0.11GB reserved=22.95GB
  Trial   5 | Epoch 17/20 | train=2.53555 | val=2.50185 | VRAM alloc=0.11GB reserved=22.95GB
  Trial   5 | Epoch 18/20 | train=2.54891 | val=2.51753 | VRAM alloc=0.11GB reserved=22.95GB
  Trial   5 | Epoch 19/20 | train=2.53995 | val=2.47047 | VRAM alloc=0.06GB reserved=22.95GB
                                                                                        Best trial: 4. Best value: 2.5668:   2%|▎         | 1/40 [2:18:28<46:10:29, 4262.30s/it]Best trial: 5. Best value: 2.44654:   2%|▎         | 1/40 [2:18:28<46:10:29, 4262.30s/it]Best trial: 5. Best value: 2.44654:   5%|▌         | 2/40 [2:18:28<43:38:57, 4135.19s/it]  Trial   5 | Epoch 20/20 | train=2.52959 | val=2.44654 | VRAM alloc=0.06GB reserved=22.95GB
[I 2026-03-09 08:53:39,467] Trial 5 finished with value: 2.4465398427211875 and parameters: {'lr': 0.0006066716167545476, 'batch_size': 64, 'd_model': 256, 'nhead': 4, 'num_layers': 4, 'dropout': 0.08410482473745831, 'T': 1000, 'cosine_s': 0.04038423798071561, 'lambda_pdg': 0.8179774807106381, 'lambda_zplane': 0.6787661614294043, 'gamma_end': 0.07441802850159597, 'gamma_start': 0.0014537555576161927, 'grad_clip': 2.160228740609402, 'pct_start': 0.06830573522671683, 'div_factor': 15.393487254899382}. Best is trial 5 with value: 2.4465398427211875.
  Trial   6 | Epoch  1/20 | train=4.18350 | val=3.15928 | VRAM alloc=0.30GB reserved=22.95GB
  Trial   6 | Epoch  2/20 | train=2.91545 | val=2.79574 | VRAM alloc=0.30GB reserved=22.95GB
  Trial   6 | Epoch  3/20 | train=2.70638 | val=2.56167 | VRAM alloc=0.30GB reserved=22.95GB
  Trial   6 | Epoch  4/20 | train=2.63895 | val=2.55238 | VRAM alloc=0.30GB reserved=22.95GB
  Trial   6 | Epoch  5/20 | train=2.59985 | val=2.49487 | VRAM alloc=0.30GB reserved=22.95GB
  Trial   6 | Epoch  6/20 | train=2.57746 | val=2.45102 | VRAM alloc=0.30GB reserved=22.95GB
  Trial   6 | Epoch  7/20 | train=2.55672 | val=2.49026 | VRAM alloc=0.30GB reserved=22.95GB
  Trial   6 | Epoch  8/20 | train=2.54828 | val=2.46512 | VRAM alloc=0.30GB reserved=22.95GB
  Trial   6 | Epoch  9/20 | train=2.54465 | val=2.47994 | VRAM alloc=0.30GB reserved=22.95GB
  Trial   6 | Epoch 10/20 | train=2.51650 | val=2.43314 | VRAM alloc=0.30GB reserved=22.95GB
  Trial   6 | Epoch 11/20 | train=2.52521 | val=2.45083 | VRAM alloc=0.30GB reserved=22.95GB
  Trial   6 | Epoch 12/20 | train=2.48547 | val=2.38655 | VRAM alloc=0.30GB reserved=22.95GB
  Trial   6 | Epoch 13/20 | train=2.48052 | val=2.43975 | VRAM alloc=0.30GB reserved=22.95GB
  Trial   6 | Epoch 14/20 | train=2.47816 | val=2.42155 | VRAM alloc=0.30GB reserved=22.95GB
  Trial   6 | Epoch 15/20 | train=2.45759 | val=2.45669 | VRAM alloc=0.30GB reserved=22.95GB
  Trial   6 | Epoch 16/20 | train=2.43991 | val=2.42401 | VRAM alloc=0.30GB reserved=22.95GB
  Trial   6 | Epoch 17/20 | train=2.46136 | val=2.41012 | VRAM alloc=0.25GB reserved=22.95GB
  Trial   6 | Epoch 18/20 | train=2.43279 | val=2.40066 | VRAM alloc=0.25GB reserved=22.95GB
  Trial   6 | Epoch 19/20 | train=2.42028 | val=2.41700 | VRAM alloc=0.25GB reserved=22.95GB
                                                                                         Best trial: 5. Best value: 2.44654:   5%|▌         | 2/40 [5:49:46<43:38:57, 4135.19s/it]Best trial: 6. Best value: 2.35003:   5%|▌         | 2/40 [5:49:46<43:38:57, 4135.19s/it]Best trial: 6. Best value: 2.35003:   8%|▊         | 3/40 [5:49:46<82:35:39, 8036.20s/it]  Trial   6 | Epoch 20/20 | train=2.43485 | val=2.35003 | VRAM alloc=0.25GB reserved=22.95GB
[I 2026-03-09 12:24:57,836] Trial 6 finished with value: 2.350034723832057 and parameters: {'lr': 0.0005244136133080424, 'batch_size': 16, 'd_model': 512, 'nhead': 8, 'num_layers': 5, 'dropout': 0.2378997883128378, 'T': 500, 'cosine_s': 0.0307688247430154, 'lambda_pdg': 0.13406787694932354, 'lambda_zplane': 0.47236743859637587, 'gamma_end': 0.06130682222763452, 'gamma_start': 0.0003570478920909981, 'grad_clip': 2.083015934534223, 'pct_start': 0.0907023547660844, 'div_factor': 23.92275706162204}. Best is trial 6 with value: 2.350034723832057.
  Trial   7 | Epoch  1/20 | train=4.57273 | val=3.45174 | VRAM alloc=0.28GB reserved=22.95GB
  Trial   7 | Epoch  2/20 | train=3.46526 | val=3.22076 | VRAM alloc=0.28GB reserved=22.95GB
  Trial   7 | Epoch  3/20 | train=3.21582 | val=3.00826 | VRAM alloc=0.28GB reserved=22.95GB
  Trial   7 | Epoch  4/20 | train=3.08610 | val=2.85087 | VRAM alloc=0.28GB reserved=22.95GB
  Trial   7 | Epoch  5/20 | train=3.02907 | val=2.90403 | VRAM alloc=0.28GB reserved=22.95GB
  Trial   7 | Epoch  6/20 | train=2.97342 | val=2.81693 | VRAM alloc=0.28GB reserved=22.95GB
  Trial   7 | Epoch  7/20 | train=2.92894 | val=2.83131 | VRAM alloc=0.28GB reserved=22.95GB
  Trial   7 | Epoch  8/20 | train=2.92179 | val=2.79417 | VRAM alloc=0.28GB reserved=22.95GB
  Trial   7 | Epoch  9/20 | train=2.88549 | val=2.76236 | VRAM alloc=0.28GB reserved=22.95GB
  Trial   7 | Epoch 10/20 | train=2.87964 | val=2.73295 | VRAM alloc=0.28GB reserved=22.95GB
  Trial   7 | Epoch 11/20 | train=2.87563 | val=2.71731 | VRAM alloc=0.28GB reserved=22.95GB
  Trial   7 | Epoch 12/20 | train=2.81451 | val=2.73247 | VRAM alloc=0.28GB reserved=22.95GB
  Trial   7 | Epoch 13/20 | train=2.82428 | val=2.76571 | VRAM alloc=0.28GB reserved=22.95GB
  Trial   7 | Epoch 14/20 | train=2.81366 | val=2.65065 | VRAM alloc=0.28GB reserved=22.95GB
  Trial   7 | Epoch 15/20 | train=2.81194 | val=2.69228 | VRAM alloc=0.28GB reserved=22.95GB
  Trial   7 | Epoch 16/20 | train=2.78018 | val=2.66571 | VRAM alloc=0.28GB reserved=22.95GB
  Trial   7 | Epoch 17/20 | train=2.79036 | val=2.69638 | VRAM alloc=0.28GB reserved=22.95GB
  Trial   7 | Epoch 18/20 | train=2.79198 | val=2.64743 | VRAM alloc=0.28GB reserved=22.95GB
  Trial   7 | Epoch 19/20 | train=2.77559 | val=2.61596 | VRAM alloc=0.28GB reserved=22.95GB
                                                                                         Best trial: 6. Best value: 2.35003:   8%|▊         | 3/40 [6:16:58<82:35:39, 8036.20s/it]Best trial: 6. Best value: 2.35003:   8%|▊         | 3/40 [6:16:58<82:35:39, 8036.20s/it]Best trial: 6. Best value: 2.35003:  10%|█         | 4/40 [6:16:58<55:04:34, 5507.63s/it]  Trial   7 | Epoch 20/20 | train=2.77775 | val=2.65901 | VRAM alloc=0.28GB reserved=22.95GB
[I 2026-03-09 12:52:09,239] Trial 7 finished with value: 2.615961525990413 and parameters: {'lr': 0.0008198924913296289, 'batch_size': 32, 'd_model': 256, 'nhead': 2, 'num_layers': 2, 'dropout': 0.21309228569096683, 'T': 1000, 'cosine_s': 0.012068006375483968, 'lambda_pdg': 0.12034241914738585, 'lambda_zplane': 0.7810848842341179, 'gamma_end': 0.07896726488128243, 'gamma_start': 0.002926758115062129, 'grad_clip': 2.4349471902413367, 'pct_start': 0.09963470372789739, 'div_factor': 8.701106159513815}. Best is trial 6 with value: 2.350034723832057.
                                                                                         Best trial: 6. Best value: 2.35003:  10%|█         | 4/40 [6:17:08<55:04:34, 5507.63s/it]Best trial: 6. Best value: 2.35003:  10%|█         | 4/40 [6:17:08<55:04:34, 5507.63s/it]Best trial: 6. Best value: 2.35003:  12%|█▎        | 5/40 [6:17:08<34:16:23, 3525.23s/it]  Trial 8 OOM during train (batch_size=32, d_model=256, T=1000) — pruning.
[I 2026-03-09 12:52:19,472] Trial 8 pruned. 
  Trial   9 | Epoch  1/20 | train=4.87701 | val=3.58207 | VRAM alloc=0.48GB reserved=18.81GB
  Trial   9 | Epoch  2/20 | train=3.38591 | val=3.08157 | VRAM alloc=0.48GB reserved=18.81GB
  Trial   9 | Epoch  3/20 | train=3.08808 | val=2.95982 | VRAM alloc=0.48GB reserved=18.81GB
  Trial   9 | Epoch  4/20 | train=2.98207 | val=2.87093 | VRAM alloc=0.48GB reserved=18.81GB
  Trial   9 | Epoch  5/20 | train=2.94620 | val=2.85255 | VRAM alloc=0.48GB reserved=18.81GB
  Trial   9 | Epoch  6/20 | train=2.90368 | val=2.86071 | VRAM alloc=0.48GB reserved=18.81GB
  Trial   9 | Epoch  7/20 | train=2.90269 | val=2.85256 | VRAM alloc=0.48GB reserved=18.81GB
  Trial   9 | Epoch  8/20 | train=2.87265 | val=2.77506 | VRAM alloc=0.21GB reserved=18.81GB
  Trial   9 | Epoch  9/20 | train=2.83345 | val=2.75648 | VRAM alloc=0.21GB reserved=18.81GB
  Trial   9 | Epoch 10/20 | train=2.84205 | val=2.76407 | VRAM alloc=0.21GB reserved=18.81GB
  Trial   9 | Epoch 11/20 | train=2.82739 | val=2.72711 | VRAM alloc=0.21GB reserved=18.81GB
  Trial   9 | Epoch 12/20 | train=2.80392 | val=2.72925 | VRAM alloc=0.21GB reserved=18.81GB
  Trial   9 | Epoch 13/20 | train=2.79802 | val=2.72086 | VRAM alloc=0.21GB reserved=18.81GB
  Trial   9 | Epoch 14/20 | train=2.78679 | val=2.69456 | VRAM alloc=0.21GB reserved=18.81GB
  Trial   9 | Epoch 15/20 | train=2.76374 | val=2.71616 | VRAM alloc=0.21GB reserved=18.81GB
  Trial   9 | Epoch 16/20 | train=2.76742 | val=2.67207 | VRAM alloc=0.21GB reserved=18.81GB
  Trial   9 | Epoch 17/20 | train=2.75462 | val=2.69017 | VRAM alloc=0.21GB reserved=18.81GB
  Trial   9 | Epoch 18/20 | train=2.76305 | val=2.67242 | VRAM alloc=0.21GB reserved=18.81GB
  Trial   9 | Epoch 19/20 | train=2.75869 | val=2.67253 | VRAM alloc=0.21GB reserved=18.81GB
                                                                                         Best trial: 6. Best value: 2.35003:  12%|█▎        | 5/40 [8:31:10<34:16:23, 3525.23s/it]Best trial: 6. Best value: 2.35003:  12%|█▎        | 5/40 [8:31:10<34:16:23, 3525.23s/it]Best trial: 6. Best value: 2.35003:  15%|█▌        | 6/40 [8:31:10<47:47:51, 5060.93s/it]  Trial   9 | Epoch 20/20 | train=2.74855 | val=2.69557 | VRAM alloc=0.21GB reserved=18.81GB
[I 2026-03-09 15:06:21,473] Trial 9 finished with value: 2.6720693808335523 and parameters: {'lr': 0.000706413323304721, 'batch_size': 32, 'd_model': 512, 'nhead': 4, 'num_layers': 4, 'dropout': 0.22429211803754356, 'T': 500, 'cosine_s': 0.025644247753429144, 'lambda_pdg': 0.5623751298198683, 'lambda_zplane': 1.6341362948117188, 'gamma_end': 0.2740228249808733, 'gamma_start': 0.00034695916603302916, 'grad_clip': 1.665077886791515, 'pct_start': 0.08419027438129126, 'div_factor': 14.06899944010232}. Best is trial 6 with value: 2.350034723832057.
  Trial  10 | Epoch  1/20 | train=3.93261 | val=2.98290 | VRAM alloc=0.24GB reserved=18.81GB
  Trial  10 | Epoch  2/20 | train=2.89999 | val=2.74801 | VRAM alloc=0.24GB reserved=18.81GB
  Trial  10 | Epoch  3/20 | train=2.78502 | val=2.65897 | VRAM alloc=0.24GB reserved=18.81GB
  Trial  10 | Epoch  4/20 | train=2.74141 | val=2.65477 | VRAM alloc=0.24GB reserved=18.81GB
  Trial  10 | Epoch  5/20 | train=2.73513 | val=2.60437 | VRAM alloc=0.24GB reserved=18.81GB
  Trial  10 | Epoch  6/20 | train=2.72052 | val=2.57600 | VRAM alloc=0.24GB reserved=18.81GB
  Trial  10 | Epoch  7/20 | train=2.68570 | val=2.63038 | VRAM alloc=0.24GB reserved=18.81GB
  Trial  10 | Epoch  8/20 | train=2.68369 | val=2.61270 | VRAM alloc=0.24GB reserved=18.81GB
  Trial  10 | Epoch  9/20 | train=2.64709 | val=2.59473 | VRAM alloc=0.24GB reserved=18.81GB
  Trial  10 | Epoch 10/20 | train=2.64833 | val=2.59981 | VRAM alloc=0.24GB reserved=18.81GB
  Trial  10 | Epoch 11/20 | train=2.63261 | val=2.54754 | VRAM alloc=0.24GB reserved=18.81GB
  Trial  10 | Epoch 12/20 | train=2.62263 | val=2.55645 | VRAM alloc=0.24GB reserved=18.81GB
  Trial  10 | Epoch 13/20 | train=2.61755 | val=2.52034 | VRAM alloc=0.24GB reserved=18.81GB
  Trial  10 | Epoch 14/20 | train=2.60190 | val=2.56401 | VRAM alloc=0.24GB reserved=18.81GB
  Trial  10 | Epoch 15/20 | train=2.60303 | val=2.54366 | VRAM alloc=0.24GB reserved=18.81GB
  Trial  10 | Epoch 16/20 | train=2.59494 | val=2.56649 | VRAM alloc=0.24GB reserved=18.81GB
  Trial  10 | Epoch 17/20 | train=2.57455 | val=2.55814 | VRAM alloc=0.04GB reserved=18.81GB
  Trial  10 | Epoch 18/20 | train=2.57481 | val=2.51997 | VRAM alloc=0.04GB reserved=18.81GB
  Trial  10 | Epoch 19/20 | train=2.57030 | val=2.50585 | VRAM alloc=0.04GB reserved=18.81GB
                                                                                         Best trial: 6. Best value: 2.35003:  15%|█▌        | 6/40 [9:51:38<47:47:51, 5060.93s/it]Best trial: 6. Best value: 2.35003:  15%|█▌        | 6/40 [9:51:38<47:47:51, 5060.93s/it]Best trial: 6. Best value: 2.35003:  18%|█▊        | 7/40 [9:51:38<45:41:41, 4984.90s/it]  Trial  10 | Epoch 20/20 | train=2.56692 | val=2.53210 | VRAM alloc=0.04GB reserved=18.81GB
[I 2026-03-09 16:26:49,833] Trial 10 finished with value: 2.5058460547373844 and parameters: {'lr': 0.0015540463484393125, 'batch_size': 16, 'd_model': 256, 'nhead': 8, 'num_layers': 3, 'dropout': 0.15375812434867323, 'T': 500, 'cosine_s': 0.041957605186956, 'lambda_pdg': 0.9643249301950056, 'lambda_zplane': 0.5783863620681918, 'gamma_end': 0.17431212647309635, 'gamma_start': 0.000324476480988986, 'grad_clip': 1.9272607415662013, 'pct_start': 0.05553304210317992, 'div_factor': 17.906016254192004}. Best is trial 6 with value: 2.350034723832057.
                                                                                         Best trial: 6. Best value: 2.35003:  18%|█▊        | 7/40 [9:51:48<45:41:41, 4984.90s/it]Best trial: 6. Best value: 2.35003:  18%|█▊        | 7/40 [9:51:48<45:41:41, 4984.90s/it]Best trial: 6. Best value: 2.35003:  20%|██        | 8/40 [9:51:48<30:13:50, 3400.94s/it]  Trial 11 OOM during train (batch_size=64, d_model=256, T=1000) — pruning.
[I 2026-03-09 16:26:59,242] Trial 11 pruned. 
  Trial  12 | Epoch  1/20 | train=5.35897 | val=3.78891 | VRAM alloc=0.08GB reserved=18.55GB
  Trial  12 | Epoch  2/20 | train=3.75094 | val=3.49973 | VRAM alloc=0.08GB reserved=18.55GB
  Trial  12 | Epoch  3/20 | train=3.46358 | val=3.20724 | VRAM alloc=0.08GB reserved=18.55GB
                                                                                         Best trial: 6. Best value: 2.35003:  20%|██        | 8/40 [10:07:31<30:13:50, 3400.94s/it]Best trial: 6. Best value: 2.35003:  20%|██        | 8/40 [10:07:31<30:13:50, 3400.94s/it]Best trial: 6. Best value: 2.35003:  22%|██▎       | 9/40 [10:07:31<22:40:13, 2632.68s/it]  Trial  12 | Epoch  4/20 | train=3.29696 | val=3.10261 | VRAM alloc=0.08GB reserved=18.55GB
  Trial 12 pruned at epoch 4.
[I 2026-03-09 16:42:42,660] Trial 12 pruned. 
                                                                                          Best trial: 6. Best value: 2.35003:  22%|██▎       | 9/40 [10:07:41<22:40:13, 2632.68s/it]Best trial: 6. Best value: 2.35003:  22%|██▎       | 9/40 [10:07:41<22:40:13, 2632.68s/it]Best trial: 6. Best value: 2.35003:  25%|██▌       | 10/40 [10:07:41<15:11:28, 1822.95s/it]  Trial 13 OOM during train (batch_size=64, d_model=256, T=500) — pruning.
[I 2026-03-09 16:42:52,492] Trial 13 pruned. 
  Trial  14 | Epoch  1/20 | train=4.27015 | val=3.34484 | VRAM alloc=0.33GB reserved=21.64GB
  Trial  14 | Epoch  2/20 | train=3.18019 | val=2.98085 | VRAM alloc=0.33GB reserved=21.64GB
  Trial  14 | Epoch  3/20 | train=3.02050 | val=3.05560 | VRAM alloc=0.33GB reserved=21.64GB
                                                                                           Best trial: 6. Best value: 2.35003:  25%|██▌       | 10/40 [10:39:43<15:11:28, 1822.95s/it]Best trial: 6. Best value: 2.35003:  25%|██▌       | 10/40 [10:39:43<15:11:28, 1822.95s/it]Best trial: 6. Best value: 2.35003:  28%|██▊       | 11/40 [10:39:43<14:55:41, 1853.15s/it]  Trial  14 | Epoch  4/20 | train=2.93754 | val=2.92176 | VRAM alloc=0.33GB reserved=21.65GB
  Trial 14 pruned at epoch 4.
[I 2026-03-09 17:14:54,107] Trial 14 pruned. 
                                                                                           Best trial: 6. Best value: 2.35003:  28%|██▊       | 11/40 [10:39:52<14:55:41, 1853.15s/it]Best trial: 6. Best value: 2.35003:  28%|██▊       | 11/40 [10:39:52<14:55:41, 1853.15s/it]Best trial: 6. Best value: 2.35003:  30%|███       | 12/40 [10:39:52<10:03:03, 1292.26s/it]  Trial 15 OOM during train (batch_size=64, d_model=512, T=1000) — pruning.
[I 2026-03-09 17:15:03,489] Trial 15 pruned. 
                                                                                           Best trial: 6. Best value: 2.35003:  30%|███       | 12/40 [10:40:02<10:03:03, 1292.26s/it]Best trial: 6. Best value: 2.35003:  30%|███       | 12/40 [10:40:02<10:03:03, 1292.26s/it]Best trial: 6. Best value: 2.35003:  32%|███▎      | 13/40 [10:40:02<6:46:40, 903.73s/it]    Trial 16 OOM during train (batch_size=64, d_model=512, T=500) — pruning.
