[I 2026-03-09 02:40:39,442] A new study created in RDB with name: particle_diff_cosine

============================================================
GPU CHECK
============================================================
CUDA available     : True
Device count       : 1
GPU 0              : NVIDIA A30
  VRAM total       : 23.6 GB
  VRAM allocated   : 0.00 GB
  Compute cap.     : 8.0
  Matmul test      : PASSED  (2048x2048 op completed OK)

  Active device    : NVIDIA A30
============================================================

  0%|          | 0/40 [00:00<?, ?it/s]  Trial   0 | Epoch  1/20 | train=2.76052 | val=2.46252 | VRAM alloc=0.25GB reserved=1.42GB
  Trial   0 | Epoch  2/20 | train=2.46447 | val=2.36823 | VRAM alloc=0.25GB reserved=1.47GB
  Trial   0 | Epoch  3/20 | train=2.42529 | val=2.37650 | VRAM alloc=0.25GB reserved=1.47GB
  Trial   0 | Epoch  4/20 | train=2.41294 | val=2.36866 | VRAM alloc=0.25GB reserved=1.47GB
  Trial   0 | Epoch  5/20 | train=2.37797 | val=2.32131 | VRAM alloc=0.25GB reserved=1.47GB
  Trial   0 | Epoch  6/20 | train=2.34279 | val=2.30004 | VRAM alloc=0.25GB reserved=1.47GB
  Trial   0 | Epoch  7/20 | train=2.33161 | val=2.32853 | VRAM alloc=0.25GB reserved=1.47GB
  Trial   0 | Epoch  8/20 | train=2.34385 | val=2.31687 | VRAM alloc=0.25GB reserved=1.47GB
  Trial   0 | Epoch  9/20 | train=2.31695 | val=2.28122 | VRAM alloc=0.25GB reserved=1.47GB
  Trial   0 | Epoch 10/20 | train=2.29282 | val=2.33679 | VRAM alloc=0.25GB reserved=1.47GB
  Trial   0 | Epoch 11/20 | train=2.30075 | val=2.20471 | VRAM alloc=0.25GB reserved=1.47GB
  Trial   0 | Epoch 12/20 | train=2.30271 | val=2.26229 | VRAM alloc=0.25GB reserved=1.47GB
  Trial   0 | Epoch 13/20 | train=2.27886 | val=2.25236 | VRAM alloc=0.25GB reserved=1.47GB
  Trial   0 | Epoch 14/20 | train=2.28891 | val=2.20038 | VRAM alloc=0.25GB reserved=1.47GB
  Trial   0 | Epoch 15/20 | train=2.28368 | val=2.21581 | VRAM alloc=0.25GB reserved=1.47GB
  Trial   0 | Epoch 16/20 | train=2.27420 | val=2.24080 | VRAM alloc=0.25GB reserved=1.47GB
  Trial   0 | Epoch 17/20 | train=2.25327 | val=2.24138 | VRAM alloc=0.25GB reserved=1.47GB
  Trial   0 | Epoch 18/20 | train=2.26151 | val=2.23744 | VRAM alloc=0.25GB reserved=1.47GB
  Trial   0 | Epoch 19/20 | train=2.25207 | val=2.27016 | VRAM alloc=0.25GB reserved=1.47GB
                                        0%|          | 0/40 [3:14:29<?, ?it/s]Best trial: 0. Best value: 2.20038:   0%|          | 0/40 [3:14:29<?, ?it/s]Best trial: 0. Best value: 2.20038:   2%|▎         | 1/40 [3:14:29<126:25:10, 11669.50s/it]  Trial   0 | Epoch 20/20 | train=2.24361 | val=2.24765 | VRAM alloc=0.25GB reserved=1.47GB
[I 2026-03-09 05:55:08,887] Trial 0 finished with value: 2.200376845946537 and parameters: {'lr': 0.00043284502212938834, 'batch_size': 2, 'd_model': 512, 'nhead': 4, 'num_layers': 5, 'dropout': 0.2497327922401265, 'T': 500, 'cosine_s': 0.0003126102910311062, 'lambda_pdg': 1.590786990501735, 'gamma_end': 0.28614039423450705, 'grad_clip': 2.4437525838895207, 'gamma_start': 7.476312062252303e-05, 'pct_start': 0.14177793420835694, 'div_factor': 13.78776461935377}. Best is trial 0 with value: 2.200376845946537.
  Trial   1 | Epoch  1/20 | train=4.13411 | val=2.81829 | VRAM alloc=0.31GB reserved=2.82GB
  Trial   1 | Epoch  2/20 | train=2.82638 | val=2.68399 | VRAM alloc=0.31GB reserved=2.82GB
  Trial   1 | Epoch  3/20 | train=2.75022 | val=2.63472 | VRAM alloc=0.31GB reserved=2.82GB
  Trial   1 | Epoch  4/20 | train=2.72308 | val=2.62945 | VRAM alloc=0.31GB reserved=2.82GB
  Trial   1 | Epoch  5/20 | train=2.70618 | val=2.64795 | VRAM alloc=0.31GB reserved=2.82GB
  Trial   1 | Epoch  6/20 | train=2.67945 | val=2.61031 | VRAM alloc=0.31GB reserved=2.82GB
  Trial   1 | Epoch  7/20 | train=2.67193 | val=2.63320 | VRAM alloc=0.31GB reserved=2.82GB
  Trial   1 | Epoch  8/20 | train=2.66510 | val=2.63260 | VRAM alloc=0.31GB reserved=2.82GB
  Trial   1 | Epoch  9/20 | train=2.65122 | val=2.63656 | VRAM alloc=0.31GB reserved=2.82GB
  Trial   1 | Epoch 10/20 | train=2.63069 | val=2.58589 | VRAM alloc=0.06GB reserved=2.82GB
  Trial   1 | Epoch 11/20 | train=2.63145 | val=2.59277 | VRAM alloc=0.06GB reserved=2.82GB
  Trial   1 | Epoch 12/20 | train=2.63010 | val=2.57744 | VRAM alloc=0.06GB reserved=2.82GB
  Trial   1 | Epoch 13/20 | train=2.63419 | val=2.57596 | VRAM alloc=0.06GB reserved=2.82GB
  Trial   1 | Epoch 14/20 | train=2.62285 | val=2.56363 | VRAM alloc=0.06GB reserved=2.82GB
  Trial   1 | Epoch 15/20 | train=2.60037 | val=2.58959 | VRAM alloc=0.06GB reserved=2.82GB
  Trial   1 | Epoch 16/20 | train=2.61269 | val=2.57354 | VRAM alloc=0.06GB reserved=2.82GB
  Trial   1 | Epoch 17/20 | train=2.61915 | val=2.57256 | VRAM alloc=0.06GB reserved=2.82GB
  Trial   1 | Epoch 18/20 | train=2.60932 | val=2.58680 | VRAM alloc=0.06GB reserved=2.82GB
  Trial   1 | Epoch 19/20 | train=2.61793 | val=2.56675 | VRAM alloc=0.06GB reserved=2.82GB
                                                                                           Best trial: 0. Best value: 2.20038:   2%|▎         | 1/40 [4:27:26<126:25:10, 11669.50s/it]Best trial: 0. Best value: 2.20038:   2%|▎         | 1/40 [4:27:26<126:25:10, 11669.50s/it]Best trial: 0. Best value: 2.20038:   5%|▌         | 2/40 [4:27:26<77:54:01, 7380.05s/it]    Trial   1 | Epoch 20/20 | train=2.60884 | val=2.58840 | VRAM alloc=0.06GB reserved=2.82GB
[I 2026-03-09 07:08:06,369] Trial 1 finished with value: 2.563633373608956 and parameters: {'lr': 0.0003135775732257748, 'batch_size': 8, 'd_model': 256, 'nhead': 2, 'num_layers': 5, 'dropout': 0.2896896099223678, 'T': 500, 'cosine_s': 0.00018349072049055458, 'lambda_pdg': 3.452741829909569, 'gamma_end': 0.2480686221828206, 'grad_clip': 1.0491720568015048, 'gamma_start': 0.0003058656666978527, 'pct_start': 0.05515827816728276, 'div_factor': 81.15595675970505}. Best is trial 0 with value: 2.200376845946537.
  Trial   2 | Epoch  1/20 | train=2.96146 | val=2.39379 | VRAM alloc=0.06GB reserved=2.86GB
  Trial   2 | Epoch  2/20 | train=2.35073 | val=2.27926 | VRAM alloc=0.06GB reserved=2.86GB
  Trial   2 | Epoch  3/20 | train=2.27327 | val=2.26632 | VRAM alloc=0.06GB reserved=2.86GB
  Trial   2 | Epoch  4/20 | train=2.26767 | val=2.22798 | VRAM alloc=0.06GB reserved=2.86GB
  Trial   2 | Epoch  5/20 | train=2.25678 | val=2.20944 | VRAM alloc=0.06GB reserved=2.86GB
  Trial   2 | Epoch  6/20 | train=2.24058 | val=2.22401 | VRAM alloc=0.06GB reserved=2.86GB
  Trial   2 | Epoch  7/20 | train=2.23228 | val=2.22666 | VRAM alloc=0.06GB reserved=2.86GB
  Trial   2 | Epoch  8/20 | train=2.21112 | val=2.26079 | VRAM alloc=0.06GB reserved=2.86GB
  Trial   2 | Epoch  9/20 | train=2.21494 | val=2.20297 | VRAM alloc=0.06GB reserved=2.86GB
  Trial   2 | Epoch 10/20 | train=2.20940 | val=2.22363 | VRAM alloc=0.06GB reserved=2.86GB
  Trial   2 | Epoch 11/20 | train=2.20241 | val=2.16982 | VRAM alloc=0.06GB reserved=2.86GB
  Trial   2 | Epoch 12/20 | train=2.19717 | val=2.21437 | VRAM alloc=0.06GB reserved=2.86GB
  Trial   2 | Epoch 13/20 | train=2.18653 | val=2.18765 | VRAM alloc=0.06GB reserved=2.86GB
  Trial   2 | Epoch 14/20 | train=2.19862 | val=2.16798 | VRAM alloc=0.06GB reserved=2.86GB
  Trial   2 | Epoch 15/20 | train=2.19596 | val=2.18239 | VRAM alloc=0.06GB reserved=2.86GB
  Trial   2 | Epoch 16/20 | train=2.18899 | val=2.17556 | VRAM alloc=0.06GB reserved=2.86GB
  Trial   2 | Epoch 17/20 | train=2.18104 | val=2.20547 | VRAM alloc=0.06GB reserved=2.86GB
  Trial   2 | Epoch 18/20 | train=2.18110 | val=2.15560 | VRAM alloc=0.06GB reserved=2.86GB
  Trial   2 | Epoch 19/20 | train=2.17888 | val=2.16791 | VRAM alloc=0.06GB reserved=2.86GB
                                                                                         Best trial: 0. Best value: 2.20038:   5%|▌         | 2/40 [5:54:50<77:54:01, 7380.05s/it]Best trial: 2. Best value: 2.1556:   5%|▌         | 2/40 [5:54:50<77:54:01, 7380.05s/it] Best trial: 2. Best value: 2.1556:   8%|▊         | 3/40 [5:54:50<65:49:28, 6404.56s/it]  Trial   2 | Epoch 20/20 | train=2.18469 | val=2.21132 | VRAM alloc=0.06GB reserved=2.86GB
[I 2026-03-09 08:35:30,027] Trial 2 finished with value: 2.1555995614112518 and parameters: {'lr': 0.00027520696850790545, 'batch_size': 2, 'd_model': 256, 'nhead': 2, 'num_layers': 5, 'dropout': 0.02654775061557585, 'T': 500, 'cosine_s': 0.0007551909976018516, 'lambda_pdg': 2.004518719478462, 'gamma_end': 0.17210706429825318, 'grad_clip': 4.229318791183682, 'gamma_start': 0.00011756010900231849, 'pct_start': 0.09214017645310713, 'div_factor': 34.88960745139222}. Best is trial 2 with value: 2.1555995614112518.
  Trial   3 | Epoch  1/20 | train=3.51985 | val=2.32819 | VRAM alloc=0.17GB reserved=5.28GB
  Trial   3 | Epoch  2/20 | train=2.37610 | val=2.21215 | VRAM alloc=0.17GB reserved=5.28GB
  Trial   3 | Epoch  3/20 | train=2.25130 | val=2.23710 | VRAM alloc=0.17GB reserved=5.28GB
  Trial   3 | Epoch  4/20 | train=2.19416 | val=2.10234 | VRAM alloc=0.17GB reserved=5.28GB
  Trial   3 | Epoch  5/20 | train=2.15479 | val=2.13190 | VRAM alloc=0.17GB reserved=5.28GB
  Trial   3 | Epoch  6/20 | train=2.13746 | val=2.14256 | VRAM alloc=0.11GB reserved=5.28GB
  Trial   3 | Epoch  7/20 | train=2.13165 | val=2.09811 | VRAM alloc=0.11GB reserved=5.28GB
  Trial   3 | Epoch  8/20 | train=2.11765 | val=2.08330 | VRAM alloc=0.11GB reserved=5.28GB
  Trial   3 | Epoch  9/20 | train=2.08458 | val=2.05041 | VRAM alloc=0.11GB reserved=5.28GB
  Trial   3 | Epoch 10/20 | train=2.09252 | val=2.06281 | VRAM alloc=0.11GB reserved=5.28GB
  Trial   3 | Epoch 11/20 | train=2.08655 | val=2.06711 | VRAM alloc=0.11GB reserved=5.28GB
  Trial   3 | Epoch 12/20 | train=2.07533 | val=2.06436 | VRAM alloc=0.11GB reserved=5.28GB
  Trial   3 | Epoch 13/20 | train=2.07076 | val=2.01219 | VRAM alloc=0.11GB reserved=5.28GB
  Trial   3 | Epoch 14/20 | train=2.08029 | val=2.03571 | VRAM alloc=0.11GB reserved=5.28GB
  Trial   3 | Epoch 15/20 | train=2.07703 | val=2.00757 | VRAM alloc=0.11GB reserved=5.28GB
  Trial   3 | Epoch 16/20 | train=2.05269 | val=1.99951 | VRAM alloc=0.11GB reserved=5.28GB
  Trial   3 | Epoch 17/20 | train=2.06610 | val=2.06479 | VRAM alloc=0.11GB reserved=5.28GB
  Trial   3 | Epoch 18/20 | train=2.04653 | val=2.01714 | VRAM alloc=0.11GB reserved=5.28GB
  Trial   3 | Epoch 19/20 | train=2.05581 | val=2.00696 | VRAM alloc=0.11GB reserved=5.28GB
                                                                                        Best trial: 2. Best value: 2.1556:   8%|▊         | 3/40 [7:24:11<65:49:28, 6404.56s/it]Best trial: 3. Best value: 1.99951:   8%|▊         | 3/40 [7:24:11<65:49:28, 6404.56s/it]Best trial: 3. Best value: 1.99951:  10%|█         | 4/40 [7:24:11<59:55:27, 5992.44s/it]  Trial   3 | Epoch 20/20 | train=2.04684 | val=2.01916 | VRAM alloc=0.11GB reserved=5.28GB
[I 2026-03-09 10:04:50,696] Trial 3 finished with value: 1.9995092498568388 and parameters: {'lr': 0.000173550564698551, 'batch_size': 8, 'd_model': 512, 'nhead': 8, 'num_layers': 2, 'dropout': 0.10753971856328177, 'T': 1000, 'cosine_s': 0.00481130565736258, 'lambda_pdg': 1.7214003217779812, 'gamma_end': 0.07860125762871065, 'grad_clip': 1.89942044772048, 'gamma_start': 9.452571391072311e-05, 'pct_start': 0.15944092675070964, 'div_factor': 43.40677011889401}. Best is trial 3 with value: 1.9995092498568388.
  Trial   4 | Epoch  1/20 | train=3.22267 | val=2.86426 | VRAM alloc=0.03GB reserved=5.28GB
  Trial   4 | Epoch  2/20 | train=2.82001 | val=2.68306 | VRAM alloc=0.03GB reserved=5.28GB
  Trial   4 | Epoch  3/20 | train=2.71790 | val=2.69498 | VRAM alloc=0.03GB reserved=5.28GB
  Trial   4 | Epoch  4/20 | train=2.69654 | val=2.67541 | VRAM alloc=0.03GB reserved=5.28GB
  Trial   4 | Epoch  5/20 | train=2.65680 | val=2.64071 | VRAM alloc=0.03GB reserved=5.28GB
  Trial   4 | Epoch  6/20 | train=2.62386 | val=2.60665 | VRAM alloc=0.03GB reserved=5.28GB
  Trial   4 | Epoch  7/20 | train=2.61213 | val=2.64072 | VRAM alloc=0.03GB reserved=5.28GB
  Trial   4 | Epoch  8/20 | train=2.60184 | val=2.59324 | VRAM alloc=0.03GB reserved=5.28GB
  Trial   4 | Epoch  9/20 | train=2.59534 | val=2.57336 | VRAM alloc=0.03GB reserved=5.28GB
  Trial   4 | Epoch 10/20 | train=2.58678 | val=2.59475 | VRAM alloc=0.03GB reserved=5.28GB
  Trial   4 | Epoch 11/20 | train=2.58603 | val=2.58085 | VRAM alloc=0.03GB reserved=5.28GB
  Trial   4 | Epoch 12/20 | train=2.57126 | val=2.58074 | VRAM alloc=0.03GB reserved=5.28GB
  Trial   4 | Epoch 13/20 | train=2.57067 | val=2.55481 | VRAM alloc=0.03GB reserved=5.28GB
  Trial   4 | Epoch 14/20 | train=2.56041 | val=2.55291 | VRAM alloc=0.03GB reserved=5.28GB
  Trial   4 | Epoch 15/20 | train=2.56106 | val=2.56137 | VRAM alloc=0.03GB reserved=5.28GB
  Trial   4 | Epoch 16/20 | train=2.55648 | val=2.52991 | VRAM alloc=0.03GB reserved=5.28GB
  Trial   4 | Epoch 17/20 | train=2.55152 | val=2.53290 | VRAM alloc=0.03GB reserved=5.28GB
  Trial   4 | Epoch 18/20 | train=2.55024 | val=2.53378 | VRAM alloc=0.03GB reserved=5.28GB
  Trial   4 | Epoch 19/20 | train=2.55124 | val=2.56254 | VRAM alloc=0.03GB reserved=5.28GB
                                                                                         Best trial: 3. Best value: 1.99951:  10%|█         | 4/40 [7:52:12<59:55:27, 5992.44s/it]Best trial: 3. Best value: 1.99951:  10%|█         | 4/40 [7:52:12<59:55:27, 5992.44s/it]Best trial: 3. Best value: 1.99951:  12%|█▎        | 5/40 [7:52:12<43:08:43, 4437.82s/it]  Trial   4 | Epoch 20/20 | train=2.54973 | val=2.56206 | VRAM alloc=0.03GB reserved=5.28GB
[I 2026-03-09 10:32:52,082] Trial 4 finished with value: 2.5299066286820633 and parameters: {'lr': 0.00321623546920742, 'batch_size': 16, 'd_model': 256, 'nhead': 2, 'num_layers': 2, 'dropout': 0.009428755706020276, 'T': 500, 'cosine_s': 0.002358397688593216, 'lambda_pdg': 4.547075722237856, 'gamma_end': 0.16218150311699372, 'grad_clip': 2.3467231536603337, 'gamma_start': 0.0018477934173519257, 'pct_start': 0.08431972482374338, 'div_factor': 11.93932872653544}. Best is trial 3 with value: 1.9995092498568388.
  Trial   5 | Epoch  1/20 | train=3.91511 | val=3.33781 | VRAM alloc=0.06GB reserved=5.28GB
  Trial   5 | Epoch  2/20 | train=3.29468 | val=3.21842 | VRAM alloc=0.06GB reserved=5.28GB
  Trial   5 | Epoch  3/20 | train=3.20466 | val=3.13088 | VRAM alloc=0.06GB reserved=5.28GB
                                                                                         Best trial: 3. Best value: 1.99951:  12%|█▎        | 5/40 [8:08:44<43:08:43, 4437.82s/it]Best trial: 3. Best value: 1.99951:  12%|█▎        | 5/40 [8:08:44<43:08:43, 4437.82s/it]Best trial: 3. Best value: 1.99951:  15%|█▌        | 6/40 [8:08:44<30:50:54, 3266.30s/it]  Trial   5 | Epoch  4/20 | train=3.17244 | val=3.11473 | VRAM alloc=0.06GB reserved=5.28GB
  Trial 5 pruned at epoch 4.
[I 2026-03-09 10:49:24,270] Trial 5 pruned. 
  Trial   6 | Epoch  1/20 | train=2.83769 | val=2.19178 | VRAM alloc=0.22GB reserved=5.28GB
  Trial   6 | Epoch  2/20 | train=2.16299 | val=2.09332 | VRAM alloc=0.22GB reserved=5.28GB
  Trial   6 | Epoch  3/20 | train=2.07631 | val=2.02471 | VRAM alloc=0.22GB reserved=5.28GB
  Trial   6 | Epoch  4/20 | train=2.04036 | val=2.02429 | VRAM alloc=0.22GB reserved=5.28GB
  Trial   6 | Epoch  5/20 | train=2.03505 | val=2.00761 | VRAM alloc=0.16GB reserved=5.28GB
  Trial   6 | Epoch  6/20 | train=2.01464 | val=2.02481 | VRAM alloc=0.16GB reserved=5.28GB
  Trial   6 | Epoch  7/20 | train=2.00506 | val=1.98668 | VRAM alloc=0.16GB reserved=5.28GB
  Trial   6 | Epoch  8/20 | train=1.99965 | val=1.97923 | VRAM alloc=0.16GB reserved=5.28GB
  Trial   6 | Epoch  9/20 | train=2.00463 | val=1.96509 | VRAM alloc=0.16GB reserved=5.28GB
  Trial   6 | Epoch 10/20 | train=2.00751 | val=1.98575 | VRAM alloc=0.16GB reserved=5.28GB
  Trial   6 | Epoch 11/20 | train=1.99798 | val=1.95665 | VRAM alloc=0.16GB reserved=5.28GB
  Trial   6 | Epoch 12/20 | train=1.96835 | val=1.96962 | VRAM alloc=0.16GB reserved=5.28GB
  Trial   6 | Epoch 13/20 | train=1.97006 | val=1.94631 | VRAM alloc=0.16GB reserved=5.28GB
  Trial   6 | Epoch 14/20 | train=1.97148 | val=1.99124 | VRAM alloc=0.16GB reserved=5.28GB
  Trial   6 | Epoch 15/20 | train=1.95294 | val=1.94525 | VRAM alloc=0.16GB reserved=5.28GB
  Trial   6 | Epoch 16/20 | train=1.96715 | val=1.93264 | VRAM alloc=0.16GB reserved=5.28GB
  Trial   6 | Epoch 17/20 | train=1.95732 | val=1.94832 | VRAM alloc=0.16GB reserved=5.28GB
  Trial   6 | Epoch 18/20 | train=1.97465 | val=1.94418 | VRAM alloc=0.16GB reserved=5.28GB
  Trial   6 | Epoch 19/20 | train=1.95587 | val=1.95802 | VRAM alloc=0.16GB reserved=5.28GB
                                                                                         Best trial: 3. Best value: 1.99951:  15%|█▌        | 6/40 [9:58:42<30:50:54, 3266.30s/it]Best trial: 6. Best value: 1.93264:  15%|█▌        | 6/40 [9:58:42<30:50:54, 3266.30s/it]Best trial: 6. Best value: 1.93264:  18%|█▊        | 7/40 [9:58:42<39:55:29, 4355.44s/it]  Trial   6 | Epoch 20/20 | train=1.96376 | val=1.96696 | VRAM alloc=0.16GB reserved=5.28GB
[I 2026-03-09 12:39:21,852] Trial 6 finished with value: 1.9326429445160147 and parameters: {'lr': 0.00015982608583855863, 'batch_size': 4, 'd_model': 512, 'nhead': 2, 'num_layers': 3, 'dropout': 0.08545214831324029, 'T': 1000, 'cosine_s': 0.002273608087915074, 'lambda_pdg': 0.3522458811249478, 'gamma_end': 0.17539090890647513, 'grad_clip': 4.587196486849941, 'gamma_start': 5.232216089948759e-05, 'pct_start': 0.07173423081368346, 'div_factor': 30.86403908528625}. Best is trial 6 with value: 1.9326429445160147.
  Trial   7 | Epoch  1/20 | train=2.91554 | val=2.23572 | VRAM alloc=0.25GB reserved=5.28GB
  Trial   7 | Epoch  2/20 | train=180.82218 | val=2.73482 | VRAM alloc=0.25GB reserved=5.28GB
  Trial   7 | Epoch  3/20 | train=80.11442 | val=5.79099 | VRAM alloc=0.25GB reserved=5.28GB
  Trial   7 | Epoch  4/20 | train=1792.06928 | val=2.35306 | VRAM alloc=0.25GB reserved=5.28GB
  Trial   7 | Epoch  5/20 | train=13.60356 | val=3.69944 | VRAM alloc=0.25GB reserved=5.28GB
  Trial   7 | Epoch  6/20 | train=3.32137 | val=2.45546 | VRAM alloc=0.25GB reserved=5.28GB
  Trial   7 | Epoch  7/20 | train=3.94164 | val=2.28069 | VRAM alloc=0.25GB reserved=5.28GB
  Trial   7 | Epoch  8/20 | train=2.45511 | val=2.42189 | VRAM alloc=0.25GB reserved=5.28GB
  Trial   7 | Epoch  9/20 | train=2.57408 | val=2.20443 | VRAM alloc=0.25GB reserved=5.28GB
  Trial   7 | Epoch 10/20 | train=2.32569 | val=2.22172 | VRAM alloc=0.25GB reserved=5.28GB
                                                                                         Best trial: 6. Best value: 1.93264:  18%|█▊        | 7/40 [11:29:20<39:55:29, 4355.44s/it]Best trial: 6. Best value: 1.93264:  18%|█▊        | 7/40 [11:29:20<39:55:29, 4355.44s/it]Best trial: 6. Best value: 1.93264:  20%|██        | 8/40 [11:29:20<41:46:41, 4700.05s/it]  Trial   7 | Epoch 11/20 | train=3.30118 | val=2.19300 | VRAM alloc=0.25GB reserved=5.28GB
  Trial 7 pruned at epoch 11.
[I 2026-03-09 14:09:59,975] Trial 7 pruned. 
  Trial   8 | Epoch  1/20 | train=3.69069 | val=3.11217 | VRAM alloc=0.30GB reserved=5.28GB
  Trial   8 | Epoch  2/20 | train=3.11945 | val=3.02197 | VRAM alloc=0.05GB reserved=5.28GB
  Trial   8 | Epoch  3/20 | train=3.09650 | val=3.12580 | VRAM alloc=0.05GB reserved=5.28GB
                                                                                          Best trial: 6. Best value: 1.93264:  20%|██        | 8/40 [11:53:35<41:46:41, 4700.05s/it]Best trial: 6. Best value: 1.93264:  20%|██        | 8/40 [11:53:35<41:46:41, 4700.05s/it]Best trial: 6. Best value: 1.93264:  22%|██▎       | 9/40 [11:53:35<31:44:12, 3685.57s/it]  Trial   8 | Epoch  4/20 | train=3.07725 | val=3.02954 | VRAM alloc=0.05GB reserved=5.28GB
  Trial 8 pruned at epoch 4.
[I 2026-03-09 14:34:14,884] Trial 8 pruned. 
  Trial   9 | Epoch  1/20 | train=3.89790 | val=2.80003 | VRAM alloc=0.08GB reserved=10.12GB
  Trial   9 | Epoch  2/20 | train=2.82987 | val=2.66635 | VRAM alloc=0.08GB reserved=10.12GB
  Trial   9 | Epoch  3/20 | train=2.73157 | val=2.66554 | VRAM alloc=0.08GB reserved=10.12GB
                                                                                          Best trial: 6. Best value: 1.93264:  22%|██▎       | 9/40 [12:00:41<31:44:12, 3685.57s/it]Best trial: 6. Best value: 1.93264:  22%|██▎       | 9/40 [12:00:41<31:44:12, 3685.57s/it]Best trial: 6. Best value: 1.93264:  25%|██▌       | 10/40 [12:00:41<22:19:34, 2679.15s/it]  Trial   9 | Epoch  4/20 | train=2.65162 | val=2.57093 | VRAM alloc=0.08GB reserved=10.12GB
  Trial 9 pruned at epoch 4.
