[I 2026-03-09 17:15:13,208] Trial 16 pruned. 
  Trial  17 | Epoch  1/20 | train=3.88987 | val=3.02573 | VRAM alloc=0.49GB reserved=6.68GB
  Trial  17 | Epoch  2/20 | train=2.89670 | val=2.81661 | VRAM alloc=0.49GB reserved=6.68GB
  Trial  17 | Epoch  3/20 | train=2.73495 | val=2.67099 | VRAM alloc=0.49GB reserved=6.68GB
  Trial  17 | Epoch  4/20 | train=2.64598 | val=2.63417 | VRAM alloc=0.49GB reserved=6.68GB
  Trial  17 | Epoch  5/20 | train=2.64855 | val=2.58332 | VRAM alloc=0.49GB reserved=6.68GB
  Trial  17 | Epoch  6/20 | train=2.65040 | val=2.63467 | VRAM alloc=0.49GB reserved=6.68GB
  Trial  17 | Epoch  7/20 | train=2.59822 | val=2.53295 | VRAM alloc=0.49GB reserved=6.68GB
  Trial  17 | Epoch  8/20 | train=2.60718 | val=2.58186 | VRAM alloc=0.49GB reserved=6.68GB
  Trial  17 | Epoch  9/20 | train=2.59057 | val=2.52509 | VRAM alloc=0.49GB reserved=6.68GB
  Trial  17 | Epoch 10/20 | train=2.58424 | val=2.53282 | VRAM alloc=0.49GB reserved=6.68GB
  Trial  17 | Epoch 11/20 | train=2.55790 | val=2.51591 | VRAM alloc=0.49GB reserved=6.68GB
  Trial  17 | Epoch 12/20 | train=2.55138 | val=2.49129 | VRAM alloc=0.16GB reserved=6.68GB
  Trial  17 | Epoch 13/20 | train=2.54308 | val=2.48841 | VRAM alloc=0.16GB reserved=6.68GB
  Trial  17 | Epoch 14/20 | train=2.52855 | val=2.48404 | VRAM alloc=0.16GB reserved=6.68GB
  Trial  17 | Epoch 15/20 | train=2.51134 | val=2.49147 | VRAM alloc=0.16GB reserved=6.68GB
  Trial  17 | Epoch 16/20 | train=2.50050 | val=2.49115 | VRAM alloc=0.16GB reserved=6.68GB
  Trial  17 | Epoch 17/20 | train=2.49574 | val=2.42069 | VRAM alloc=0.16GB reserved=6.68GB
  Trial  17 | Epoch 18/20 | train=2.48844 | val=2.40395 | VRAM alloc=0.16GB reserved=6.68GB
  Trial  17 | Epoch 19/20 | train=2.49963 | val=2.47645 | VRAM alloc=0.16GB reserved=6.68GB
                                                                                         Best trial: 6. Best value: 2.35003:  32%|███▎      | 13/40 [12:22:29<6:46:40, 903.73s/it]Best trial: 6. Best value: 2.35003:  32%|███▎      | 13/40 [12:22:29<6:46:40, 903.73s/it]Best trial: 6. Best value: 2.35003:  35%|███▌      | 14/40 [12:22:29<17:57:57, 2487.59s/it]  Trial  17 | Epoch 20/20 | train=2.48408 | val=2.49037 | VRAM alloc=0.16GB reserved=6.68GB
[I 2026-03-09 18:57:40,677] Trial 17 finished with value: 2.4039542033122134 and parameters: {'lr': 0.0011528855413264192, 'batch_size': 16, 'd_model': 512, 'nhead': 4, 'num_layers': 3, 'dropout': 0.11409524207082897, 'T': 1000, 'cosine_s': 0.04976304094942074, 'lambda_pdg': 0.7629541162707888, 'lambda_zplane': 1.0963585075450364, 'gamma_end': 0.09379600694732748, 'gamma_start': 0.0006039037404403287, 'grad_clip': 2.1083663734066094, 'pct_start': 0.07476149063715587, 'div_factor': 21.643773188772318}. Best is trial 6 with value: 2.350034723832057.
  Trial  18 | Epoch  1/20 | train=4.21033 | val=3.33604 | VRAM alloc=0.26GB reserved=6.68GB
  Trial  18 | Epoch  2/20 | train=3.32829 | val=3.14823 | VRAM alloc=0.26GB reserved=6.68GB
  Trial  18 | Epoch  3/20 | train=3.12576 | val=3.04143 | VRAM alloc=0.26GB reserved=6.68GB
                                                                                           Best trial: 6. Best value: 2.35003:  35%|███▌      | 14/40 [12:35:47<17:57:57, 2487.59s/it]Best trial: 6. Best value: 2.35003:  35%|███▌      | 14/40 [12:35:47<17:57:57, 2487.59s/it]Best trial: 6. Best value: 2.35003:  38%|███▊      | 15/40 [12:35:47<13:44:13, 1978.16s/it]  Trial  18 | Epoch  4/20 | train=3.04858 | val=2.89048 | VRAM alloc=0.26GB reserved=6.68GB
  Trial 18 pruned at epoch 4.
[I 2026-03-09 19:10:58,211] Trial 18 pruned. 
  Trial  19 | Epoch  1/20 | train=4.32254 | val=3.59793 | VRAM alloc=0.42GB reserved=6.68GB
  Trial  19 | Epoch  2/20 | train=3.39456 | val=3.24002 | VRAM alloc=0.42GB reserved=6.68GB
  Trial  19 | Epoch  3/20 | train=3.22290 | val=3.04563 | VRAM alloc=0.42GB reserved=6.68GB
                                                                                           Best trial: 6. Best value: 2.35003:  38%|███▊      | 15/40 [12:56:24<13:44:13, 1978.16s/it]Best trial: 6. Best value: 2.35003:  38%|███▊      | 15/40 [12:56:24<13:44:13, 1978.16s/it]Best trial: 6. Best value: 2.35003:  40%|████      | 16/40 [12:56:24<11:42:05, 1755.22s/it]  Trial  19 | Epoch  4/20 | train=3.07211 | val=3.00878 | VRAM alloc=0.42GB reserved=6.68GB
  Trial 19 pruned at epoch 4.
[I 2026-03-09 19:31:35,723] Trial 19 pruned. 
  Trial  20 | Epoch  1/20 | train=3.97691 | val=3.16518 | VRAM alloc=0.57GB reserved=10.22GB
  Trial  20 | Epoch  2/20 | train=3.08346 | val=2.83496 | VRAM alloc=0.57GB reserved=10.22GB
  Trial  20 | Epoch  3/20 | train=2.87897 | val=2.73264 | VRAM alloc=0.57GB reserved=10.22GB
                                                                                           Best trial: 6. Best value: 2.35003:  40%|████      | 16/40 [13:22:15<11:42:05, 1755.22s/it]Best trial: 6. Best value: 2.35003:  40%|████      | 16/40 [13:22:15<11:42:05, 1755.22s/it]Best trial: 6. Best value: 2.35003:  42%|████▎     | 17/40 [13:22:15<10:49:17, 1693.82s/it]  Trial  20 | Epoch  4/20 | train=2.83490 | val=2.79281 | VRAM alloc=0.57GB reserved=10.22GB
  Trial 20 pruned at epoch 4.
[I 2026-03-09 19:57:26,754] Trial 20 pruned. 
  Trial  21 | Epoch  1/20 | train=4.11417 | val=3.41455 | VRAM alloc=0.68GB reserved=10.22GB
  Trial  21 | Epoch  2/20 | train=3.19192 | val=2.95707 | VRAM alloc=0.68GB reserved=10.22GB
  Trial  21 | Epoch  3/20 | train=2.96752 | val=2.82532 | VRAM alloc=0.68GB reserved=10.22GB
                                                                                           Best trial: 6. Best value: 2.35003:  42%|████▎     | 17/40 [13:39:48<10:49:17, 1693.82s/it]Best trial: 6. Best value: 2.35003:  42%|████▎     | 17/40 [13:39:48<10:49:17, 1693.82s/it]Best trial: 6. Best value: 2.35003:  45%|████▌     | 18/40 [13:39:48<9:10:26, 1501.21s/it]   Trial  21 | Epoch  4/20 | train=2.88635 | val=2.75278 | VRAM alloc=0.68GB reserved=10.22GB
  Trial 21 pruned at epoch 4.
[I 2026-03-09 20:14:59,591] Trial 21 pruned. 
  Trial  22 | Epoch  1/20 | train=4.27975 | val=3.47720 | VRAM alloc=0.83GB reserved=10.23GB
  Trial  22 | Epoch  2/20 | train=3.32863 | val=3.14570 | VRAM alloc=0.16GB reserved=10.23GB
  Trial  22 | Epoch  3/20 | train=3.15249 | val=3.06417 | VRAM alloc=0.16GB reserved=10.23GB
                                                                                          Best trial: 6. Best value: 2.35003:  45%|████▌     | 18/40 [14:00:31<9:10:26, 1501.21s/it]Best trial: 6. Best value: 2.35003:  45%|████▌     | 18/40 [14:00:31<9:10:26, 1501.21s/it]Best trial: 6. Best value: 2.35003:  48%|████▊     | 19/40 [14:00:31<8:18:15, 1423.61s/it]  Trial  22 | Epoch  4/20 | train=3.05285 | val=3.07039 | VRAM alloc=0.16GB reserved=10.23GB
  Trial 22 pruned at epoch 4.
[I 2026-03-09 20:35:42,414] Trial 22 pruned. 
  Trial  23 | Epoch  1/20 | train=4.13849 | val=3.36889 | VRAM alloc=0.26GB reserved=10.23GB
  Trial  23 | Epoch  2/20 | train=3.32516 | val=3.31450 | VRAM alloc=0.26GB reserved=10.23GB
  Trial  23 | Epoch  3/20 | train=3.18475 | val=3.09099 | VRAM alloc=0.26GB reserved=10.23GB
                                                                                          Best trial: 6. Best value: 2.35003:  48%|████▊     | 19/40 [14:13:54<8:18:15, 1423.61s/it]Best trial: 6. Best value: 2.35003:  48%|████▊     | 19/40 [14:13:54<8:18:15, 1423.61s/it]Best trial: 6. Best value: 2.35003:  50%|█████     | 20/40 [14:13:54<6:52:24, 1237.22s/it]  Trial  23 | Epoch  4/20 | train=3.10817 | val=2.86675 | VRAM alloc=0.26GB reserved=10.23GB
  Trial 23 pruned at epoch 4.
[I 2026-03-09 20:49:05,213] Trial 23 pruned. 
  Trial  24 | Epoch  1/20 | train=3.99477 | val=3.14882 | VRAM alloc=0.51GB reserved=15.07GB
  Trial  24 | Epoch  2/20 | train=2.87689 | val=2.85799 | VRAM alloc=0.51GB reserved=15.07GB
  Trial  24 | Epoch  3/20 | train=2.69540 | val=2.57835 | VRAM alloc=0.51GB reserved=15.07GB
  Trial  24 | Epoch  4/20 | train=2.62170 | val=2.53858 | VRAM alloc=0.51GB reserved=15.07GB
  Trial  24 | Epoch  5/20 | train=2.59104 | val=2.50297 | VRAM alloc=0.51GB reserved=15.07GB
  Trial  24 | Epoch  6/20 | train=2.57014 | val=2.45469 | VRAM alloc=0.51GB reserved=15.07GB
  Trial  24 | Epoch  7/20 | train=2.55424 | val=2.51190 | VRAM alloc=0.51GB reserved=15.07GB
  Trial  24 | Epoch  8/20 | train=2.55200 | val=2.52028 | VRAM alloc=0.51GB reserved=15.07GB
  Trial  24 | Epoch  9/20 | train=2.54316 | val=2.50354 | VRAM alloc=0.51GB reserved=15.07GB
  Trial  24 | Epoch 10/20 | train=2.51758 | val=2.44834 | VRAM alloc=0.51GB reserved=15.07GB
  Trial  24 | Epoch 11/20 | train=2.52842 | val=2.49542 | VRAM alloc=0.51GB reserved=15.07GB
  Trial  24 | Epoch 12/20 | train=2.48909 | val=2.40702 | VRAM alloc=0.51GB reserved=15.07GB
  Trial  24 | Epoch 13/20 | train=2.48211 | val=2.45087 | VRAM alloc=0.25GB reserved=15.07GB
  Trial  24 | Epoch 14/20 | train=2.48049 | val=2.44397 | VRAM alloc=0.25GB reserved=15.07GB
  Trial  24 | Epoch 15/20 | train=2.46207 | val=2.47458 | VRAM alloc=0.25GB reserved=15.07GB
  Trial  24 | Epoch 16/20 | train=2.44243 | val=2.44031 | VRAM alloc=0.25GB reserved=15.07GB
  Trial  24 | Epoch 17/20 | train=2.46319 | val=2.42622 | VRAM alloc=0.25GB reserved=15.07GB
  Trial  24 | Epoch 18/20 | train=2.43430 | val=2.41611 | VRAM alloc=0.25GB reserved=15.07GB
  Trial  24 | Epoch 19/20 | train=2.42134 | val=2.43112 | VRAM alloc=0.25GB reserved=15.07GB
                                                                                          Best trial: 6. Best value: 2.35003:  50%|█████     | 20/40 [17:45:21<6:52:24, 1237.22s/it]Best trial: 6. Best value: 2.35003:  50%|█████     | 20/40 [17:45:22<6:52:24, 1237.22s/it]Best trial: 6. Best value: 2.35003:  52%|█████▎    | 21/40 [17:45:22<24:40:11, 4674.31s/it]  Trial  24 | Epoch 20/20 | train=2.43527 | val=2.36407 | VRAM alloc=0.25GB reserved=15.07GB
[I 2026-03-10 00:20:33,006] Trial 24 finished with value: 2.364071534230159 and parameters: {'lr': 0.0009206900722469939, 'batch_size': 16, 'd_model': 512, 'nhead': 8, 'num_layers': 5, 'dropout': 0.10589139612487407, 'T': 500, 'cosine_s': 0.02541741735137932, 'lambda_pdg': 0.5372506920776189, 'lambda_zplane': 0.419964068553571, 'gamma_end': 0.05087842560904246, 'gamma_start': 0.0004780862422338542, 'grad_clip': 1.736409863637071, 'pct_start': 0.11256783251678755, 'div_factor': 26.12616609179769}. Best is trial 6 with value: 2.350034723832057.
  Trial  25 | Epoch  1/20 | train=3.98955 | val=3.16512 | VRAM alloc=0.50GB reserved=15.07GB
  Trial  25 | Epoch  2/20 | train=2.87142 | val=2.83108 | VRAM alloc=0.50GB reserved=15.07GB
  Trial  25 | Epoch  3/20 | train=2.68951 | val=2.63003 | VRAM alloc=0.50GB reserved=15.07GB
  Trial  25 | Epoch  4/20 | train=2.61950 | val=2.54078 | VRAM alloc=0.50GB reserved=15.07GB
  Trial  25 | Epoch  5/20 | train=2.58800 | val=2.49337 | VRAM alloc=0.50GB reserved=15.07GB
  Trial  25 | Epoch  6/20 | train=2.57480 | val=2.48731 | VRAM alloc=0.50GB reserved=15.07GB
  Trial  25 | Epoch  7/20 | train=2.54998 | val=2.49778 | VRAM alloc=0.50GB reserved=15.07GB
  Trial  25 | Epoch  8/20 | train=2.55568 | val=2.48405 | VRAM alloc=0.50GB reserved=15.07GB
  Trial  25 | Epoch  9/20 | train=2.54266 | val=2.49851 | VRAM alloc=0.25GB reserved=15.07GB
  Trial  25 | Epoch 10/20 | train=2.51665 | val=2.45452 | VRAM alloc=0.25GB reserved=15.07GB
  Trial  25 | Epoch 11/20 | train=2.52527 | val=2.47587 | VRAM alloc=0.25GB reserved=15.07GB
  Trial  25 | Epoch 12/20 | train=2.48861 | val=2.39734 | VRAM alloc=0.25GB reserved=15.07GB
  Trial  25 | Epoch 13/20 | train=2.48218 | val=2.45011 | VRAM alloc=0.25GB reserved=15.07GB
  Trial  25 | Epoch 14/20 | train=2.48030 | val=2.44290 | VRAM alloc=0.25GB reserved=15.07GB
  Trial  25 | Epoch 15/20 | train=2.46062 | val=2.47089 | VRAM alloc=0.25GB reserved=15.07GB
  Trial  25 | Epoch 16/20 | train=2.44187 | val=2.44335 | VRAM alloc=0.25GB reserved=15.07GB
  Trial  25 | Epoch 17/20 | train=2.46203 | val=2.42572 | VRAM alloc=0.25GB reserved=15.07GB
  Trial  25 | Epoch 18/20 | train=2.43402 | val=2.41625 | VRAM alloc=0.25GB reserved=15.07GB
  Trial  25 | Epoch 19/20 | train=2.42120 | val=2.43165 | VRAM alloc=0.25GB reserved=15.07GB
                                                                                           Best trial: 6. Best value: 2.35003:  52%|█████▎    | 21/40 [21:16:29<24:40:11, 4674.31s/it]Best trial: 6. Best value: 2.35003:  52%|█████▎    | 21/40 [21:16:29<24:40:11, 4674.31s/it]Best trial: 6. Best value: 2.35003:  55%|█████▌    | 22/40 [21:16:29<35:21:55, 7073.08s/it]  Trial  25 | Epoch 20/20 | train=2.43493 | val=2.36517 | VRAM alloc=0.25GB reserved=15.07GB
[I 2026-03-10 03:51:40,101] Trial 25 finished with value: 2.365168223931239 and parameters: {'lr': 0.0009373836361459833, 'batch_size': 16, 'd_model': 512, 'nhead': 8, 'num_layers': 5, 'dropout': 0.10389240762087415, 'T': 500, 'cosine_s': 0.02653175413241529, 'lambda_pdg': 0.5657158175138605, 'lambda_zplane': 0.43920090864079997, 'gamma_end': 0.05360327436980103, 'gamma_start': 0.0005632981863909101, 'grad_clip': 1.7288104953234633, 'pct_start': 0.10959188546256601, 'div_factor': 25.63921308590787}. Best is trial 6 with value: 2.350034723832057.
  Trial  26 | Epoch  1/20 | train=3.98905 | val=3.09998 | VRAM alloc=0.50GB reserved=15.07GB
  Trial  26 | Epoch  2/20 | train=2.88481 | val=2.90364 | VRAM alloc=0.50GB reserved=15.07GB
  Trial  26 | Epoch  3/20 | train=2.70054 | val=2.56173 | VRAM alloc=0.50GB reserved=15.07GB
  Trial  26 | Epoch  4/20 | train=2.62607 | val=2.56522 | VRAM alloc=0.50GB reserved=15.07GB
  Trial  26 | Epoch  5/20 | train=2.59229 | val=2.51365 | VRAM alloc=0.50GB reserved=15.07GB
  Trial  26 | Epoch  6/20 | train=2.57549 | val=2.49742 | VRAM alloc=0.25GB reserved=15.07GB
  Trial  26 | Epoch  7/20 | train=2.56480 | val=2.52488 | VRAM alloc=0.25GB reserved=15.07GB
  Trial  26 | Epoch  8/20 | train=2.55506 | val=2.49284 | VRAM alloc=0.25GB reserved=15.07GB
  Trial  26 | Epoch  9/20 | train=2.55085 | val=2.50973 | VRAM alloc=0.25GB reserved=15.07GB
  Trial  26 | Epoch 10/20 | train=2.52496 | val=2.47469 | VRAM alloc=0.25GB reserved=15.07GB
  Trial  26 | Epoch 11/20 | train=2.53846 | val=2.48640 | VRAM alloc=0.25GB reserved=15.07GB
  Trial  26 | Epoch 12/20 | train=2.49665 | val=2.41516 | VRAM alloc=0.25GB reserved=15.07GB
  Trial  26 | Epoch 13/20 | train=2.48978 | val=2.45756 | VRAM alloc=0.25GB reserved=15.07GB
  Trial  26 | Epoch 14/20 | train=2.48821 | val=2.45957 | VRAM alloc=0.25GB reserved=15.07GB
  Trial  26 | Epoch 15/20 | train=2.46977 | val=2.48241 | VRAM alloc=0.25GB reserved=15.07GB
[2026-03-10T06:35:20.011] error: *** JOB 4549868 ON submit21-1 CANCELLED AT 2026-03-10T06:35:20 DUE TO TIME LIMIT ***
