[I 2026-03-07 23:10:09,742] Trial 18 pruned. 
  Trial  19 | Epoch  1/20 | train=3.89922 | val=1.56474 | VRAM alloc=0.04GB reserved=21.04GB
  Trial  19 | Epoch  2/20 | train=1.35709 | val=1.23340 | VRAM alloc=0.04GB reserved=21.04GB
  Trial  19 | Epoch  3/20 | train=1.24388 | val=1.20114 | VRAM alloc=0.04GB reserved=21.04GB
  Trial  19 | Epoch  4/20 | train=1.22360 | val=1.19870 | VRAM alloc=0.04GB reserved=21.04GB
  Trial  19 | Epoch  5/20 | train=1.19632 | val=1.15665 | VRAM alloc=0.04GB reserved=21.04GB
  Trial  19 | Epoch  6/20 | train=1.17417 | val=1.19795 | VRAM alloc=0.04GB reserved=21.04GB
  Trial  19 | Epoch  7/20 | train=1.17217 | val=1.11123 | VRAM alloc=0.04GB reserved=21.04GB
  Trial  19 | Epoch  8/20 | train=1.16608 | val=1.16359 | VRAM alloc=0.04GB reserved=21.04GB
  Trial  19 | Epoch  9/20 | train=1.15761 | val=1.11151 | VRAM alloc=0.04GB reserved=21.04GB
  Trial  19 | Epoch 10/20 | train=1.15866 | val=1.11412 | VRAM alloc=0.04GB reserved=21.04GB
  Trial  19 | Epoch 11/20 | train=1.15769 | val=1.14062 | VRAM alloc=0.04GB reserved=21.04GB
  Trial  19 | Epoch 12/20 | train=1.16894 | val=1.15492 | VRAM alloc=0.04GB reserved=21.04GB
  Trial  19 | Epoch 13/20 | train=1.14836 | val=1.13813 | VRAM alloc=0.04GB reserved=21.04GB
  Trial  19 | Epoch 14/20 | train=1.17353 | val=1.10389 | VRAM alloc=0.04GB reserved=21.04GB
  Trial  19 | Epoch 15/20 | train=1.15416 | val=1.11224 | VRAM alloc=0.04GB reserved=21.04GB
  Trial  19 | Epoch 16/20 | train=1.15151 | val=1.10020 | VRAM alloc=0.04GB reserved=21.04GB
  Trial  19 | Epoch 17/20 | train=1.15047 | val=1.14286 | VRAM alloc=0.04GB reserved=21.04GB
  Trial  19 | Epoch 18/20 | train=1.15105 | val=1.14955 | VRAM alloc=0.04GB reserved=21.04GB
  Trial  19 | Epoch 19/20 | train=1.15404 | val=1.12043 | VRAM alloc=0.04GB reserved=21.04GB
                                                                                            Best trial: 15. Best value: 0.694121:  25%|██▌       | 10/40 [6:14:36<13:09:44, 1579.50s/it]Best trial: 15. Best value: 0.694121:  25%|██▌       | 10/40 [6:14:36<13:09:44, 1579.50s/it]Best trial: 15. Best value: 0.694121:  28%|██▊       | 11/40 [6:14:36<11:58:32, 1486.65s/it]  Trial  19 | Epoch 20/20 | train=1.14054 | val=1.14753 | VRAM alloc=0.00GB reserved=21.04GB
[I 2026-03-07 23:31:25,877] Trial 19 finished with value: 1.1001977177766653 and parameters: {'lr': 0.00022214853753656957, 'batch_size': 16, 'd_model': 64, 'nhead': 2, 'num_layers': 3, 'dropout': 0.03574055302155343, 'T': 1000, 'beta_start': 0.0009175424659330073, 'beta_end': 0.04929612581414791, 'lambda_pdg': 2.543791956467964, 'gamma_end': 0.1873912453862872, 'grad_clip': 3.1867010376774796, 'gamma_start': 0.00773073093000744, 'pct_start': 0.08417299211405205, 'div_factor': 21.91330976049635}. Best is trial 15 with value: 0.6941206386456122.
  Trial  20 | Epoch  1/20 | train=1.93477 | val=1.29901 | VRAM alloc=0.04GB reserved=21.04GB
  Trial  20 | Epoch  2/20 | train=1.36528 | val=1.29756 | VRAM alloc=0.04GB reserved=21.04GB
  Trial  20 | Epoch  3/20 | train=1.30997 | val=1.24673 | VRAM alloc=0.04GB reserved=21.04GB
  Trial  20 | Epoch  4/20 | train=1.28494 | val=1.24156 | VRAM alloc=0.04GB reserved=21.04GB
                                                                                            Best trial: 15. Best value: 0.694121:  28%|██▊       | 11/40 [6:25:48<11:58:32, 1486.65s/it]Best trial: 15. Best value: 0.694121:  28%|██▊       | 11/40 [6:25:48<11:58:32, 1486.65s/it]Best trial: 15. Best value: 0.694121:  30%|███       | 12/40 [6:25:48<9:38:06, 1238.80s/it]   Trial  20 | Epoch  5/20 | train=1.27369 | val=1.29281 | VRAM alloc=0.04GB reserved=21.04GB
  Trial 20 pruned at epoch 5.
[I 2026-03-07 23:42:37,798] Trial 20 pruned. 
  Trial  21 | Epoch  1/20 | train=3.83997 | val=2.41965 | VRAM alloc=0.08GB reserved=21.04GB
  Trial  21 | Epoch  2/20 | train=2.33212 | val=2.14120 | VRAM alloc=0.08GB reserved=21.04GB
  Trial  21 | Epoch  3/20 | train=2.19646 | val=2.09456 | VRAM alloc=0.08GB reserved=21.04GB
                                                                                           Best trial: 15. Best value: 0.694121:  30%|███       | 12/40 [6:33:51<9:38:06, 1238.80s/it]Best trial: 15. Best value: 0.694121:  30%|███       | 12/40 [6:33:51<9:38:06, 1238.80s/it]Best trial: 15. Best value: 0.694121:  32%|███▎      | 13/40 [6:33:51<7:34:31, 1010.05s/it]  Trial  21 | Epoch  4/20 | train=2.12972 | val=2.05006 | VRAM alloc=0.08GB reserved=21.04GB
  Trial 21 pruned at epoch 4.
[I 2026-03-07 23:50:41,471] Trial 21 pruned. 
  Trial  22 | Epoch  1/20 | train=3.47655 | val=2.83948 | VRAM alloc=0.13GB reserved=21.06GB
  Trial  22 | Epoch  2/20 | train=2.70688 | val=2.63558 | VRAM alloc=0.13GB reserved=21.06GB
  Trial  22 | Epoch  3/20 | train=2.62981 | val=2.59548 | VRAM alloc=0.13GB reserved=21.06GB
                                                                                           Best trial: 15. Best value: 0.694121:  32%|███▎      | 13/40 [6:47:40<7:34:31, 1010.05s/it]Best trial: 15. Best value: 0.694121:  32%|███▎      | 13/40 [6:47:40<7:34:31, 1010.05s/it]Best trial: 15. Best value: 0.694121:  35%|███▌      | 14/40 [6:47:40<6:53:58, 955.33s/it]   Trial  22 | Epoch  4/20 | train=2.61325 | val=2.59119 | VRAM alloc=0.13GB reserved=21.06GB
  Trial 22 pruned at epoch 4.
[I 2026-03-08 00:04:30,354] Trial 22 pruned. 
  Trial  23 | Epoch  1/20 | train=1.50982 | val=1.17271 | VRAM alloc=0.00GB reserved=21.07GB
  Trial  23 | Epoch  2/20 | train=1.15681 | val=1.12471 | VRAM alloc=0.00GB reserved=21.07GB
  Trial  23 | Epoch  3/20 | train=1.12986 | val=1.04532 | VRAM alloc=0.00GB reserved=21.07GB
  Trial  23 | Epoch  4/20 | train=1.10434 | val=1.06639 | VRAM alloc=0.00GB reserved=21.07GB
  Trial  23 | Epoch  5/20 | train=1.12648 | val=1.06216 | VRAM alloc=0.00GB reserved=21.07GB
  Trial  23 | Epoch  6/20 | train=1.10724 | val=1.07418 | VRAM alloc=0.00GB reserved=21.07GB
  Trial  23 | Epoch  7/20 | train=1.08691 | val=1.04687 | VRAM alloc=0.00GB reserved=21.07GB
  Trial  23 | Epoch  8/20 | train=1.09220 | val=1.04189 | VRAM alloc=0.00GB reserved=21.07GB
  Trial  23 | Epoch  9/20 | train=1.10219 | val=1.07980 | VRAM alloc=0.00GB reserved=21.07GB
  Trial  23 | Epoch 10/20 | train=1.07273 | val=1.07594 | VRAM alloc=0.00GB reserved=21.07GB
  Trial  23 | Epoch 11/20 | train=1.08828 | val=1.01667 | VRAM alloc=0.00GB reserved=21.07GB
  Trial  23 | Epoch 12/20 | train=1.07157 | val=1.07503 | VRAM alloc=0.00GB reserved=21.07GB
  Trial  23 | Epoch 13/20 | train=1.08313 | val=1.05496 | VRAM alloc=0.00GB reserved=21.07GB
  Trial  23 | Epoch 14/20 | train=1.07177 | val=1.09440 | VRAM alloc=0.00GB reserved=21.07GB
  Trial  23 | Epoch 15/20 | train=1.06601 | val=1.05028 | VRAM alloc=0.00GB reserved=21.07GB
  Trial  23 | Epoch 16/20 | train=1.07257 | val=1.01353 | VRAM alloc=0.00GB reserved=21.07GB
  Trial  23 | Epoch 17/20 | train=1.06701 | val=1.02321 | VRAM alloc=0.00GB reserved=21.07GB
  Trial  23 | Epoch 18/20 | train=1.04530 | val=0.99156 | VRAM alloc=0.00GB reserved=21.07GB
  Trial  23 | Epoch 19/20 | train=1.05942 | val=1.03728 | VRAM alloc=0.00GB reserved=21.07GB
                                                                                          Best trial: 15. Best value: 0.694121:  35%|███▌      | 14/40 [7:31:34<6:53:58, 955.33s/it]Best trial: 15. Best value: 0.694121:  35%|███▌      | 14/40 [7:31:34<6:53:58, 955.33s/it]Best trial: 15. Best value: 0.694121:  38%|███▊      | 15/40 [7:31:34<10:08:53, 1461.33s/it]  Trial  23 | Epoch 20/20 | train=1.06312 | val=1.05461 | VRAM alloc=0.00GB reserved=21.07GB
[I 2026-03-08 00:48:24,365] Trial 23 finished with value: 0.9915571491392967 and parameters: {'lr': 0.0012605331037020707, 'batch_size': 2, 'd_model': 64, 'nhead': 2, 'num_layers': 3, 'dropout': 0.137498476470822, 'T': 1000, 'beta_start': 1.794184932006223e-05, 'beta_end': 0.03235289090387181, 'lambda_pdg': 0.9307081015088577, 'gamma_end': 0.17822550345275787, 'grad_clip': 1.606546141838019, 'gamma_start': 0.0030010130605368722, 'pct_start': 0.08588130493664417, 'div_factor': 20.92868231282598}. Best is trial 15 with value: 0.6941206386456122.
  Trial  24 | Epoch  1/20 | train=1.78377 | val=1.03693 | VRAM alloc=0.03GB reserved=21.07GB
  Trial  24 | Epoch  2/20 | train=1.08148 | val=1.03661 | VRAM alloc=0.03GB reserved=21.07GB
  Trial  24 | Epoch  3/20 | train=0.98576 | val=0.96457 | VRAM alloc=0.03GB reserved=21.07GB
  Trial  24 | Epoch  4/20 | train=0.94693 | val=0.90655 | VRAM alloc=0.03GB reserved=21.07GB
  Trial  24 | Epoch  5/20 | train=0.92537 | val=0.86264 | VRAM alloc=0.03GB reserved=21.07GB
  Trial  24 | Epoch  6/20 | train=0.92591 | val=0.85217 | VRAM alloc=0.03GB reserved=21.07GB
  Trial  24 | Epoch  7/20 | train=0.89964 | val=0.90927 | VRAM alloc=0.03GB reserved=21.07GB
  Trial  24 | Epoch  8/20 | train=0.92069 | val=0.88306 | VRAM alloc=0.03GB reserved=21.07GB
  Trial  24 | Epoch  9/20 | train=0.88480 | val=0.84216 | VRAM alloc=0.03GB reserved=21.07GB
  Trial  24 | Epoch 10/20 | train=0.88032 | val=0.87815 | VRAM alloc=0.03GB reserved=21.07GB
  Trial  24 | Epoch 11/20 | train=0.87601 | val=0.90708 | VRAM alloc=0.03GB reserved=21.07GB
  Trial  24 | Epoch 12/20 | train=0.88663 | val=0.84905 | VRAM alloc=0.03GB reserved=21.07GB
  Trial  24 | Epoch 13/20 | train=0.86743 | val=0.87207 | VRAM alloc=0.03GB reserved=21.07GB
  Trial  24 | Epoch 14/20 | train=0.87308 | val=0.83993 | VRAM alloc=0.03GB reserved=21.07GB
  Trial  24 | Epoch 15/20 | train=0.88432 | val=0.84816 | VRAM alloc=0.03GB reserved=21.07GB
  Trial  24 | Epoch 16/20 | train=0.85890 | val=0.88453 | VRAM alloc=0.03GB reserved=21.07GB
  Trial  24 | Epoch 17/20 | train=0.86652 | val=0.86354 | VRAM alloc=0.03GB reserved=21.07GB
  Trial  24 | Epoch 18/20 | train=0.87430 | val=0.83735 | VRAM alloc=0.03GB reserved=21.07GB
  Trial  24 | Epoch 19/20 | train=0.86834 | val=0.83887 | VRAM alloc=0.03GB reserved=21.07GB
                                                                                            Best trial: 15. Best value: 0.694121:  38%|███▊      | 15/40 [7:57:26<10:08:53, 1461.33s/it]Best trial: 15. Best value: 0.694121:  38%|███▊      | 15/40 [7:57:26<10:08:53, 1461.33s/it]Best trial: 15. Best value: 0.694121:  40%|████      | 16/40 [7:57:26<9:55:26, 1488.60s/it]   Trial  24 | Epoch 20/20 | train=0.86143 | val=0.88266 | VRAM alloc=0.03GB reserved=21.07GB
[I 2026-03-08 01:14:16,270] Trial 24 finished with value: 0.8373530983924866 and parameters: {'lr': 0.0006564007548994956, 'batch_size': 32, 'd_model': 256, 'nhead': 2, 'num_layers': 2, 'dropout': 0.17887992679793913, 'T': 1000, 'beta_start': 1.0241569632841965e-05, 'beta_end': 0.04785319148439697, 'lambda_pdg': 0.524753866462635, 'gamma_end': 0.23543754083988766, 'grad_clip': 2.0122966988744206, 'gamma_start': 0.0010091490711774346, 'pct_start': 0.13897581941770987, 'div_factor': 10.195057264492894}. Best is trial 15 with value: 0.6941206386456122.
  Trial  25 | Epoch  1/20 | train=1.82852 | val=1.05073 | VRAM alloc=0.06GB reserved=21.07GB
  Trial  25 | Epoch  2/20 | train=1.08433 | val=1.01613 | VRAM alloc=0.06GB reserved=21.07GB
  Trial  25 | Epoch  3/20 | train=0.97345 | val=0.96770 | VRAM alloc=0.06GB reserved=21.07GB
  Trial  25 | Epoch  4/20 | train=0.93869 | val=0.90904 | VRAM alloc=0.06GB reserved=21.07GB
  Trial  25 | Epoch  5/20 | train=0.92069 | val=0.86123 | VRAM alloc=0.06GB reserved=21.07GB
  Trial  25 | Epoch  6/20 | train=0.92405 | val=0.84837 | VRAM alloc=0.06GB reserved=21.07GB
  Trial  25 | Epoch  7/20 | train=0.89792 | val=0.90150 | VRAM alloc=0.06GB reserved=21.07GB
  Trial  25 | Epoch  8/20 | train=0.91739 | val=0.88024 | VRAM alloc=0.06GB reserved=21.07GB
  Trial  25 | Epoch  9/20 | train=0.88228 | val=0.84607 | VRAM alloc=0.06GB reserved=21.07GB
  Trial  25 | Epoch 10/20 | train=0.87891 | val=0.87709 | VRAM alloc=0.06GB reserved=21.07GB
  Trial  25 | Epoch 11/20 | train=0.87419 | val=0.90753 | VRAM alloc=0.06GB reserved=21.07GB
  Trial  25 | Epoch 12/20 | train=0.88544 | val=0.84763 | VRAM alloc=0.06GB reserved=21.07GB
  Trial  25 | Epoch 13/20 | train=0.86698 | val=0.87170 | VRAM alloc=0.06GB reserved=21.07GB
  Trial  25 | Epoch 14/20 | train=0.87220 | val=0.83917 | VRAM alloc=0.06GB reserved=21.07GB
  Trial  25 | Epoch 15/20 | train=0.88402 | val=0.84811 | VRAM alloc=0.06GB reserved=21.07GB
  Trial  25 | Epoch 16/20 | train=0.85875 | val=0.88536 | VRAM alloc=0.06GB reserved=21.07GB
  Trial  25 | Epoch 17/20 | train=0.86645 | val=0.86456 | VRAM alloc=0.06GB reserved=21.07GB
  Trial  25 | Epoch 18/20 | train=0.87419 | val=0.83788 | VRAM alloc=0.06GB reserved=21.07GB
  Trial  25 | Epoch 19/20 | train=0.86851 | val=0.83949 | VRAM alloc=0.06GB reserved=21.07GB
                                                                                           Best trial: 15. Best value: 0.694121:  40%|████      | 16/40 [8:23:17<9:55:26, 1488.60s/it]Best trial: 15. Best value: 0.694121:  40%|████      | 16/40 [8:23:17<9:55:26, 1488.60s/it]Best trial: 15. Best value: 0.694121:  42%|████▎     | 17/40 [8:23:17<9:37:46, 1507.26s/it]  Trial  25 | Epoch 20/20 | train=0.86135 | val=0.88305 | VRAM alloc=0.06GB reserved=21.07GB
[I 2026-03-08 01:40:06,920] Trial 25 finished with value: 0.8378823463733379 and parameters: {'lr': 0.0006555772475176335, 'batch_size': 32, 'd_model': 256, 'nhead': 2, 'num_layers': 2, 'dropout': 0.1676032833782588, 'T': 1000, 'beta_start': 1.0635430580168182e-05, 'beta_end': 0.04776216437837901, 'lambda_pdg': 0.5275108652450933, 'gamma_end': 0.2348480109854775, 'grad_clip': 2.3276873501912245, 'gamma_start': 0.0007683881935366001, 'pct_start': 0.11857553714025859, 'div_factor': 12.080884767645262}. Best is trial 15 with value: 0.6941206386456122.
  Trial  26 | Epoch  1/20 | train=2.03251 | val=1.18467 | VRAM alloc=0.03GB reserved=21.07GB
  Trial  26 | Epoch  2/20 | train=1.23630 | val=1.10511 | VRAM alloc=0.03GB reserved=21.07GB
  Trial  26 | Epoch  3/20 | train=1.14284 | val=1.11512 | VRAM alloc=0.03GB reserved=21.07GB
  Trial  26 | Epoch  4/20 | train=1.10130 | val=1.05456 | VRAM alloc=0.03GB reserved=21.07GB
  Trial  26 | Epoch  5/20 | train=1.07769 | val=1.02302 | VRAM alloc=0.03GB reserved=21.07GB
  Trial  26 | Epoch  6/20 | train=1.07239 | val=0.98535 | VRAM alloc=0.03GB reserved=21.07GB
  Trial  26 | Epoch  7/20 | train=1.04592 | val=1.04010 | VRAM alloc=0.03GB reserved=21.07GB
  Trial  26 | Epoch  8/20 | train=1.06619 | val=1.02380 | VRAM alloc=0.03GB reserved=21.07GB
  Trial  26 | Epoch  9/20 | train=1.02726 | val=0.98016 | VRAM alloc=0.03GB reserved=21.07GB
  Trial  26 | Epoch 10/20 | train=1.02274 | val=1.00867 | VRAM alloc=0.03GB reserved=21.07GB
  Trial  26 | Epoch 11/20 | train=1.01677 | val=1.03942 | VRAM alloc=0.03GB reserved=21.07GB
  Trial  26 | Epoch 12/20 | train=1.02743 | val=0.97965 | VRAM alloc=0.03GB reserved=21.07GB
  Trial  26 | Epoch 13/20 | train=1.00762 | val=1.00083 | VRAM alloc=0.03GB reserved=21.07GB
  Trial  26 | Epoch 14/20 | train=1.01258 | val=0.97187 | VRAM alloc=0.03GB reserved=21.07GB
  Trial  26 | Epoch 15/20 | train=1.02454 | val=0.97451 | VRAM alloc=0.03GB reserved=21.07GB
  Trial  26 | Epoch 16/20 | train=0.99831 | val=1.01636 | VRAM alloc=0.03GB reserved=21.07GB
  Trial  26 | Epoch 17/20 | train=1.00372 | val=0.99939 | VRAM alloc=0.03GB reserved=21.07GB
  Trial  26 | Epoch 18/20 | train=1.01243 | val=0.96757 | VRAM alloc=0.03GB reserved=21.07GB
  Trial  26 | Epoch 19/20 | train=1.00708 | val=0.96683 | VRAM alloc=0.03GB reserved=21.07GB
                                                                                           Best trial: 15. Best value: 0.694121:  42%|████▎     | 17/40 [8:49:10<9:37:46, 1507.26s/it]Best trial: 15. Best value: 0.694121:  42%|████▎     | 17/40 [8:49:10<9:37:46, 1507.26s/it]Best trial: 15. Best value: 0.694121:  45%|████▌     | 18/40 [8:49:10<9:17:44, 1521.10s/it]  Trial  26 | Epoch 20/20 | train=0.99881 | val=1.01450 | VRAM alloc=0.03GB reserved=21.07GB
[I 2026-03-08 03:06:00,240] Trial 26 finished with value: 0.9668257759167598 and parameters: {'lr': 0.0007046346887814585, 'batch_size': 32, 'd_model': 256, 'nhead': 2, 'num_layers': 2, 'dropout': 0.24070744947207112, 'T': 1000, 'beta_start': 1.7790863977919895e-05, 'beta_end': 0.03552265836823663, 'lambda_pdg': 1.0124298260259579, 'gamma_end': 0.11492533401071281, 'grad_clip': 2.3311464242683613, 'gamma_start': 0.0016694695947281413, 'pct_start': 0.14991190282813135, 'div_factor': 12.417538565167673}. Best is trial 15 with value: 0.6941206386456122.
  Trial  27 | Epoch  1/20 | train=2.14613 | val=1.55883 | VRAM alloc=0.07GB reserved=21.07GB
  Trial  27 | Epoch  2/20 | train=1.61908 | val=1.53330 | VRAM alloc=0.07GB reserved=21.07GB
  Trial  27 | Epoch  3/20 | train=1.54591 | val=1.48077 | VRAM alloc=0.07GB reserved=21.07GB
                                                                                           Best trial: 15. Best value: 0.694121:  45%|████▌     | 18/40 [8:58:08<9:17:44, 1521.10s/it]Best trial: 15. Best value: 0.694121:  45%|████▌     | 18/40 [8:58:08<9:17:44, 1521.10s/it]Best trial: 15. Best value: 0.694121:  48%|████▊     | 19/40 [8:58:08<7:08:59, 1225.71s/it]  Trial  27 | Epoch  4/20 | train=1.51729 | val=1.45824 | VRAM alloc=0.07GB reserved=21.07GB
  Trial 27 pruned at epoch 4.
[I 2026-03-08 03:14:57,819] Trial 27 pruned. 
  Trial  28 | Epoch  1/20 | train=1.49805 | val=1.00920 | VRAM alloc=0.04GB reserved=21.07GB
  Trial  28 | Epoch  2/20 | train=1.03787 | val=0.96435 | VRAM alloc=0.04GB reserved=21.07GB
  Trial  28 | Epoch  3/20 | train=0.98005 | val=0.97520 | VRAM alloc=0.04GB reserved=21.07GB
  Trial  28 | Epoch  4/20 | train=0.97166 | val=0.97304 | VRAM alloc=0.04GB reserved=21.07GB
  Trial  28 | Epoch  5/20 | train=0.96597 | val=0.92898 | VRAM alloc=0.04GB reserved=21.07GB
  Trial  28 | Epoch  6/20 | train=0.94621 | val=0.92959 | VRAM alloc=0.04GB reserved=21.07GB
  Trial  28 | Epoch  7/20 | train=0.92974 | val=0.98008 | VRAM alloc=0.04GB reserved=21.07GB
  Trial  28 | Epoch  8/20 | train=0.93939 | val=0.92580 | VRAM alloc=0.04GB reserved=21.07GB
  Trial  28 | Epoch  9/20 | train=0.92977 | val=0.92409 | VRAM alloc=0.04GB reserved=21.07GB
  Trial  28 | Epoch 10/20 | train=0.92545 | val=0.95985 | VRAM alloc=0.04GB reserved=21.07GB
  Trial  28 | Epoch 11/20 | train=0.93315 | val=0.91428 | VRAM alloc=0.04GB reserved=21.07GB
  Trial  28 | Epoch 12/20 | train=0.92684 | val=0.92626 | VRAM alloc=0.04GB reserved=21.07GB
  Trial  28 | Epoch 13/20 | train=0.91960 | val=0.89582 | VRAM alloc=0.04GB reserved=21.07GB
  Trial  28 | Epoch 14/20 | train=0.91831 | val=0.87894 | VRAM alloc=0.04GB reserved=21.07GB
  Trial  28 | Epoch 15/20 | train=0.91510 | val=0.88358 | VRAM alloc=0.04GB reserved=21.07GB
  Trial  28 | Epoch 16/20 | train=0.90415 | val=0.86267 | VRAM alloc=0.04GB reserved=21.07GB
  Trial  28 | Epoch 17/20 | train=0.90204 | val=0.89835 | VRAM alloc=0.04GB reserved=21.07GB
  Trial  28 | Epoch 18/20 | train=0.91645 | val=0.87831 | VRAM alloc=0.04GB reserved=21.07GB
  Trial  28 | Epoch 19/20 | train=0.88071 | val=0.91674 | VRAM alloc=0.04GB reserved=21.07GB
                                                                                           Best trial: 15. Best value: 0.694121:  48%|████▊     | 19/40 [9:37:59<7:08:59, 1225.71s/it]Best trial: 15. Best value: 0.694121:  48%|████▊     | 19/40 [9:37:59<7:08:59, 1225.71s/it]Best trial: 15. Best value: 0.694121:  50%|█████     | 20/40 [9:37:59<8:45:16, 1575.80s/it]  Trial  28 | Epoch 20/20 | train=0.88879 | val=0.90420 | VRAM alloc=0.04GB reserved=21.07GB
[I 2026-03-08 03:54:49,585] Trial 28 finished with value: 0.862666297188172 and parameters: {'lr': 0.0011592439182007651, 'batch_size': 16, 'd_model': 256, 'nhead': 2, 'num_layers': 3, 'dropout': 0.07630586615109196, 'T': 1000, 'beta_start': 2.712627059307987e-05, 'beta_end': 0.0329981620251813, 'lambda_pdg': 0.13081045267390534, 'gamma_end': 0.2539725032249524, 'grad_clip': 3.309757719806844, 'gamma_start': 0.0006099454706591919, 'pct_start': 0.14335074882158427, 'div_factor': 16.42493669165006}. Best is trial 15 with value: 0.6941206386456122.
  Trial  29 | Epoch  1/20 | train=3.05949 | val=1.60168 | VRAM alloc=0.07GB reserved=21.07GB
  Trial  29 | Epoch  2/20 | train=1.60641 | val=1.52002 | VRAM alloc=0.07GB reserved=21.07GB
  Trial  29 | Epoch  3/20 | train=1.47320 | val=1.44391 | VRAM alloc=0.03GB reserved=21.07GB
                                                                                           Best trial: 15. Best value: 0.694121:  50%|█████     | 20/40 [9:43:15<8:45:16, 1575.80s/it]Best trial: 15. Best value: 0.694121:  50%|█████     | 20/40 [9:43:15<8:45:16, 1575.80s/it]Best trial: 15. Best value: 0.694121:  52%|█████▎    | 21/40 [9:43:15<6:19:13, 1197.53s/it]  Trial  29 | Epoch  4/20 | train=1.43111 | val=1.40881 | VRAM alloc=0.03GB reserved=21.07GB
  Trial 29 pruned at epoch 4.
